{"name": "test_registration", "status": "broken", "statusDetails": {"message": "selenium.common.exceptions.TimeoutException: Message: \nStacktrace:\n\tGetHandleVerifier [0x00BCC203+27395]\n\t(No symbol) [0x00B63E04]\n\t(No symbol) [0x00A61B7F]\n\t(No symbol) [0x00AA2C65]\n\t(No symbol) [0x00AA2D3B]\n\t(No symbol) [0x00ADEC82]\n\t(No symbol) [0x00AC39E4]\n\t(No symbol) [0x00ADCB24]\n\t(No symbol) [0x00AC3736]\n\t(No symbol) [0x00A97541]\n\t(No symbol) [0x00A980BD]\n\tGetHandleVerifier [0x00E83AB3+2876339]\n\tGetHandleVerifier [0x00ED7F7D+3221629]\n\tGetHandleVerifier [0x00C4D674+556916]\n\tGetHandleVerifier [0x00C5478C+585868]\n\t(No symbol) [0x00B6CE44]\n\t(No symbol) [0x00B69858]\n\t(No symbol) [0x00B699F7]\n\t(No symbol) [0x00B5BF4E]\n\tBaseThreadInitThunk [0x7703FCC9+25]\n\tRtlGetAppContainerNamedObjectPath [0x77C980CE+286]\n\tRtlGetAppContainerNamedObjectPath [0x77C9809E+238]", "trace": "env = 'pilot', driver = <selenium.webdriver.chrome.webdriver.WebDriver (session=\"3a2df91aa39aa4928b64f6d486d3c300\")>\n\n    @pytest.mark.registration\n    def test_registration(env, driver):\n        logging.info(f\"environment -> {env}\")\n        # login = authenticated_user\n        registration = Registration(driver)\n        driver.implicitly_wait(5)\n>       registration.registartion_name_btn.send_keys('MRIDUL')\n\nregistration_test.py:20: \n_ _ _ _ _ _ _ _ _ _ _ _ _ _ _ _ _ _ _ _ _ _ _ _ _ _ _ _ _ _ _ _ _ _ _ _ _ _ _ _ _ _ _ _ _ _ _ _ _ _ _ _ _ _ _ _ _ _ _ _ _ _ _ _ _ _ _ _ _ _ _ _ _ _\n..\\..\\Pages_Candidate\\registration.py:11: in registartion_name_btn\n    return BaseElement(driver=self.driver, locator=locator)\n..\\..\\utils\\base_elements.py:43: in __init__\n    self.find()\n..\\..\\utils\\base_elements.py:49: in find\n    element = WebDriverWait(self.driver, 30).until(EC.visibility_of_element_located(locator=self.locator))\n_ _ _ _ _ _ _ _ _ _ _ _ _ _ _ _ _ _ _ _ _ _ _ _ _ _ _ _ _ _ _ _ _ _ _ _ _ _ _ _ _ _ _ _ _ _ _ _ _ _ _ _ _ _ _ _ _ _ _ _ _ _ _ _ _ _ _ _ _ _ _ _ _ _\n\nself = <selenium.webdriver.support.wait.WebDriverWait (session=\"3a2df91aa39aa4928b64f6d486d3c300\")>\nmethod = <function visibility_of_element_located.<locals>._predicate at 0x00000243FACD5120>, message = ''\n\n    def until(self, method: Callable[[D], Union[Literal[False], T]], message: str = \"\") -> T:\n        \"\"\"Calls the method provided with the driver as an argument until the \\\n        return value does not evaluate to ``False``.\n    \n        :param method: callable(WebDriver)\n        :param message: optional message for :exc:`TimeoutException`\n        :returns: the result of the last call to `method`\n        :raises: :exc:`selenium.common.exceptions.TimeoutException` if timeout occurs\n        \"\"\"\n        screen = None\n        stacktrace = None\n    \n        end_time = time.monotonic() + self._timeout\n        while True:\n            try:\n                value = method(self._driver)\n                if value:\n                    return value\n            except self._ignored_exceptions as exc:\n                screen = getattr(exc, \"screen\", None)\n                stacktrace = getattr(exc, \"stacktrace\", None)\n            time.sleep(self._poll)\n            if time.monotonic() > end_time:\n                break\n>       raise TimeoutException(message, screen, stacktrace)\nE       selenium.common.exceptions.TimeoutException: Message: \nE       Stacktrace:\nE       \tGetHandleVerifier [0x00BCC203+27395]\nE       \t(No symbol) [0x00B63E04]\nE       \t(No symbol) [0x00A61B7F]\nE       \t(No symbol) [0x00AA2C65]\nE       \t(No symbol) [0x00AA2D3B]\nE       \t(No symbol) [0x00ADEC82]\nE       \t(No symbol) [0x00AC39E4]\nE       \t(No symbol) [0x00ADCB24]\nE       \t(No symbol) [0x00AC3736]\nE       \t(No symbol) [0x00A97541]\nE       \t(No symbol) [0x00A980BD]\nE       \tGetHandleVerifier [0x00E83AB3+2876339]\nE       \tGetHandleVerifier [0x00ED7F7D+3221629]\nE       \tGetHandleVerifier [0x00C4D674+556916]\nE       \tGetHandleVerifier [0x00C5478C+585868]\nE       \t(No symbol) [0x00B6CE44]\nE       \t(No symbol) [0x00B69858]\nE       \t(No symbol) [0x00B699F7]\nE       \t(No symbol) [0x00B5BF4E]\nE       \tBaseThreadInitThunk [0x7703FCC9+25]\nE       \tRtlGetAppContainerNamedObjectPath [0x77C980CE+286]\nE       \tRtlGetAppContainerNamedObjectPath [0x77C9809E+238]\n\n..\\..\\venv\\Lib\\site-packages\\selenium\\webdriver\\support\\wait.py:105: TimeoutException"}, "attachments": [{"name": "log", "source": "2d846a12-00b9-42b1-9dd2-6198ade4c333-attachment.txt", "type": "text/plain"}, {"name": "stderr", "source": "0bcece46-ade0-4fce-8d41-7182bcb440d5-attachment.txt", "type": "text/plain"}], "start": 1721636981687, "stop": 1721637014999, "uuid": "73a78b7d-bae9-4d9a-b1c2-cfcaa2f22904", "historyId": "b91bc7f231e3740fe6c0b8995a99c077", "testCaseId": "b91bc7f231e3740fe6c0b8995a99c077", "fullName": "tests.candidate_test.registration_test#test_registration", "labels": [{"name": "tag", "value": "registration"}, {"name": "parentSuite", "value": "tests.candidate_test"}, {"name": "suite", "value": "registration_test"}, {"name": "host", "value": "DESKTOP-CDJ5FU7"}, {"name": "thread", "value": "19696-MainThread"}, {"name": "framework", "value": "pytest"}, {"name": "language", "value": "cpython3"}, {"name": "package", "value": "tests.candidate_test.registration_test"}]}