{"name": "test_login_page_socialmedialinks", "status": "broken", "statusDetails": {"message": "selenium.common.exceptions.TimeoutException: Message: \nStacktrace:\n\tGetHandleVerifier [0x0082EBD3+24307]\n\t(No symbol) [0x007B8D74]\n\t(No symbol) [0x0069C323]\n\t(No symbol) [0x006DDC86]\n\t(No symbol) [0x006DDECB]\n\t(No symbol) [0x0071B9F2]\n\t(No symbol) [0x006FFED4]\n\t(No symbol) [0x00719579]\n\t(No symbol) [0x006FFC26]\n\t(No symbol) [0x006D219C]\n\t(No symbol) [0x006D311D]\n\tGetHandleVerifier [0x00AD8D93+2818227]\n\tGetHandleVerifier [0x00B3542E+3196750]\n\tGetHandleVerifier [0x00B2D9D2+3165426]\n\tGetHandleVerifier [0x008CDA70+675216]\n\t(No symbol) [0x007C1B3D]\n\t(No symbol) [0x007BEA18]\n\t(No symbol) [0x007BEBB5]\n\t(No symbol) [0x007B1640]\n\tBaseThreadInitThunk [0x75F8FCC9+25]\n\tRtlGetAppContainerNamedObjectPath [0x77B67C6E+286]\n\tRtlGetAppContainerNamedObjectPath [0x77B67C3E+238]", "trace": "env = 'services', driver = <selenium.webdriver.chrome.webdriver.WebDriver (session=\"c057af0c337dd12b3ea3b0ec0151693e\")>, authenticated_user = None\n\n    @pytest.mark.regression\n    @pytest.mark.login_page_socialmedialinks\n    def test_login_page_socialmedialinks(env, driver,authenticated_user):\n        logging.info(f\"environment -> {env}\")\n        login = authenticated_user\n        recruiterlogin = Loginrecruiter(driver)\n>       recruiterlogin.social_media_facebook_btn.click()\n\nlogin_test.py:52: \n_ _ _ _ _ _ _ _ _ _ _ _ _ _ _ _ _ _ _ _ _ _ _ _ _ _ _ _ _ _ _ _ _ _ _ _ _ _ _ _ _ _ _ _ _ _ _ _ _ _ _ _ _ _ _ _ _ _ _ _ _ _ _ _ _ _ _ _ _ _ _ _ _ _\n..\\..\\Page_Recruiter\\login.py:57: in social_media_facebook_btn\n    return BaseElement(driver=self.driver, locator=locator)\n..\\..\\utils\\base_elements.py:43: in __init__\n    self.find()\n..\\..\\utils\\base_elements.py:49: in find\n    element = WebDriverWait(self.driver, 30).until(EC.visibility_of_element_located(locator=self.locator))\n_ _ _ _ _ _ _ _ _ _ _ _ _ _ _ _ _ _ _ _ _ _ _ _ _ _ _ _ _ _ _ _ _ _ _ _ _ _ _ _ _ _ _ _ _ _ _ _ _ _ _ _ _ _ _ _ _ _ _ _ _ _ _ _ _ _ _ _ _ _ _ _ _ _\n\nself = <selenium.webdriver.support.wait.WebDriverWait (session=\"c057af0c337dd12b3ea3b0ec0151693e\")>\nmethod = <function visibility_of_element_located.<locals>._predicate at 0x000002D7AC5C1C60>, message = ''\n\n    def until(self, method: Callable[[D], Union[Literal[False], T]], message: str = \"\") -> T:\n        \"\"\"Calls the method provided with the driver as an argument until the \\\n        return value does not evaluate to ``False``.\n    \n        :param method: callable(WebDriver)\n        :param message: optional message for :exc:`TimeoutException`\n        :returns: the result of the last call to `method`\n        :raises: :exc:`selenium.common.exceptions.TimeoutException` if timeout occurs\n        \"\"\"\n        screen = None\n        stacktrace = None\n    \n        end_time = time.monotonic() + self._timeout\n        while True:\n            try:\n                value = method(self._driver)\n                if value:\n                    return value\n            except self._ignored_exceptions as exc:\n                screen = getattr(exc, \"screen\", None)\n                stacktrace = getattr(exc, \"stacktrace\", None)\n            time.sleep(self._poll)\n            if time.monotonic() > end_time:\n                break\n>       raise TimeoutException(message, screen, stacktrace)\nE       selenium.common.exceptions.TimeoutException: Message: \nE       Stacktrace:\nE       \tGetHandleVerifier [0x0082EBD3+24307]\nE       \t(No symbol) [0x007B8D74]\nE       \t(No symbol) [0x0069C323]\nE       \t(No symbol) [0x006DDC86]\nE       \t(No symbol) [0x006DDECB]\nE       \t(No symbol) [0x0071B9F2]\nE       \t(No symbol) [0x006FFED4]\nE       \t(No symbol) [0x00719579]\nE       \t(No symbol) [0x006FFC26]\nE       \t(No symbol) [0x006D219C]\nE       \t(No symbol) [0x006D311D]\nE       \tGetHandleVerifier [0x00AD8D93+2818227]\nE       \tGetHandleVerifier [0x00B3542E+3196750]\nE       \tGetHandleVerifier [0x00B2D9D2+3165426]\nE       \tGetHandleVerifier [0x008CDA70+675216]\nE       \t(No symbol) [0x007C1B3D]\nE       \t(No symbol) [0x007BEA18]\nE       \t(No symbol) [0x007BEBB5]\nE       \t(No symbol) [0x007B1640]\nE       \tBaseThreadInitThunk [0x75F8FCC9+25]\nE       \tRtlGetAppContainerNamedObjectPath [0x77B67C6E+286]\nE       \tRtlGetAppContainerNamedObjectPath [0x77B67C3E+238]\n\n..\\..\\..\\..\\AppData\\Local\\Programs\\Python\\Python312\\Lib\\site-packages\\selenium\\webdriver\\support\\wait.py:105: TimeoutException"}, "attachments": [{"name": "log", "source": "745ecdf0-67e1-4485-a69c-70629824d401-attachment.txt", "type": "text/plain"}, {"name": "stderr", "source": "e0856370-aa7b-47d5-835f-5de31385076d-attachment.txt", "type": "text/plain"}], "start": 1732625246744, "stop": 1732625278407, "uuid": "e706e17d-7999-4214-a89b-ee1687ece4a7", "historyId": "3f9cecf74a7c1d8861e5e8b63e819b45", "testCaseId": "3f9cecf74a7c1d8861e5e8b63e819b45", "fullName": "tests.recruiter_test.login_test#test_login_page_socialmedialinks", "labels": [{"name": "tag", "value": "login_page_socialmedialinks"}, {"name": "tag", "value": "regression"}, {"name": "parentSuite", "value": "tests.recruiter_test"}, {"name": "suite", "value": "login_test"}, {"name": "host", "value": "DESKTOP-4M0N7KL"}, {"name": "thread", "value": "34420-MainThread"}, {"name": "framework", "value": "pytest"}, {"name": "language", "value": "cpython3"}, {"name": "package", "value": "tests.recruiter_test.login_test"}]}