{"name": "test_login_trouble_signing", "status": "broken", "statusDetails": {"message": "selenium.common.exceptions.TimeoutException: Message: \nStacktrace:\n\tGetHandleVerifier [0x0033EBD3+24307]\n\t(No symbol) [0x002C8D74]\n\t(No symbol) [0x001AC323]\n\t(No symbol) [0x001EDC86]\n\t(No symbol) [0x001EDECB]\n\t(No symbol) [0x0022B9F2]\n\t(No symbol) [0x0020FED4]\n\t(No symbol) [0x00229579]\n\t(No symbol) [0x0020FC26]\n\t(No symbol) [0x001E219C]\n\t(No symbol) [0x001E311D]\n\tGetHandleVerifier [0x005E8D93+2818227]\n\tGetHandleVerifier [0x0064542E+3196750]\n\tGetHandleVerifier [0x0063D9D2+3165426]\n\tGetHandleVerifier [0x003DDA70+675216]\n\t(No symbol) [0x002D1B3D]\n\t(No symbol) [0x002CEA18]\n\t(No symbol) [0x002CEBB5]\n\t(No symbol) [0x002C1640]\n\tBaseThreadInitThunk [0x75F8FCC9+25]\n\tRtlGetAppContainerNamedObjectPath [0x77B67C6E+286]\n\tRtlGetAppContainerNamedObjectPath [0x77B67C3E+238]\n\t(No symbol) [0x00000000]", "trace": "env = 'services', driver = <selenium.webdriver.chrome.webdriver.WebDriver (session=\"b5e2f6d6c6b2cd1a216c2f71f5212523\")>, authenticated_user = None\n\n    @pytest.mark.regression\n    @pytest.mark.login_trouble_signing\n    def test_login_trouble_signing(env, driver, authenticated_user):\n        logging.info(f\"environment -> {env}\")\n        login = authenticated_user\n        recruiterlogin = Loginrecruiter(driver)\n>       recruiterlogin.username_btn.send_keys('inderjeetkmcs@gmail.com')\n\nlogin_test.py:31: \n_ _ _ _ _ _ _ _ _ _ _ _ _ _ _ _ _ _ _ _ _ _ _ _ _ _ _ _ _ _ _ _ _ _ _ _ _ _ _ _ _ _ _ _ _ _ _ _ _ _ _ _ _ _ _ _ _ _ _ _ _ _ _ _ _ _ _ _ _ _ _ _ _ _\n..\\..\\Page_Recruiter\\login.py:11: in username_btn\n    return BaseElement(driver=self.driver, locator=locator)\n..\\..\\utils\\base_elements.py:43: in __init__\n    self.find()\n..\\..\\utils\\base_elements.py:49: in find\n    element = WebDriverWait(self.driver, 30).until(EC.visibility_of_element_located(locator=self.locator))\n_ _ _ _ _ _ _ _ _ _ _ _ _ _ _ _ _ _ _ _ _ _ _ _ _ _ _ _ _ _ _ _ _ _ _ _ _ _ _ _ _ _ _ _ _ _ _ _ _ _ _ _ _ _ _ _ _ _ _ _ _ _ _ _ _ _ _ _ _ _ _ _ _ _\n\nself = <selenium.webdriver.support.wait.WebDriverWait (session=\"b5e2f6d6c6b2cd1a216c2f71f5212523\")>\nmethod = <function visibility_of_element_located.<locals>._predicate at 0x000001FEB41A3B00>, message = ''\n\n    def until(self, method: Callable[[D], Union[Literal[False], T]], message: str = \"\") -> T:\n        \"\"\"Calls the method provided with the driver as an argument until the \\\n        return value does not evaluate to ``False``.\n    \n        :param method: callable(WebDriver)\n        :param message: optional message for :exc:`TimeoutException`\n        :returns: the result of the last call to `method`\n        :raises: :exc:`selenium.common.exceptions.TimeoutException` if timeout occurs\n        \"\"\"\n        screen = None\n        stacktrace = None\n    \n        end_time = time.monotonic() + self._timeout\n        while True:\n            try:\n                value = method(self._driver)\n                if value:\n                    return value\n            except self._ignored_exceptions as exc:\n                screen = getattr(exc, \"screen\", None)\n                stacktrace = getattr(exc, \"stacktrace\", None)\n            time.sleep(self._poll)\n            if time.monotonic() > end_time:\n                break\n>       raise TimeoutException(message, screen, stacktrace)\nE       selenium.common.exceptions.TimeoutException: Message: \nE       Stacktrace:\nE       \tGetHandleVerifier [0x0033EBD3+24307]\nE       \t(No symbol) [0x002C8D74]\nE       \t(No symbol) [0x001AC323]\nE       \t(No symbol) [0x001EDC86]\nE       \t(No symbol) [0x001EDECB]\nE       \t(No symbol) [0x0022B9F2]\nE       \t(No symbol) [0x0020FED4]\nE       \t(No symbol) [0x00229579]\nE       \t(No symbol) [0x0020FC26]\nE       \t(No symbol) [0x001E219C]\nE       \t(No symbol) [0x001E311D]\nE       \tGetHandleVerifier [0x005E8D93+2818227]\nE       \tGetHandleVerifier [0x0064542E+3196750]\nE       \tGetHandleVerifier [0x0063D9D2+3165426]\nE       \tGetHandleVerifier [0x003DDA70+675216]\nE       \t(No symbol) [0x002D1B3D]\nE       \t(No symbol) [0x002CEA18]\nE       \t(No symbol) [0x002CEBB5]\nE       \t(No symbol) [0x002C1640]\nE       \tBaseThreadInitThunk [0x75F8FCC9+25]\nE       \tRtlGetAppContainerNamedObjectPath [0x77B67C6E+286]\nE       \tRtlGetAppContainerNamedObjectPath [0x77B67C3E+238]\nE       \t(No symbol) [0x00000000]\n\n..\\..\\..\\..\\AppData\\Local\\Programs\\Python\\Python312\\Lib\\site-packages\\selenium\\webdriver\\support\\wait.py:105: TimeoutException"}, "attachments": [{"name": "log", "source": "a50b749a-896c-468d-a159-22656a57b91e-attachment.txt", "type": "text/plain"}, {"name": "stderr", "source": "c82c3a73-290b-4d20-8d99-d2efbafc9aa8-attachment.txt", "type": "text/plain"}], "start": 1732687891139, "stop": 1732687922825, "uuid": "855f8cfa-8a19-476f-b259-eae52630cf69", "historyId": "6aef5bdd25d8a2ceae9be5f5cd554f1f", "testCaseId": "6aef5bdd25d8a2ceae9be5f5cd554f1f", "fullName": "tests.recruiter_test.login_test#test_login_trouble_signing", "labels": [{"name": "tag", "value": "login_trouble_signing"}, {"name": "tag", "value": "regression"}, {"name": "parentSuite", "value": "tests.recruiter_test"}, {"name": "suite", "value": "login_test"}, {"name": "host", "value": "DESKTOP-4M0N7KL"}, {"name": "thread", "value": "34328-MainThread"}, {"name": "framework", "value": "pytest"}, {"name": "language", "value": "cpython3"}, {"name": "package", "value": "tests.recruiter_test.login_test"}]}