{"name": "test_viewdetails_dashboard_page", "status": "broken", "statusDetails": {"message": "selenium.common.exceptions.TimeoutException: Message: \nStacktrace:\n\tGetHandleVerifier [0x00860283+25139]\n\t(No symbol) [0x007EB234]\n\t(No symbol) [0x006C04A3]\n\t(No symbol) [0x00708338]\n\t(No symbol) [0x0070868B]\n\t(No symbol) [0x00750F62]\n\t(No symbol) [0x0072CF84]\n\t(No symbol) [0x0074E6E1]\n\t(No symbol) [0x0072CD36]\n\t(No symbol) [0x006FBD29]\n\t(No symbol) [0x006FD064]\n\tGetHandleVerifier [0x00B6B143+3215603]\n\tGetHandleVerifier [0x00B822BA+3310186]\n\tGetHandleVerifier [0x00B7C4D2+3286146]\n\tGetHandleVerifier [0x008F9C80+654384]\n\t(No symbol) [0x007F45BD]\n\t(No symbol) [0x007F14A8]\n\t(No symbol) [0x007F1647]\n\t(No symbol) [0x007E3D20]\n\tBaseThreadInitThunk [0x7643FCC9+25]\n\tRtlGetAppContainerNamedObjectPath [0x7753809E+286]\n\tRtlGetAppContainerNamedObjectPath [0x7753806E+238]", "trace": "env = 'dev', driver = <selenium.webdriver.chrome.webdriver.WebDriver (session=\"93db9fc0f9f7589ae10125b59fd3130f\")>, authenticated_user_recruiter = <Page_Recruiter.login.Loginrecruiter object at 0x00000265C8FA4740>\n\n    @pytest.mark.regression\n    @pytest.mark.jobdetails_dashboard_page\n    def test_viewdetails_dashboard_page(env, driver, authenticated_user_recruiter):\n            logging.info(f\"environment -> {env}\")\n            login = authenticated_user_recruiter\n            logging.info(f\"logged in\")\n>           WebDriverWait(driver, 15).until(\n                EC.visibility_of_element_located(\n                    (By.XPATH, \"//body[1]/div[1]/div[3]/div[2]/div[3]/div[2]/div[1]/div[5]/div[1]\"))\n            )\n\ntests\\recruiter_test\\Dashboard_test.py:248: \n_ _ _ _ _ _ _ _ _ _ _ _ _ _ _ _ _ _ _ _ _ _ _ _ _ _ _ _ _ _ _ _ _ _ _ _ _ _ _ _ _ _ _ _ _ _ _ _ _ _ _ _ _ _ _ _ _ _ _ _ _ _ _ _ _ _ _ _ _ _ _ _ _ _ _ _ _ _ _ _ _ _ _ _ _ _ _ _ _ _ _ _ _ _ _ _ _ _ _ _ _ _ _ _ _ _ _ _ _ _ _ _ _ _\n\nself = <selenium.webdriver.support.wait.WebDriverWait (session=\"93db9fc0f9f7589ae10125b59fd3130f\")>, method = <function visibility_of_element_located.<locals>._predicate at 0x00000265C8F17D80>, message = ''\n\n    def until(self, method: Callable[[D], Union[Literal[False], T]], message: str = \"\") -> T:\n        \"\"\"Calls the method provided with the driver as an argument until the \\\n        return value does not evaluate to ``False``.\n    \n        :param method: callable(WebDriver)\n        :param message: optional message for :exc:`TimeoutException`\n        :returns: the result of the last call to `method`\n        :raises: :exc:`selenium.common.exceptions.TimeoutException` if timeout occurs\n        \"\"\"\n        screen = None\n        stacktrace = None\n    \n        end_time = time.monotonic() + self._timeout\n        while True:\n            try:\n                value = method(self._driver)\n                if value:\n                    return value\n            except self._ignored_exceptions as exc:\n                screen = getattr(exc, \"screen\", None)\n                stacktrace = getattr(exc, \"stacktrace\", None)\n            time.sleep(self._poll)\n            if time.monotonic() > end_time:\n                break\n>       raise TimeoutException(message, screen, stacktrace)\nE       selenium.common.exceptions.TimeoutException: Message: \nE       Stacktrace:\nE       \tGetHandleVerifier [0x00860283+25139]\nE       \t(No symbol) [0x007EB234]\nE       \t(No symbol) [0x006C04A3]\nE       \t(No symbol) [0x00708338]\nE       \t(No symbol) [0x0070868B]\nE       \t(No symbol) [0x00750F62]\nE       \t(No symbol) [0x0072CF84]\nE       \t(No symbol) [0x0074E6E1]\nE       \t(No symbol) [0x0072CD36]\nE       \t(No symbol) [0x006FBD29]\nE       \t(No symbol) [0x006FD064]\nE       \tGetHandleVerifier [0x00B6B143+3215603]\nE       \tGetHandleVerifier [0x00B822BA+3310186]\nE       \tGetHandleVerifier [0x00B7C4D2+3286146]\nE       \tGetHandleVerifier [0x008F9C80+654384]\nE       \t(No symbol) [0x007F45BD]\nE       \t(No symbol) [0x007F14A8]\nE       \t(No symbol) [0x007F1647]\nE       \t(No symbol) [0x007E3D20]\nE       \tBaseThreadInitThunk [0x7643FCC9+25]\nE       \tRtlGetAppContainerNamedObjectPath [0x7753809E+286]\nE       \tRtlGetAppContainerNamedObjectPath [0x7753806E+238]\n\n..\\..\\..\\AppData\\Roaming\\Python\\Python312\\site-packages\\selenium\\webdriver\\support\\wait.py:105: TimeoutException"}, "attachments": [{"name": "log", "source": "886ed38a-1396-4e6c-9324-814a460322ec-attachment.txt", "type": "text/plain"}, {"name": "stdout", "source": "8eb42ace-6e79-46a7-9b43-7ac59f72bd5f-attachment.txt", "type": "text/plain"}, {"name": "stderr", "source": "ae5ee750-7f51-476c-baf8-cd7719afd9c8-attachment.txt", "type": "text/plain"}], "start": 1740381658127, "stop": 1740381673278, "uuid": "49f620ec-87e9-46cc-be80-619f8fdad732", "historyId": "cc28a32ba63f16e449314cae415b5348", "testCaseId": "cc28a32ba63f16e449314cae415b5348", "fullName": "tests.recruiter_test.Dashboard_test#test_viewdetails_dashboard_page", "labels": [{"name": "tag", "value": "jobdetails_dashboard_page"}, {"name": "tag", "value": "regression"}, {"name": "parentSuite", "value": "tests.recruiter_test"}, {"name": "suite", "value": "Dashboard_test"}, {"name": "host", "value": "DESKTOP-HRHMBRL"}, {"name": "thread", "value": "1956-MainThread"}, {"name": "framework", "value": "pytest"}, {"name": "language", "value": "cpython3"}, {"name": "package", "value": "tests.recruiter_test.Dashboard_test"}]}