{"name": "test_activejobs_filter_dashboard_page", "status": "broken", "statusDetails": {"message": "selenium.common.exceptions.TimeoutException: Message: \nStacktrace:\n\tGetHandleVerifier [0x011A74A3+25091]\n\t(No symbol) [0x0112DC04]\n\t(No symbol) [0x0100B373]\n\t(No symbol) [0x0104F4DC]\n\t(No symbol) [0x0104F65B]\n\t(No symbol) [0x0108D8E2]\n\t(No symbol) [0x01071F54]\n\t(No symbol) [0x0108B49E]\n\t(No symbol) [0x01071CA6]\n\t(No symbol) [0x010431D5]\n\t(No symbol) [0x0104435D]\n\tGetHandleVerifier [0x014A07C3+3142947]\n\tGetHandleVerifier [0x014B1A2B+3213195]\n\tGetHandleVerifier [0x014AC412+3191154]\n\tGetHandleVerifier [0x01248720+685184]\n\t(No symbol) [0x01136E1D]\n\t(No symbol) [0x01133E18]\n\t(No symbol) [0x01133FB6]\n\t(No symbol) [0x011266F0]\n\tBaseThreadInitThunk [0x7643FCC9+25]\n\tRtlGetAppContainerNamedObjectPath [0x7753809E+286]\n\tRtlGetAppContainerNamedObjectPath [0x7753806E+238]", "trace": "env = 'dev', driver = <selenium.webdriver.chrome.webdriver.WebDriver (session=\"bbe47e74571ce89bcd3f48d4c180a2e2\")>, authenticated_user_recruiter = None\n\n    @pytest.mark.regression\n    @pytest.mark.activejobs_filter_dashboard_page\n    def test_activejobs_filter_dashboard_page(env, driver, authenticated_user_recruiter):\n            logging.info(f\"environment -> {env}\")\n            login = authenticated_user_recruiter\n            logging.info(f\"logged in\")\n>           WebDriverWait(driver, 15).until(\n                EC.visibility_of_element_located(\n                    (By.XPATH, \"//body[1]/div[1]/div[3]/div[2]/div[3]/div[2]/div[1]/div[5]/div[1]\"))\n            )\n\ntests\\recruiter_test\\Dashboard_test.py:176: \n_ _ _ _ _ _ _ _ _ _ _ _ _ _ _ _ _ _ _ _ _ _ _ _ _ _ _ _ _ _ _ _ _ _ _ _ _ _ _ _ _ _ _ _ _ _ _ _ _ _ _ _ _ _ _ _ _ _ _ _ _ _ _ _ _ _ _ _ _ _ _ _ _ _ _ _ _ _ _ _ _ _ _ _ _ _ _ _ _ _ _ _ _ _ _ _ _ _ _ _ _ _ _ _ _ _ _ _ _ _ _ _ _ _\n\nself = <selenium.webdriver.support.wait.WebDriverWait (session=\"bbe47e74571ce89bcd3f48d4c180a2e2\")>, method = <function visibility_of_element_located.<locals>._predicate at 0x0000026504BCF740>, message = ''\n\n    def until(self, method: Callable[[D], Union[Literal[False], T]], message: str = \"\") -> T:\n        \"\"\"Calls the method provided with the driver as an argument until the \\\n        return value does not evaluate to ``False``.\n    \n        :param method: callable(WebDriver)\n        :param message: optional message for :exc:`TimeoutException`\n        :returns: the result of the last call to `method`\n        :raises: :exc:`selenium.common.exceptions.TimeoutException` if timeout occurs\n        \"\"\"\n        screen = None\n        stacktrace = None\n    \n        end_time = time.monotonic() + self._timeout\n        while True:\n            try:\n                value = method(self._driver)\n                if value:\n                    return value\n            except self._ignored_exceptions as exc:\n                screen = getattr(exc, \"screen\", None)\n                stacktrace = getattr(exc, \"stacktrace\", None)\n            time.sleep(self._poll)\n            if time.monotonic() > end_time:\n                break\n>       raise TimeoutException(message, screen, stacktrace)\nE       selenium.common.exceptions.TimeoutException: Message: \nE       Stacktrace:\nE       \tGetHandleVerifier [0x011A74A3+25091]\nE       \t(No symbol) [0x0112DC04]\nE       \t(No symbol) [0x0100B373]\nE       \t(No symbol) [0x0104F4DC]\nE       \t(No symbol) [0x0104F65B]\nE       \t(No symbol) [0x0108D8E2]\nE       \t(No symbol) [0x01071F54]\nE       \t(No symbol) [0x0108B49E]\nE       \t(No symbol) [0x01071CA6]\nE       \t(No symbol) [0x010431D5]\nE       \t(No symbol) [0x0104435D]\nE       \tGetHandleVerifier [0x014A07C3+3142947]\nE       \tGetHandleVerifier [0x014B1A2B+3213195]\nE       \tGetHandleVerifier [0x014AC412+3191154]\nE       \tGetHandleVerifier [0x01248720+685184]\nE       \t(No symbol) [0x01136E1D]\nE       \t(No symbol) [0x01133E18]\nE       \t(No symbol) [0x01133FB6]\nE       \t(No symbol) [0x011266F0]\nE       \tBaseThreadInitThunk [0x7643FCC9+25]\nE       \tRtlGetAppContainerNamedObjectPath [0x7753809E+286]\nE       \tRtlGetAppContainerNamedObjectPath [0x7753806E+238]\n\n..\\..\\..\\AppData\\Roaming\\Python\\Python312\\site-packages\\selenium\\webdriver\\support\\wait.py:105: TimeoutException"}, "attachments": [{"name": "log", "source": "6376a25b-5f4a-42fd-9761-4fa2b9f06a4c-attachment.txt", "type": "text/plain"}, {"name": "stdout", "source": "e1eef7ae-cf6b-46eb-9c58-27be33addcf4-attachment.txt", "type": "text/plain"}, {"name": "stderr", "source": "3469b945-b206-4347-9164-5d6c00a41386-attachment.txt", "type": "text/plain"}], "start": 1740043350393, "stop": 1740043371469, "uuid": "9d4288d3-57a1-45aa-b89b-cf357abf49d0", "historyId": "ecdb0afc0e2810c47305c19d5590eab3", "testCaseId": "ecdb0afc0e2810c47305c19d5590eab3", "fullName": "tests.recruiter_test.Dashboard_test#test_activejobs_filter_dashboard_page", "labels": [{"name": "tag", "value": "activejobs_filter_dashboard_page"}, {"name": "tag", "value": "regression"}, {"name": "parentSuite", "value": "tests.recruiter_test"}, {"name": "suite", "value": "Dashboard_test"}, {"name": "host", "value": "DESKTOP-HRHMBRL"}, {"name": "thread", "value": "10140-MainThread"}, {"name": "framework", "value": "pytest"}, {"name": "language", "value": "cpython3"}, {"name": "package", "value": "tests.recruiter_test.Dashboard_test"}]}