{"name": "test_login_trouble_signing", "status": "broken", "statusDetails": {"message": "selenium.common.exceptions.TimeoutException: Message: \nStacktrace:\n\tGetHandleVerifier [0x00ADEC13+23731]\n\t(No symbol) [0x00A6C394]\n\t(No symbol) [0x0094BE63]\n\t(No symbol) [0x0098FCE6]\n\t(No symbol) [0x0098FF2B]\n\t(No symbol) [0x009CD892]\n\t(No symbol) [0x009B1EA4]\n\t(No symbol) [0x009CB46E]\n\t(No symbol) [0x009B1BF6]\n\t(No symbol) [0x00983F35]\n\t(No symbol) [0x00984EBD]\n\tGetHandleVerifier [0x00DBF0D3+3039603]\n\tGetHandleVerifier [0x00DD2DEA+3120778]\n\tGetHandleVerifier [0x00DCB592+3089970]\n\tGetHandleVerifier [0x00B743B0+635984]\n\t(No symbol) [0x00A74DCD]\n\t(No symbol) [0x00A72068]\n\t(No symbol) [0x00A72205]\n\t(No symbol) [0x00A64FD0]\n\tBaseThreadInitThunk [0x7710FCC9+25]\n\tRtlGetAppContainerNamedObjectPath [0x77C2809E+286]\n\tRtlGetAppContainerNamedObjectPath [0x77C2806E+238]", "trace": "env = 'dev', driver = <selenium.webdriver.chrome.webdriver.WebDriver (session=\"9b92be7d2d169c1b093c300d5f8b3a54\")>, authenticated_user = None\n\n    @pytest.mark.regression\n    @pytest.mark.login_trouble_signing\n    def test_login_trouble_signing(env, driver, authenticated_user):\n        logging.info(f\"environment -> {env}\")\n        login = authenticated_user\n        recruiterlogin = Loginrecruiter(driver)\n>       recruiterlogin.username_btn.send_keys('inderjeetkmcs@gmail.com')\n\ntests\\recruiter_test\\login_test.py:33: \n_ _ _ _ _ _ _ _ _ _ _ _ _ _ _ _ _ _ _ _ _ _ _ _ _ _ _ _ _ _ _ _ _ _ _ _ _ _ _ _ _ _ _ _ _ _ _ _ _ _ _ _ _ _ _ _ _ _ _ _ _ _ _ _ _ _ _ _ _ _ _ _ _ _ _ _ _ _ _ _ _ _ _ _ _ _ _ _ _ _ _ _ _ _ _ _ _ _ _ _ _ _ _ _ _ _ _ _ _ _ _ _ _ _\nPage_Recruiter\\login.py:11: in username_btn\n    return BaseElement(driver=self.driver, locator=locator)\nutils\\base_elements.py:43: in __init__\n    self.find()\nutils\\base_elements.py:49: in find\n    element = WebDriverWait(self.driver, 30).until(EC.visibility_of_element_located(locator=self.locator))\n_ _ _ _ _ _ _ _ _ _ _ _ _ _ _ _ _ _ _ _ _ _ _ _ _ _ _ _ _ _ _ _ _ _ _ _ _ _ _ _ _ _ _ _ _ _ _ _ _ _ _ _ _ _ _ _ _ _ _ _ _ _ _ _ _ _ _ _ _ _ _ _ _ _ _ _ _ _ _ _ _ _ _ _ _ _ _ _ _ _ _ _ _ _ _ _ _ _ _ _ _ _ _ _ _ _ _ _ _ _ _ _ _ _\n\nself = <selenium.webdriver.support.wait.WebDriverWait (session=\"9b92be7d2d169c1b093c300d5f8b3a54\")>, method = <function visibility_of_element_located.<locals>._predicate at 0x0000025A1219BE20>, message = ''\n\n    def until(self, method: Callable[[D], Union[Literal[False], T]], message: str = \"\") -> T:\n        \"\"\"Calls the method provided with the driver as an argument until the \\\n        return value does not evaluate to ``False``.\n    \n        :param method: callable(WebDriver)\n        :param message: optional message for :exc:`TimeoutException`\n        :returns: the result of the last call to `method`\n        :raises: :exc:`selenium.common.exceptions.TimeoutException` if timeout occurs\n        \"\"\"\n        screen = None\n        stacktrace = None\n    \n        end_time = time.monotonic() + self._timeout\n        while True:\n            try:\n                value = method(self._driver)\n                if value:\n                    return value\n            except self._ignored_exceptions as exc:\n                screen = getattr(exc, \"screen\", None)\n                stacktrace = getattr(exc, \"stacktrace\", None)\n            time.sleep(self._poll)\n            if time.monotonic() > end_time:\n                break\n>       raise TimeoutException(message, screen, stacktrace)\nE       selenium.common.exceptions.TimeoutException: Message: \nE       Stacktrace:\nE       \tGetHandleVerifier [0x00ADEC13+23731]\nE       \t(No symbol) [0x00A6C394]\nE       \t(No symbol) [0x0094BE63]\nE       \t(No symbol) [0x0098FCE6]\nE       \t(No symbol) [0x0098FF2B]\nE       \t(No symbol) [0x009CD892]\nE       \t(No symbol) [0x009B1EA4]\nE       \t(No symbol) [0x009CB46E]\nE       \t(No symbol) [0x009B1BF6]\nE       \t(No symbol) [0x00983F35]\nE       \t(No symbol) [0x00984EBD]\nE       \tGetHandleVerifier [0x00DBF0D3+3039603]\nE       \tGetHandleVerifier [0x00DD2DEA+3120778]\nE       \tGetHandleVerifier [0x00DCB592+3089970]\nE       \tGetHandleVerifier [0x00B743B0+635984]\nE       \t(No symbol) [0x00A74DCD]\nE       \t(No symbol) [0x00A72068]\nE       \t(No symbol) [0x00A72205]\nE       \t(No symbol) [0x00A64FD0]\nE       \tBaseThreadInitThunk [0x7710FCC9+25]\nE       \tRtlGetAppContainerNamedObjectPath [0x77C2809E+286]\nE       \tRtlGetAppContainerNamedObjectPath [0x77C2806E+238]\n\n..\\..\\..\\AppData\\Roaming\\Python\\Python312\\site-packages\\selenium\\webdriver\\support\\wait.py:105: TimeoutException"}, "attachments": [{"name": "log", "source": "bea11457-abf7-4e86-a6a2-9667032a0a3f-attachment.txt", "type": "text/plain"}, {"name": "stderr", "source": "16143a24-8e40-41e7-9d96-d048bf7b1555-attachment.txt", "type": "text/plain"}], "start": 1736142803840, "stop": 1736142835386, "uuid": "7c6476db-37eb-4cdb-a3fe-870319de8517", "historyId": "6aef5bdd25d8a2ceae9be5f5cd554f1f", "testCaseId": "6aef5bdd25d8a2ceae9be5f5cd554f1f", "fullName": "tests.recruiter_test.login_test#test_login_trouble_signing", "labels": [{"name": "tag", "value": "login_trouble_signing"}, {"name": "tag", "value": "regression"}, {"name": "parentSuite", "value": "tests.recruiter_test"}, {"name": "suite", "value": "login_test"}, {"name": "host", "value": "DESKTOP-HRHMBRL"}, {"name": "thread", "value": "18388-MainThread"}, {"name": "framework", "value": "pytest"}, {"name": "language", "value": "cpython3"}, {"name": "package", "value": "tests.recruiter_test.login_test"}]}