{"name": "test_searchandapplyjob", "status": "broken", "statusDetails": {"message": "selenium.common.exceptions.TimeoutException: Message: \nStacktrace:\n\tGetHandleVerifier [0x008774A3+25091]\n\t(No symbol) [0x007FDC04]\n\t(No symbol) [0x006DB373]\n\t(No symbol) [0x0071F4DC]\n\t(No symbol) [0x0071F65B]\n\t(No symbol) [0x0075D8E2]\n\t(No symbol) [0x00741F54]\n\t(No symbol) [0x0075B49E]\n\t(No symbol) [0x00741CA6]\n\t(No symbol) [0x007131D5]\n\t(No symbol) [0x0071435D]\n\tGetHandleVerifier [0x00B707C3+3142947]\n\tGetHandleVerifier [0x00B81A2B+3213195]\n\tGetHandleVerifier [0x00B7C412+3191154]\n\tGetHandleVerifier [0x00918720+685184]\n\t(No symbol) [0x00806E1D]\n\t(No symbol) [0x00803E18]\n\t(No symbol) [0x00803FB6]\n\t(No symbol) [0x007F66F0]\n\tBaseThreadInitThunk [0x7610FCC9+25]\n\tRtlGetAppContainerNamedObjectPath [0x7745809E+286]\n\tRtlGetAppContainerNamedObjectPath [0x7745806E+238]", "trace": "env = 'dev', driver = <selenium.webdriver.chrome.webdriver.WebDriver (session=\"ceaa0946b2f1a050802c84307de86c59\")>, authenticated_user_candidate = <Pages_Candidate.login.Login object at 0x0000025A51862A20>\n\n    @pytest.mark.searchandapplyjob\n    def test_searchandapplyjob(env, driver, authenticated_user_candidate):\n        logging.info(f\"environment -> {env}\")\n        login = authenticated_user_candidate\n        explore = ExploreJobs(driver)\n        time.sleep(7)\n        explore.result_page_btn.click()\n        explore.searchjob_btn.send_keys(\"TESTING -WEB\")\n        # time.sleep(2)\n        explore.applyjob_btn.click()\n        time.sleep(10)\n>       explore.proceed_to_apply_btn.click()\n\ntests\\candidate_test\\explore_jobs_test.py:41: \n_ _ _ _ _ _ _ _ _ _ _ _ _ _ _ _ _ _ _ _ _ _ _ _ _ _ _ _ _ _ _ _ _ _ _ _ _ _ _ _ _ _ _ _ _ _ _ _ _ _ _ _ _ _ _ _ _ _ _ _ _ _ _ _ _ _ _ _ _ _ _ _ _ _ _ _ _ _ _ _ _ _ _ _ _ _ _ _ _ _ _ _ _ _ _ _ _ _ _ _ _ _ _ _ _ _ _ _ _ _ _ _ _ _\nPages_Candidate\\explore_jobs.py:21: in proceed_to_apply_btn\n    return BaseElement(driver=self.driver, locator=locator)\nutils\\base_elements.py:43: in __init__\n    self.find()\nutils\\base_elements.py:49: in find\n    element = WebDriverWait(self.driver, 30).until(EC.visibility_of_element_located(locator=self.locator))\n_ _ _ _ _ _ _ _ _ _ _ _ _ _ _ _ _ _ _ _ _ _ _ _ _ _ _ _ _ _ _ _ _ _ _ _ _ _ _ _ _ _ _ _ _ _ _ _ _ _ _ _ _ _ _ _ _ _ _ _ _ _ _ _ _ _ _ _ _ _ _ _ _ _ _ _ _ _ _ _ _ _ _ _ _ _ _ _ _ _ _ _ _ _ _ _ _ _ _ _ _ _ _ _ _ _ _ _ _ _ _ _ _ _\n\nself = <selenium.webdriver.support.wait.WebDriverWait (session=\"ceaa0946b2f1a050802c84307de86c59\")>, method = <function visibility_of_element_located.<locals>._predicate at 0x0000025A5183B100>, message = ''\n\n    def until(self, method: Callable[[D], Union[Literal[False], T]], message: str = \"\") -> T:\n        \"\"\"Calls the method provided with the driver as an argument until the \\\n        return value does not evaluate to ``False``.\n    \n        :param method: callable(WebDriver)\n        :param message: optional message for :exc:`TimeoutException`\n        :returns: the result of the last call to `method`\n        :raises: :exc:`selenium.common.exceptions.TimeoutException` if timeout occurs\n        \"\"\"\n        screen = None\n        stacktrace = None\n    \n        end_time = time.monotonic() + self._timeout\n        while True:\n            try:\n                value = method(self._driver)\n                if value:\n                    return value\n            except self._ignored_exceptions as exc:\n                screen = getattr(exc, \"screen\", None)\n                stacktrace = getattr(exc, \"stacktrace\", None)\n            time.sleep(self._poll)\n            if time.monotonic() > end_time:\n                break\n>       raise TimeoutException(message, screen, stacktrace)\nE       selenium.common.exceptions.TimeoutException: Message: \nE       Stacktrace:\nE       \tGetHandleVerifier [0x008774A3+25091]\nE       \t(No symbol) [0x007FDC04]\nE       \t(No symbol) [0x006DB373]\nE       \t(No symbol) [0x0071F4DC]\nE       \t(No symbol) [0x0071F65B]\nE       \t(No symbol) [0x0075D8E2]\nE       \t(No symbol) [0x00741F54]\nE       \t(No symbol) [0x0075B49E]\nE       \t(No symbol) [0x00741CA6]\nE       \t(No symbol) [0x007131D5]\nE       \t(No symbol) [0x0071435D]\nE       \tGetHandleVerifier [0x00B707C3+3142947]\nE       \tGetHandleVerifier [0x00B81A2B+3213195]\nE       \tGetHandleVerifier [0x00B7C412+3191154]\nE       \tGetHandleVerifier [0x00918720+685184]\nE       \t(No symbol) [0x00806E1D]\nE       \t(No symbol) [0x00803E18]\nE       \t(No symbol) [0x00803FB6]\nE       \t(No symbol) [0x007F66F0]\nE       \tBaseThreadInitThunk [0x7610FCC9+25]\nE       \tRtlGetAppContainerNamedObjectPath [0x7745809E+286]\nE       \tRtlGetAppContainerNamedObjectPath [0x7745806E+238]\n\n..\\..\\..\\AppData\\Roaming\\Python\\Python312\\site-packages\\selenium\\webdriver\\support\\wait.py:105: TimeoutException"}, "attachments": [{"name": "log", "source": "c42d1689-8768-465b-8d07-be5070edb567-attachment.txt", "type": "text/plain"}, {"name": "stdout", "source": "84cfd76f-da19-4bea-99aa-fb637ceb3942-attachment.txt", "type": "text/plain"}, {"name": "stderr", "source": "e6e5a7a3-83fb-4031-b648-8824a9244e25-attachment.txt", "type": "text/plain"}], "start": 1739449334315, "stop": 1739449386563, "uuid": "c118d1d6-ea13-4904-8f12-bdf21ea9b1dd", "historyId": "fe859a1cacd049229d2ebf7a07d1b71e", "testCaseId": "fe859a1cacd049229d2ebf7a07d1b71e", "fullName": "tests.candidate_test.explore_jobs_test#test_searchandapplyjob", "labels": [{"name": "tag", "value": "searchandapplyjob"}, {"name": "parentSuite", "value": "tests.candidate_test"}, {"name": "suite", "value": "explore_jobs_test"}, {"name": "host", "value": "DESKTOP-HRHMBRL"}, {"name": "thread", "value": "1500-MainThread"}, {"name": "framework", "value": "pytest"}, {"name": "language", "value": "cpython3"}, {"name": "package", "value": "tests.candidate_test.explore_jobs_test"}]}