{"name": "test_login", "status": "broken", "statusDetails": {"message": "selenium.common.exceptions.TimeoutException: Message: \nStacktrace:\n\tGetHandleVerifier [0x007AC203+27395]\n\t(No symbol) [0x00743E04]\n\t(No symbol) [0x00641B7F]\n\t(No symbol) [0x00682C65]\n\t(No symbol) [0x00682D3B]\n\t(No symbol) [0x006BEC82]\n\t(No symbol) [0x006A39E4]\n\t(No symbol) [0x006BCB24]\n\t(No symbol) [0x006A3736]\n\t(No symbol) [0x00677541]\n\t(No symbol) [0x006780BD]\n\tGetHandleVerifier [0x00A63AB3+2876339]\n\tGetHandleVerifier [0x00AB7F7D+3221629]\n\tGetHandleVerifier [0x0082D674+556916]\n\tGetHandleVerifier [0x0083478C+585868]\n\t(No symbol) [0x0074CE44]\n\t(No symbol) [0x00749858]\n\t(No symbol) [0x007499F7]\n\t(No symbol) [0x0073BF4E]\n\tBaseThreadInitThunk [0x7703FCC9+25]\n\tRtlGetAppContainerNamedObjectPath [0x77C980CE+286]\n\tRtlGetAppContainerNamedObjectPath [0x77C9809E+238]", "trace": "env = 'pilot', driver = <selenium.webdriver.chrome.webdriver.WebDriver (session=\"ab45388d54dc155ff604f20a39cd2062\")>, authenticated_user = None\n\n    @pytest.mark.login\n    def test_login(env, driver, authenticated_user):\n        logging.info(f\"environment -> {env}\")\n        login = authenticated_user\n        Pagelogin = Login(driver)\n>       Pagelogin.btn_name.send_keys(\"mridul\")\n\ntests\\candidate_test\\login_test.py:19: \n_ _ _ _ _ _ _ _ _ _ _ _ _ _ _ _ _ _ _ _ _ _ _ _ _ _ _ _ _ _ _ _ _ _ _ _ _ _ _ _ _ _ _ _ _ _ _ _ _ _ _ _ _ _ _ _ _ _ _ _ _ _ _ _ _ _ _ _ _ _ _ _ _ _\nPages_Candidate\\login.py:11: in btn_name\n    return BaseElement(driver=self.driver, locator=locator)\nutils\\base_elements.py:43: in __init__\n    self.find()\nutils\\base_elements.py:49: in find\n    element = WebDriverWait(self.driver, 30).until(EC.visibility_of_element_located(locator=self.locator))\n_ _ _ _ _ _ _ _ _ _ _ _ _ _ _ _ _ _ _ _ _ _ _ _ _ _ _ _ _ _ _ _ _ _ _ _ _ _ _ _ _ _ _ _ _ _ _ _ _ _ _ _ _ _ _ _ _ _ _ _ _ _ _ _ _ _ _ _ _ _ _ _ _ _\n\nself = <selenium.webdriver.support.wait.WebDriverWait (session=\"ab45388d54dc155ff604f20a39cd2062\")>\nmethod = <function visibility_of_element_located.<locals>._predicate at 0x000001EB75977B00>, message = ''\n\n    def until(self, method: Callable[[D], Union[Literal[False], T]], message: str = \"\") -> T:\n        \"\"\"Calls the method provided with the driver as an argument until the \\\n        return value does not evaluate to ``False``.\n    \n        :param method: callable(WebDriver)\n        :param message: optional message for :exc:`TimeoutException`\n        :returns: the result of the last call to `method`\n        :raises: :exc:`selenium.common.exceptions.TimeoutException` if timeout occurs\n        \"\"\"\n        screen = None\n        stacktrace = None\n    \n        end_time = time.monotonic() + self._timeout\n        while True:\n            try:\n                value = method(self._driver)\n                if value:\n                    return value\n            except self._ignored_exceptions as exc:\n                screen = getattr(exc, \"screen\", None)\n                stacktrace = getattr(exc, \"stacktrace\", None)\n            time.sleep(self._poll)\n            if time.monotonic() > end_time:\n                break\n>       raise TimeoutException(message, screen, stacktrace)\nE       selenium.common.exceptions.TimeoutException: Message: \nE       Stacktrace:\nE       \tGetHandleVerifier [0x007AC203+27395]\nE       \t(No symbol) [0x00743E04]\nE       \t(No symbol) [0x00641B7F]\nE       \t(No symbol) [0x00682C65]\nE       \t(No symbol) [0x00682D3B]\nE       \t(No symbol) [0x006BEC82]\nE       \t(No symbol) [0x006A39E4]\nE       \t(No symbol) [0x006BCB24]\nE       \t(No symbol) [0x006A3736]\nE       \t(No symbol) [0x00677541]\nE       \t(No symbol) [0x006780BD]\nE       \tGetHandleVerifier [0x00A63AB3+2876339]\nE       \tGetHandleVerifier [0x00AB7F7D+3221629]\nE       \tGetHandleVerifier [0x0082D674+556916]\nE       \tGetHandleVerifier [0x0083478C+585868]\nE       \t(No symbol) [0x0074CE44]\nE       \t(No symbol) [0x00749858]\nE       \t(No symbol) [0x007499F7]\nE       \t(No symbol) [0x0073BF4E]\nE       \tBaseThreadInitThunk [0x7703FCC9+25]\nE       \tRtlGetAppContainerNamedObjectPath [0x77C980CE+286]\nE       \tRtlGetAppContainerNamedObjectPath [0x77C9809E+238]\n\nvenv\\Lib\\site-packages\\selenium\\webdriver\\support\\wait.py:105: TimeoutException"}, "attachments": [{"name": "log", "source": "c4b449ec-281f-42c1-b408-7431d5b64402-attachment.txt", "type": "text/plain"}, {"name": "stdout", "source": "70ffe32d-19c9-42f5-8171-56c6686edd4d-attachment.txt", "type": "text/plain"}, {"name": "stderr", "source": "271024cd-414e-4139-8823-d5163a61425f-attachment.txt", "type": "text/plain"}], "start": 1721372493934, "stop": 1721372525538, "uuid": "524cffb4-65c7-49bb-9319-f04945e151ab", "historyId": "86b1e9db321c90658f175e0a246d262f", "testCaseId": "86b1e9db321c90658f175e0a246d262f", "fullName": "tests.candidate_test.login_test#test_login", "labels": [{"name": "tag", "value": "login"}, {"name": "parentSuite", "value": "tests.candidate_test"}, {"name": "suite", "value": "login_test"}, {"name": "host", "value": "DESKTOP-CDJ5FU7"}, {"name": "thread", "value": "18824-MainThread"}, {"name": "framework", "value": "pytest"}, {"name": "language", "value": "cpython3"}, {"name": "package", "value": "tests.candidate_test.login_test"}]}