{"name": "test_clickandsaveimage", "status": "broken", "statusDetails": {"message": "selenium.common.exceptions.TimeoutException: Message:", "trace": "env = 'dev', authenticated_user = None, driver = <selenium.webdriver.chrome.webdriver.WebDriver (session=\"838c7b75b511dedebceff2ef397cda7d\")>\n\n    @pytest.mark.clickandsaveimage\n    def test_clickandsaveimage(env, authenticated_user, driver):\n        logging.info(f\"environment -> {env}\")\n        login = authenticated_user\n        userinfo = Userprofile(driver)\n        Pagelogin = Login(driver)\n        Pagelogin.login_btn.click()\n        # driver.implicitly_wait(2)\n        time.sleep(3)\n        Pagelogin.name_btn.send_keys('Mridul')\n        Pagelogin.phonenumber_btn.send_keys('7503078450')\n        Pagelogin.sendotp_btn.click()\n        time.sleep(5)\n        Pagelogin.Sendingotp_text.send_keys('000000')\n        Pagelogin.submitotp_btn.click()\n        time.sleep(2)\n        userinfo.profileicon_btn.click()\n        time.sleep(1)\n        userinfo.selectingprofileicon_btn.click()\n        time.sleep(5)\n>       userinfo.clickprofileimage_btn.click()\n\ntests\\candidate_test\\Userprofile_test.py:61: \n_ _ _ _ _ _ _ _ _ _ _ _ _ _ _ _ _ _ _ _ _ _ _ _ _ _ _ _ _ _ _ _ _ _ _ _ _ _ _ _ _ _ _ _ _ _ _ _ _ _ _ _ _ _ _ _ _ _ _ _ _ _ _ _ _ _ _ _ _ _ _ _ _ _ _ _ _ _ _ _ _ _ _ _ _ _\nPages_Candidate\\Userprofile.py:21: in clickprofileimage_btn\n    return BaseElement(driver=self.driver, locator=locator)\nutils\\base_elements.py:43: in __init__\n    self.find()\nutils\\base_elements.py:49: in find\n    element = WebDriverWait(self.driver, 30).until(EC.visibility_of_element_located(locator=self.locator))\n_ _ _ _ _ _ _ _ _ _ _ _ _ _ _ _ _ _ _ _ _ _ _ _ _ _ _ _ _ _ _ _ _ _ _ _ _ _ _ _ _ _ _ _ _ _ _ _ _ _ _ _ _ _ _ _ _ _ _ _ _ _ _ _ _ _ _ _ _ _ _ _ _ _ _ _ _ _ _ _ _ _ _ _ _ _\n\nself = <selenium.webdriver.support.wait.WebDriverWait (session=\"838c7b75b511dedebceff2ef397cda7d\")>\nmethod = <function visibility_of_element_located.<locals>._predicate at 0x000002820BB47BA0>, message = ''\n\n    def until(self, method: Callable[[D], Union[Literal[False], T]], message: str = \"\") -> T:\n        \"\"\"Calls the method provided with the driver as an argument until the \\\n        return value does not evaluate to ``False``.\n    \n        :param method: callable(WebDriver)\n        :param message: optional message for :exc:`TimeoutException`\n        :returns: the result of the last call to `method`\n        :raises: :exc:`selenium.common.exceptions.TimeoutException` if timeout occurs\n        \"\"\"\n        screen = None\n        stacktrace = None\n    \n        end_time = time.monotonic() + self._timeout\n        while True:\n            try:\n                value = method(self._driver)\n                if value:\n                    return value\n            except self._ignored_exceptions as exc:\n                screen = getattr(exc, \"screen\", None)\n                stacktrace = getattr(exc, \"stacktrace\", None)\n            time.sleep(self._poll)\n            if time.monotonic() > end_time:\n                break\n>       raise TimeoutException(message, screen, stacktrace)\nE       selenium.common.exceptions.TimeoutException: Message:\n\n..\\..\\AppData\\Local\\Programs\\Python\\Python312\\Lib\\site-packages\\selenium\\webdriver\\support\\wait.py:105: TimeoutException"}, "attachments": [{"name": "log", "source": "f4e66cfc-4e93-4e55-bf75-9697254d225e-attachment.txt", "type": "text/plain"}, {"name": "stdout", "source": "0084b4d5-33e6-4dc1-be5c-c5438634b40a-attachment.txt", "type": "text/plain"}, {"name": "stderr", "source": "9a279ebb-7e44-4af5-a90d-67f7c7a22861-attachment.txt", "type": "text/plain"}], "start": 1722324650631, "stop": 1722324698696, "uuid": "47ec023d-d1dd-4e72-acc5-bc8bc5202e34", "historyId": "4bdf473c7c07dd03da868511b91e19f5", "testCaseId": "4bdf473c7c07dd03da868511b91e19f5", "fullName": "tests.candidate_test.Userprofile_test#test_clickandsaveimage", "labels": [{"name": "tag", "value": "clickandsaveimage"}, {"name": "parentSuite", "value": "tests.candidate_test"}, {"name": "suite", "value": "Userprofile_test"}, {"name": "host", "value": "DESKTOP-CDJ5FU7"}, {"name": "thread", "value": "22388-MainThread"}, {"name": "framework", "value": "pytest"}, {"name": "language", "value": "cpython3"}, {"name": "package", "value": "tests.candidate_test.Userprofile_test"}]}