{"name": "test_jobs_page", "status": "broken", "statusDetails": {"message": "selenium.common.exceptions.TimeoutException: Message: \nStacktrace:\n\tGetHandleVerifier [0x007C74A3+25091]\n\t(No symbol) [0x0074DC04]\n\t(No symbol) [0x0062B373]\n\t(No symbol) [0x0066F4DC]\n\t(No symbol) [0x0066F65B]\n\t(No symbol) [0x006AD8E2]\n\t(No symbol) [0x00691F54]\n\t(No symbol) [0x006AB49E]\n\t(No symbol) [0x00691CA6]\n\t(No symbol) [0x006631D5]\n\t(No symbol) [0x0066435D]\n\tGetHandleVerifier [0x00AC07C3+3142947]\n\tGetHandleVerifier [0x00AD1A2B+3213195]\n\tGetHandleVerifier [0x00ACC412+3191154]\n\tGetHandleVerifier [0x00868720+685184]\n\t(No symbol) [0x00756E1D]\n\t(No symbol) [0x00753E18]\n\t(No symbol) [0x00753FB6]\n\t(No symbol) [0x007466F0]\n\tBaseThreadInitThunk [0x7610FCC9+25]\n\tRtlGetAppContainerNamedObjectPath [0x7745809E+286]\n\tRtlGetAppContainerNamedObjectPath [0x7745806E+238]", "trace": "env = 'dev', driver = <selenium.webdriver.chrome.webdriver.WebDriver (session=\"df67ac53f41a130ca02e01934346a6a5\")>, authenticated_user = None\n\n    @pytest.mark.regression\n    @pytest.mark.candidates_page\n    def test_jobs_page(env, driver, authenticated_user):\n        logging.info(f\"environment -> {env}\")\n        login = authenticated_user\n        recruiter_login = Loginrecruiter(driver)\n        recruiter_login.username_btn.send_keys('inderjeetkmcs@gmail.com')\n        recruiter_login.password_btn.send_keys('123')\n        logging.info(f\"Password entered\")\n    \n        # recruiter_login.hidepassword_btn.click()\n        # logging.info(f\"hide passwrd btn clicked\")\n    \n        WebDriverWait(driver, 10).until(\n            EC.element_to_be_clickable((By.XPATH, \"//span[contains(text(), 'Login')]\"))\n        )\n        recruiter_login.login_btn.click()\n        logging.info(f\"login btn clicked\")\n        #time.sleep(5)\n        WebDriverWait(driver, 10).until(\n            EC.visibility_of_element_located((By.XPATH, \"(//h2[text()='Private Jobs'])\"))\n        )\n        jobs_page = Candidates(driver)\n        jobs_page.candidates_btn.click()\n        logging.info(f\"candidates btn clicked\")\n    \n        Sortby = Candidates(driver)\n        Sortby.Sortby.click()\n    \n        Last_2week = Candidates(driver)\n        Last_2week.last2week.click()\n    \n        Filters = Candidates(driver)\n        Filters.Filters.click()\n    \n        StagesCTQ = Candidates(driver)\n        StagesCTQ.Stages_CTQ.click()\n        time.sleep(1)\n>       StagesCTQ.Stages_CTQ.click()\n\ntests\\recruiter_test\\Candidates_test.py:62: \n_ _ _ _ _ _ _ _ _ _ _ _ _ _ _ _ _ _ _ _ _ _ _ _ _ _ _ _ _ _ _ _ _ _ _ _ _ _ _ _ _ _ _ _ _ _ _ _ _ _ _ _ _ _ _ _ _ _ _ _ _ _ _ _ _ _ _ _ _ _ _ _ _ _ _ _ _ _ _ _ _ _ _ _ _ _ _ _ _ _ _ _ _ _ _ _ _ _ _ _ _ _ _ _ _ _ _ _ _ _ _ _ _ _\nPage_Recruiter\\Candidates_page.py:32: in Stages_CTQ\n    return BaseElement(driver=self.driver, locator=locator)\nutils\\base_elements.py:43: in __init__\n    self.find()\nutils\\base_elements.py:49: in find\n    element = WebDriverWait(self.driver, 30).until(EC.visibility_of_element_located(locator=self.locator))\n_ _ _ _ _ _ _ _ _ _ _ _ _ _ _ _ _ _ _ _ _ _ _ _ _ _ _ _ _ _ _ _ _ _ _ _ _ _ _ _ _ _ _ _ _ _ _ _ _ _ _ _ _ _ _ _ _ _ _ _ _ _ _ _ _ _ _ _ _ _ _ _ _ _ _ _ _ _ _ _ _ _ _ _ _ _ _ _ _ _ _ _ _ _ _ _ _ _ _ _ _ _ _ _ _ _ _ _ _ _ _ _ _ _\n\nself = <selenium.webdriver.support.wait.WebDriverWait (session=\"df67ac53f41a130ca02e01934346a6a5\")>, method = <function visibility_of_element_located.<locals>._predicate at 0x000001EDD3F64540>, message = ''\n\n    def until(self, method: Callable[[D], Union[Literal[False], T]], message: str = \"\") -> T:\n        \"\"\"Calls the method provided with the driver as an argument until the \\\n        return value does not evaluate to ``False``.\n    \n        :param method: callable(WebDriver)\n        :param message: optional message for :exc:`TimeoutException`\n        :returns: the result of the last call to `method`\n        :raises: :exc:`selenium.common.exceptions.TimeoutException` if timeout occurs\n        \"\"\"\n        screen = None\n        stacktrace = None\n    \n        end_time = time.monotonic() + self._timeout\n        while True:\n            try:\n                value = method(self._driver)\n                if value:\n                    return value\n            except self._ignored_exceptions as exc:\n                screen = getattr(exc, \"screen\", None)\n                stacktrace = getattr(exc, \"stacktrace\", None)\n            time.sleep(self._poll)\n            if time.monotonic() > end_time:\n                break\n>       raise TimeoutException(message, screen, stacktrace)\nE       selenium.common.exceptions.TimeoutException: Message: \nE       Stacktrace:\nE       \tGetHandleVerifier [0x007C74A3+25091]\nE       \t(No symbol) [0x0074DC04]\nE       \t(No symbol) [0x0062B373]\nE       \t(No symbol) [0x0066F4DC]\nE       \t(No symbol) [0x0066F65B]\nE       \t(No symbol) [0x006AD8E2]\nE       \t(No symbol) [0x00691F54]\nE       \t(No symbol) [0x006AB49E]\nE       \t(No symbol) [0x00691CA6]\nE       \t(No symbol) [0x006631D5]\nE       \t(No symbol) [0x0066435D]\nE       \tGetHandleVerifier [0x00AC07C3+3142947]\nE       \tGetHandleVerifier [0x00AD1A2B+3213195]\nE       \tGetHandleVerifier [0x00ACC412+3191154]\nE       \tGetHandleVerifier [0x00868720+685184]\nE       \t(No symbol) [0x00756E1D]\nE       \t(No symbol) [0x00753E18]\nE       \t(No symbol) [0x00753FB6]\nE       \t(No symbol) [0x007466F0]\nE       \tBaseThreadInitThunk [0x7610FCC9+25]\nE       \tRtlGetAppContainerNamedObjectPath [0x7745809E+286]\nE       \tRtlGetAppContainerNamedObjectPath [0x7745806E+238]\n\n..\\..\\..\\AppData\\Roaming\\Python\\Python312\\site-packages\\selenium\\webdriver\\support\\wait.py:105: TimeoutException"}, "attachments": [{"name": "log", "source": "aa1f0816-1816-4d28-a723-d8b8739b35c9-attachment.txt", "type": "text/plain"}, {"name": "stdout", "source": "52221e98-2e40-4469-a7e6-904f07a98e8c-attachment.txt", "type": "text/plain"}, {"name": "stderr", "source": "2af48388-4853-4ce4-ba3e-fd512c36e273-attachment.txt", "type": "text/plain"}], "start": 1738586697067, "stop": 1738586733084, "uuid": "fe7ccd93-fb43-455c-bb47-034f831042cd", "historyId": "a07d543f70715916bb5741f0811420af", "testCaseId": "a07d543f70715916bb5741f0811420af", "fullName": "tests.recruiter_test.Candidates_test#test_jobs_page", "labels": [{"name": "tag", "value": "candidates_page"}, {"name": "tag", "value": "regression"}, {"name": "parentSuite", "value": "tests.recruiter_test"}, {"name": "suite", "value": "Candidates_test"}, {"name": "host", "value": "DESKTOP-HRHMBRL"}, {"name": "thread", "value": "25448-MainThread"}, {"name": "framework", "value": "pytest"}, {"name": "language", "value": "cpython3"}, {"name": "package", "value": "tests.recruiter_test.Candidates_test"}]}