{"name": "test_invalid_password_login_recruiter", "status": "broken", "statusDetails": {"message": "selenium.common.exceptions.TimeoutException: Message: \nStacktrace:\n\tGetHandleVerifier [0x0065D363+60275]\n\tGetHandleVerifier [0x0065D3A4+60340]\n\t(No symbol) [0x004906F3]\n\t(No symbol) [0x004D8690]\n\t(No symbol) [0x004D8A2B]\n\t(No symbol) [0x00520EE2]\n\t(No symbol) [0x004FD0D4]\n\t(No symbol) [0x0051E6EB]\n\t(No symbol) [0x004FCE86]\n\t(No symbol) [0x004CC623]\n\t(No symbol) [0x004CD474]\n\tGetHandleVerifier [0x008A8FE3+2467827]\n\tGetHandleVerifier [0x008A45E6+2448886]\n\tGetHandleVerifier [0x008BF80C+2560028]\n\tGetHandleVerifier [0x00673DF5+153093]\n\tGetHandleVerifier [0x0067A3BD+179149]\n\tGetHandleVerifier [0x00664BB8+91080]\n\tGetHandleVerifier [0x00664D60+91504]\n\tGetHandleVerifier [0x0064FA10+4640]\n\tBaseThreadInitThunk [0x76E3FCC9+25]\n\tRtlGetAppContainerNamedObjectPath [0x774282AE+286]\n\tRtlGetAppContainerNamedObjectPath [0x7742827E+238]", "trace": "env = 'services', driver = <selenium.webdriver.chrome.webdriver.WebDriver (session=\"e01728ced36aba68dfd8e20d6658864a\")>, recruiter_user = None\n\n    @pytest.mark.regression\n    @pytest.mark.regression_recruiter_loginpage\n    @pytest.mark.invalid_password_login_recruiter\n    def test_invalid_password_login_recruiter(env, driver, recruiter_user):\n        logging.info(f\"environment -> {env}\")\n        login = recruiter_user\n        recruiterlogin = Loginrecruiter(driver)\n        recruiterlogin.username_btn.send_keys('inderjeetkmcs@gmail.com')\n        recruiterlogin.password_btn.send_keys('xyz')\n        recruiterlogin.login_btn.click()\n>       response = recruiterlogin.login_unsuccessful.get_text()\n\ntests\\recruiter_test\\login_test.py:57: \n_ _ _ _ _ _ _ _ _ _ _ _ _ _ _ _ _ _ _ _ _ _ _ _ _ _ _ _ _ _ _ _ _ _ _ _ _ _ _ _ _ _ _ _ _ _ _ _ _ _ _ _ _ _ _ _ _ _ _ _ _ _ _ _ _ _ _ _ _ _ _ _ _ _ _ _ _ _ _ _ _ _ _ _ _ _ _ _ _ _ _ _ _ _ _ _ _ _ _ _ _ _ _ _ _ _ _ _ _ _ _ _ _ _\nPage_Recruiter\\login.py:45: in login_unsuccessful\n    return BaseElement(driver=self.driver, locator=locator)\nutils\\base_elements.py:43: in __init__\n    self.find()\nutils\\base_elements.py:49: in find\n    element = WebDriverWait(self.driver, 30).until(EC.visibility_of_element_located(locator=self.locator))\n_ _ _ _ _ _ _ _ _ _ _ _ _ _ _ _ _ _ _ _ _ _ _ _ _ _ _ _ _ _ _ _ _ _ _ _ _ _ _ _ _ _ _ _ _ _ _ _ _ _ _ _ _ _ _ _ _ _ _ _ _ _ _ _ _ _ _ _ _ _ _ _ _ _ _ _ _ _ _ _ _ _ _ _ _ _ _ _ _ _ _ _ _ _ _ _ _ _ _ _ _ _ _ _ _ _ _ _ _ _ _ _ _ _\n\nself = <selenium.webdriver.support.wait.WebDriverWait (session=\"e01728ced36aba68dfd8e20d6658864a\")>, method = <function visibility_of_element_located.<locals>._predicate at 0x00000252CC30C540>, message = ''\n\n    def until(self, method: Callable[[D], Union[Literal[False], T]], message: str = \"\") -> T:\n        \"\"\"Calls the method provided with the driver as an argument until the \\\n        return value does not evaluate to ``False``.\n    \n        :param method: callable(WebDriver)\n        :param message: optional message for :exc:`TimeoutException`\n        :returns: the result of the last call to `method`\n        :raises: :exc:`selenium.common.exceptions.TimeoutException` if timeout occurs\n        \"\"\"\n        screen = None\n        stacktrace = None\n    \n        end_time = time.monotonic() + self._timeout\n        while True:\n            try:\n                value = method(self._driver)\n                if value:\n                    return value\n            except self._ignored_exceptions as exc:\n                screen = getattr(exc, \"screen\", None)\n                stacktrace = getattr(exc, \"stacktrace\", None)\n            time.sleep(self._poll)\n            if time.monotonic() > end_time:\n                break\n>       raise TimeoutException(message, screen, stacktrace)\nE       selenium.common.exceptions.TimeoutException: Message: \nE       Stacktrace:\nE       \tGetHandleVerifier [0x0065D363+60275]\nE       \tGetHandleVerifier [0x0065D3A4+60340]\nE       \t(No symbol) [0x004906F3]\nE       \t(No symbol) [0x004D8690]\nE       \t(No symbol) [0x004D8A2B]\nE       \t(No symbol) [0x00520EE2]\nE       \t(No symbol) [0x004FD0D4]\nE       \t(No symbol) [0x0051E6EB]\nE       \t(No symbol) [0x004FCE86]\nE       \t(No symbol) [0x004CC623]\nE       \t(No symbol) [0x004CD474]\nE       \tGetHandleVerifier [0x008A8FE3+2467827]\nE       \tGetHandleVerifier [0x008A45E6+2448886]\nE       \tGetHandleVerifier [0x008BF80C+2560028]\nE       \tGetHandleVerifier [0x00673DF5+153093]\nE       \tGetHandleVerifier [0x0067A3BD+179149]\nE       \tGetHandleVerifier [0x00664BB8+91080]\nE       \tGetHandleVerifier [0x00664D60+91504]\nE       \tGetHandleVerifier [0x0064FA10+4640]\nE       \tBaseThreadInitThunk [0x76E3FCC9+25]\nE       \tRtlGetAppContainerNamedObjectPath [0x774282AE+286]\nE       \tRtlGetAppContainerNamedObjectPath [0x7742827E+238]\n\n..\\..\\..\\AppData\\Roaming\\Python\\Python312\\site-packages\\selenium\\webdriver\\support\\wait.py:105: TimeoutException"}, "attachments": [{"name": "log", "source": "ed20b34f-5dfc-4789-9487-506ebcd02cde-attachment.txt", "type": "text/plain"}, {"name": "stdout", "source": "7e128111-7745-4406-bee4-b7d0a40fd55d-attachment.txt", "type": "text/plain"}, {"name": "stderr", "source": "9444f9cf-f810-4be6-b94e-0413229a21bc-attachment.txt", "type": "text/plain"}], "start": 1745925200442, "stop": 1745925232996, "uuid": "c0177174-875e-4dc0-abd9-614d843baf88", "historyId": "804279eb6a0605db1ef1be25493774d6", "testCaseId": "804279eb6a0605db1ef1be25493774d6", "fullName": "tests.recruiter_test.login_test#test_invalid_password_login_recruiter", "labels": [{"name": "tag", "value": "invalid_password_login_recruiter"}, {"name": "tag", "value": "regression_recruiter_loginpage"}, {"name": "tag", "value": "regression"}, {"name": "parentSuite", "value": "tests.recruiter_test"}, {"name": "suite", "value": "login_test"}, {"name": "host", "value": "DESKTOP-HRHMBRL"}, {"name": "thread", "value": "10660-MainThread"}, {"name": "framework", "value": "pytest"}, {"name": "language", "value": "cpython3"}, {"name": "package", "value": "tests.recruiter_test.login_test"}]}