{"name": "test_assessments_page", "status": "broken", "statusDetails": {"message": "selenium.common.exceptions.TimeoutException: Message:", "trace": "env = 'dev', driver = <selenium.webdriver.chrome.webdriver.WebDriver (session=\"e9d0b5578e986d6141ae262cc3cbd1b3\")>, authenticated_user = None\n\n    @pytest.mark.regression\n    @pytest.mark.assessments_page\n    def test_assessments_page(env, driver, authenticated_user):\n        logging.info(f\"environment -> {env}\")\n        login = authenticated_user\n        recruiter_login = Loginrecruiter(driver)\n        recruiter_login.username_btn.send_keys('inderjeetkmcs@gmail.com')\n        recruiter_login.password_btn.send_keys('123')\n        logging.info(f\"Password entered\")\n    \n        # recruiter_login.hidepassword_btn.click()\n        # logging.info(f\"hide passwrd btn clicked\")\n    \n        WebDriverWait(driver, 10).until(\n            EC.element_to_be_clickable((By.XPATH, \"//span[contains(text(), 'Login')]\"))\n        )\n        recruiter_login.login_btn.click()\n        logging.info(f\"login btn clicked\")\n    \n        WebDriverWait(driver, 10).until(\n            EC.visibility_of_element_located((By.XPATH, \"(//h2[text()='Private Jobs'])\"))\n        )\n        assessment_page = Assessments(driver)\n        assessment_page.assessments_btn.click()\n        logging.info(f\"Assessments btn clicked\")\n        logger.info(f\"assessment page btn clicked\")\n        WebDriverWait(driver, 10).until(\n            EC.visibility_of_element_located((By.XPATH, \"//body/div/div/div/div/div/div/div/div/div/div[1]/div[1]\"))\n        )\n    \n        inactivejobs = Assessments(driver)\n        inactivejobs.inactive_btn.click()\n        WebDriverWait(driver, 10).until(\n            EC.visibility_of_element_located((By.XPATH, \"//body/div/div/div/div/div/div/div/div/div/div[1]/div[1]\"))\n        )\n    \n        draftjobs = Assessments(driver)\n        draftjobs.drafts_btn.click()\n        WebDriverWait(driver, 10).until(\n            EC.visibility_of_element_located((By.XPATH, \"//body/div/div/div/div/div/div/div/div/div/div[1]/div[1]\"))\n        )\n    \n        NavButton = Assessments(driver)\n        NavButton.Nav_Button.click()\n    \n        searchtab = Assessments(driver)\n        searchtab.search_tab.send_keys('Automated 1002')\n    \n        selectjob = Assessments(driver)\n>       selectjob.select_job.click()\n\ntests\\recruiter_test\\Assessments_test.py:69: \n_ _ _ _ _ _ _ _ _ _ _ _ _ _ _ _ _ _ _ _ _ _ _ _ _ _ _ _ _ _ _ _ _ _ _ _ _ _ _ _ _ _ _ _ _ _ _ _ _ _ _ _ _ _ _ _ _ _ _ _ _ _ _ _ _ _ _ _ _ _ _ _ _ _ _ _ _ _ _ _ _ _ _ _ _ _ _ _ _ _ _ _ _ _ _ _ _ _ _ _ _ _ _ _ _ _ _ _ _ _ _ _ _ _\nPage_Recruiter\\Assessments_page.py:38: in select_job\n    return BaseElement(driver=self.driver, locator=locator)\nutils\\base_elements.py:43: in __init__\n    self.find()\nutils\\base_elements.py:49: in find\n    element = WebDriverWait(self.driver, 30).until(EC.visibility_of_element_located(locator=self.locator))\n_ _ _ _ _ _ _ _ _ _ _ _ _ _ _ _ _ _ _ _ _ _ _ _ _ _ _ _ _ _ _ _ _ _ _ _ _ _ _ _ _ _ _ _ _ _ _ _ _ _ _ _ _ _ _ _ _ _ _ _ _ _ _ _ _ _ _ _ _ _ _ _ _ _ _ _ _ _ _ _ _ _ _ _ _ _ _ _ _ _ _ _ _ _ _ _ _ _ _ _ _ _ _ _ _ _ _ _ _ _ _ _ _ _\n\nself = <selenium.webdriver.support.wait.WebDriverWait (session=\"e9d0b5578e986d6141ae262cc3cbd1b3\")>, method = <function visibility_of_element_located.<locals>._predicate at 0x000002197F693740>, message = ''\n\n    def until(self, method: Callable[[D], Union[Literal[False], T]], message: str = \"\") -> T:\n        \"\"\"Calls the method provided with the driver as an argument until the \\\n        return value does not evaluate to ``False``.\n    \n        :param method: callable(WebDriver)\n        :param message: optional message for :exc:`TimeoutException`\n        :returns: the result of the last call to `method`\n        :raises: :exc:`selenium.common.exceptions.TimeoutException` if timeout occurs\n        \"\"\"\n        screen = None\n        stacktrace = None\n    \n        end_time = time.monotonic() + self._timeout\n        while True:\n            try:\n                value = method(self._driver)\n                if value:\n                    return value\n            except self._ignored_exceptions as exc:\n                screen = getattr(exc, \"screen\", None)\n                stacktrace = getattr(exc, \"stacktrace\", None)\n            time.sleep(self._poll)\n            if time.monotonic() > end_time:\n                break\n>       raise TimeoutException(message, screen, stacktrace)\nE       selenium.common.exceptions.TimeoutException: Message:\n\n..\\..\\..\\AppData\\Roaming\\Python\\Python312\\site-packages\\selenium\\webdriver\\support\\wait.py:105: TimeoutException"}, "attachments": [{"name": "log", "source": "9112bde1-98dd-409d-988b-fde6afe5c146-attachment.txt", "type": "text/plain"}, {"name": "stdout", "source": "f3da54a8-1c5a-43f0-80b9-61a371b3a226-attachment.txt", "type": "text/plain"}, {"name": "stderr", "source": "79d74243-2710-4ce2-903a-7884fdc61da2-attachment.txt", "type": "text/plain"}], "start": 1739440996565, "stop": 1739441041669, "uuid": "6f2b4ba6-d290-4ec1-aadf-35c098c90764", "historyId": "2e771aa6f332ce1e580c52d2aa8d8413", "testCaseId": "2e771aa6f332ce1e580c52d2aa8d8413", "fullName": "tests.recruiter_test.Assessments_test#test_assessments_page", "labels": [{"name": "tag", "value": "assessments_page"}, {"name": "tag", "value": "regression"}, {"name": "parentSuite", "value": "tests.recruiter_test"}, {"name": "suite", "value": "Assessments_test"}, {"name": "host", "value": "DESKTOP-HRHMBRL"}, {"name": "thread", "value": "22200-MainThread"}, {"name": "framework", "value": "pytest"}, {"name": "language", "value": "cpython3"}, {"name": "package", "value": "tests.recruiter_test.Assessments_test"}]}