{"name": "test_login_invalid_username", "status": "broken", "statusDetails": {"message": "selenium.common.exceptions.TimeoutException: Message: \nStacktrace:\n\tGetHandleVerifier [0x0121C203+27395]\n\t(No symbol) [0x011B3E04]\n\t(No symbol) [0x010B1B7F]\n\t(No symbol) [0x010F2C65]\n\t(No symbol) [0x010F2D3B]\n\t(No symbol) [0x0112EC82]\n\t(No symbol) [0x011139E4]\n\t(No symbol) [0x0112CB24]\n\t(No symbol) [0x01113736]\n\t(No symbol) [0x010E7541]\n\t(No symbol) [0x010E80BD]\n\tGetHandleVerifier [0x014D3AB3+2876339]\n\tGetHandleVerifier [0x01527F7D+3221629]\n\tGetHandleVerifier [0x0129D674+556916]\n\tGetHandleVerifier [0x012A478C+585868]\n\t(No symbol) [0x011BCE44]\n\t(No symbol) [0x011B9858]\n\t(No symbol) [0x011B99F7]\n\t(No symbol) [0x011ABF4E]\n\tBaseThreadInitThunk [0x75B2FCC9+25]\n\tRtlGetAppContainerNamedObjectPath [0x77AD80CE+286]\n\tRtlGetAppContainerNamedObjectPath [0x77AD809E+238]", "trace": "env = 'dev', driver = <selenium.webdriver.chrome.webdriver.WebDriver (session=\"958b2faf3c85b5d3cf055a2d15fbfce0\")>, authenticated_user = None\n\n    @pytest.mark.login_invalid_username\n    def test_login_invalid_username(env, driver, authenticated_user):\n        logging.info(f\"environment -> {env}\")\n        login = authenticated_user\n        Pagelogin = Login(driver)\n>       Pagelogin.login_btn.click()\n\ntests\\candidate_test\\login_test.py:57: \n_ _ _ _ _ _ _ _ _ _ _ _ _ _ _ _ _ _ _ _ _ _ _ _ _ _ _ _ _ _ _ _ _ _ _ _ _ _ _ _ _ _ _ _ _ _ _ _ _ _ _ _ _ _ _ _ _ _ _ _ _ _ _ _ _ _ _ _ _ _ _ _ _ _ _ _ _ _ _ _ _ _ _ _ _ _\nPages_Candidate\\login.py:11: in login_btn\n    return BaseElement(driver=self.driver, locator=locator)\nutils\\base_elements.py:43: in __init__\n    self.find()\nutils\\base_elements.py:49: in find\n    element = WebDriverWait(self.driver, 30).until(EC.visibility_of_element_located(locator=self.locator))\n_ _ _ _ _ _ _ _ _ _ _ _ _ _ _ _ _ _ _ _ _ _ _ _ _ _ _ _ _ _ _ _ _ _ _ _ _ _ _ _ _ _ _ _ _ _ _ _ _ _ _ _ _ _ _ _ _ _ _ _ _ _ _ _ _ _ _ _ _ _ _ _ _ _ _ _ _ _ _ _ _ _ _ _ _ _\n\nself = <selenium.webdriver.support.wait.WebDriverWait (session=\"958b2faf3c85b5d3cf055a2d15fbfce0\")>\nmethod = <function visibility_of_element_located.<locals>._predicate at 0x000001CF3B1B7C40>, message = ''\n\n    def until(self, method: Callable[[D], Union[Literal[False], T]], message: str = \"\") -> T:\n        \"\"\"Calls the method provided with the driver as an argument until the \\\n        return value does not evaluate to ``False``.\n    \n        :param method: callable(WebDriver)\n        :param message: optional message for :exc:`TimeoutException`\n        :returns: the result of the last call to `method`\n        :raises: :exc:`selenium.common.exceptions.TimeoutException` if timeout occurs\n        \"\"\"\n        screen = None\n        stacktrace = None\n    \n        end_time = time.monotonic() + self._timeout\n        while True:\n            try:\n                value = method(self._driver)\n                if value:\n                    return value\n            except self._ignored_exceptions as exc:\n                screen = getattr(exc, \"screen\", None)\n                stacktrace = getattr(exc, \"stacktrace\", None)\n            time.sleep(self._poll)\n            if time.monotonic() > end_time:\n                break\n>       raise TimeoutException(message, screen, stacktrace)\nE       selenium.common.exceptions.TimeoutException: Message: \nE       Stacktrace:\nE       \tGetHandleVerifier [0x0121C203+27395]\nE       \t(No symbol) [0x011B3E04]\nE       \t(No symbol) [0x010B1B7F]\nE       \t(No symbol) [0x010F2C65]\nE       \t(No symbol) [0x010F2D3B]\nE       \t(No symbol) [0x0112EC82]\nE       \t(No symbol) [0x011139E4]\nE       \t(No symbol) [0x0112CB24]\nE       \t(No symbol) [0x01113736]\nE       \t(No symbol) [0x010E7541]\nE       \t(No symbol) [0x010E80BD]\nE       \tGetHandleVerifier [0x014D3AB3+2876339]\nE       \tGetHandleVerifier [0x01527F7D+3221629]\nE       \tGetHandleVerifier [0x0129D674+556916]\nE       \tGetHandleVerifier [0x012A478C+585868]\nE       \t(No symbol) [0x011BCE44]\nE       \t(No symbol) [0x011B9858]\nE       \t(No symbol) [0x011B99F7]\nE       \t(No symbol) [0x011ABF4E]\nE       \tBaseThreadInitThunk [0x75B2FCC9+25]\nE       \tRtlGetAppContainerNamedObjectPath [0x77AD80CE+286]\nE       \tRtlGetAppContainerNamedObjectPath [0x77AD809E+238]\n\n..\\..\\AppData\\Local\\Programs\\Python\\Python312\\Lib\\site-packages\\selenium\\webdriver\\support\\wait.py:105: TimeoutException"}, "attachments": [{"name": "log", "source": "b8e82f5e-47cf-4502-aad6-de51ee930e91-attachment.txt", "type": "text/plain"}, {"name": "stdout", "source": "8e8b4f57-4bc0-45a9-a9e3-f8139d10c9c9-attachment.txt", "type": "text/plain"}, {"name": "stderr", "source": "dd4bac97-fa68-4698-aa0d-698cfc885bf6-attachment.txt", "type": "text/plain"}], "start": 1722234865674, "stop": 1722234897266, "uuid": "981cab14-fd8f-41a7-a687-666651dda9e4", "historyId": "232bd2ac5f944cada8ffb57970468906", "testCaseId": "232bd2ac5f944cada8ffb57970468906", "fullName": "tests.candidate_test.login_test#test_login_invalid_username", "labels": [{"name": "tag", "value": "login_invalid_username"}, {"name": "parentSuite", "value": "tests.candidate_test"}, {"name": "suite", "value": "login_test"}, {"name": "host", "value": "DESKTOP-CDJ5FU7"}, {"name": "thread", "value": "14968-MainThread"}, {"name": "framework", "value": "pytest"}, {"name": "language", "value": "cpython3"}, {"name": "package", "value": "tests.candidate_test.login_test"}]}