{"name": "test_jobs_page", "status": "broken", "statusDetails": {"message": "selenium.common.exceptions.TimeoutException: Message: \nStacktrace:\n\tGetHandleVerifier [0x005F6FB3+25091]\n\t(No symbol) [0x0057E5D4]\n\t(No symbol) [0x0045B353]\n\t(No symbol) [0x0049F4BC]\n\t(No symbol) [0x0049F63B]\n\t(No symbol) [0x004DD8B2]\n\t(No symbol) [0x004C1F24]\n\t(No symbol) [0x004DB46E]\n\t(No symbol) [0x004C1C76]\n\t(No symbol) [0x00493185]\n\t(No symbol) [0x0049430D]\n\tGetHandleVerifier [0x008ED5B3+3131395]\n\tGetHandleVerifier [0x008FDDA4+3198964]\n\tGetHandleVerifier [0x008F8CC2+3178258]\n\tGetHandleVerifier [0x00693290+664800]\n\t(No symbol) [0x0058744D]\n\t(No symbol) [0x00584798]\n\t(No symbol) [0x00584936]\n\t(No symbol) [0x00577030]\n\tBaseThreadInitThunk [0x7610FCC9+25]\n\tRtlGetAppContainerNamedObjectPath [0x7745809E+286]\n\tRtlGetAppContainerNamedObjectPath [0x7745806E+238]", "trace": "env = 'services', driver = <selenium.webdriver.chrome.webdriver.WebDriver (session=\"11d1a618a4ada0377392ba0f134ca301\")>, authenticated_user = None\n\n    @pytest.mark.regression\n    @pytest.mark.jobs_page\n    def test_jobs_page(env, driver, authenticated_user):\n        logging.info(f\"environment -> {env}\")\n        login = authenticated_user\n        recruiter_login = Loginrecruiter(driver)\n        recruiter_login.username_btn.send_keys('inderjeetkmcs@gmail.com')\n        recruiter_login.password_btn.send_keys('123')\n        logging.info(f\"Password entered\")\n    \n        recruiter_login.hidepassword_btn.click()\n        logging.info(f\"hide passwrd btn clicked\")\n    \n>       recruiter_login.login_btn.click()\n\ntests\\recruiter_test\\Jobs_test.py:37: \n_ _ _ _ _ _ _ _ _ _ _ _ _ _ _ _ _ _ _ _ _ _ _ _ _ _ _ _ _ _ _ _ _ _ _ _ _ _ _ _ _ _ _ _ _ _ _ _ _ _ _ _ _ _ _ _ _ _ _ _ _ _ _ _ _ _ _ _ _ _ _ _ _ _ _ _ _ _ _ _ _ _ _ _ _ _ _ _ _ _ _ _ _ _ _ _ _ _ _ _ _ _ _ _ _ _ _ _ _ _ _ _ _ _\nPage_Recruiter\\login.py:25: in login_btn\n    return BaseElement(driver=self.driver, locator=locator)\nutils\\base_elements.py:43: in __init__\n    self.find()\nutils\\base_elements.py:49: in find\n    element = WebDriverWait(self.driver, 30).until(EC.visibility_of_element_located(locator=self.locator))\n_ _ _ _ _ _ _ _ _ _ _ _ _ _ _ _ _ _ _ _ _ _ _ _ _ _ _ _ _ _ _ _ _ _ _ _ _ _ _ _ _ _ _ _ _ _ _ _ _ _ _ _ _ _ _ _ _ _ _ _ _ _ _ _ _ _ _ _ _ _ _ _ _ _ _ _ _ _ _ _ _ _ _ _ _ _ _ _ _ _ _ _ _ _ _ _ _ _ _ _ _ _ _ _ _ _ _ _ _ _ _ _ _ _\n\nself = <selenium.webdriver.support.wait.WebDriverWait (session=\"11d1a618a4ada0377392ba0f134ca301\")>, method = <function visibility_of_element_located.<locals>._predicate at 0x00000208DC11D440>, message = ''\n\n    def until(self, method: Callable[[D], Union[Literal[False], T]], message: str = \"\") -> T:\n        \"\"\"Calls the method provided with the driver as an argument until the \\\n        return value does not evaluate to ``False``.\n    \n        :param method: callable(WebDriver)\n        :param message: optional message for :exc:`TimeoutException`\n        :returns: the result of the last call to `method`\n        :raises: :exc:`selenium.common.exceptions.TimeoutException` if timeout occurs\n        \"\"\"\n        screen = None\n        stacktrace = None\n    \n        end_time = time.monotonic() + self._timeout\n        while True:\n            try:\n                value = method(self._driver)\n                if value:\n                    return value\n            except self._ignored_exceptions as exc:\n                screen = getattr(exc, \"screen\", None)\n                stacktrace = getattr(exc, \"stacktrace\", None)\n            time.sleep(self._poll)\n            if time.monotonic() > end_time:\n                break\n>       raise TimeoutException(message, screen, stacktrace)\nE       selenium.common.exceptions.TimeoutException: Message: \nE       Stacktrace:\nE       \tGetHandleVerifier [0x005F6FB3+25091]\nE       \t(No symbol) [0x0057E5D4]\nE       \t(No symbol) [0x0045B353]\nE       \t(No symbol) [0x0049F4BC]\nE       \t(No symbol) [0x0049F63B]\nE       \t(No symbol) [0x004DD8B2]\nE       \t(No symbol) [0x004C1F24]\nE       \t(No symbol) [0x004DB46E]\nE       \t(No symbol) [0x004C1C76]\nE       \t(No symbol) [0x00493185]\nE       \t(No symbol) [0x0049430D]\nE       \tGetHandleVerifier [0x008ED5B3+3131395]\nE       \tGetHandleVerifier [0x008FDDA4+3198964]\nE       \tGetHandleVerifier [0x008F8CC2+3178258]\nE       \tGetHandleVerifier [0x00693290+664800]\nE       \t(No symbol) [0x0058744D]\nE       \t(No symbol) [0x00584798]\nE       \t(No symbol) [0x00584936]\nE       \t(No symbol) [0x00577030]\nE       \tBaseThreadInitThunk [0x7610FCC9+25]\nE       \tRtlGetAppContainerNamedObjectPath [0x7745809E+286]\nE       \tRtlGetAppContainerNamedObjectPath [0x7745806E+238]\n\n..\\..\\..\\AppData\\Roaming\\Python\\Python312\\site-packages\\selenium\\webdriver\\support\\wait.py:105: TimeoutException"}, "attachments": [{"name": "log", "source": "8c917e4b-94d2-4e40-9c87-76549cf9fa80-attachment.txt", "type": "text/plain"}, {"name": "stdout", "source": "8f3c59d5-f9b2-47da-aefc-8bc21f59a458-attachment.txt", "type": "text/plain"}, {"name": "stderr", "source": "3a1f7c73-a6d3-47f3-a539-3e8138caf99b-attachment.txt", "type": "text/plain"}], "start": 1738048275646, "stop": 1738048311065, "uuid": "da885139-0c7c-43af-916f-b7242ec214cb", "historyId": "9052ef2b0d9e76791ffa006f9a881f25", "testCaseId": "9052ef2b0d9e76791ffa006f9a881f25", "fullName": "tests.recruiter_test.Jobs_test#test_jobs_page", "labels": [{"name": "tag", "value": "jobs_page"}, {"name": "tag", "value": "regression"}, {"name": "parentSuite", "value": "tests.recruiter_test"}, {"name": "suite", "value": "Jobs_test"}, {"name": "host", "value": "DESKTOP-HRHMBRL"}, {"name": "thread", "value": "1868-MainThread"}, {"name": "framework", "value": "pytest"}, {"name": "language", "value": "cpython3"}, {"name": "package", "value": "tests.recruiter_test.Jobs_test"}]}