{"name": "test_dashboard_page", "status": "broken", "statusDetails": {"message": "selenium.common.exceptions.TimeoutException: Message: \nStacktrace:\n\tGetHandleVerifier [0x003C0A13+25091]\n\t(No symbol) [0x0034A584]\n\t(No symbol) [0x0022B3B3]\n\t(No symbol) [0x0026F4A0]\n\t(No symbol) [0x0026F61B]\n\t(No symbol) [0x002AD882]\n\t(No symbol) [0x00291EF4]\n\t(No symbol) [0x002AB43E]\n\t(No symbol) [0x00291C46]\n\t(No symbol) [0x00263175]\n\t(No symbol) [0x002642FD]\n\tGetHandleVerifier [0x006B6493+3128451]\n\tGetHandleVerifier [0x006C994B+3207483]\n\tGetHandleVerifier [0x006C45F2+3186146]\n\tGetHandleVerifier [0x004570C0+641200]\n\t(No symbol) [0x003536BD]\n\t(No symbol) [0x00350738]\n\t(No symbol) [0x003508D6]\n\t(No symbol) [0x00343040]\n\tBaseThreadInitThunk [0x7710FCC9+25]\n\tRtlGetAppContainerNamedObjectPath [0x77C2809E+286]\n\tRtlGetAppContainerNamedObjectPath [0x77C2806E+238]", "trace": "env = 'services', driver = <selenium.webdriver.chrome.webdriver.WebDriver (session=\"a042c73c0aeed94e7d1ffacca22cedc3\")>, authenticated_user = None\n\n    @pytest.mark.regression\n    @pytest.mark.dashboard_page\n    def test_dashboard_page(env, driver, authenticated_user):\n        logging.info(f\"environment -> {env}\")\n        login = authenticated_user\n        recruiter_login = Loginrecruiter(driver)\n        recruiter_login.username_btn.send_keys('inderjeetkmcs@gmail.com')\n        recruiter_login.password_btn.send_keys('123')\n        recruiter_login.hidepassword_btn.click()\n        recruiter_login.login_btn.click()\n        time.sleep(20)\n>       WebDriverWait(driver, 20).until(\n            EC.element_to_be_clickable((By.XPATH, \"(//h2[text()='Private Jobs'])\"))\n        )\n\ntests\\recruiter_test\\Dashboard_test.py:33: \n_ _ _ _ _ _ _ _ _ _ _ _ _ _ _ _ _ _ _ _ _ _ _ _ _ _ _ _ _ _ _ _ _ _ _ _ _ _ _ _ _ _ _ _ _ _ _ _ _ _ _ _ _ _ _ _ _ _ _ _ _ _ _ _ _ _ _ _ _ _ _ _ _ _ _ _ _ _ _ _ _ _ _ _ _ _ _ _ _ _ _ _ _ _ _ _ _ _ _ _ _ _ _ _ _ _ _ _ _ _ _ _ _ _\n\nself = <selenium.webdriver.support.wait.WebDriverWait (session=\"a042c73c0aeed94e7d1ffacca22cedc3\")>, method = <function element_to_be_clickable.<locals>._predicate at 0x0000021C7602F1A0>, message = ''\n\n    def until(self, method: Callable[[D], Union[Literal[False], T]], message: str = \"\") -> T:\n        \"\"\"Calls the method provided with the driver as an argument until the \\\n        return value does not evaluate to ``False``.\n    \n        :param method: callable(WebDriver)\n        :param message: optional message for :exc:`TimeoutException`\n        :returns: the result of the last call to `method`\n        :raises: :exc:`selenium.common.exceptions.TimeoutException` if timeout occurs\n        \"\"\"\n        screen = None\n        stacktrace = None\n    \n        end_time = time.monotonic() + self._timeout\n        while True:\n            try:\n                value = method(self._driver)\n                if value:\n                    return value\n            except self._ignored_exceptions as exc:\n                screen = getattr(exc, \"screen\", None)\n                stacktrace = getattr(exc, \"stacktrace\", None)\n            time.sleep(self._poll)\n            if time.monotonic() > end_time:\n                break\n>       raise TimeoutException(message, screen, stacktrace)\nE       selenium.common.exceptions.TimeoutException: Message: \nE       Stacktrace:\nE       \tGetHandleVerifier [0x003C0A13+25091]\nE       \t(No symbol) [0x0034A584]\nE       \t(No symbol) [0x0022B3B3]\nE       \t(No symbol) [0x0026F4A0]\nE       \t(No symbol) [0x0026F61B]\nE       \t(No symbol) [0x002AD882]\nE       \t(No symbol) [0x00291EF4]\nE       \t(No symbol) [0x002AB43E]\nE       \t(No symbol) [0x00291C46]\nE       \t(No symbol) [0x00263175]\nE       \t(No symbol) [0x002642FD]\nE       \tGetHandleVerifier [0x006B6493+3128451]\nE       \tGetHandleVerifier [0x006C994B+3207483]\nE       \tGetHandleVerifier [0x006C45F2+3186146]\nE       \tGetHandleVerifier [0x004570C0+641200]\nE       \t(No symbol) [0x003536BD]\nE       \t(No symbol) [0x00350738]\nE       \t(No symbol) [0x003508D6]\nE       \t(No symbol) [0x00343040]\nE       \tBaseThreadInitThunk [0x7710FCC9+25]\nE       \tRtlGetAppContainerNamedObjectPath [0x77C2809E+286]\nE       \tRtlGetAppContainerNamedObjectPath [0x77C2806E+238]\n\n..\\..\\..\\AppData\\Roaming\\Python\\Python312\\site-packages\\selenium\\webdriver\\support\\wait.py:105: TimeoutException"}, "attachments": [{"name": "log", "source": "6e97420b-c64c-4fd1-9c27-eebff4a876b2-attachment.txt", "type": "text/plain"}, {"name": "stdout", "source": "67fba2d0-ec01-4a48-980a-0f8363cd225f-attachment.txt", "type": "text/plain"}, {"name": "stderr", "source": "8d52e024-82fe-4887-905a-8c1e3add9516-attachment.txt", "type": "text/plain"}], "start": 1737028719133, "stop": 1737028761403, "uuid": "76f937ae-5f73-46b9-b30d-e61589eeaa56", "historyId": "cc417702adb16716095707cd1338ee81", "testCaseId": "cc417702adb16716095707cd1338ee81", "fullName": "tests.recruiter_test.Dashboard_test#test_dashboard_page", "labels": [{"name": "tag", "value": "dashboard_page"}, {"name": "tag", "value": "regression"}, {"name": "parentSuite", "value": "tests.recruiter_test"}, {"name": "suite", "value": "Dashboard_test"}, {"name": "host", "value": "DESKTOP-HRHMBRL"}, {"name": "thread", "value": "17048-MainThread"}, {"name": "framework", "value": "pytest"}, {"name": "language", "value": "cpython3"}, {"name": "package", "value": "tests.recruiter_test.Dashboard_test"}]}