{"name": "test_dashboard_page", "status": "broken", "statusDetails": {"message": "selenium.common.exceptions.TimeoutException: Message: \nStacktrace:\n\tGetHandleVerifier [0x008774A3+25091]\n\t(No symbol) [0x007FDC04]\n\t(No symbol) [0x006DB373]\n\t(No symbol) [0x0071F4DC]\n\t(No symbol) [0x0071F65B]\n\t(No symbol) [0x0075D8E2]\n\t(No symbol) [0x00741F54]\n\t(No symbol) [0x0075B49E]\n\t(No symbol) [0x00741CA6]\n\t(No symbol) [0x007131D5]\n\t(No symbol) [0x0071435D]\n\tGetHandleVerifier [0x00B707C3+3142947]\n\tGetHandleVerifier [0x00B81A2B+3213195]\n\tGetHandleVerifier [0x00B7C412+3191154]\n\tGetHandleVerifier [0x00918720+685184]\n\t(No symbol) [0x00806E1D]\n\t(No symbol) [0x00803E18]\n\t(No symbol) [0x00803FB6]\n\t(No symbol) [0x007F66F0]\n\tBaseThreadInitThunk [0x7610FCC9+25]\n\tRtlGetAppContainerNamedObjectPath [0x7745809E+286]\n\tRtlGetAppContainerNamedObjectPath [0x7745806E+238]", "trace": "env = 'dev', driver = <selenium.webdriver.chrome.webdriver.WebDriver (session=\"f8b7c7a5337129b85c226ab43eb85197\")>, authenticated_user_recruiter = <Page_Recruiter.login.Loginrecruiter object at 0x000001F76E9CCDA0>\n\n    @pytest.mark.regression\n    @pytest.mark.dashboard_page\n    def test_dashboard_page(env, driver, authenticated_user_recruiter):\n        logging.info(f\"environment -> {env}\")\n        login = authenticated_user_recruiter\n        logging.info(f\"logged in\")\n        time.sleep(10)\n>       WebDriverWait(driver, 10).until(\n            EC.element_to_be_clickable((By.XPATH, \"(//h2[text()='Private Jobs'])\"))\n        )\n\ntests\\recruiter_test\\Dashboard_test.py:30: \n_ _ _ _ _ _ _ _ _ _ _ _ _ _ _ _ _ _ _ _ _ _ _ _ _ _ _ _ _ _ _ _ _ _ _ _ _ _ _ _ _ _ _ _ _ _ _ _ _ _ _ _ _ _ _ _ _ _ _ _ _ _ _ _ _ _ _ _ _ _ _ _ _ _ _ _ _ _ _ _ _ _ _ _ _ _ _ _ _ _ _ _ _ _ _ _ _ _ _ _ _ _ _ _ _ _ _ _ _ _ _ _ _ _\n\nself = <selenium.webdriver.support.wait.WebDriverWait (session=\"f8b7c7a5337129b85c226ab43eb85197\")>, method = <function element_to_be_clickable.<locals>._predicate at 0x000001F76E9860C0>, message = ''\n\n    def until(self, method: Callable[[D], Union[Literal[False], T]], message: str = \"\") -> T:\n        \"\"\"Calls the method provided with the driver as an argument until the \\\n        return value does not evaluate to ``False``.\n    \n        :param method: callable(WebDriver)\n        :param message: optional message for :exc:`TimeoutException`\n        :returns: the result of the last call to `method`\n        :raises: :exc:`selenium.common.exceptions.TimeoutException` if timeout occurs\n        \"\"\"\n        screen = None\n        stacktrace = None\n    \n        end_time = time.monotonic() + self._timeout\n        while True:\n            try:\n                value = method(self._driver)\n                if value:\n                    return value\n            except self._ignored_exceptions as exc:\n                screen = getattr(exc, \"screen\", None)\n                stacktrace = getattr(exc, \"stacktrace\", None)\n            time.sleep(self._poll)\n            if time.monotonic() > end_time:\n                break\n>       raise TimeoutException(message, screen, stacktrace)\nE       selenium.common.exceptions.TimeoutException: Message: \nE       Stacktrace:\nE       \tGetHandleVerifier [0x008774A3+25091]\nE       \t(No symbol) [0x007FDC04]\nE       \t(No symbol) [0x006DB373]\nE       \t(No symbol) [0x0071F4DC]\nE       \t(No symbol) [0x0071F65B]\nE       \t(No symbol) [0x0075D8E2]\nE       \t(No symbol) [0x00741F54]\nE       \t(No symbol) [0x0075B49E]\nE       \t(No symbol) [0x00741CA6]\nE       \t(No symbol) [0x007131D5]\nE       \t(No symbol) [0x0071435D]\nE       \tGetHandleVerifier [0x00B707C3+3142947]\nE       \tGetHandleVerifier [0x00B81A2B+3213195]\nE       \tGetHandleVerifier [0x00B7C412+3191154]\nE       \tGetHandleVerifier [0x00918720+685184]\nE       \t(No symbol) [0x00806E1D]\nE       \t(No symbol) [0x00803E18]\nE       \t(No symbol) [0x00803FB6]\nE       \t(No symbol) [0x007F66F0]\nE       \tBaseThreadInitThunk [0x7610FCC9+25]\nE       \tRtlGetAppContainerNamedObjectPath [0x7745809E+286]\nE       \tRtlGetAppContainerNamedObjectPath [0x7745806E+238]\n\n..\\..\\..\\AppData\\Roaming\\Python\\Python312\\site-packages\\selenium\\webdriver\\support\\wait.py:105: TimeoutException"}, "attachments": [{"name": "log", "source": "dde38599-a236-43ee-b3b5-37c3c54c1507-attachment.txt", "type": "text/plain"}, {"name": "stdout", "source": "d005659a-fd75-4938-a4e7-be1b0638ee3c-attachment.txt", "type": "text/plain"}, {"name": "stderr", "source": "cbd38c41-7a3a-4a77-95d3-e4e49cee6671-attachment.txt", "type": "text/plain"}], "start": 1739444282255, "stop": 1739444302819, "uuid": "4c3fb39c-ffa8-482c-9d68-8f1d52f2eecd", "historyId": "cc417702adb16716095707cd1338ee81", "testCaseId": "cc417702adb16716095707cd1338ee81", "fullName": "tests.recruiter_test.Dashboard_test#test_dashboard_page", "labels": [{"name": "tag", "value": "dashboard_page"}, {"name": "tag", "value": "regression"}, {"name": "parentSuite", "value": "tests.recruiter_test"}, {"name": "suite", "value": "Dashboard_test"}, {"name": "host", "value": "DESKTOP-HRHMBRL"}, {"name": "thread", "value": "24188-MainThread"}, {"name": "framework", "value": "pytest"}, {"name": "language", "value": "cpython3"}, {"name": "package", "value": "tests.recruiter_test.Dashboard_test"}]}