{"name": "test_registration", "status": "broken", "statusDetails": {"message": "selenium.common.exceptions.TimeoutException: Message: \nStacktrace:\n\tGetHandleVerifier [0x00BCC203+27395]\n\t(No symbol) [0x00B63E04]\n\t(No symbol) [0x00A61B7F]\n\t(No symbol) [0x00AA2C65]\n\t(No symbol) [0x00AA2D3B]\n\t(No symbol) [0x00ADEC82]\n\t(No symbol) [0x00AC39E4]\n\t(No symbol) [0x00ADCB24]\n\t(No symbol) [0x00AC3736]\n\t(No symbol) [0x00A97541]\n\t(No symbol) [0x00A980BD]\n\tGetHandleVerifier [0x00E83AB3+2876339]\n\tGetHandleVerifier [0x00ED7F7D+3221629]\n\tGetHandleVerifier [0x00C4D674+556916]\n\tGetHandleVerifier [0x00C5478C+585868]\n\t(No symbol) [0x00B6CE44]\n\t(No symbol) [0x00B69858]\n\t(No symbol) [0x00B699F7]\n\t(No symbol) [0x00B5BF4E]\n\tBaseThreadInitThunk [0x7703FCC9+25]\n\tRtlGetAppContainerNamedObjectPath [0x77C980CE+286]\n\tRtlGetAppContainerNamedObjectPath [0x77C9809E+238]", "trace": "env = 'dev', driver = <selenium.webdriver.chrome.webdriver.WebDriver (session=\"c11b17f45a5a4e7623ea542bd8488031\")>, authenticated_user = None\n\n    @pytest.mark.registration\n    def test_registration(env, driver,authenticated_user):\n        logging.info(f\"environment -> {env}\")\n        login = authenticated_user\n        registration = Registration(driver)\n        driver.implicitly_wait(5)\n        registration.registartion_name_btn.send_keys('MRIDUL')\n        driver.implicitly_wait(2)\n        registration.email_btn.send_keys('mridulsaxena@gmail.com')\n        registration.phoneno_btn.send_keys('7503078450')\n>       registration.location_btn.send_keys('noida')\n\ntests\\candidate_test\\registration_test.py:24: \n_ _ _ _ _ _ _ _ _ _ _ _ _ _ _ _ _ _ _ _ _ _ _ _ _ _ _ _ _ _ _ _ _ _ _ _ _ _ _ _ _ _ _ _ _ _ _ _ _ _ _ _ _ _ _ _ _ _ _ _ _ _ _ _ _ _ _ _ _ _ _ _ _ _\nPages_Candidate\\registration.py:25: in location_btn\n    return BaseElement(driver=self.driver, locator=locator)\nutils\\base_elements.py:43: in __init__\n    self.find()\nutils\\base_elements.py:49: in find\n    element = WebDriverWait(self.driver, 30).until(EC.visibility_of_element_located(locator=self.locator))\n_ _ _ _ _ _ _ _ _ _ _ _ _ _ _ _ _ _ _ _ _ _ _ _ _ _ _ _ _ _ _ _ _ _ _ _ _ _ _ _ _ _ _ _ _ _ _ _ _ _ _ _ _ _ _ _ _ _ _ _ _ _ _ _ _ _ _ _ _ _ _ _ _ _\n\nself = <selenium.webdriver.support.wait.WebDriverWait (session=\"c11b17f45a5a4e7623ea542bd8488031\")>\nmethod = <function visibility_of_element_located.<locals>._predicate at 0x000002726CE7A160>, message = ''\n\n    def until(self, method: Callable[[D], Union[Literal[False], T]], message: str = \"\") -> T:\n        \"\"\"Calls the method provided with the driver as an argument until the \\\n        return value does not evaluate to ``False``.\n    \n        :param method: callable(WebDriver)\n        :param message: optional message for :exc:`TimeoutException`\n        :returns: the result of the last call to `method`\n        :raises: :exc:`selenium.common.exceptions.TimeoutException` if timeout occurs\n        \"\"\"\n        screen = None\n        stacktrace = None\n    \n        end_time = time.monotonic() + self._timeout\n        while True:\n            try:\n                value = method(self._driver)\n                if value:\n                    return value\n            except self._ignored_exceptions as exc:\n                screen = getattr(exc, \"screen\", None)\n                stacktrace = getattr(exc, \"stacktrace\", None)\n            time.sleep(self._poll)\n            if time.monotonic() > end_time:\n                break\n>       raise TimeoutException(message, screen, stacktrace)\nE       selenium.common.exceptions.TimeoutException: Message: \nE       Stacktrace:\nE       \tGetHandleVerifier [0x00BCC203+27395]\nE       \t(No symbol) [0x00B63E04]\nE       \t(No symbol) [0x00A61B7F]\nE       \t(No symbol) [0x00AA2C65]\nE       \t(No symbol) [0x00AA2D3B]\nE       \t(No symbol) [0x00ADEC82]\nE       \t(No symbol) [0x00AC39E4]\nE       \t(No symbol) [0x00ADCB24]\nE       \t(No symbol) [0x00AC3736]\nE       \t(No symbol) [0x00A97541]\nE       \t(No symbol) [0x00A980BD]\nE       \tGetHandleVerifier [0x00E83AB3+2876339]\nE       \tGetHandleVerifier [0x00ED7F7D+3221629]\nE       \tGetHandleVerifier [0x00C4D674+556916]\nE       \tGetHandleVerifier [0x00C5478C+585868]\nE       \t(No symbol) [0x00B6CE44]\nE       \t(No symbol) [0x00B69858]\nE       \t(No symbol) [0x00B699F7]\nE       \t(No symbol) [0x00B5BF4E]\nE       \tBaseThreadInitThunk [0x7703FCC9+25]\nE       \tRtlGetAppContainerNamedObjectPath [0x77C980CE+286]\nE       \tRtlGetAppContainerNamedObjectPath [0x77C9809E+238]\n\nvenv\\Lib\\site-packages\\selenium\\webdriver\\support\\wait.py:105: TimeoutException"}, "attachments": [{"name": "log", "source": "da9a7d60-93ec-40dd-85ac-252e3afc997f-attachment.txt", "type": "text/plain"}, {"name": "stdout", "source": "2d9278c0-b6a1-4850-aee0-db0e55c71baf-attachment.txt", "type": "text/plain"}, {"name": "stderr", "source": "8a3162ce-5401-4907-9526-b0806aed9ce8-attachment.txt", "type": "text/plain"}], "start": 1721645272136, "stop": 1721645303558, "uuid": "109b84fb-e509-4215-9010-791b8b471015", "historyId": "b91bc7f231e3740fe6c0b8995a99c077", "testCaseId": "b91bc7f231e3740fe6c0b8995a99c077", "fullName": "tests.candidate_test.registration_test#test_registration", "labels": [{"name": "tag", "value": "registration"}, {"name": "parentSuite", "value": "tests.candidate_test"}, {"name": "suite", "value": "registration_test"}, {"name": "host", "value": "DESKTOP-CDJ5FU7"}, {"name": "thread", "value": "13580-MainThread"}, {"name": "framework", "value": "pytest"}, {"name": "language", "value": "cpython3"}, {"name": "package", "value": "tests.candidate_test.registration_test"}]}