{"name": "test_login", "status": "broken", "statusDetails": {"message": "selenium.common.exceptions.TimeoutException: Message: \nStacktrace:\n\tGetHandleVerifier [0x010FC203+27395]\n\t(No symbol) [0x01093E04]\n\t(No symbol) [0x00F91B7F]\n\t(No symbol) [0x00FD2C65]\n\t(No symbol) [0x00FD2D3B]\n\t(No symbol) [0x0100EC82]\n\t(No symbol) [0x00FF39E4]\n\t(No symbol) [0x0100CB24]\n\t(No symbol) [0x00FF3736]\n\t(No symbol) [0x00FC7541]\n\t(No symbol) [0x00FC80BD]\n\tGetHandleVerifier [0x013B3AB3+2876339]\n\tGetHandleVerifier [0x01407F7D+3221629]\n\tGetHandleVerifier [0x0117D674+556916]\n\tGetHandleVerifier [0x0118478C+585868]\n\t(No symbol) [0x0109CE44]\n\t(No symbol) [0x01099858]\n\t(No symbol) [0x010999F7]\n\t(No symbol) [0x0108BF4E]\n\tBaseThreadInitThunk [0x75B2FCC9+25]\n\tRtlGetAppContainerNamedObjectPath [0x77AD80CE+286]\n\tRtlGetAppContainerNamedObjectPath [0x77AD809E+238]", "trace": "env = 'dev', driver = <selenium.webdriver.chrome.webdriver.WebDriver (session=\"f8493864311a617deda07331834ebb15\")>, authenticated_user = None\n\n    @pytest.mark.login\n    def test_login(env, driver, authenticated_user):\n        logging.info(f\"environment -> {env}\")\n        login = authenticated_user\n        Pagelogin = Login(driver)\n>       Pagelogin.login_btn.click()\n\ntests\\candidate_test\\login_test.py:20: \n_ _ _ _ _ _ _ _ _ _ _ _ _ _ _ _ _ _ _ _ _ _ _ _ _ _ _ _ _ _ _ _ _ _ _ _ _ _ _ _ _ _ _ _ _ _ _ _ _ _ _ _ _ _ _ _ _ _ _ _ _ _ _ _ _ _ _ _ _ _ _ _ _ _ _ _ _ _ _ _ _ _ _ _ _ _\nPages_Candidate\\login.py:11: in login_btn\n    return BaseElement(driver=self.driver, locator=locator)\nutils\\base_elements.py:43: in __init__\n    self.find()\nutils\\base_elements.py:49: in find\n    element = WebDriverWait(self.driver, 30).until(EC.visibility_of_element_located(locator=self.locator))\n_ _ _ _ _ _ _ _ _ _ _ _ _ _ _ _ _ _ _ _ _ _ _ _ _ _ _ _ _ _ _ _ _ _ _ _ _ _ _ _ _ _ _ _ _ _ _ _ _ _ _ _ _ _ _ _ _ _ _ _ _ _ _ _ _ _ _ _ _ _ _ _ _ _ _ _ _ _ _ _ _ _ _ _ _ _\n\nself = <selenium.webdriver.support.wait.WebDriverWait (session=\"f8493864311a617deda07331834ebb15\")>\nmethod = <function visibility_of_element_located.<locals>._predicate at 0x0000018C95FB6FC0>, message = ''\n\n    def until(self, method: Callable[[D], Union[Literal[False], T]], message: str = \"\") -> T:\n        \"\"\"Calls the method provided with the driver as an argument until the \\\n        return value does not evaluate to ``False``.\n    \n        :param method: callable(WebDriver)\n        :param message: optional message for :exc:`TimeoutException`\n        :returns: the result of the last call to `method`\n        :raises: :exc:`selenium.common.exceptions.TimeoutException` if timeout occurs\n        \"\"\"\n        screen = None\n        stacktrace = None\n    \n        end_time = time.monotonic() + self._timeout\n        while True:\n            try:\n                value = method(self._driver)\n                if value:\n                    return value\n            except self._ignored_exceptions as exc:\n                screen = getattr(exc, \"screen\", None)\n                stacktrace = getattr(exc, \"stacktrace\", None)\n            time.sleep(self._poll)\n            if time.monotonic() > end_time:\n                break\n>       raise TimeoutException(message, screen, stacktrace)\nE       selenium.common.exceptions.TimeoutException: Message: \nE       Stacktrace:\nE       \tGetHandleVerifier [0x010FC203+27395]\nE       \t(No symbol) [0x01093E04]\nE       \t(No symbol) [0x00F91B7F]\nE       \t(No symbol) [0x00FD2C65]\nE       \t(No symbol) [0x00FD2D3B]\nE       \t(No symbol) [0x0100EC82]\nE       \t(No symbol) [0x00FF39E4]\nE       \t(No symbol) [0x0100CB24]\nE       \t(No symbol) [0x00FF3736]\nE       \t(No symbol) [0x00FC7541]\nE       \t(No symbol) [0x00FC80BD]\nE       \tGetHandleVerifier [0x013B3AB3+2876339]\nE       \tGetHandleVerifier [0x01407F7D+3221629]\nE       \tGetHandleVerifier [0x0117D674+556916]\nE       \tGetHandleVerifier [0x0118478C+585868]\nE       \t(No symbol) [0x0109CE44]\nE       \t(No symbol) [0x01099858]\nE       \t(No symbol) [0x010999F7]\nE       \t(No symbol) [0x0108BF4E]\nE       \tBaseThreadInitThunk [0x75B2FCC9+25]\nE       \tRtlGetAppContainerNamedObjectPath [0x77AD80CE+286]\nE       \tRtlGetAppContainerNamedObjectPath [0x77AD809E+238]\n\n..\\..\\AppData\\Local\\Programs\\Python\\Python312\\Lib\\site-packages\\selenium\\webdriver\\support\\wait.py:105: TimeoutException"}, "attachments": [{"name": "log", "source": "39cda2dc-551a-4de6-ada3-fafc5f2776c0-attachment.txt", "type": "text/plain"}, {"name": "stdout", "source": "1d3f468e-27b1-4f8e-b765-ebafce742cf3-attachment.txt", "type": "text/plain"}, {"name": "stderr", "source": "9602523f-6559-4dc3-96f4-ff9fd9526ffe-attachment.txt", "type": "text/plain"}], "start": 1722833296658, "stop": 1722833328296, "uuid": "b349b8b8-74ef-4fe5-bac0-1ab6f38480b7", "historyId": "86b1e9db321c90658f175e0a246d262f", "testCaseId": "86b1e9db321c90658f175e0a246d262f", "fullName": "tests.candidate_test.login_test#test_login", "labels": [{"name": "tag", "value": "login"}, {"name": "parentSuite", "value": "tests.candidate_test"}, {"name": "suite", "value": "login_test"}, {"name": "host", "value": "DESKTOP-CDJ5FU7"}, {"name": "thread", "value": "6272-MainThread"}, {"name": "framework", "value": "pytest"}, {"name": "language", "value": "cpython3"}, {"name": "package", "value": "tests.candidate_test.login_test"}]}