{"name": "test_updatequalificationdetails", "status": "broken", "statusDetails": {"message": "selenium.common.exceptions.TimeoutException: Message:", "trace": "env = 'dev', authenticated_user = None, driver = <selenium.webdriver.chrome.webdriver.WebDriver (session=\"0a664fef5912241eb6d8300702b9eb1c\")>\n\n    @pytest.mark.updatequalificationdetails\n    def test_updatequalificationdetails(env, authenticated_user, driver):\n        logging.info(f\"environment -> {env}\")\n        login = authenticated_user\n        userinfo = Userprofile(driver)\n        Pagelogin = Login(driver)\n        Pagelogin.login_btn.click()\n        # driver.implicitly_wait(2)\n        time.sleep(3)\n        Pagelogin.name_btn.send_keys('Mridul')\n        Pagelogin.phonenumber_btn.send_keys('7503078450')\n        Pagelogin.sendotp_btn.click()\n        time.sleep(5)\n        Pagelogin.Sendingotp_text.send_keys('000000')\n        Pagelogin.submitotp_btn.click()\n        time.sleep(2)\n        userinfo.profileicon_btn.click()\n        time.sleep(5)\n        userinfo.selectingprofileicon_btn.click()\n        time.sleep(5)\n        userinfo.edit_btn_qualification.click()\n        userinfo.qualification_btn.click()\n>       userinfo.selectingprofileicon_btn.click()\n\ntests\\candidate_test\\Userprofile_test.py:173: \n_ _ _ _ _ _ _ _ _ _ _ _ _ _ _ _ _ _ _ _ _ _ _ _ _ _ _ _ _ _ _ _ _ _ _ _ _ _ _ _ _ _ _ _ _ _ _ _ _ _ _ _ _ _ _ _ _ _ _ _ _ _ _ _ _ _ _ _ _ _ _ _ _ _ _ _ _ _ _ _ _ _ _ _ _ _\nPages_Candidate\\Userprofile.py:16: in selectingprofileicon_btn\n    return BaseElement(driver=self.driver, locator=locator)\nutils\\base_elements.py:43: in __init__\n    self.find()\nutils\\base_elements.py:49: in find\n    element = WebDriverWait(self.driver, 30).until(EC.visibility_of_element_located(locator=self.locator))\n_ _ _ _ _ _ _ _ _ _ _ _ _ _ _ _ _ _ _ _ _ _ _ _ _ _ _ _ _ _ _ _ _ _ _ _ _ _ _ _ _ _ _ _ _ _ _ _ _ _ _ _ _ _ _ _ _ _ _ _ _ _ _ _ _ _ _ _ _ _ _ _ _ _ _ _ _ _ _ _ _ _ _ _ _ _\n\nself = <selenium.webdriver.support.wait.WebDriverWait (session=\"0a664fef5912241eb6d8300702b9eb1c\")>\nmethod = <function visibility_of_element_located.<locals>._predicate at 0x0000013A6B7C2AC0>, message = ''\n\n    def until(self, method: Callable[[D], Union[Literal[False], T]], message: str = \"\") -> T:\n        \"\"\"Calls the method provided with the driver as an argument until the \\\n        return value does not evaluate to ``False``.\n    \n        :param method: callable(WebDriver)\n        :param message: optional message for :exc:`TimeoutException`\n        :returns: the result of the last call to `method`\n        :raises: :exc:`selenium.common.exceptions.TimeoutException` if timeout occurs\n        \"\"\"\n        screen = None\n        stacktrace = None\n    \n        end_time = time.monotonic() + self._timeout\n        while True:\n            try:\n                value = method(self._driver)\n                if value:\n                    return value\n            except self._ignored_exceptions as exc:\n                screen = getattr(exc, \"screen\", None)\n                stacktrace = getattr(exc, \"stacktrace\", None)\n            time.sleep(self._poll)\n            if time.monotonic() > end_time:\n                break\n>       raise TimeoutException(message, screen, stacktrace)\nE       selenium.common.exceptions.TimeoutException: Message:\n\n..\\..\\AppData\\Local\\Programs\\Python\\Python312\\Lib\\site-packages\\selenium\\webdriver\\support\\wait.py:105: TimeoutException"}, "attachments": [{"name": "log", "source": "1d32ff17-b236-42ea-9df9-4ae21345c932-attachment.txt", "type": "text/plain"}, {"name": "stdout", "source": "de6456a5-a96b-4f61-b991-94ce127fca96-attachment.txt", "type": "text/plain"}, {"name": "stderr", "source": "7a59914f-6538-47ab-b7b6-f0ba6836b1f8-attachment.txt", "type": "text/plain"}], "start": 1722405300353, "stop": 1722405351910, "uuid": "d93b4ef4-2215-413c-99dc-b168d55de681", "historyId": "93fb807fb905e2be383ae2afd63d385e", "testCaseId": "93fb807fb905e2be383ae2afd63d385e", "fullName": "tests.candidate_test.Userprofile_test#test_updatequalificationdetails", "labels": [{"name": "tag", "value": "updatequalificationdetails"}, {"name": "parentSuite", "value": "tests.candidate_test"}, {"name": "suite", "value": "Userprofile_test"}, {"name": "host", "value": "DESKTOP-CDJ5FU7"}, {"name": "thread", "value": "13176-MainThread"}, {"name": "framework", "value": "pytest"}, {"name": "language", "value": "cpython3"}, {"name": "package", "value": "tests.candidate_test.Userprofile_test"}]}