{"name": "test_userprofile", "status": "broken", "statusDetails": {"message": "selenium.common.exceptions.TimeoutException: Message: \nStacktrace:\n\tGetHandleVerifier [0x00C0C203+27395]\n\t(No symbol) [0x00BA3E04]\n\t(No symbol) [0x00AA1B7F]\n\t(No symbol) [0x00AE2C65]\n\t(No symbol) [0x00AE2D3B]\n\t(No symbol) [0x00B1EC82]\n\t(No symbol) [0x00B039E4]\n\t(No symbol) [0x00B1CB24]\n\t(No symbol) [0x00B03736]\n\t(No symbol) [0x00AD7541]\n\t(No symbol) [0x00AD80BD]\n\tGetHandleVerifier [0x00EC3AB3+2876339]\n\tGetHandleVerifier [0x00F17F7D+3221629]\n\tGetHandleVerifier [0x00C8D674+556916]\n\tGetHandleVerifier [0x00C9478C+585868]\n\t(No symbol) [0x00BACE44]\n\t(No symbol) [0x00BA9858]\n\t(No symbol) [0x00BA99F7]\n\t(No symbol) [0x00B9BF4E]\n\tBaseThreadInitThunk [0x75B2FCC9+25]\n\tRtlGetAppContainerNamedObjectPath [0x77AD80CE+286]\n\tRtlGetAppContainerNamedObjectPath [0x77AD809E+238]", "trace": "env = 'dev', driver = <selenium.webdriver.chrome.webdriver.WebDriver (session=\"8a1a868b5fa81846a1ad8a33b7c96606\")>, authenticated_user = None\n\n    @pytest.mark.userprofile\n    def test_userprofile(env, driver, authenticated_user):\n        logging.info(f\"environment -> {env}\")\n        login = authenticated_user\n        userinfo = Userprofile(driver)\n        Pagelogin = Login(driver)\n>       Pagelogin.login_btn.click()\n\ntests\\candidate_test\\Userprofile_test.py:27: \n_ _ _ _ _ _ _ _ _ _ _ _ _ _ _ _ _ _ _ _ _ _ _ _ _ _ _ _ _ _ _ _ _ _ _ _ _ _ _ _ _ _ _ _ _ _ _ _ _ _ _ _ _ _ _ _ _ _ _ _ _ _ _ _ _ _ _ _ _ _ _ _ _ _ _ _ _ _ _ _ _ _ _ _ _ _\nPages_Candidate\\login.py:11: in login_btn\n    return BaseElement(driver=self.driver, locator=locator)\nutils\\base_elements.py:43: in __init__\n    self.find()\nutils\\base_elements.py:49: in find\n    element = WebDriverWait(self.driver, 30).until(EC.visibility_of_element_located(locator=self.locator))\n_ _ _ _ _ _ _ _ _ _ _ _ _ _ _ _ _ _ _ _ _ _ _ _ _ _ _ _ _ _ _ _ _ _ _ _ _ _ _ _ _ _ _ _ _ _ _ _ _ _ _ _ _ _ _ _ _ _ _ _ _ _ _ _ _ _ _ _ _ _ _ _ _ _ _ _ _ _ _ _ _ _ _ _ _ _\n\nself = <selenium.webdriver.support.wait.WebDriverWait (session=\"8a1a868b5fa81846a1ad8a33b7c96606\")>\nmethod = <function visibility_of_element_located.<locals>._predicate at 0x000001F599BE1440>, message = ''\n\n    def until(self, method: Callable[[D], Union[Literal[False], T]], message: str = \"\") -> T:\n        \"\"\"Calls the method provided with the driver as an argument until the \\\n        return value does not evaluate to ``False``.\n    \n        :param method: callable(WebDriver)\n        :param message: optional message for :exc:`TimeoutException`\n        :returns: the result of the last call to `method`\n        :raises: :exc:`selenium.common.exceptions.TimeoutException` if timeout occurs\n        \"\"\"\n        screen = None\n        stacktrace = None\n    \n        end_time = time.monotonic() + self._timeout\n        while True:\n            try:\n                value = method(self._driver)\n                if value:\n                    return value\n            except self._ignored_exceptions as exc:\n                screen = getattr(exc, \"screen\", None)\n                stacktrace = getattr(exc, \"stacktrace\", None)\n            time.sleep(self._poll)\n            if time.monotonic() > end_time:\n                break\n>       raise TimeoutException(message, screen, stacktrace)\nE       selenium.common.exceptions.TimeoutException: Message: \nE       Stacktrace:\nE       \tGetHandleVerifier [0x00C0C203+27395]\nE       \t(No symbol) [0x00BA3E04]\nE       \t(No symbol) [0x00AA1B7F]\nE       \t(No symbol) [0x00AE2C65]\nE       \t(No symbol) [0x00AE2D3B]\nE       \t(No symbol) [0x00B1EC82]\nE       \t(No symbol) [0x00B039E4]\nE       \t(No symbol) [0x00B1CB24]\nE       \t(No symbol) [0x00B03736]\nE       \t(No symbol) [0x00AD7541]\nE       \t(No symbol) [0x00AD80BD]\nE       \tGetHandleVerifier [0x00EC3AB3+2876339]\nE       \tGetHandleVerifier [0x00F17F7D+3221629]\nE       \tGetHandleVerifier [0x00C8D674+556916]\nE       \tGetHandleVerifier [0x00C9478C+585868]\nE       \t(No symbol) [0x00BACE44]\nE       \t(No symbol) [0x00BA9858]\nE       \t(No symbol) [0x00BA99F7]\nE       \t(No symbol) [0x00B9BF4E]\nE       \tBaseThreadInitThunk [0x75B2FCC9+25]\nE       \tRtlGetAppContainerNamedObjectPath [0x77AD80CE+286]\nE       \tRtlGetAppContainerNamedObjectPath [0x77AD809E+238]\n\n..\\..\\AppData\\Local\\Programs\\Python\\Python312\\Lib\\site-packages\\selenium\\webdriver\\support\\wait.py:105: TimeoutException"}, "attachments": [{"name": "log", "source": "038d06ca-390b-4a61-9a8e-cc9568547730-attachment.txt", "type": "text/plain"}, {"name": "stdout", "source": "2006ac01-24e2-419b-b625-79f71545bfb0-attachment.txt", "type": "text/plain"}, {"name": "stderr", "source": "cbd2b953-04bb-4ca9-914a-ded3739101ad-attachment.txt", "type": "text/plain"}], "start": 1722320261297, "stop": 1722320292883, "uuid": "c21d27f6-8e8d-42fc-b0bc-e117f30d9f08", "historyId": "c80e9144af3048cdfe60c760d4c51042", "testCaseId": "c80e9144af3048cdfe60c760d4c51042", "fullName": "tests.candidate_test.Userprofile_test#test_userprofile", "labels": [{"name": "tag", "value": "userprofile"}, {"name": "parentSuite", "value": "tests.candidate_test"}, {"name": "suite", "value": "Userprofile_test"}, {"name": "host", "value": "DESKTOP-CDJ5FU7"}, {"name": "thread", "value": "5160-MainThread"}, {"name": "framework", "value": "pytest"}, {"name": "language", "value": "cpython3"}, {"name": "package", "value": "tests.candidate_test.Userprofile_test"}]}