{"name": "test_inactivejobs_filter_dashboard_page", "status": "broken", "statusDetails": {"message": "selenium.common.exceptions.TimeoutException: Message: \nStacktrace:\n\tGetHandleVerifier [0x011A74A3+25091]\n\t(No symbol) [0x0112DC04]\n\t(No symbol) [0x0100B373]\n\t(No symbol) [0x0104F4DC]\n\t(No symbol) [0x0104F65B]\n\t(No symbol) [0x0108D8E2]\n\t(No symbol) [0x01071F54]\n\t(No symbol) [0x0108B49E]\n\t(No symbol) [0x01071CA6]\n\t(No symbol) [0x010431D5]\n\t(No symbol) [0x0104435D]\n\tGetHandleVerifier [0x014A07C3+3142947]\n\tGetHandleVerifier [0x014B1A2B+3213195]\n\tGetHandleVerifier [0x014AC412+3191154]\n\tGetHandleVerifier [0x01248720+685184]\n\t(No symbol) [0x01136E1D]\n\t(No symbol) [0x01133E18]\n\t(No symbol) [0x01133FB6]\n\t(No symbol) [0x011266F0]\n\tBaseThreadInitThunk [0x7643FCC9+25]\n\tRtlGetAppContainerNamedObjectPath [0x7753809E+286]\n\tRtlGetAppContainerNamedObjectPath [0x7753806E+238]", "trace": "env = 'dev', driver = <selenium.webdriver.chrome.webdriver.WebDriver (session=\"d889813b16f1119bcd44a613efd3403a\")>, authenticated_user_recruiter = <Page_Recruiter.login.Loginrecruiter object at 0x000001BFF3B0E4E0>\n\n    @pytest.mark.regression\n    @pytest.mark.inactivejobs_filter_dashboard_page\n    def test_inactivejobs_filter_dashboard_page(env, driver, authenticated_user_recruiter):\n            logging.info(f\"environment -> {env}\")\n            login = authenticated_user_recruiter\n            logging.info(f\"logged in\")\n>           WebDriverWait(driver, 15).until(\n                EC.visibility_of_element_located(\n                    (By.XPATH, \"//body[1]/div[1]/div[3]/div[2]/div[3]/div[2]/div[1]/div[5]/div[1]\"))\n            )\n\ntests\\recruiter_test\\Dashboard_test.py:192: \n_ _ _ _ _ _ _ _ _ _ _ _ _ _ _ _ _ _ _ _ _ _ _ _ _ _ _ _ _ _ _ _ _ _ _ _ _ _ _ _ _ _ _ _ _ _ _ _ _ _ _ _ _ _ _ _ _ _ _ _ _ _ _ _ _ _ _ _ _ _ _ _ _ _ _ _ _ _ _ _ _ _ _ _ _ _ _ _ _ _ _ _ _ _ _ _ _ _ _ _ _ _ _ _ _ _ _ _ _ _ _ _ _ _\n\nself = <selenium.webdriver.support.wait.WebDriverWait (session=\"d889813b16f1119bcd44a613efd3403a\")>, method = <function visibility_of_element_located.<locals>._predicate at 0x000001BFF3A93C40>, message = ''\n\n    def until(self, method: Callable[[D], Union[Literal[False], T]], message: str = \"\") -> T:\n        \"\"\"Calls the method provided with the driver as an argument until the \\\n        return value does not evaluate to ``False``.\n    \n        :param method: callable(WebDriver)\n        :param message: optional message for :exc:`TimeoutException`\n        :returns: the result of the last call to `method`\n        :raises: :exc:`selenium.common.exceptions.TimeoutException` if timeout occurs\n        \"\"\"\n        screen = None\n        stacktrace = None\n    \n        end_time = time.monotonic() + self._timeout\n        while True:\n            try:\n                value = method(self._driver)\n                if value:\n                    return value\n            except self._ignored_exceptions as exc:\n                screen = getattr(exc, \"screen\", None)\n                stacktrace = getattr(exc, \"stacktrace\", None)\n            time.sleep(self._poll)\n            if time.monotonic() > end_time:\n                break\n>       raise TimeoutException(message, screen, stacktrace)\nE       selenium.common.exceptions.TimeoutException: Message: \nE       Stacktrace:\nE       \tGetHandleVerifier [0x011A74A3+25091]\nE       \t(No symbol) [0x0112DC04]\nE       \t(No symbol) [0x0100B373]\nE       \t(No symbol) [0x0104F4DC]\nE       \t(No symbol) [0x0104F65B]\nE       \t(No symbol) [0x0108D8E2]\nE       \t(No symbol) [0x01071F54]\nE       \t(No symbol) [0x0108B49E]\nE       \t(No symbol) [0x01071CA6]\nE       \t(No symbol) [0x010431D5]\nE       \t(No symbol) [0x0104435D]\nE       \tGetHandleVerifier [0x014A07C3+3142947]\nE       \tGetHandleVerifier [0x014B1A2B+3213195]\nE       \tGetHandleVerifier [0x014AC412+3191154]\nE       \tGetHandleVerifier [0x01248720+685184]\nE       \t(No symbol) [0x01136E1D]\nE       \t(No symbol) [0x01133E18]\nE       \t(No symbol) [0x01133FB6]\nE       \t(No symbol) [0x011266F0]\nE       \tBaseThreadInitThunk [0x7643FCC9+25]\nE       \tRtlGetAppContainerNamedObjectPath [0x7753809E+286]\nE       \tRtlGetAppContainerNamedObjectPath [0x7753806E+238]\n\n..\\..\\..\\AppData\\Roaming\\Python\\Python312\\site-packages\\selenium\\webdriver\\support\\wait.py:105: TimeoutException"}, "attachments": [{"name": "log", "source": "205ce8cd-2430-4c91-8744-a0c7d8f54abe-attachment.txt", "type": "text/plain"}, {"name": "stdout", "source": "24205cb5-ff42-446d-b116-350e9bffb2b2-attachment.txt", "type": "text/plain"}, {"name": "stderr", "source": "273c9705-b896-460e-9276-3db43a7fc817-attachment.txt", "type": "text/plain"}], "start": 1740044709398, "stop": 1740044725482, "uuid": "3df1da35-0e4b-4419-978d-b6b7cfe75c10", "historyId": "b1bcffad1d0d24d06cf100c074236c65", "testCaseId": "b1bcffad1d0d24d06cf100c074236c65", "fullName": "tests.recruiter_test.Dashboard_test#test_inactivejobs_filter_dashboard_page", "labels": [{"name": "tag", "value": "inactivejobs_filter_dashboard_page"}, {"name": "tag", "value": "regression"}, {"name": "parentSuite", "value": "tests.recruiter_test"}, {"name": "suite", "value": "Dashboard_test"}, {"name": "host", "value": "DESKTOP-HRHMBRL"}, {"name": "thread", "value": "8856-MainThread"}, {"name": "framework", "value": "pytest"}, {"name": "language", "value": "cpython3"}, {"name": "package", "value": "tests.recruiter_test.Dashboard_test"}]}