{"name": "test_save_job_as_draft", "status": "broken", "statusDetails": {"message": "selenium.common.exceptions.TimeoutException: Message: \nStacktrace:\n\tGetHandleVerifier [0x0069C7F3+24435]\n\t(No symbol) [0x00622074]\n\t(No symbol) [0x004F06E3]\n\t(No symbol) [0x00538B39]\n\t(No symbol) [0x00538E8B]\n\t(No symbol) [0x00581AC2]\n\t(No symbol) [0x0055D804]\n\t(No symbol) [0x0057F20A]\n\t(No symbol) [0x0055D5B6]\n\t(No symbol) [0x0052C54F]\n\t(No symbol) [0x0052D894]\n\tGetHandleVerifier [0x009A70A3+3213347]\n\tGetHandleVerifier [0x009BB0C9+3295305]\n\tGetHandleVerifier [0x009B558C+3271948]\n\tGetHandleVerifier [0x00737360+658144]\n\t(No symbol) [0x0062B27D]\n\t(No symbol) [0x00628208]\n\t(No symbol) [0x006283A9]\n\t(No symbol) [0x0061AAC0]\n\tBaseThreadInitThunk [0x76C2FCC9+25]\n\tRtlGetAppContainerNamedObjectPath [0x773B82AE+286]\n\tRtlGetAppContainerNamedObjectPath [0x773B827E+238]", "trace": "env = 'dev', driver = <selenium.webdriver.chrome.webdriver.WebDriver (session=\"b7b7cd06f5a606271fa0bc95e24384c0\")>, authenticated_user_recruiter = <Page_Recruiter.login.Loginrecruiter object at 0x000001F18C836720>\n\n    @pytest.mark.regression\n    @pytest.mark.jobs_page_save_job_as_draft\n    def test_save_job_as_draft(env, driver, authenticated_user_recruiter):\n        logging.info(f\"environment -> {env}\")\n        logging.info(f\"logged in\")\n        WebDriverWait(driver, 15).until(\n            EC.visibility_of_element_located((By.CSS_SELECTOR, \"body > div:nth-child(1) > div:nth-child(3) > div:nth-child(3) > div:nth-child(3) > div:nth-child(1) > div:nth-child(1)\"))\n        )\n        jobs_page = Jobs(driver)\n        jobs_page.jobs_btn.click()\n        assert_that(jobs_page.Create_Job.is_element_visible()).is_true()\n        jobs_page.Create_Job.click()\n    \n        jobtitle = Jobs(driver)\n        jobtitle.Job_Title.send_keys('Draft')\n    \n        notificationtitle = Jobs(driver)\n        notificationtitle.Notification_Title.send_keys(\"Automated\")\n    \n        JobDescription = Jobs(driver)\n        JobDescription.Job_Description.send_keys('Draft')\n    \n        department = Jobs(driver)\n        department.Department.click()\n        department.Department_selector.click()\n    \n        industry = Jobs(driver)\n        industry.Industry.click()\n        industry.Industry_selector.click()\n    \n        Employmenttype = Jobs(driver)\n        Employmenttype.Employment_Type.click()\n        Employmenttype.Employmenttype_selector.click()\n    \n        WorkplaceType = Jobs(driver)\n        WorkplaceType.Workplace_Type.click()\n        WorkplaceType.Workplace_Type_Selector.click()\n    \n        WorkExperience = Jobs(driver)\n        WorkExperience.Work_Experience.click()\n        WorkExperience.Workplace_Experience_Selector.click()\n    \n        location = Jobs(driver)\n        location.Location.send_keys('Gurgao')\n>       location.Location_selector.click()\n\ntests\\recruiter_test\\Jobs_test.py:808: \n_ _ _ _ _ _ _ _ _ _ _ _ _ _ _ _ _ _ _ _ _ _ _ _ _ _ _ _ _ _ _ _ _ _ _ _ _ _ _ _ _ _ _ _ _ _ _ _ _ _ _ _ _ _ _ _ _ _ _ _ _ _ _ _ _ _ _ _ _ _ _ _ _ _ _ _ _ _ _ _ _ _ _ _ _ _ _ _ _ _ _ _ _ _ _ _ _ _ _ _ _ _ _ _ _ _ _ _ _ _ _ _ _ \nPage_Recruiter\\Jobs_page.py:451: in Location_selector\n    return BaseElement(driver=self.driver, locator=locator)\nutils\\base_elements.py:43: in __init__\n    self.find()\nutils\\base_elements.py:49: in find\n    element = WebDriverWait(self.driver, 30).until(EC.visibility_of_element_located(locator=self.locator))\n_ _ _ _ _ _ _ _ _ _ _ _ _ _ _ _ _ _ _ _ _ _ _ _ _ _ _ _ _ _ _ _ _ _ _ _ _ _ _ _ _ _ _ _ _ _ _ _ _ _ _ _ _ _ _ _ _ _ _ _ _ _ _ _ _ _ _ _ _ _ _ _ _ _ _ _ _ _ _ _ _ _ _ _ _ _ _ _ _ _ _ _ _ _ _ _ _ _ _ _ _ _ _ _ _ _ _ _ _ _ _ _ _ \n\nself = <selenium.webdriver.support.wait.WebDriverWait (session=\"b7b7cd06f5a606271fa0bc95e24384c0\")>, method = <function visibility_of_element_located.<locals>._predicate at 0x000001F18C7FAD40>, message = ''\n\n    def until(self, method: Callable[[D], Union[Literal[False], T]], message: str = \"\") -> T:\n        \"\"\"Calls the method provided with the driver as an argument until the \\\n        return value does not evaluate to ``False``.\n    \n        :param method: callable(WebDriver)\n        :param message: optional message for :exc:`TimeoutException`\n        :returns: the result of the last call to `method`\n        :raises: :exc:`selenium.common.exceptions.TimeoutException` if timeout occurs\n        \"\"\"\n        screen = None\n        stacktrace = None\n    \n        end_time = time.monotonic() + self._timeout\n        while True:\n            try:\n                value = method(self._driver)\n                if value:\n                    return value\n            except self._ignored_exceptions as exc:\n                screen = getattr(exc, \"screen\", None)\n                stacktrace = getattr(exc, \"stacktrace\", None)\n            time.sleep(self._poll)\n            if time.monotonic() > end_time:\n                break\n>       raise TimeoutException(message, screen, stacktrace)\nE       selenium.common.exceptions.TimeoutException: Message: \nE       Stacktrace:\nE       \tGetHandleVerifier [0x0069C7F3+24435]\nE       \t(No symbol) [0x00622074]\nE       \t(No symbol) [0x004F06E3]\nE       \t(No symbol) [0x00538B39]\nE       \t(No symbol) [0x00538E8B]\nE       \t(No symbol) [0x00581AC2]\nE       \t(No symbol) [0x0055D804]\nE       \t(No symbol) [0x0057F20A]\nE       \t(No symbol) [0x0055D5B6]\nE       \t(No symbol) [0x0052C54F]\nE       \t(No symbol) [0x0052D894]\nE       \tGetHandleVerifier [0x009A70A3+3213347]\nE       \tGetHandleVerifier [0x009BB0C9+3295305]\nE       \tGetHandleVerifier [0x009B558C+3271948]\nE       \tGetHandleVerifier [0x00737360+658144]\nE       \t(No symbol) [0x0062B27D]\nE       \t(No symbol) [0x00628208]\nE       \t(No symbol) [0x006283A9]\nE       \t(No symbol) [0x0061AAC0]\nE       \tBaseThreadInitThunk [0x76C2FCC9+25]\nE       \tRtlGetAppContainerNamedObjectPath [0x773B82AE+286]\nE       \tRtlGetAppContainerNamedObjectPath [0x773B827E+238]\n\n..\\..\\..\\AppData\\Roaming\\Python\\Python312\\site-packages\\selenium\\webdriver\\support\\wait.py:105: TimeoutException"}, "attachments": [{"name": "log", "source": "d3dc131a-8d05-454d-b1df-ea129a0777ac-attachment.txt", "type": "text/plain"}, {"name": "stdout", "source": "d26ed1c6-ec57-4caf-a20b-213f75a3261e-attachment.txt", "type": "text/plain"}, {"name": "stderr", "source": "2c661618-3b77-4c72-ac84-bbb6dda4b38c-attachment.txt", "type": "text/plain"}], "start": 1743153300391, "stop": 1743153335368, "uuid": "8911dff7-38e8-4f4f-bf09-701dab33a9d2", "historyId": "be575bb20779bad737fbb902caf58f3f", "testCaseId": "be575bb20779bad737fbb902caf58f3f", "fullName": "tests.recruiter_test.Jobs_test#test_save_job_as_draft", "labels": [{"name": "tag", "value": "jobs_page_save_job_as_draft"}, {"name": "tag", "value": "regression"}, {"name": "parentSuite", "value": "tests.recruiter_test"}, {"name": "suite", "value": "Jobs_test"}, {"name": "host", "value": "DESKTOP-HRHMBRL"}, {"name": "thread", "value": "21800-MainThread"}, {"name": "framework", "value": "pytest"}, {"name": "language", "value": "cpython3"}, {"name": "package", "value": "tests.recruiter_test.Jobs_test"}]}