{"name": "test_login_contact_us", "status": "broken", "statusDetails": {"message": "selenium.common.exceptions.TimeoutException: Message: \nStacktrace:\n\tGetHandleVerifier [0x005F74A3+25091]\n\t(No symbol) [0x0057DC04]\n\t(No symbol) [0x0045B373]\n\t(No symbol) [0x0049F4DC]\n\t(No symbol) [0x0049F65B]\n\t(No symbol) [0x004DD8E2]\n\t(No symbol) [0x004C1F54]\n\t(No symbol) [0x004DB49E]\n\t(No symbol) [0x004C1CA6]\n\t(No symbol) [0x004931D5]\n\t(No symbol) [0x0049435D]\n\tGetHandleVerifier [0x008F07C3+3142947]\n\tGetHandleVerifier [0x00901A2B+3213195]\n\tGetHandleVerifier [0x008FC412+3191154]\n\tGetHandleVerifier [0x00698720+685184]\n\t(No symbol) [0x00586E1D]\n\t(No symbol) [0x00583E18]\n\t(No symbol) [0x00583FB6]\n\t(No symbol) [0x005766F0]\n\tBaseThreadInitThunk [0x7643FCC9+25]\n\tRtlGetAppContainerNamedObjectPath [0x7753809E+286]\n\tRtlGetAppContainerNamedObjectPath [0x7753806E+238]", "trace": "env = 'services', driver = <selenium.webdriver.chrome.webdriver.WebDriver (session=\"9bd5992874e62195a47362699d4c6178\")>, recruiter_user = None\n\n    @pytest.mark.regression\n    @pytest.mark.login_contact_us\n    def test_login_contact_us(env, driver, recruiter_user):\n        logging.info(f\"environment -> {env}\")\n        login = recruiter_user\n        recruiterlogin = Loginrecruiter(driver)\n        recruiterlogin.contactus_btn.click()\n>       response = recruiterlogin.contactus_page.get_text()\n\ntests\\recruiter_test\\login_test.py:156: \n_ _ _ _ _ _ _ _ _ _ _ _ _ _ _ _ _ _ _ _ _ _ _ _ _ _ _ _ _ _ _ _ _ _ _ _ _ _ _ _ _ _ _ _ _ _ _ _ _ _ _ _ _ _ _ _ _ _ _ _ _ _ _ _ _ _ _ _ _ _ _ _ _ _ _ _ _ _ _ _ _ _ _ _ _ _ _ _ _ _ _ _ _ _ _ _ _ _ _ _ _ _ _ _ _ _ _ _ _ _ _ _ _ _\nPage_Recruiter\\login.py:90: in contactus_page\n    return BaseElement(driver=self.driver, locator=locator)\nutils\\base_elements.py:43: in __init__\n    self.find()\nutils\\base_elements.py:49: in find\n    element = WebDriverWait(self.driver, 30).until(EC.visibility_of_element_located(locator=self.locator))\n_ _ _ _ _ _ _ _ _ _ _ _ _ _ _ _ _ _ _ _ _ _ _ _ _ _ _ _ _ _ _ _ _ _ _ _ _ _ _ _ _ _ _ _ _ _ _ _ _ _ _ _ _ _ _ _ _ _ _ _ _ _ _ _ _ _ _ _ _ _ _ _ _ _ _ _ _ _ _ _ _ _ _ _ _ _ _ _ _ _ _ _ _ _ _ _ _ _ _ _ _ _ _ _ _ _ _ _ _ _ _ _ _ _\n\nself = <selenium.webdriver.support.wait.WebDriverWait (session=\"9bd5992874e62195a47362699d4c6178\")>, method = <function visibility_of_element_located.<locals>._predicate at 0x0000022A17E73100>, message = ''\n\n    def until(self, method: Callable[[D], Union[Literal[False], T]], message: str = \"\") -> T:\n        \"\"\"Calls the method provided with the driver as an argument until the \\\n        return value does not evaluate to ``False``.\n    \n        :param method: callable(WebDriver)\n        :param message: optional message for :exc:`TimeoutException`\n        :returns: the result of the last call to `method`\n        :raises: :exc:`selenium.common.exceptions.TimeoutException` if timeout occurs\n        \"\"\"\n        screen = None\n        stacktrace = None\n    \n        end_time = time.monotonic() + self._timeout\n        while True:\n            try:\n                value = method(self._driver)\n                if value:\n                    return value\n            except self._ignored_exceptions as exc:\n                screen = getattr(exc, \"screen\", None)\n                stacktrace = getattr(exc, \"stacktrace\", None)\n            time.sleep(self._poll)\n            if time.monotonic() > end_time:\n                break\n>       raise TimeoutException(message, screen, stacktrace)\nE       selenium.common.exceptions.TimeoutException: Message: \nE       Stacktrace:\nE       \tGetHandleVerifier [0x005F74A3+25091]\nE       \t(No symbol) [0x0057DC04]\nE       \t(No symbol) [0x0045B373]\nE       \t(No symbol) [0x0049F4DC]\nE       \t(No symbol) [0x0049F65B]\nE       \t(No symbol) [0x004DD8E2]\nE       \t(No symbol) [0x004C1F54]\nE       \t(No symbol) [0x004DB49E]\nE       \t(No symbol) [0x004C1CA6]\nE       \t(No symbol) [0x004931D5]\nE       \t(No symbol) [0x0049435D]\nE       \tGetHandleVerifier [0x008F07C3+3142947]\nE       \tGetHandleVerifier [0x00901A2B+3213195]\nE       \tGetHandleVerifier [0x008FC412+3191154]\nE       \tGetHandleVerifier [0x00698720+685184]\nE       \t(No symbol) [0x00586E1D]\nE       \t(No symbol) [0x00583E18]\nE       \t(No symbol) [0x00583FB6]\nE       \t(No symbol) [0x005766F0]\nE       \tBaseThreadInitThunk [0x7643FCC9+25]\nE       \tRtlGetAppContainerNamedObjectPath [0x7753809E+286]\nE       \tRtlGetAppContainerNamedObjectPath [0x7753806E+238]\n\n..\\..\\..\\AppData\\Roaming\\Python\\Python312\\site-packages\\selenium\\webdriver\\support\\wait.py:105: TimeoutException"}, "attachments": [{"name": "log", "source": "cf584eb7-e692-4f34-9548-c0fd0e0e07f6-attachment.txt", "type": "text/plain"}, {"name": "stdout", "source": "4f99a1bc-2e7a-45e1-b66d-593d74e30781-attachment.txt", "type": "text/plain"}, {"name": "stderr", "source": "7ca91c43-a0cc-442f-9d3b-90d4586a353e-attachment.txt", "type": "text/plain"}], "start": 1739536610695, "stop": 1739536643364, "uuid": "7e8d23cc-9871-4a08-bbc1-568ccf6a50d5", "historyId": "804f651b8cbb1ccff33abf4ebf855c90", "testCaseId": "804f651b8cbb1ccff33abf4ebf855c90", "fullName": "tests.recruiter_test.login_test#test_login_contact_us", "labels": [{"name": "tag", "value": "login_contact_us"}, {"name": "tag", "value": "regression"}, {"name": "parentSuite", "value": "tests.recruiter_test"}, {"name": "suite", "value": "login_test"}, {"name": "host", "value": "DESKTOP-HRHMBRL"}, {"name": "thread", "value": "6040-MainThread"}, {"name": "framework", "value": "pytest"}, {"name": "language", "value": "cpython3"}, {"name": "package", "value": "tests.recruiter_test.login_test"}]}