{"name": "test_jobs_page_search_functionality", "status": "broken", "statusDetails": {"message": "selenium.common.exceptions.TimeoutException: Message: \nStacktrace:\n\tGetHandleVerifier [0x00860B43+25139]\n\t(No symbol) [0x007F13F4]\n\t(No symbol) [0x006D04E3]\n\t(No symbol) [0x007183D7]\n\t(No symbol) [0x0071872B]\n\t(No symbol) [0x00761002]\n\t(No symbol) [0x0073D014]\n\t(No symbol) [0x0075E778]\n\t(No symbol) [0x0073CDC6]\n\t(No symbol) [0x0070BDE9]\n\t(No symbol) [0x0070D124]\n\tGetHandleVerifier [0x00B64373+3185251]\n\tGetHandleVerifier [0x00B8291A+3309578]\n\tGetHandleVerifier [0x00B7CF42+3286578]\n\tGetHandleVerifier [0x008F7AE0+643536]\n\t(No symbol) [0x007FA20D]\n\t(No symbol) [0x007F70B8]\n\t(No symbol) [0x007F7257]\n\t(No symbol) [0x007E9E00]\n\tBaseThreadInitThunk [0x7716FCC9+25]\n\tRtlGetAppContainerNamedObjectPath [0x77E682AE+286]\n\tRtlGetAppContainerNamedObjectPath [0x77E6827E+238]", "trace": "env = 'dev', driver = <selenium.webdriver.chrome.webdriver.WebDriver (session=\"c1a01f5b9e25fb4beff5fa0aa8aafa28\")>, authenticated_user_recruiter = <Page_Recruiter.login.Loginrecruiter object at 0x0000025491F5E000>\n\n    @pytest.mark.regression\n    @pytest.mark.jobs_page_search_functionality\n    def test_jobs_page_search_functionality(env, driver, authenticated_user_recruiter):\n        logging.info(f\"environment -> {env}\")\n        #login = authenticated_user_recruiter\n        logging.info(f\"logged in\")\n        WebDriverWait(driver, 15).until(\n            EC.visibility_of_element_located((By.CSS_SELECTOR, \"body > div:nth-child(1) > div:nth-child(3) > div:nth-child(3) > div:nth-child(3) > div:nth-child(1) > div:nth-child(1)\"))\n        )\n        jobs_page = Jobs(driver)\n>       jobs_page.search_tab.click()\n\ntests\\recruiter_test\\Jobs_test.py:435: \n_ _ _ _ _ _ _ _ _ _ _ _ _ _ _ _ _ _ _ _ _ _ _ _ _ _ _ _ _ _ _ _ _ _ _ _ _ _ _ _ _ _ _ _ _ _ _ _ _ _ _ _ _ _ _ _ _ _ _ _ _ _ _ _ _ _ _ _ _ _ _ _ _ _ _ _ _ _ _ _ _ _ _ _ _ _ _ _ _ _ _ _ _ _ _ _ _ _ _ _ _ _ _ _ _ _ _ _ _ _ _ _ _ _\nPage_Recruiter\\Jobs_page.py:96: in search_tab\n    return BaseElement(driver=self.driver, locator=locator)\nutils\\base_elements.py:43: in __init__\n    self.find()\nutils\\base_elements.py:49: in find\n    element = WebDriverWait(self.driver, 30).until(EC.visibility_of_element_located(locator=self.locator))\n_ _ _ _ _ _ _ _ _ _ _ _ _ _ _ _ _ _ _ _ _ _ _ _ _ _ _ _ _ _ _ _ _ _ _ _ _ _ _ _ _ _ _ _ _ _ _ _ _ _ _ _ _ _ _ _ _ _ _ _ _ _ _ _ _ _ _ _ _ _ _ _ _ _ _ _ _ _ _ _ _ _ _ _ _ _ _ _ _ _ _ _ _ _ _ _ _ _ _ _ _ _ _ _ _ _ _ _ _ _ _ _ _ _\n\nself = <selenium.webdriver.support.wait.WebDriverWait (session=\"c1a01f5b9e25fb4beff5fa0aa8aafa28\")>, method = <function visibility_of_element_located.<locals>._predicate at 0x0000025491F358A0>, message = ''\n\n    def until(self, method: Callable[[D], Union[Literal[False], T]], message: str = \"\") -> T:\n        \"\"\"Calls the method provided with the driver as an argument until the \\\n        return value does not evaluate to ``False``.\n    \n        :param method: callable(WebDriver)\n        :param message: optional message for :exc:`TimeoutException`\n        :returns: the result of the last call to `method`\n        :raises: :exc:`selenium.common.exceptions.TimeoutException` if timeout occurs\n        \"\"\"\n        screen = None\n        stacktrace = None\n    \n        end_time = time.monotonic() + self._timeout\n        while True:\n            try:\n                value = method(self._driver)\n                if value:\n                    return value\n            except self._ignored_exceptions as exc:\n                screen = getattr(exc, \"screen\", None)\n                stacktrace = getattr(exc, \"stacktrace\", None)\n            time.sleep(self._poll)\n            if time.monotonic() > end_time:\n                break\n>       raise TimeoutException(message, screen, stacktrace)\nE       selenium.common.exceptions.TimeoutException: Message: \nE       Stacktrace:\nE       \tGetHandleVerifier [0x00860B43+25139]\nE       \t(No symbol) [0x007F13F4]\nE       \t(No symbol) [0x006D04E3]\nE       \t(No symbol) [0x007183D7]\nE       \t(No symbol) [0x0071872B]\nE       \t(No symbol) [0x00761002]\nE       \t(No symbol) [0x0073D014]\nE       \t(No symbol) [0x0075E778]\nE       \t(No symbol) [0x0073CDC6]\nE       \t(No symbol) [0x0070BDE9]\nE       \t(No symbol) [0x0070D124]\nE       \tGetHandleVerifier [0x00B64373+3185251]\nE       \tGetHandleVerifier [0x00B8291A+3309578]\nE       \tGetHandleVerifier [0x00B7CF42+3286578]\nE       \tGetHandleVerifier [0x008F7AE0+643536]\nE       \t(No symbol) [0x007FA20D]\nE       \t(No symbol) [0x007F70B8]\nE       \t(No symbol) [0x007F7257]\nE       \t(No symbol) [0x007E9E00]\nE       \tBaseThreadInitThunk [0x7716FCC9+25]\nE       \tRtlGetAppContainerNamedObjectPath [0x77E682AE+286]\nE       \tRtlGetAppContainerNamedObjectPath [0x77E6827E+238]\n\n..\\..\\..\\AppData\\Roaming\\Python\\Python312\\site-packages\\selenium\\webdriver\\support\\wait.py:105: TimeoutException"}, "attachments": [{"name": "log", "source": "3465813e-9e57-47bd-8b37-59634dee8351-attachment.txt", "type": "text/plain"}, {"name": "stdout", "source": "89612a6a-113a-47d9-bf17-b054a53f0e96-attachment.txt", "type": "text/plain"}, {"name": "stderr", "source": "7767119d-6619-49ae-9d35-8cbaae5307ca-attachment.txt", "type": "text/plain"}], "start": 1740994606366, "stop": 1740994640309, "uuid": "14277612-d225-4e89-95b4-87378d1e404f", "historyId": "51b2ed10d7c9f8a6efe80dc9e067898f", "testCaseId": "51b2ed10d7c9f8a6efe80dc9e067898f", "fullName": "tests.recruiter_test.Jobs_test#test_jobs_page_search_functionality", "labels": [{"name": "tag", "value": "jobs_page_search_functionality"}, {"name": "tag", "value": "regression"}, {"name": "parentSuite", "value": "tests.recruiter_test"}, {"name": "suite", "value": "Jobs_test"}, {"name": "host", "value": "DESKTOP-HRHMBRL"}, {"name": "thread", "value": "2412-MainThread"}, {"name": "framework", "value": "pytest"}, {"name": "language", "value": "cpython3"}, {"name": "package", "value": "tests.recruiter_test.Jobs_test"}]}