{"name": "test_registration", "status": "broken", "statusDetails": {"message": "selenium.common.exceptions.TimeoutException: Message: \nStacktrace:\n\tGetHandleVerifier [0x00C1C203+27395]\n\t(No symbol) [0x00BB3E04]\n\t(No symbol) [0x00AB1B7F]\n\t(No symbol) [0x00AF2C65]\n\t(No symbol) [0x00AF2D3B]\n\t(No symbol) [0x00B2EC82]\n\t(No symbol) [0x00B139E4]\n\t(No symbol) [0x00B2CB24]\n\t(No symbol) [0x00B13736]\n\t(No symbol) [0x00AE7541]\n\t(No symbol) [0x00AE80BD]\n\tGetHandleVerifier [0x00ED3AB3+2876339]\n\tGetHandleVerifier [0x00F27F7D+3221629]\n\tGetHandleVerifier [0x00C9D674+556916]\n\tGetHandleVerifier [0x00CA478C+585868]\n\t(No symbol) [0x00BBCE44]\n\t(No symbol) [0x00BB9858]\n\t(No symbol) [0x00BB99F7]\n\t(No symbol) [0x00BABF4E]\n\tBaseThreadInitThunk [0x75B2FCC9+25]\n\tRtlGetAppContainerNamedObjectPath [0x77AD80CE+286]\n\tRtlGetAppContainerNamedObjectPath [0x77AD809E+238]", "trace": "env = 'dev', driver = <selenium.webdriver.chrome.webdriver.WebDriver (session=\"5f80ed9b9047ec9066de3792dc15beb3\")>, authenticated_user = None\n\n    @pytest.mark.registration\n    def test_registration(env, driver, authenticated_user):\n        logging.info(f\"environment -> {env}\")\n        login = authenticated_user\n        registration = Registration(driver)\n        driver.implicitly_wait(5)\n>       registration.registartion_name_btn.send_keys('MRIDUL')\n\ntests\\candidate_test\\registration_test.py:34: \n_ _ _ _ _ _ _ _ _ _ _ _ _ _ _ _ _ _ _ _ _ _ _ _ _ _ _ _ _ _ _ _ _ _ _ _ _ _ _ _ _ _ _ _ _ _ _ _ _ _ _ _ _ _ _ _ _ _ _ _ _ _ _ _ _ _ _ _ _ _ _ _ _ _ _ _ _ _ _ _ _ _ _ _ _ _\nPages_Candidate\\registration.py:11: in registartion_name_btn\n    return BaseElement(driver=self.driver, locator=locator)\nutils\\base_elements.py:43: in __init__\n    self.find()\nutils\\base_elements.py:49: in find\n    element = WebDriverWait(self.driver, 30).until(EC.visibility_of_element_located(locator=self.locator))\n_ _ _ _ _ _ _ _ _ _ _ _ _ _ _ _ _ _ _ _ _ _ _ _ _ _ _ _ _ _ _ _ _ _ _ _ _ _ _ _ _ _ _ _ _ _ _ _ _ _ _ _ _ _ _ _ _ _ _ _ _ _ _ _ _ _ _ _ _ _ _ _ _ _ _ _ _ _ _ _ _ _ _ _ _ _\n\nself = <selenium.webdriver.support.wait.WebDriverWait (session=\"5f80ed9b9047ec9066de3792dc15beb3\")>\nmethod = <function visibility_of_element_located.<locals>._predicate at 0x00000218FF8BD6C0>, message = ''\n\n    def until(self, method: Callable[[D], Union[Literal[False], T]], message: str = \"\") -> T:\n        \"\"\"Calls the method provided with the driver as an argument until the \\\n        return value does not evaluate to ``False``.\n    \n        :param method: callable(WebDriver)\n        :param message: optional message for :exc:`TimeoutException`\n        :returns: the result of the last call to `method`\n        :raises: :exc:`selenium.common.exceptions.TimeoutException` if timeout occurs\n        \"\"\"\n        screen = None\n        stacktrace = None\n    \n        end_time = time.monotonic() + self._timeout\n        while True:\n            try:\n                value = method(self._driver)\n                if value:\n                    return value\n            except self._ignored_exceptions as exc:\n                screen = getattr(exc, \"screen\", None)\n                stacktrace = getattr(exc, \"stacktrace\", None)\n            time.sleep(self._poll)\n            if time.monotonic() > end_time:\n                break\n>       raise TimeoutException(message, screen, stacktrace)\nE       selenium.common.exceptions.TimeoutException: Message: \nE       Stacktrace:\nE       \tGetHandleVerifier [0x00C1C203+27395]\nE       \t(No symbol) [0x00BB3E04]\nE       \t(No symbol) [0x00AB1B7F]\nE       \t(No symbol) [0x00AF2C65]\nE       \t(No symbol) [0x00AF2D3B]\nE       \t(No symbol) [0x00B2EC82]\nE       \t(No symbol) [0x00B139E4]\nE       \t(No symbol) [0x00B2CB24]\nE       \t(No symbol) [0x00B13736]\nE       \t(No symbol) [0x00AE7541]\nE       \t(No symbol) [0x00AE80BD]\nE       \tGetHandleVerifier [0x00ED3AB3+2876339]\nE       \tGetHandleVerifier [0x00F27F7D+3221629]\nE       \tGetHandleVerifier [0x00C9D674+556916]\nE       \tGetHandleVerifier [0x00CA478C+585868]\nE       \t(No symbol) [0x00BBCE44]\nE       \t(No symbol) [0x00BB9858]\nE       \t(No symbol) [0x00BB99F7]\nE       \t(No symbol) [0x00BABF4E]\nE       \tBaseThreadInitThunk [0x75B2FCC9+25]\nE       \tRtlGetAppContainerNamedObjectPath [0x77AD80CE+286]\nE       \tRtlGetAppContainerNamedObjectPath [0x77AD809E+238]\n\n..\\..\\AppData\\Local\\Programs\\Python\\Python312\\Lib\\site-packages\\selenium\\webdriver\\support\\wait.py:105: TimeoutException"}, "attachments": [{"name": "log", "source": "e7d62f92-7a8b-41eb-8aae-40400e4631f4-attachment.txt", "type": "text/plain"}, {"name": "stdout", "source": "91905426-9654-44ca-acb2-ddf30feeeb47-attachment.txt", "type": "text/plain"}, {"name": "stderr", "source": "1b7e6ff4-52b9-4784-8cae-dbc7cd868cf6-attachment.txt", "type": "text/plain"}], "start": 1721988662671, "stop": 1721988698136, "uuid": "2ce41181-d88a-4a29-a2b6-cfd8c1c730ff", "historyId": "b91bc7f231e3740fe6c0b8995a99c077", "testCaseId": "b91bc7f231e3740fe6c0b8995a99c077", "fullName": "tests.candidate_test.registration_test#test_registration", "labels": [{"name": "tag", "value": "registration"}, {"name": "parentSuite", "value": "tests.candidate_test"}, {"name": "suite", "value": "registration_test"}, {"name": "host", "value": "DESKTOP-CDJ5FU7"}, {"name": "thread", "value": "14392-MainThread"}, {"name": "framework", "value": "pytest"}, {"name": "language", "value": "cpython3"}, {"name": "package", "value": "tests.candidate_test.registration_test"}]}