{"name": "test_create_jobs", "status": "broken", "statusDetails": {"message": "selenium.common.exceptions.TimeoutException: Message: \nStacktrace:\n\tGetHandleVerifier [0x00AD0B43+25139]\n\t(No symbol) [0x00A613F4]\n\t(No symbol) [0x009404E3]\n\t(No symbol) [0x009883D7]\n\t(No symbol) [0x0098872B]\n\t(No symbol) [0x009D1002]\n\t(No symbol) [0x009AD014]\n\t(No symbol) [0x009CE778]\n\t(No symbol) [0x009ACDC6]\n\t(No symbol) [0x0097BDE9]\n\t(No symbol) [0x0097D124]\n\tGetHandleVerifier [0x00DD4373+3185251]\n\tGetHandleVerifier [0x00DF291A+3309578]\n\tGetHandleVerifier [0x00DECF42+3286578]\n\tGetHandleVerifier [0x00B67AE0+643536]\n\t(No symbol) [0x00A6A20D]\n\t(No symbol) [0x00A670B8]\n\t(No symbol) [0x00A67257]\n\t(No symbol) [0x00A59E00]\n\tBaseThreadInitThunk [0x7716FCC9+25]\n\tRtlGetAppContainerNamedObjectPath [0x77E682AE+286]\n\tRtlGetAppContainerNamedObjectPath [0x77E6827E+238]", "trace": "env = 'services', driver = <selenium.webdriver.chrome.webdriver.WebDriver (session=\"6460b1458d4fbea79d2859f07844ff6e\")>, authenticated_user_recruiter = <Page_Recruiter.login.Loginrecruiter object at 0x000002B76B219340>\n\n    @pytest.mark.regression\n    @pytest.mark.create_job\n    def test_create_jobs(env, driver, authenticated_user_recruiter):\n        logging.info(f\"environment -> {env}\")\n        login = authenticated_user_recruiter\n        logging.info(f\"Password entered\")\n    \n        # recruiter_login.hidepassword_btn.click()\n        # logging.info(f\"hide passwrd btn clicked\")\n    \n        WebDriverWait(driver, 10).until(\n            EC.element_to_be_clickable((By.XPATH, \"//span[contains(text(), 'Login')]\"))\n        )\n        #recruiter_login.login_btn.click()\n        logging.info(f\"login btn clicked\")\n        #time.sleep(5)\n>       WebDriverWait(driver, 10).until(\n            EC.visibility_of_element_located((By.XPATH, \"(//h2[text()='Private Jobs'])\"))\n        )\n\ntests\\recruiter_test\\create_job_test.py:35: \n_ _ _ _ _ _ _ _ _ _ _ _ _ _ _ _ _ _ _ _ _ _ _ _ _ _ _ _ _ _ _ _ _ _ _ _ _ _ _ _ _ _ _ _ _ _ _ _ _ _ _ _ _ _ _ _ _ _ _ _ _ _ _ _ _ _ _ _ _ _ _ _ _ _ _ _ _ _ _ _ _ _ _ _ _ _ _ _ _ _ _ _ _ _ _ _ _ _ _ _ _ _ _ _ _ _ _ _ _ _ _ _ _ _\n\nself = <selenium.webdriver.support.wait.WebDriverWait (session=\"6460b1458d4fbea79d2859f07844ff6e\")>, method = <function visibility_of_element_located.<locals>._predicate at 0x000002B76B197380>, message = ''\n\n    def until(self, method: Callable[[D], Union[Literal[False], T]], message: str = \"\") -> T:\n        \"\"\"Calls the method provided with the driver as an argument until the \\\n        return value does not evaluate to ``False``.\n    \n        :param method: callable(WebDriver)\n        :param message: optional message for :exc:`TimeoutException`\n        :returns: the result of the last call to `method`\n        :raises: :exc:`selenium.common.exceptions.TimeoutException` if timeout occurs\n        \"\"\"\n        screen = None\n        stacktrace = None\n    \n        end_time = time.monotonic() + self._timeout\n        while True:\n            try:\n                value = method(self._driver)\n                if value:\n                    return value\n            except self._ignored_exceptions as exc:\n                screen = getattr(exc, \"screen\", None)\n                stacktrace = getattr(exc, \"stacktrace\", None)\n            time.sleep(self._poll)\n            if time.monotonic() > end_time:\n                break\n>       raise TimeoutException(message, screen, stacktrace)\nE       selenium.common.exceptions.TimeoutException: Message: \nE       Stacktrace:\nE       \tGetHandleVerifier [0x00AD0B43+25139]\nE       \t(No symbol) [0x00A613F4]\nE       \t(No symbol) [0x009404E3]\nE       \t(No symbol) [0x009883D7]\nE       \t(No symbol) [0x0098872B]\nE       \t(No symbol) [0x009D1002]\nE       \t(No symbol) [0x009AD014]\nE       \t(No symbol) [0x009CE778]\nE       \t(No symbol) [0x009ACDC6]\nE       \t(No symbol) [0x0097BDE9]\nE       \t(No symbol) [0x0097D124]\nE       \tGetHandleVerifier [0x00DD4373+3185251]\nE       \tGetHandleVerifier [0x00DF291A+3309578]\nE       \tGetHandleVerifier [0x00DECF42+3286578]\nE       \tGetHandleVerifier [0x00B67AE0+643536]\nE       \t(No symbol) [0x00A6A20D]\nE       \t(No symbol) [0x00A670B8]\nE       \t(No symbol) [0x00A67257]\nE       \t(No symbol) [0x00A59E00]\nE       \tBaseThreadInitThunk [0x7716FCC9+25]\nE       \tRtlGetAppContainerNamedObjectPath [0x77E682AE+286]\nE       \tRtlGetAppContainerNamedObjectPath [0x77E6827E+238]\n\n..\\..\\..\\AppData\\Roaming\\Python\\Python312\\site-packages\\selenium\\webdriver\\support\\wait.py:105: TimeoutException"}, "attachments": [{"name": "log", "source": "cccc528d-450e-45c6-af61-21167f5308b1-attachment.txt", "type": "text/plain"}, {"name": "stdout", "source": "e1433947-6671-41ed-8a2a-74723c60c637-attachment.txt", "type": "text/plain"}, {"name": "stderr", "source": "32fde09c-a4de-4eb8-b941-8d1c10a060e6-attachment.txt", "type": "text/plain"}], "start": 1741338314361, "stop": 1741338324999, "uuid": "ccae34c7-19b7-4d19-8114-b4a187d86fe2", "historyId": "ad650e05e5fefdb7ec0c3ca23f07b908", "testCaseId": "ad650e05e5fefdb7ec0c3ca23f07b908", "fullName": "tests.recruiter_test.create_job_test#test_create_jobs", "labels": [{"name": "tag", "value": "create_job"}, {"name": "tag", "value": "regression"}, {"name": "parentSuite", "value": "tests.recruiter_test"}, {"name": "suite", "value": "create_job_test"}, {"name": "host", "value": "DESKTOP-HRHMBRL"}, {"name": "thread", "value": "11260-MainThread"}, {"name": "framework", "value": "pytest"}, {"name": "language", "value": "cpython3"}, {"name": "package", "value": "tests.recruiter_test.create_job_test"}]}