{"name": "test_registration", "status": "broken", "statusDetails": {"message": "selenium.common.exceptions.TimeoutException: Message: \nStacktrace:\n\tGetHandleVerifier [0x00A5C203+27395]\n\t(No symbol) [0x009F3E04]\n\t(No symbol) [0x008F1B7F]\n\t(No symbol) [0x00932C65]\n\t(No symbol) [0x00932D3B]\n\t(No symbol) [0x0096EC82]\n\t(No symbol) [0x009539E4]\n\t(No symbol) [0x0096CB24]\n\t(No symbol) [0x00953736]\n\t(No symbol) [0x00927541]\n\t(No symbol) [0x009280BD]\n\tGetHandleVerifier [0x00D13AB3+2876339]\n\tGetHandleVerifier [0x00D67F7D+3221629]\n\tGetHandleVerifier [0x00ADD674+556916]\n\tGetHandleVerifier [0x00AE478C+585868]\n\t(No symbol) [0x009FCE44]\n\t(No symbol) [0x009F9858]\n\t(No symbol) [0x009F99F7]\n\t(No symbol) [0x009EBF4E]\n\tBaseThreadInitThunk [0x7703FCC9+25]\n\tRtlGetAppContainerNamedObjectPath [0x77C980CE+286]\n\tRtlGetAppContainerNamedObjectPath [0x77C9809E+238]", "trace": "env = 'pilot', driver = <selenium.webdriver.chrome.webdriver.WebDriver (session=\"fef277a6d250a82866f8376b7fba68b0\")>, authenticated_user = None\n\n    @pytest.mark.registration\n    def test_registration(env, driver,authenticated_user):\n        logging.info(f\"environment -> {env}\")\n        login = authenticated_user\n        registration = Registration(driver)\n        driver.implicitly_wait(5)\n>       registration.registartion_name_btn.send_keys('MRIDUL')\n\ntests\\candidate_test\\registration_test.py:22: \n_ _ _ _ _ _ _ _ _ _ _ _ _ _ _ _ _ _ _ _ _ _ _ _ _ _ _ _ _ _ _ _ _ _ _ _ _ _ _ _ _ _ _ _ _ _ _ _ _ _ _ _ _ _ _ _ _ _ _ _ _ _ _ _ _ _ _ _ _ _ _ _ _ _\nPages_Candidate\\registration.py:11: in registartion_name_btn\n    return BaseElement(driver=self.driver, locator=locator)\nutils\\base_elements.py:43: in __init__\n    self.find()\nutils\\base_elements.py:49: in find\n    element = WebDriverWait(self.driver, 30).until(EC.visibility_of_element_located(locator=self.locator))\n_ _ _ _ _ _ _ _ _ _ _ _ _ _ _ _ _ _ _ _ _ _ _ _ _ _ _ _ _ _ _ _ _ _ _ _ _ _ _ _ _ _ _ _ _ _ _ _ _ _ _ _ _ _ _ _ _ _ _ _ _ _ _ _ _ _ _ _ _ _ _ _ _ _\n\nself = <selenium.webdriver.support.wait.WebDriverWait (session=\"fef277a6d250a82866f8376b7fba68b0\")>\nmethod = <function visibility_of_element_located.<locals>._predicate at 0x000001991758D1C0>, message = ''\n\n    def until(self, method: Callable[[D], Union[Literal[False], T]], message: str = \"\") -> T:\n        \"\"\"Calls the method provided with the driver as an argument until the \\\n        return value does not evaluate to ``False``.\n    \n        :param method: callable(WebDriver)\n        :param message: optional message for :exc:`TimeoutException`\n        :returns: the result of the last call to `method`\n        :raises: :exc:`selenium.common.exceptions.TimeoutException` if timeout occurs\n        \"\"\"\n        screen = None\n        stacktrace = None\n    \n        end_time = time.monotonic() + self._timeout\n        while True:\n            try:\n                value = method(self._driver)\n                if value:\n                    return value\n            except self._ignored_exceptions as exc:\n                screen = getattr(exc, \"screen\", None)\n                stacktrace = getattr(exc, \"stacktrace\", None)\n            time.sleep(self._poll)\n            if time.monotonic() > end_time:\n                break\n>       raise TimeoutException(message, screen, stacktrace)\nE       selenium.common.exceptions.TimeoutException: Message: \nE       Stacktrace:\nE       \tGetHandleVerifier [0x00A5C203+27395]\nE       \t(No symbol) [0x009F3E04]\nE       \t(No symbol) [0x008F1B7F]\nE       \t(No symbol) [0x00932C65]\nE       \t(No symbol) [0x00932D3B]\nE       \t(No symbol) [0x0096EC82]\nE       \t(No symbol) [0x009539E4]\nE       \t(No symbol) [0x0096CB24]\nE       \t(No symbol) [0x00953736]\nE       \t(No symbol) [0x00927541]\nE       \t(No symbol) [0x009280BD]\nE       \tGetHandleVerifier [0x00D13AB3+2876339]\nE       \tGetHandleVerifier [0x00D67F7D+3221629]\nE       \tGetHandleVerifier [0x00ADD674+556916]\nE       \tGetHandleVerifier [0x00AE478C+585868]\nE       \t(No symbol) [0x009FCE44]\nE       \t(No symbol) [0x009F9858]\nE       \t(No symbol) [0x009F99F7]\nE       \t(No symbol) [0x009EBF4E]\nE       \tBaseThreadInitThunk [0x7703FCC9+25]\nE       \tRtlGetAppContainerNamedObjectPath [0x77C980CE+286]\nE       \tRtlGetAppContainerNamedObjectPath [0x77C9809E+238]\n\nvenv\\Lib\\site-packages\\selenium\\webdriver\\support\\wait.py:105: TimeoutException"}, "attachments": [{"name": "log", "source": "04cfab58-7312-4669-9c9d-f28a2222718e-attachment.txt", "type": "text/plain"}, {"name": "stdout", "source": "98d414c3-5e31-4bd8-9dd4-45a0688e1b2f-attachment.txt", "type": "text/plain"}, {"name": "stderr", "source": "01fcfedd-51dc-4d07-b22b-6d0c198cadea-attachment.txt", "type": "text/plain"}], "start": 1721734861056, "stop": 1721734894379, "uuid": "e2b298bd-89b3-45be-b684-6f51e30fd57f", "historyId": "b91bc7f231e3740fe6c0b8995a99c077", "testCaseId": "b91bc7f231e3740fe6c0b8995a99c077", "fullName": "tests.candidate_test.registration_test#test_registration", "labels": [{"name": "tag", "value": "registration"}, {"name": "parentSuite", "value": "tests.candidate_test"}, {"name": "suite", "value": "registration_test"}, {"name": "host", "value": "DESKTOP-CDJ5FU7"}, {"name": "thread", "value": "9184-MainThread"}, {"name": "framework", "value": "pytest"}, {"name": "language", "value": "cpython3"}, {"name": "package", "value": "tests.candidate_test.registration_test"}]}