{"name": "test_jobs_page_duplicate_job", "status": "broken", "statusDetails": {"message": "selenium.common.exceptions.TimeoutException: Message: \nStacktrace:\n\tGetHandleVerifier [0x009A0B43+25139]\n\t(No symbol) [0x009313F4]\n\t(No symbol) [0x008104E3]\n\t(No symbol) [0x008583D7]\n\t(No symbol) [0x0085872B]\n\t(No symbol) [0x008A1002]\n\t(No symbol) [0x0087D014]\n\t(No symbol) [0x0089E778]\n\t(No symbol) [0x0087CDC6]\n\t(No symbol) [0x0084BDE9]\n\t(No symbol) [0x0084D124]\n\tGetHandleVerifier [0x00CA4373+3185251]\n\tGetHandleVerifier [0x00CC291A+3309578]\n\tGetHandleVerifier [0x00CBCF42+3286578]\n\tGetHandleVerifier [0x00A37AE0+643536]\n\t(No symbol) [0x0093A20D]\n\t(No symbol) [0x009370B8]\n\t(No symbol) [0x00937257]\n\t(No symbol) [0x00929E00]\n\tBaseThreadInitThunk [0x7716FCC9+25]\n\tRtlGetAppContainerNamedObjectPath [0x77E682AE+286]\n\tRtlGetAppContainerNamedObjectPath [0x77E6827E+238]", "trace": "env = 'dev', driver = <selenium.webdriver.chrome.webdriver.WebDriver (session=\"d54b8505080cca6d0aa3e30cd8c605c1\")>, authenticated_user_recruiter = <Page_Recruiter.login.Loginrecruiter object at 0x000001D03FC60B30>\n\n    @pytest.mark.regression\n    @pytest.mark.jobs_page_duplicate_job\n    def test_jobs_page_duplicate_job(env, driver, authenticated_user_recruiter):\n        logging.info(f\"environment -> {env}\")\n        logging.info(f\"logged in\")\n        WebDriverWait(driver, 15).until(\n            EC.visibility_of_element_located((By.CSS_SELECTOR, \"body > div:nth-child(1) > div:nth-child(3) > div:nth-child(3) > div:nth-child(3) > div:nth-child(1) > div:nth-child(1)\"))\n        )\n        jobs_page = Jobs(driver)\n        jobs_page.jobs_btn.click()\n        assert_that(jobs_page.jobs_card.is_element_visible()).is_true()\n        jobs_page.job_card_ellipsis.double_click()\n        logging.info(\"ellipsis clicked\")\n        jobs_page.duplicatejob.click()\n>       assert_that(jobs_page.duplicatejob_popup.is_element_visible()).is_true()\n\ntests\\recruiter_test\\Jobs_test.py:680: \n_ _ _ _ _ _ _ _ _ _ _ _ _ _ _ _ _ _ _ _ _ _ _ _ _ _ _ _ _ _ _ _ _ _ _ _ _ _ _ _ _ _ _ _ _ _ _ _ _ _ _ _ _ _ _ _ _ _ _ _ _ _ _ _ _ _ _ _ _ _ _ _ _ _ _ _ _ _ _ _ _ _ _ _ _ _ _ _ _ _ _ _ _ _ _ _ _ _ _ _ _ _ _ _ _ _ _ _ _ _ _ _ _ _\nPage_Recruiter\\Jobs_page.py:126: in duplicatejob_popup\n    return BaseElement(driver=self.driver, locator=locator)\nutils\\base_elements.py:43: in __init__\n    self.find()\nutils\\base_elements.py:49: in find\n    element = WebDriverWait(self.driver, 30).until(EC.visibility_of_element_located(locator=self.locator))\n_ _ _ _ _ _ _ _ _ _ _ _ _ _ _ _ _ _ _ _ _ _ _ _ _ _ _ _ _ _ _ _ _ _ _ _ _ _ _ _ _ _ _ _ _ _ _ _ _ _ _ _ _ _ _ _ _ _ _ _ _ _ _ _ _ _ _ _ _ _ _ _ _ _ _ _ _ _ _ _ _ _ _ _ _ _ _ _ _ _ _ _ _ _ _ _ _ _ _ _ _ _ _ _ _ _ _ _ _ _ _ _ _ _\n\nself = <selenium.webdriver.support.wait.WebDriverWait (session=\"d54b8505080cca6d0aa3e30cd8c605c1\")>, method = <function visibility_of_element_located.<locals>._predicate at 0x000001D03FC64F40>, message = ''\n\n    def until(self, method: Callable[[D], Union[Literal[False], T]], message: str = \"\") -> T:\n        \"\"\"Calls the method provided with the driver as an argument until the \\\n        return value does not evaluate to ``False``.\n    \n        :param method: callable(WebDriver)\n        :param message: optional message for :exc:`TimeoutException`\n        :returns: the result of the last call to `method`\n        :raises: :exc:`selenium.common.exceptions.TimeoutException` if timeout occurs\n        \"\"\"\n        screen = None\n        stacktrace = None\n    \n        end_time = time.monotonic() + self._timeout\n        while True:\n            try:\n                value = method(self._driver)\n                if value:\n                    return value\n            except self._ignored_exceptions as exc:\n                screen = getattr(exc, \"screen\", None)\n                stacktrace = getattr(exc, \"stacktrace\", None)\n            time.sleep(self._poll)\n            if time.monotonic() > end_time:\n                break\n>       raise TimeoutException(message, screen, stacktrace)\nE       selenium.common.exceptions.TimeoutException: Message: \nE       Stacktrace:\nE       \tGetHandleVerifier [0x009A0B43+25139]\nE       \t(No symbol) [0x009313F4]\nE       \t(No symbol) [0x008104E3]\nE       \t(No symbol) [0x008583D7]\nE       \t(No symbol) [0x0085872B]\nE       \t(No symbol) [0x008A1002]\nE       \t(No symbol) [0x0087D014]\nE       \t(No symbol) [0x0089E778]\nE       \t(No symbol) [0x0087CDC6]\nE       \t(No symbol) [0x0084BDE9]\nE       \t(No symbol) [0x0084D124]\nE       \tGetHandleVerifier [0x00CA4373+3185251]\nE       \tGetHandleVerifier [0x00CC291A+3309578]\nE       \tGetHandleVerifier [0x00CBCF42+3286578]\nE       \tGetHandleVerifier [0x00A37AE0+643536]\nE       \t(No symbol) [0x0093A20D]\nE       \t(No symbol) [0x009370B8]\nE       \t(No symbol) [0x00937257]\nE       \t(No symbol) [0x00929E00]\nE       \tBaseThreadInitThunk [0x7716FCC9+25]\nE       \tRtlGetAppContainerNamedObjectPath [0x77E682AE+286]\nE       \tRtlGetAppContainerNamedObjectPath [0x77E6827E+238]\n\n..\\..\\..\\AppData\\Roaming\\Python\\Python312\\site-packages\\selenium\\webdriver\\support\\wait.py:105: TimeoutException"}, "attachments": [{"name": "log", "source": "f112ce31-b5f3-4bd9-ba28-08cfc84de062-attachment.txt", "type": "text/plain"}, {"name": "stdout", "source": "61111608-c28b-490c-959a-1991ff8ed3f7-attachment.txt", "type": "text/plain"}, {"name": "stderr", "source": "47fbf255-8b0b-4709-ac12-ce8189c7c9ce-attachment.txt", "type": "text/plain"}], "start": 1741254176447, "stop": 1741254221261, "uuid": "ea0d22ef-897f-4beb-ad22-2d7dcb02a115", "historyId": "c028c519bbc5dba25b8c0680328a52a2", "testCaseId": "c028c519bbc5dba25b8c0680328a52a2", "fullName": "tests.recruiter_test.Jobs_test#test_jobs_page_duplicate_job", "labels": [{"name": "tag", "value": "jobs_page_duplicate_job"}, {"name": "tag", "value": "regression"}, {"name": "parentSuite", "value": "tests.recruiter_test"}, {"name": "suite", "value": "Jobs_test"}, {"name": "host", "value": "DESKTOP-HRHMBRL"}, {"name": "thread", "value": "11916-MainThread"}, {"name": "framework", "value": "pytest"}, {"name": "language", "value": "cpython3"}, {"name": "package", "value": "tests.recruiter_test.Jobs_test"}]}