{"name": "test_login", "status": "broken", "statusDetails": {"message": "selenium.common.exceptions.TimeoutException: Message: \nStacktrace:\n\tGetHandleVerifier [0x00C1C203+27395]\n\t(No symbol) [0x00BB3E04]\n\t(No symbol) [0x00AB1B7F]\n\t(No symbol) [0x00AF2C65]\n\t(No symbol) [0x00AF2D3B]\n\t(No symbol) [0x00B2EC82]\n\t(No symbol) [0x00B139E4]\n\t(No symbol) [0x00B2CB24]\n\t(No symbol) [0x00B13736]\n\t(No symbol) [0x00AE7541]\n\t(No symbol) [0x00AE80BD]\n\tGetHandleVerifier [0x00ED3AB3+2876339]\n\tGetHandleVerifier [0x00F27F7D+3221629]\n\tGetHandleVerifier [0x00C9D674+556916]\n\tGetHandleVerifier [0x00CA478C+585868]\n\t(No symbol) [0x00BBCE44]\n\t(No symbol) [0x00BB9858]\n\t(No symbol) [0x00BB99F7]\n\t(No symbol) [0x00BABF4E]\n\tBaseThreadInitThunk [0x75B2FCC9+25]\n\tRtlGetAppContainerNamedObjectPath [0x77AD80CE+286]\n\tRtlGetAppContainerNamedObjectPath [0x77AD809E+238]", "trace": "env = 'dev', driver = <selenium.webdriver.chrome.webdriver.WebDriver (session=\"adffd1e8fbccbfb6371d39735ab858b2\")>, authenticated_user = None\n\n    @pytest.mark.login\n    def test_login(env, driver, authenticated_user):\n        logging.info(f\"environment -> {env}\")\n        login = authenticated_user\n        Pagelogin = Login(driver)\n        Pagelogin.login_btn.click()\n        # driver.implicitly_wait(2)\n        time.sleep(3)\n        Pagelogin.name_btn.send_keys('Mridul')\n        Pagelogin.phonenumber_btn.send_keys('7503078450')\n        Pagelogin.sendotp_btn.click()\n        time.sleep(5)\n        Pagelogin.Sendingotp_text.send_keys('000000')\n        Pagelogin.submitotp_btn.click()\n        time.sleep(7)\n>       explore_text = Pagelogin.exploretext.get_text()\n\ntests\\candidate_test\\login_test.py:30: \n_ _ _ _ _ _ _ _ _ _ _ _ _ _ _ _ _ _ _ _ _ _ _ _ _ _ _ _ _ _ _ _ _ _ _ _ _ _ _ _ _ _ _ _ _ _ _ _ _ _ _ _ _ _ _ _ _ _ _ _ _ _ _ _ _ _ _ _ _ _ _ _ _ _ _ _ _ _ _ _ _ _ _ _ _ _\nPages_Candidate\\login.py:36: in exploretext\n    return BaseElement(driver=self.driver, locator=locator)\nutils\\base_elements.py:43: in __init__\n    self.find()\nutils\\base_elements.py:49: in find\n    element = WebDriverWait(self.driver, 30).until(EC.visibility_of_element_located(locator=self.locator))\n_ _ _ _ _ _ _ _ _ _ _ _ _ _ _ _ _ _ _ _ _ _ _ _ _ _ _ _ _ _ _ _ _ _ _ _ _ _ _ _ _ _ _ _ _ _ _ _ _ _ _ _ _ _ _ _ _ _ _ _ _ _ _ _ _ _ _ _ _ _ _ _ _ _ _ _ _ _ _ _ _ _ _ _ _ _\n\nself = <selenium.webdriver.support.wait.WebDriverWait (session=\"adffd1e8fbccbfb6371d39735ab858b2\")>\nmethod = <function visibility_of_element_located.<locals>._predicate at 0x000001D155DC6F20>, message = ''\n\n    def until(self, method: Callable[[D], Union[Literal[False], T]], message: str = \"\") -> T:\n        \"\"\"Calls the method provided with the driver as an argument until the \\\n        return value does not evaluate to ``False``.\n    \n        :param method: callable(WebDriver)\n        :param message: optional message for :exc:`TimeoutException`\n        :returns: the result of the last call to `method`\n        :raises: :exc:`selenium.common.exceptions.TimeoutException` if timeout occurs\n        \"\"\"\n        screen = None\n        stacktrace = None\n    \n        end_time = time.monotonic() + self._timeout\n        while True:\n            try:\n                value = method(self._driver)\n                if value:\n                    return value\n            except self._ignored_exceptions as exc:\n                screen = getattr(exc, \"screen\", None)\n                stacktrace = getattr(exc, \"stacktrace\", None)\n            time.sleep(self._poll)\n            if time.monotonic() > end_time:\n                break\n>       raise TimeoutException(message, screen, stacktrace)\nE       selenium.common.exceptions.TimeoutException: Message: \nE       Stacktrace:\nE       \tGetHandleVerifier [0x00C1C203+27395]\nE       \t(No symbol) [0x00BB3E04]\nE       \t(No symbol) [0x00AB1B7F]\nE       \t(No symbol) [0x00AF2C65]\nE       \t(No symbol) [0x00AF2D3B]\nE       \t(No symbol) [0x00B2EC82]\nE       \t(No symbol) [0x00B139E4]\nE       \t(No symbol) [0x00B2CB24]\nE       \t(No symbol) [0x00B13736]\nE       \t(No symbol) [0x00AE7541]\nE       \t(No symbol) [0x00AE80BD]\nE       \tGetHandleVerifier [0x00ED3AB3+2876339]\nE       \tGetHandleVerifier [0x00F27F7D+3221629]\nE       \tGetHandleVerifier [0x00C9D674+556916]\nE       \tGetHandleVerifier [0x00CA478C+585868]\nE       \t(No symbol) [0x00BBCE44]\nE       \t(No symbol) [0x00BB9858]\nE       \t(No symbol) [0x00BB99F7]\nE       \t(No symbol) [0x00BABF4E]\nE       \tBaseThreadInitThunk [0x75B2FCC9+25]\nE       \tRtlGetAppContainerNamedObjectPath [0x77AD80CE+286]\nE       \tRtlGetAppContainerNamedObjectPath [0x77AD809E+238]\n\n..\\..\\AppData\\Local\\Programs\\Python\\Python312\\Lib\\site-packages\\selenium\\webdriver\\support\\wait.py:105: TimeoutException"}, "attachments": [{"name": "log", "source": "0c1534a3-a8b7-4710-bff8-4bdf7031c9ae-attachment.txt", "type": "text/plain"}, {"name": "stdout", "source": "ea67343d-5002-46c0-8b96-676ddae291cd-attachment.txt", "type": "text/plain"}, {"name": "stderr", "source": "d10b0eb8-96bc-45e9-810b-77bb60418a0d-attachment.txt", "type": "text/plain"}], "start": 1721989731331, "stop": 1721989778590, "uuid": "3180fab5-e9d4-4fbb-8c71-1262fec58872", "historyId": "86b1e9db321c90658f175e0a246d262f", "testCaseId": "86b1e9db321c90658f175e0a246d262f", "fullName": "tests.candidate_test.login_test#test_login", "labels": [{"name": "tag", "value": "login"}, {"name": "parentSuite", "value": "tests.candidate_test"}, {"name": "suite", "value": "login_test"}, {"name": "host", "value": "DESKTOP-CDJ5FU7"}, {"name": "thread", "value": "5988-MainThread"}, {"name": "framework", "value": "pytest"}, {"name": "language", "value": "cpython3"}, {"name": "package", "value": "tests.candidate_test.login_test"}]}