{"name": "test_viewuploadedresume", "status": "broken", "statusDetails": {"message": "selenium.common.exceptions.TimeoutException: Message: \nStacktrace:\n\tGetHandleVerifier [0x00E7C203+27395]\n\t(No symbol) [0x00E13E04]\n\t(No symbol) [0x00D11B7F]\n\t(No symbol) [0x00D52C65]\n\t(No symbol) [0x00D52D3B]\n\t(No symbol) [0x00D8EC82]\n\t(No symbol) [0x00D739E4]\n\t(No symbol) [0x00D8CB24]\n\t(No symbol) [0x00D73736]\n\t(No symbol) [0x00D47541]\n\t(No symbol) [0x00D480BD]\n\tGetHandleVerifier [0x01133AB3+2876339]\n\tGetHandleVerifier [0x01187F7D+3221629]\n\tGetHandleVerifier [0x00EFD674+556916]\n\tGetHandleVerifier [0x00F0478C+585868]\n\t(No symbol) [0x00E1CE44]\n\t(No symbol) [0x00E19858]\n\t(No symbol) [0x00E199F7]\n\t(No symbol) [0x00E0BF4E]\n\tBaseThreadInitThunk [0x75B2FCC9+25]\n\tRtlGetAppContainerNamedObjectPath [0x77AD80CE+286]\n\tRtlGetAppContainerNamedObjectPath [0x77AD809E+238]", "trace": "env = 'dev', authenticated_user = None, driver = <selenium.webdriver.chrome.webdriver.WebDriver (session=\"25834dcf81b65bd37b3a50924ec79a19\")>\n\n    @pytest.mark.viewuploadedresume\n    def test_viewuploadedresume(env, authenticated_user, driver):\n        logging.info(f\"environment -> {env}\")\n        login = authenticated_user\n        userinfo = Userprofile(driver)\n        Pagelogin = Login(driver)\n        Pagelogin.login_btn.click()\n        # driver.implicitly_wait(2)\n        time.sleep(3)\n        Pagelogin.name_btn.send_keys('Mridul')\n        Pagelogin.phonenumber_btn.send_keys('7503078450')\n        Pagelogin.sendotp_btn.click()\n        time.sleep(5)\n        Pagelogin.Sendingotp_text.send_keys('000000')\n        Pagelogin.submitotp_btn.click()\n        time.sleep(2)\n        userinfo.profileicon_btn.click()\n        time.sleep(5)\n        userinfo.selectingprofileicon_btn.click()\n        time.sleep(5)\n        userinfo.edit_resume_btn.click()\n        time.sleep(5)\n        userinfo.choose_Resume_from_device_btn.click()\n        time.sleep(2)\n        my_image_path = r'Downloads\\Resumetest'\n        pyautogui.write(my_image_path)\n        pyautogui.press(\"enter\")\n        time.sleep(4)\n        userinfo.save_resume_btn.click()\n        time.sleep(4)\n>       userinfo.view_resume_btn.click()\n\ntests\\candidate_test\\Userprofile_test.py:344: \n_ _ _ _ _ _ _ _ _ _ _ _ _ _ _ _ _ _ _ _ _ _ _ _ _ _ _ _ _ _ _ _ _ _ _ _ _ _ _ _ _ _ _ _ _ _ _ _ _ _ _ _ _ _ _ _ _ _ _ _ _ _ _ _ _ _ _ _ _ _ _ _ _ _ _ _ _ _ _ _ _ _ _ _ _ _\nPages_Candidate\\Userprofile.py:202: in view_resume_btn\n    return BaseElement(driver=self.driver, locator=locator)\nutils\\base_elements.py:43: in __init__\n    self.find()\nutils\\base_elements.py:49: in find\n    element = WebDriverWait(self.driver, 30).until(EC.visibility_of_element_located(locator=self.locator))\n_ _ _ _ _ _ _ _ _ _ _ _ _ _ _ _ _ _ _ _ _ _ _ _ _ _ _ _ _ _ _ _ _ _ _ _ _ _ _ _ _ _ _ _ _ _ _ _ _ _ _ _ _ _ _ _ _ _ _ _ _ _ _ _ _ _ _ _ _ _ _ _ _ _ _ _ _ _ _ _ _ _ _ _ _ _\n\nself = <selenium.webdriver.support.wait.WebDriverWait (session=\"25834dcf81b65bd37b3a50924ec79a19\")>\nmethod = <function visibility_of_element_located.<locals>._predicate at 0x0000022710036FC0>, message = ''\n\n    def until(self, method: Callable[[D], Union[Literal[False], T]], message: str = \"\") -> T:\n        \"\"\"Calls the method provided with the driver as an argument until the \\\n        return value does not evaluate to ``False``.\n    \n        :param method: callable(WebDriver)\n        :param message: optional message for :exc:`TimeoutException`\n        :returns: the result of the last call to `method`\n        :raises: :exc:`selenium.common.exceptions.TimeoutException` if timeout occurs\n        \"\"\"\n        screen = None\n        stacktrace = None\n    \n        end_time = time.monotonic() + self._timeout\n        while True:\n            try:\n                value = method(self._driver)\n                if value:\n                    return value\n            except self._ignored_exceptions as exc:\n                screen = getattr(exc, \"screen\", None)\n                stacktrace = getattr(exc, \"stacktrace\", None)\n            time.sleep(self._poll)\n            if time.monotonic() > end_time:\n                break\n>       raise TimeoutException(message, screen, stacktrace)\nE       selenium.common.exceptions.TimeoutException: Message: \nE       Stacktrace:\nE       \tGetHandleVerifier [0x00E7C203+27395]\nE       \t(No symbol) [0x00E13E04]\nE       \t(No symbol) [0x00D11B7F]\nE       \t(No symbol) [0x00D52C65]\nE       \t(No symbol) [0x00D52D3B]\nE       \t(No symbol) [0x00D8EC82]\nE       \t(No symbol) [0x00D739E4]\nE       \t(No symbol) [0x00D8CB24]\nE       \t(No symbol) [0x00D73736]\nE       \t(No symbol) [0x00D47541]\nE       \t(No symbol) [0x00D480BD]\nE       \tGetHandleVerifier [0x01133AB3+2876339]\nE       \tGetHandleVerifier [0x01187F7D+3221629]\nE       \tGetHandleVerifier [0x00EFD674+556916]\nE       \tGetHandleVerifier [0x00F0478C+585868]\nE       \t(No symbol) [0x00E1CE44]\nE       \t(No symbol) [0x00E19858]\nE       \t(No symbol) [0x00E199F7]\nE       \t(No symbol) [0x00E0BF4E]\nE       \tBaseThreadInitThunk [0x75B2FCC9+25]\nE       \tRtlGetAppContainerNamedObjectPath [0x77AD80CE+286]\nE       \tRtlGetAppContainerNamedObjectPath [0x77AD809E+238]\n\n..\\..\\AppData\\Local\\Programs\\Python\\Python312\\Lib\\site-packages\\selenium\\webdriver\\support\\wait.py:105: TimeoutException"}, "attachments": [{"name": "log", "source": "9e1586d1-7100-4bb1-ad13-0320a52c007e-attachment.txt", "type": "text/plain"}, {"name": "stdout", "source": "278b9d97-29fe-4529-8634-0bcfd93bee49-attachment.txt", "type": "text/plain"}, {"name": "stderr", "source": "b224729e-78ca-4bdc-900b-1b894a441cda-attachment.txt", "type": "text/plain"}], "start": 1722498617049, "stop": 1722498684842, "uuid": "a1152119-2651-4cc6-82ad-b0b75a8490e5", "historyId": "f46c7698aa0c4ed36596e95443dc080a", "testCaseId": "f46c7698aa0c4ed36596e95443dc080a", "fullName": "tests.candidate_test.Userprofile_test#test_viewuploadedresume", "labels": [{"name": "tag", "value": "viewuploadedresume"}, {"name": "parentSuite", "value": "tests.candidate_test"}, {"name": "suite", "value": "Userprofile_test"}, {"name": "host", "value": "DESKTOP-CDJ5FU7"}, {"name": "thread", "value": "3188-MainThread"}, {"name": "framework", "value": "pytest"}, {"name": "language", "value": "cpython3"}, {"name": "package", "value": "tests.candidate_test.Userprofile_test"}]}