{"name": "test_uploadimagefromdevice", "status": "broken", "statusDetails": {"message": "selenium.common.exceptions.TimeoutException: Message: \nStacktrace:\n\tGetHandleVerifier [0x00F9C203+27395]\n\t(No symbol) [0x00F33E04]\n\t(No symbol) [0x00E31B7F]\n\t(No symbol) [0x00E72C65]\n\t(No symbol) [0x00E72D3B]\n\t(No symbol) [0x00EAEC82]\n\t(No symbol) [0x00E939E4]\n\t(No symbol) [0x00EACB24]\n\t(No symbol) [0x00E93736]\n\t(No symbol) [0x00E67541]\n\t(No symbol) [0x00E680BD]\n\tGetHandleVerifier [0x01253AB3+2876339]\n\tGetHandleVerifier [0x012A7F7D+3221629]\n\tGetHandleVerifier [0x0101D674+556916]\n\tGetHandleVerifier [0x0102478C+585868]\n\t(No symbol) [0x00F3CE44]\n\t(No symbol) [0x00F39858]\n\t(No symbol) [0x00F399F7]\n\t(No symbol) [0x00F2BF4E]\n\tBaseThreadInitThunk [0x75B2FCC9+25]\n\tRtlGetAppContainerNamedObjectPath [0x77AD80CE+286]\n\tRtlGetAppContainerNamedObjectPath [0x77AD809E+238]", "trace": "env = 'dev', authenticated_user = None, driver = <selenium.webdriver.chrome.webdriver.WebDriver (session=\"7e6af19d67541a9e20a5b78acbb47b12\")>\n\n    @pytest.mark.uploadimagefromdevice\n    def test_uploadimagefromdevice(env, authenticated_user, driver):\n        logging.info(f\"environment -> {env}\")\n        login = authenticated_user\n        userinfo = Userprofile(driver)\n        Pagelogin = Login(driver)\n>       Pagelogin.login_btn.click()\n\ntests\\candidate_test\\Userprofile_test.py:106: \n_ _ _ _ _ _ _ _ _ _ _ _ _ _ _ _ _ _ _ _ _ _ _ _ _ _ _ _ _ _ _ _ _ _ _ _ _ _ _ _ _ _ _ _ _ _ _ _ _ _ _ _ _ _ _ _ _ _ _ _ _ _ _ _ _ _ _ _ _ _ _ _ _ _ _ _ _ _ _ _ _ _ _ _ _ _\nPages_Candidate\\login.py:11: in login_btn\n    return BaseElement(driver=self.driver, locator=locator)\nutils\\base_elements.py:43: in __init__\n    self.find()\nutils\\base_elements.py:49: in find\n    element = WebDriverWait(self.driver, 30).until(EC.visibility_of_element_located(locator=self.locator))\n_ _ _ _ _ _ _ _ _ _ _ _ _ _ _ _ _ _ _ _ _ _ _ _ _ _ _ _ _ _ _ _ _ _ _ _ _ _ _ _ _ _ _ _ _ _ _ _ _ _ _ _ _ _ _ _ _ _ _ _ _ _ _ _ _ _ _ _ _ _ _ _ _ _ _ _ _ _ _ _ _ _ _ _ _ _\n\nself = <selenium.webdriver.support.wait.WebDriverWait (session=\"7e6af19d67541a9e20a5b78acbb47b12\")>\nmethod = <function visibility_of_element_located.<locals>._predicate at 0x0000025ACB080AE0>, message = ''\n\n    def until(self, method: Callable[[D], Union[Literal[False], T]], message: str = \"\") -> T:\n        \"\"\"Calls the method provided with the driver as an argument until the \\\n        return value does not evaluate to ``False``.\n    \n        :param method: callable(WebDriver)\n        :param message: optional message for :exc:`TimeoutException`\n        :returns: the result of the last call to `method`\n        :raises: :exc:`selenium.common.exceptions.TimeoutException` if timeout occurs\n        \"\"\"\n        screen = None\n        stacktrace = None\n    \n        end_time = time.monotonic() + self._timeout\n        while True:\n            try:\n                value = method(self._driver)\n                if value:\n                    return value\n            except self._ignored_exceptions as exc:\n                screen = getattr(exc, \"screen\", None)\n                stacktrace = getattr(exc, \"stacktrace\", None)\n            time.sleep(self._poll)\n            if time.monotonic() > end_time:\n                break\n>       raise TimeoutException(message, screen, stacktrace)\nE       selenium.common.exceptions.TimeoutException: Message: \nE       Stacktrace:\nE       \tGetHandleVerifier [0x00F9C203+27395]\nE       \t(No symbol) [0x00F33E04]\nE       \t(No symbol) [0x00E31B7F]\nE       \t(No symbol) [0x00E72C65]\nE       \t(No symbol) [0x00E72D3B]\nE       \t(No symbol) [0x00EAEC82]\nE       \t(No symbol) [0x00E939E4]\nE       \t(No symbol) [0x00EACB24]\nE       \t(No symbol) [0x00E93736]\nE       \t(No symbol) [0x00E67541]\nE       \t(No symbol) [0x00E680BD]\nE       \tGetHandleVerifier [0x01253AB3+2876339]\nE       \tGetHandleVerifier [0x012A7F7D+3221629]\nE       \tGetHandleVerifier [0x0101D674+556916]\nE       \tGetHandleVerifier [0x0102478C+585868]\nE       \t(No symbol) [0x00F3CE44]\nE       \t(No symbol) [0x00F39858]\nE       \t(No symbol) [0x00F399F7]\nE       \t(No symbol) [0x00F2BF4E]\nE       \tBaseThreadInitThunk [0x75B2FCC9+25]\nE       \tRtlGetAppContainerNamedObjectPath [0x77AD80CE+286]\nE       \tRtlGetAppContainerNamedObjectPath [0x77AD809E+238]\n\n..\\..\\AppData\\Local\\Programs\\Python\\Python312\\Lib\\site-packages\\selenium\\webdriver\\support\\wait.py:105: TimeoutException"}, "attachments": [{"name": "log", "source": "b40fbedc-dd79-460a-b42f-44f24ed3b85e-attachment.txt", "type": "text/plain"}, {"name": "stdout", "source": "43181167-b149-465b-9e1b-96e9891840b7-attachment.txt", "type": "text/plain"}, {"name": "stderr", "source": "058066e5-dce3-47d6-be39-0f4cb099124f-attachment.txt", "type": "text/plain"}], "start": 1722844178276, "stop": 1722844209878, "uuid": "9e747f7a-3fda-412b-9cc5-12edcff92cea", "historyId": "026348c59afb68127e00285f0581c608", "testCaseId": "026348c59afb68127e00285f0581c608", "fullName": "tests.candidate_test.Userprofile_test#test_uploadimagefromdevice", "labels": [{"name": "tag", "value": "uploadimagefromdevice"}, {"name": "parentSuite", "value": "tests.candidate_test"}, {"name": "suite", "value": "Userprofile_test"}, {"name": "host", "value": "DESKTOP-CDJ5FU7"}, {"name": "thread", "value": "11144-MainThread"}, {"name": "framework", "value": "pytest"}, {"name": "language", "value": "cpython3"}, {"name": "package", "value": "tests.candidate_test.Userprofile_test"}]}