{"name": "test_login_recruiter", "status": "broken", "statusDetails": {"message": "selenium.common.exceptions.StaleElementReferenceException: Message: stale element reference: stale element not found in the current frame\n  (Session info: chrome=132.0.6834.197); For documentation on this error, please visit: https://www.selenium.dev/documentation/webdriver/troubleshooting/errors#stale-element-reference-exception\nStacktrace:\n\tGetHandleVerifier [0x005F74A3+25091]\n\t(No symbol) [0x0057DC04]\n\t(No symbol) [0x0045B373]\n\t(No symbol) [0x00460C3D]\n\t(No symbol) [0x00462CBA]\n\t(No symbol) [0x00462D37]\n\t(No symbol) [0x004A119B]\n\t(No symbol) [0x004A0547]\n\t(No symbol) [0x00495688]\n\t(No symbol) [0x004C1F0C]\n\t(No symbol) [0x00494E44]\n\t(No symbol) [0x004C21A4]\n\t(No symbol) [0x004DB49E]\n\t(No symbol) [0x004C1CA6]\n\t(No symbol) [0x004931D5]\n\t(No symbol) [0x0049435D]\n\tGetHandleVerifier [0x008F07C3+3142947]\n\tGetHandleVerifier [0x00901A2B+3213195]\n\tGetHandleVerifier [0x008FC412+3191154]\n\tGetHandleVerifier [0x00698720+685184]\n\t(No symbol) [0x00586E1D]\n\t(No symbol) [0x00583E18]\n\t(No symbol) [0x00583FB6]\n\t(No symbol) [0x005766F0]\n\tBaseThreadInitThunk [0x7643FCC9+25]\n\tRtlGetAppContainerNamedObjectPath [0x7753809E+286]\n\tRtlGetAppContainerNamedObjectPath [0x7753806E+238]", "trace": "env = 'dev', driver = <selenium.webdriver.chrome.webdriver.WebDriver (session=\"b95372c51ac13498784afa69a8b1943d\")>, recruiter_user = None\n\n    @pytest.mark.regression\n    @pytest.mark.login_recruiter\n    def test_login_recruiter(env, driver, recruiter_user):\n        logging.info(f\"environment -> {env}\")\n        login = recruiter_user\n        recruiterlogin = Loginrecruiter(driver)\n        recruiterlogin.username_btn.send_keys('inderjeetkmcs@gmail.com')\n        recruiterlogin.password_btn.send_keys('123')\n        recruiterlogin.hidepassword_btn.click()\n>       recruiterlogin.login_btn.click()\n\ntests\\recruiter_test\\login_test.py:24: \n_ _ _ _ _ _ _ _ _ _ _ _ _ _ _ _ _ _ _ _ _ _ _ _ _ _ _ _ _ _ _ _ _ _ _ _ _ _ _ _ _ _ _ _ _ _ _ _ _ _ _ _ _ _ _ _ _ _ _ _ _ _ _ _ _ _ _ _ _ _ _ _ _ _ _ _ _ _ _ _ _ _ _ _ _ _ _ _ _ _ _ _ _ _ _ _ _ _ _ _ _ _ _ _ _ _ _ _ _ _ _ _ _ _\nutils\\base_elements.py:77: in click\n    element.click()\n..\\..\\..\\AppData\\Roaming\\Python\\Python312\\site-packages\\selenium\\webdriver\\remote\\webelement.py:94: in click\n    self._execute(Command.CLICK_ELEMENT)\n..\\..\\..\\AppData\\Roaming\\Python\\Python312\\site-packages\\selenium\\webdriver\\remote\\webelement.py:395: in _execute\n    return self._parent.execute(command, params)\n..\\..\\..\\AppData\\Roaming\\Python\\Python312\\site-packages\\selenium\\webdriver\\remote\\webdriver.py:348: in execute\n    self.error_handler.check_response(response)\n_ _ _ _ _ _ _ _ _ _ _ _ _ _ _ _ _ _ _ _ _ _ _ _ _ _ _ _ _ _ _ _ _ _ _ _ _ _ _ _ _ _ _ _ _ _ _ _ _ _ _ _ _ _ _ _ _ _ _ _ _ _ _ _ _ _ _ _ _ _ _ _ _ _ _ _ _ _ _ _ _ _ _ _ _ _ _ _ _ _ _ _ _ _ _ _ _ _ _ _ _ _ _ _ _ _ _ _ _ _ _ _ _ _\n\nself = <selenium.webdriver.remote.errorhandler.ErrorHandler object at 0x0000029AC5E807D0>\nresponse = {'status': 404, 'value': '{\"value\":{\"error\":\"stale element reference\",\"message\":\"stale element reference: stale elemen...\\n\\\\tRtlGetAppContainerNamedObjectPath [0x7753809E+286]\\\\n\\\\tRtlGetAppContainerNamedObjectPath [0x7753806E+238]\\\\n\"}}'}\n\n    def check_response(self, response: Dict[str, Any]) -> None:\n        \"\"\"Checks that a JSON response from the WebDriver does not have an\n        error.\n    \n        :Args:\n         - response - The JSON response from the WebDriver server as a dictionary\n           object.\n    \n        :Raises: If the response contains an error message.\n        \"\"\"\n        status = response.get(\"status\", None)\n        if not status or status == ErrorCode.SUCCESS:\n            return\n        value = None\n        message = response.get(\"message\", \"\")\n        screen: str = response.get(\"screen\", \"\")\n        stacktrace = None\n        if isinstance(status, int):\n            value_json = response.get(\"value\", None)\n            if value_json and isinstance(value_json, str):\n                import json\n    \n                try:\n                    value = json.loads(value_json)\n                    if len(value) == 1:\n                        value = value[\"value\"]\n                    status = value.get(\"error\", None)\n                    if not status:\n                        status = value.get(\"status\", ErrorCode.UNKNOWN_ERROR)\n                        message = value.get(\"value\") or value.get(\"message\")\n                        if not isinstance(message, str):\n                            value = message\n                            message = message.get(\"message\")\n                    else:\n                        message = value.get(\"message\", None)\n                except ValueError:\n                    pass\n    \n        exception_class: Type[WebDriverException]\n        e = ErrorCode()\n        error_codes = [item for item in dir(e) if not item.startswith(\"__\")]\n        for error_code in error_codes:\n            error_info = getattr(ErrorCode, error_code)\n            if isinstance(error_info, list) and status in error_info:\n                exception_class = getattr(ExceptionMapping, error_code, WebDriverException)\n                break\n        else:\n            exception_class = WebDriverException\n    \n        if not value:\n            value = response[\"value\"]\n        if isinstance(value, str):\n            raise exception_class(value)\n        if message == \"\" and \"message\" in value:\n            message = value[\"message\"]\n    \n        screen = None  # type: ignore[assignment]\n        if \"screen\" in value:\n            screen = value[\"screen\"]\n    \n        stacktrace = None\n        st_value = value.get(\"stackTrace\") or value.get(\"stacktrace\")\n        if st_value:\n            if isinstance(st_value, str):\n                stacktrace = st_value.split(\"\\n\")\n            else:\n                stacktrace = []\n                try:\n                    for frame in st_value:\n                        line = frame.get(\"lineNumber\", \"\")\n                        file = frame.get(\"fileName\", \"<anonymous>\")\n                        if line:\n                            file = f\"{file}:{line}\"\n                        meth = frame.get(\"methodName\", \"<anonymous>\")\n                        if \"className\" in frame:\n                            meth = f\"{frame['className']}.{meth}\"\n                        msg = \"    at %s (%s)\"\n                        msg = msg % (meth, file)\n                        stacktrace.append(msg)\n                except TypeError:\n                    pass\n        if exception_class == UnexpectedAlertPresentException:\n            alert_text = None\n            if \"data\" in value:\n                alert_text = value[\"data\"].get(\"text\")\n            elif \"alert\" in value:\n                alert_text = value[\"alert\"].get(\"text\")\n            raise exception_class(message, screen, stacktrace, alert_text)  # type: ignore[call-arg]  # mypy is not smart enough here\n>       raise exception_class(message, screen, stacktrace)\nE       selenium.common.exceptions.StaleElementReferenceException: Message: stale element reference: stale element not found in the current frame\nE         (Session info: chrome=132.0.6834.197); For documentation on this error, please visit: https://www.selenium.dev/documentation/webdriver/troubleshooting/errors#stale-element-reference-exception\nE       Stacktrace:\nE       \tGetHandleVerifier [0x005F74A3+25091]\nE       \t(No symbol) [0x0057DC04]\nE       \t(No symbol) [0x0045B373]\nE       \t(No symbol) [0x00460C3D]\nE       \t(No symbol) [0x00462CBA]\nE       \t(No symbol) [0x00462D37]\nE       \t(No symbol) [0x004A119B]\nE       \t(No symbol) [0x004A0547]\nE       \t(No symbol) [0x00495688]\nE       \t(No symbol) [0x004C1F0C]\nE       \t(No symbol) [0x00494E44]\nE       \t(No symbol) [0x004C21A4]\nE       \t(No symbol) [0x004DB49E]\nE       \t(No symbol) [0x004C1CA6]\nE       \t(No symbol) [0x004931D5]\nE       \t(No symbol) [0x0049435D]\nE       \tGetHandleVerifier [0x008F07C3+3142947]\nE       \tGetHandleVerifier [0x00901A2B+3213195]\nE       \tGetHandleVerifier [0x008FC412+3191154]\nE       \tGetHandleVerifier [0x00698720+685184]\nE       \t(No symbol) [0x00586E1D]\nE       \t(No symbol) [0x00583E18]\nE       \t(No symbol) [0x00583FB6]\nE       \t(No symbol) [0x005766F0]\nE       \tBaseThreadInitThunk [0x7643FCC9+25]\nE       \tRtlGetAppContainerNamedObjectPath [0x7753809E+286]\nE       \tRtlGetAppContainerNamedObjectPath [0x7753806E+238]\n\n..\\..\\..\\AppData\\Roaming\\Python\\Python312\\site-packages\\selenium\\webdriver\\remote\\errorhandler.py:229: StaleElementReferenceException"}, "attachments": [{"name": "log", "source": "f4da2ba4-40d6-4a5e-bb93-2708e48f5157-attachment.txt", "type": "text/plain"}, {"name": "stdout", "source": "e4c5bd3d-6e2d-4653-8436-ef402190f96d-attachment.txt", "type": "text/plain"}, {"name": "stderr", "source": "70cbc20c-c79a-4b74-9899-7c8bef7d3f60-attachment.txt", "type": "text/plain"}], "start": 1739516715658, "stop": 1739516717384, "uuid": "fd020b36-b3c2-4abd-801a-abc5be7c6594", "historyId": "0997aa77555ca41bce5985f7e54205f5", "testCaseId": "0997aa77555ca41bce5985f7e54205f5", "fullName": "tests.recruiter_test.login_test#test_login_recruiter", "labels": [{"name": "tag", "value": "login_recruiter"}, {"name": "tag", "value": "regression"}, {"name": "parentSuite", "value": "tests.recruiter_test"}, {"name": "suite", "value": "login_test"}, {"name": "host", "value": "DESKTOP-HRHMBRL"}, {"name": "thread", "value": "7316-MainThread"}, {"name": "framework", "value": "pytest"}, {"name": "language", "value": "cpython3"}, {"name": "package", "value": "tests.recruiter_test.login_test"}]}