{"name": "test_view_password_login_recruiter", "status": "broken", "statusDetails": {"message": "selenium.common.exceptions.InvalidSelectorException: Message: invalid selector: Unable to locate an element with the xpath expression .absolute.top-0.right-4.h-full.flex.items-center.cursor-pointer because of the following error:\nSyntaxError: Failed to execute 'evaluate' on 'Document': The string '.absolute.top-0.right-4.h-full.flex.items-center.cursor-pointer' is not a valid XPath expression.\n  (Session info: chrome=135.0.7049.115); For documentation on this error, please visit: https://www.selenium.dev/documentation/webdriver/troubleshooting/errors#invalid-selector-exception\nStacktrace:\n\tGetHandleVerifier [0x0065D363+60275]\n\tGetHandleVerifier [0x0065D3A4+60340]\n\t(No symbol) [0x004906F3]\n\t(No symbol) [0x00496E47]\n\t(No symbol) [0x0049913A]\n\t(No symbol) [0x004991B7]\n\t(No symbol) [0x004D7F24]\n\t(No symbol) [0x004D8A2B]\n\t(No symbol) [0x00520EE2]\n\t(No symbol) [0x004FD0D4]\n\t(No symbol) [0x0051E6EB]\n\t(No symbol) [0x004FCE86]\n\t(No symbol) [0x004CC623]\n\t(No symbol) [0x004CD474]\n\tGetHandleVerifier [0x008A8FE3+2467827]\n\tGetHandleVerifier [0x008A45E6+2448886]\n\tGetHandleVerifier [0x008BF80C+2560028]\n\tGetHandleVerifier [0x00673DF5+153093]\n\tGetHandleVerifier [0x0067A3BD+179149]\n\tGetHandleVerifier [0x00664BB8+91080]\n\tGetHandleVerifier [0x00664D60+91504]\n\tGetHandleVerifier [0x0064FA10+4640]\n\tBaseThreadInitThunk [0x76E3FCC9+25]\n\tRtlGetAppContainerNamedObjectPath [0x774282AE+286]\n\tRtlGetAppContainerNamedObjectPath [0x7742827E+238]", "trace": "env = 'services', driver = <selenium.webdriver.chrome.webdriver.WebDriver (session=\"08a3c2ac6e0d1ce7a5335fb916c18199\")>, recruiter_user = None\n\n    @pytest.mark.regression\n    @pytest.mark.regression_recruiter_loginpage\n    @pytest.mark.view_password_login_recruiter\n    def test_view_password_login_recruiter(env, driver, recruiter_user):\n        logging.info(f\"environment -> {env}\")\n        login = recruiter_user\n        recruiterlogin = Loginrecruiter(driver)\n        recruiterlogin.username_btn.send_keys('')\n        recruiterlogin.password_btn.send_keys('123')\n        recruiterlogin.login_btn.click()\n>       recruiterlogin.hide_view_password_btn.click()\n\ntests\\recruiter_test\\login_test.py:154: \n_ _ _ _ _ _ _ _ _ _ _ _ _ _ _ _ _ _ _ _ _ _ _ _ _ _ _ _ _ _ _ _ _ _ _ _ _ _ _ _ _ _ _ _ _ _ _ _ _ _ _ _ _ _ _ _ _ _ _ _ _ _ _ _ _ _ _ _ _ _ _ _ _ _ _ _ _ _ _ _ _ _ _ _ _ _ _ _ _ _ _ _ _ _ _ _ _ _ _ _ _ _ _ _ _ _ _ _ _ _ _ _ _ _\nPage_Recruiter\\login.py:34: in hide_view_password_btn\n    return BaseElement(driver=self.driver, locator=locator)\nutils\\base_elements.py:43: in __init__\n    self.find()\nutils\\base_elements.py:49: in find\n    element = WebDriverWait(self.driver, 30).until(EC.visibility_of_element_located(locator=self.locator))\n..\\..\\..\\AppData\\Roaming\\Python\\Python312\\site-packages\\selenium\\webdriver\\support\\wait.py:96: in until\n    value = method(self._driver)\n..\\..\\..\\AppData\\Roaming\\Python\\Python312\\site-packages\\selenium\\webdriver\\support\\expected_conditions.py:156: in _predicate\n    return _element_if_visible(driver.find_element(*locator))\n..\\..\\..\\AppData\\Roaming\\Python\\Python312\\site-packages\\selenium\\webdriver\\remote\\webdriver.py:742: in find_element\n    return self.execute(Command.FIND_ELEMENT, {\"using\": by, \"value\": value})[\"value\"]\n..\\..\\..\\AppData\\Roaming\\Python\\Python312\\site-packages\\selenium\\webdriver\\remote\\webdriver.py:348: in execute\n    self.error_handler.check_response(response)\n_ _ _ _ _ _ _ _ _ _ _ _ _ _ _ _ _ _ _ _ _ _ _ _ _ _ _ _ _ _ _ _ _ _ _ _ _ _ _ _ _ _ _ _ _ _ _ _ _ _ _ _ _ _ _ _ _ _ _ _ _ _ _ _ _ _ _ _ _ _ _ _ _ _ _ _ _ _ _ _ _ _ _ _ _ _ _ _ _ _ _ _ _ _ _ _ _ _ _ _ _ _ _ _ _ _ _ _ _ _ _ _ _ _\n\nself = <selenium.webdriver.remote.errorhandler.ErrorHandler object at 0x000001D29E38FFB0>\nresponse = {'status': 400, 'value': '{\"value\":{\"error\":\"invalid selector\",\"message\":\"invalid selector: Unable to locate an elemen...\\n\\\\tRtlGetAppContainerNamedObjectPath [0x774282AE+286]\\\\n\\\\tRtlGetAppContainerNamedObjectPath [0x7742827E+238]\\\\n\"}}'}\n\n    def check_response(self, response: Dict[str, Any]) -> None:\n        \"\"\"Checks that a JSON response from the WebDriver does not have an\n        error.\n    \n        :Args:\n         - response - The JSON response from the WebDriver server as a dictionary\n           object.\n    \n        :Raises: If the response contains an error message.\n        \"\"\"\n        status = response.get(\"status\", None)\n        if not status or status == ErrorCode.SUCCESS:\n            return\n        value = None\n        message = response.get(\"message\", \"\")\n        screen: str = response.get(\"screen\", \"\")\n        stacktrace = None\n        if isinstance(status, int):\n            value_json = response.get(\"value\", None)\n            if value_json and isinstance(value_json, str):\n                import json\n    \n                try:\n                    value = json.loads(value_json)\n                    if len(value) == 1:\n                        value = value[\"value\"]\n                    status = value.get(\"error\", None)\n                    if not status:\n                        status = value.get(\"status\", ErrorCode.UNKNOWN_ERROR)\n                        message = value.get(\"value\") or value.get(\"message\")\n                        if not isinstance(message, str):\n                            value = message\n                            message = message.get(\"message\")\n                    else:\n                        message = value.get(\"message\", None)\n                except ValueError:\n                    pass\n    \n        exception_class: Type[WebDriverException]\n        e = ErrorCode()\n        error_codes = [item for item in dir(e) if not item.startswith(\"__\")]\n        for error_code in error_codes:\n            error_info = getattr(ErrorCode, error_code)\n            if isinstance(error_info, list) and status in error_info:\n                exception_class = getattr(ExceptionMapping, error_code, WebDriverException)\n                break\n        else:\n            exception_class = WebDriverException\n    \n        if not value:\n            value = response[\"value\"]\n        if isinstance(value, str):\n            raise exception_class(value)\n        if message == \"\" and \"message\" in value:\n            message = value[\"message\"]\n    \n        screen = None  # type: ignore[assignment]\n        if \"screen\" in value:\n            screen = value[\"screen\"]\n    \n        stacktrace = None\n        st_value = value.get(\"stackTrace\") or value.get(\"stacktrace\")\n        if st_value:\n            if isinstance(st_value, str):\n                stacktrace = st_value.split(\"\\n\")\n            else:\n                stacktrace = []\n                try:\n                    for frame in st_value:\n                        line = frame.get(\"lineNumber\", \"\")\n                        file = frame.get(\"fileName\", \"<anonymous>\")\n                        if line:\n                            file = f\"{file}:{line}\"\n                        meth = frame.get(\"methodName\", \"<anonymous>\")\n                        if \"className\" in frame:\n                            meth = f\"{frame['className']}.{meth}\"\n                        msg = \"    at %s (%s)\"\n                        msg = msg % (meth, file)\n                        stacktrace.append(msg)\n                except TypeError:\n                    pass\n        if exception_class == UnexpectedAlertPresentException:\n            alert_text = None\n            if \"data\" in value:\n                alert_text = value[\"data\"].get(\"text\")\n            elif \"alert\" in value:\n                alert_text = value[\"alert\"].get(\"text\")\n            raise exception_class(message, screen, stacktrace, alert_text)  # type: ignore[call-arg]  # mypy is not smart enough here\n>       raise exception_class(message, screen, stacktrace)\nE       selenium.common.exceptions.InvalidSelectorException: Message: invalid selector: Unable to locate an element with the xpath expression .absolute.top-0.right-4.h-full.flex.items-center.cursor-pointer because of the following error:\nE       SyntaxError: Failed to execute 'evaluate' on 'Document': The string '.absolute.top-0.right-4.h-full.flex.items-center.cursor-pointer' is not a valid XPath expression.\nE         (Session info: chrome=135.0.7049.115); For documentation on this error, please visit: https://www.selenium.dev/documentation/webdriver/troubleshooting/errors#invalid-selector-exception\nE       Stacktrace:\nE       \tGetHandleVerifier [0x0065D363+60275]\nE       \tGetHandleVerifier [0x0065D3A4+60340]\nE       \t(No symbol) [0x004906F3]\nE       \t(No symbol) [0x00496E47]\nE       \t(No symbol) [0x0049913A]\nE       \t(No symbol) [0x004991B7]\nE       \t(No symbol) [0x004D7F24]\nE       \t(No symbol) [0x004D8A2B]\nE       \t(No symbol) [0x00520EE2]\nE       \t(No symbol) [0x004FD0D4]\nE       \t(No symbol) [0x0051E6EB]\nE       \t(No symbol) [0x004FCE86]\nE       \t(No symbol) [0x004CC623]\nE       \t(No symbol) [0x004CD474]\nE       \tGetHandleVerifier [0x008A8FE3+2467827]\nE       \tGetHandleVerifier [0x008A45E6+2448886]\nE       \tGetHandleVerifier [0x008BF80C+2560028]\nE       \tGetHandleVerifier [0x00673DF5+153093]\nE       \tGetHandleVerifier [0x0067A3BD+179149]\nE       \tGetHandleVerifier [0x00664BB8+91080]\nE       \tGetHandleVerifier [0x00664D60+91504]\nE       \tGetHandleVerifier [0x0064FA10+4640]\nE       \tBaseThreadInitThunk [0x76E3FCC9+25]\nE       \tRtlGetAppContainerNamedObjectPath [0x774282AE+286]\nE       \tRtlGetAppContainerNamedObjectPath [0x7742827E+238]\n\n..\\..\\..\\AppData\\Roaming\\Python\\Python312\\site-packages\\selenium\\webdriver\\remote\\errorhandler.py:229: InvalidSelectorException"}, "attachments": [{"name": "log", "source": "527c6163-9714-4fb9-b3d3-0e798248befd-attachment.txt", "type": "text/plain"}, {"name": "stdout", "source": "22b5f63f-7eb5-45b7-a5a1-8171a76f9f24-attachment.txt", "type": "text/plain"}, {"name": "stderr", "source": "46e59884-8a25-430d-8979-0ce5de01b231-attachment.txt", "type": "text/plain"}], "start": 1745923828893, "stop": 1745923829703, "uuid": "9905c40b-21b3-4aed-aa86-4ce3da22f208", "historyId": "5622943c5f48c9026528209fc3bb33e8", "testCaseId": "5622943c5f48c9026528209fc3bb33e8", "fullName": "tests.recruiter_test.login_test#test_view_password_login_recruiter", "labels": [{"name": "tag", "value": "view_password_login_recruiter"}, {"name": "tag", "value": "regression_recruiter_loginpage"}, {"name": "tag", "value": "regression"}, {"name": "parentSuite", "value": "tests.recruiter_test"}, {"name": "suite", "value": "login_test"}, {"name": "host", "value": "DESKTOP-HRHMBRL"}, {"name": "thread", "value": "796-MainThread"}, {"name": "framework", "value": "pytest"}, {"name": "language", "value": "cpython3"}, {"name": "package", "value": "tests.recruiter_test.login_test"}]}