{"name": "test_jobs_page", "status": "broken", "statusDetails": {"message": "selenium.common.exceptions.StaleElementReferenceException: Message: stale element reference: stale element not found in the current frame\n  (Session info: chrome=132.0.6834.84); For documentation on this error, please visit: https://www.selenium.dev/documentation/webdriver/troubleshooting/errors#stale-element-reference-exception\nStacktrace:\n\tGetHandleVerifier [0x00416FB3+25091]\n\t(No symbol) [0x0039E5D4]\n\t(No symbol) [0x0027B353]\n\t(No symbol) [0x00280C1D]\n\t(No symbol) [0x00282C9A]\n\t(No symbol) [0x00282D17]\n\t(No symbol) [0x002C53D2]\n\t(No symbol) [0x002C334E]\n\t(No symbol) [0x002C1447]\n\t(No symbol) [0x002C075D]\n\t(No symbol) [0x002B5638]\n\t(No symbol) [0x002E1EDC]\n\t(No symbol) [0x002B4DF4]\n\t(No symbol) [0x002E2174]\n\t(No symbol) [0x002FB46E]\n\t(No symbol) [0x002E1C76]\n\t(No symbol) [0x002B3185]\n\t(No symbol) [0x002B430D]\n\tGetHandleVerifier [0x0070D5B3+3131395]\n\tGetHandleVerifier [0x0071DDA4+3198964]\n\tGetHandleVerifier [0x00718CC2+3178258]\n\tGetHandleVerifier [0x004B3290+664800]\n\t(No symbol) [0x003A744D]\n\t(No symbol) [0x003A4798]\n\t(No symbol) [0x003A4936]\n\t(No symbol) [0x00397030]\n\tBaseThreadInitThunk [0x7610FCC9+25]\n\tRtlGetAppContainerNamedObjectPath [0x7745809E+286]\n\tRtlGetAppContainerNamedObjectPath [0x7745806E+238]", "trace": "env = 'services', driver = <selenium.webdriver.chrome.webdriver.WebDriver (session=\"e38444226fa4c06d4002fbc344d45d80\")>, authenticated_user = None\n\n    @pytest.mark.regression\n    @pytest.mark.jobs_page\n    def test_jobs_page(env, driver, authenticated_user):\n        logging.info(f\"environment -> {env}\")\n        login = authenticated_user\n        recruiter_login = Loginrecruiter(driver)\n        recruiter_login.username_btn.send_keys('inderjeetkmcs@gmail.com')\n        recruiter_login.password_btn.send_keys('123')\n        recruiter_login.hidepassword_btn.click()\n>       recruiter_login.login_btn.click()\n\ntests\\recruiter_test\\Jobs_test.py:33: \n_ _ _ _ _ _ _ _ _ _ _ _ _ _ _ _ _ _ _ _ _ _ _ _ _ _ _ _ _ _ _ _ _ _ _ _ _ _ _ _ _ _ _ _ _ _ _ _ _ _ _ _ _ _ _ _ _ _ _ _ _ _ _ _ _ _ _ _ _ _ _ _ _ _ _ _ _ _ _ _ _ _ _ _ _ _ _ _ _ _ _ _ _ _ _ _ _ _ _ _ _ _ _ _ _ _ _ _ _ _ _ _ _ _\nutils\\base_elements.py:77: in click\n    element.click()\n..\\..\\..\\AppData\\Roaming\\Python\\Python312\\site-packages\\selenium\\webdriver\\remote\\webelement.py:94: in click\n    self._execute(Command.CLICK_ELEMENT)\n..\\..\\..\\AppData\\Roaming\\Python\\Python312\\site-packages\\selenium\\webdriver\\remote\\webelement.py:395: in _execute\n    return self._parent.execute(command, params)\n..\\..\\..\\AppData\\Roaming\\Python\\Python312\\site-packages\\selenium\\webdriver\\remote\\webdriver.py:348: in execute\n    self.error_handler.check_response(response)\n_ _ _ _ _ _ _ _ _ _ _ _ _ _ _ _ _ _ _ _ _ _ _ _ _ _ _ _ _ _ _ _ _ _ _ _ _ _ _ _ _ _ _ _ _ _ _ _ _ _ _ _ _ _ _ _ _ _ _ _ _ _ _ _ _ _ _ _ _ _ _ _ _ _ _ _ _ _ _ _ _ _ _ _ _ _ _ _ _ _ _ _ _ _ _ _ _ _ _ _ _ _ _ _ _ _ _ _ _ _ _ _ _ _\n\nself = <selenium.webdriver.remote.errorhandler.ErrorHandler object at 0x0000023431641850>\nresponse = {'status': 404, 'value': '{\"value\":{\"error\":\"stale element reference\",\"message\":\"stale element reference: stale elemen...\\n\\\\tRtlGetAppContainerNamedObjectPath [0x7745809E+286]\\\\n\\\\tRtlGetAppContainerNamedObjectPath [0x7745806E+238]\\\\n\"}}'}\n\n    def check_response(self, response: Dict[str, Any]) -> None:\n        \"\"\"Checks that a JSON response from the WebDriver does not have an\n        error.\n    \n        :Args:\n         - response - The JSON response from the WebDriver server as a dictionary\n           object.\n    \n        :Raises: If the response contains an error message.\n        \"\"\"\n        status = response.get(\"status\", None)\n        if not status or status == ErrorCode.SUCCESS:\n            return\n        value = None\n        message = response.get(\"message\", \"\")\n        screen: str = response.get(\"screen\", \"\")\n        stacktrace = None\n        if isinstance(status, int):\n            value_json = response.get(\"value\", None)\n            if value_json and isinstance(value_json, str):\n                import json\n    \n                try:\n                    value = json.loads(value_json)\n                    if len(value) == 1:\n                        value = value[\"value\"]\n                    status = value.get(\"error\", None)\n                    if not status:\n                        status = value.get(\"status\", ErrorCode.UNKNOWN_ERROR)\n                        message = value.get(\"value\") or value.get(\"message\")\n                        if not isinstance(message, str):\n                            value = message\n                            message = message.get(\"message\")\n                    else:\n                        message = value.get(\"message\", None)\n                except ValueError:\n                    pass\n    \n        exception_class: Type[WebDriverException]\n        e = ErrorCode()\n        error_codes = [item for item in dir(e) if not item.startswith(\"__\")]\n        for error_code in error_codes:\n            error_info = getattr(ErrorCode, error_code)\n            if isinstance(error_info, list) and status in error_info:\n                exception_class = getattr(ExceptionMapping, error_code, WebDriverException)\n                break\n        else:\n            exception_class = WebDriverException\n    \n        if not value:\n            value = response[\"value\"]\n        if isinstance(value, str):\n            raise exception_class(value)\n        if message == \"\" and \"message\" in value:\n            message = value[\"message\"]\n    \n        screen = None  # type: ignore[assignment]\n        if \"screen\" in value:\n            screen = value[\"screen\"]\n    \n        stacktrace = None\n        st_value = value.get(\"stackTrace\") or value.get(\"stacktrace\")\n        if st_value:\n            if isinstance(st_value, str):\n                stacktrace = st_value.split(\"\\n\")\n            else:\n                stacktrace = []\n                try:\n                    for frame in st_value:\n                        line = frame.get(\"lineNumber\", \"\")\n                        file = frame.get(\"fileName\", \"<anonymous>\")\n                        if line:\n                            file = f\"{file}:{line}\"\n                        meth = frame.get(\"methodName\", \"<anonymous>\")\n                        if \"className\" in frame:\n                            meth = f\"{frame['className']}.{meth}\"\n                        msg = \"    at %s (%s)\"\n                        msg = msg % (meth, file)\n                        stacktrace.append(msg)\n                except TypeError:\n                    pass\n        if exception_class == UnexpectedAlertPresentException:\n            alert_text = None\n            if \"data\" in value:\n                alert_text = value[\"data\"].get(\"text\")\n            elif \"alert\" in value:\n                alert_text = value[\"alert\"].get(\"text\")\n            raise exception_class(message, screen, stacktrace, alert_text)  # type: ignore[call-arg]  # mypy is not smart enough here\n>       raise exception_class(message, screen, stacktrace)\nE       selenium.common.exceptions.StaleElementReferenceException: Message: stale element reference: stale element not found in the current frame\nE         (Session info: chrome=132.0.6834.84); For documentation on this error, please visit: https://www.selenium.dev/documentation/webdriver/troubleshooting/errors#stale-element-reference-exception\nE       Stacktrace:\nE       \tGetHandleVerifier [0x00416FB3+25091]\nE       \t(No symbol) [0x0039E5D4]\nE       \t(No symbol) [0x0027B353]\nE       \t(No symbol) [0x00280C1D]\nE       \t(No symbol) [0x00282C9A]\nE       \t(No symbol) [0x00282D17]\nE       \t(No symbol) [0x002C53D2]\nE       \t(No symbol) [0x002C334E]\nE       \t(No symbol) [0x002C1447]\nE       \t(No symbol) [0x002C075D]\nE       \t(No symbol) [0x002B5638]\nE       \t(No symbol) [0x002E1EDC]\nE       \t(No symbol) [0x002B4DF4]\nE       \t(No symbol) [0x002E2174]\nE       \t(No symbol) [0x002FB46E]\nE       \t(No symbol) [0x002E1C76]\nE       \t(No symbol) [0x002B3185]\nE       \t(No symbol) [0x002B430D]\nE       \tGetHandleVerifier [0x0070D5B3+3131395]\nE       \tGetHandleVerifier [0x0071DDA4+3198964]\nE       \tGetHandleVerifier [0x00718CC2+3178258]\nE       \tGetHandleVerifier [0x004B3290+664800]\nE       \t(No symbol) [0x003A744D]\nE       \t(No symbol) [0x003A4798]\nE       \t(No symbol) [0x003A4936]\nE       \t(No symbol) [0x00397030]\nE       \tBaseThreadInitThunk [0x7610FCC9+25]\nE       \tRtlGetAppContainerNamedObjectPath [0x7745809E+286]\nE       \tRtlGetAppContainerNamedObjectPath [0x7745806E+238]\n\n..\\..\\..\\AppData\\Roaming\\Python\\Python312\\site-packages\\selenium\\webdriver\\remote\\errorhandler.py:229: StaleElementReferenceException"}, "attachments": [{"name": "log", "source": "e92d80d1-7f20-4234-b618-76774e37495f-attachment.txt", "type": "text/plain"}, {"name": "stdout", "source": "ea112071-f1e6-40cb-ae71-3d59a0def0aa-attachment.txt", "type": "text/plain"}, {"name": "stderr", "source": "f4a8e21f-eb52-48ab-bf8d-9e6af7f73fd6-attachment.txt", "type": "text/plain"}], "start": 1737702687910, "stop": 1737702689377, "uuid": "7541053b-d53b-4de3-8c8d-1e0ce3a7d43f", "historyId": "9052ef2b0d9e76791ffa006f9a881f25", "testCaseId": "9052ef2b0d9e76791ffa006f9a881f25", "fullName": "tests.recruiter_test.Jobs_test#test_jobs_page", "labels": [{"name": "tag", "value": "jobs_page"}, {"name": "tag", "value": "regression"}, {"name": "parentSuite", "value": "tests.recruiter_test"}, {"name": "suite", "value": "Jobs_test"}, {"name": "host", "value": "DESKTOP-HRHMBRL"}, {"name": "thread", "value": "15340-MainThread"}, {"name": "framework", "value": "pytest"}, {"name": "language", "value": "cpython3"}, {"name": "package", "value": "tests.recruiter_test.Jobs_test"}]}