{"name": "test_jobs_page_see_details_edit_job", "status": "broken", "statusDetails": {"message": "selenium.common.exceptions.TimeoutException: Message: \nStacktrace:\n\tGetHandleVerifier [0x009E0B43+25139]\n\t(No symbol) [0x009713F4]\n\t(No symbol) [0x008504E3]\n\t(No symbol) [0x008983D7]\n\t(No symbol) [0x0089872B]\n\t(No symbol) [0x008E1002]\n\t(No symbol) [0x008BD014]\n\t(No symbol) [0x008DE778]\n\t(No symbol) [0x008BCDC6]\n\t(No symbol) [0x0088BDE9]\n\t(No symbol) [0x0088D124]\n\tGetHandleVerifier [0x00CE4373+3185251]\n\tGetHandleVerifier [0x00D0291A+3309578]\n\tGetHandleVerifier [0x00CFCF42+3286578]\n\tGetHandleVerifier [0x00A77AE0+643536]\n\t(No symbol) [0x0097A20D]\n\t(No symbol) [0x009770B8]\n\t(No symbol) [0x00977257]\n\t(No symbol) [0x00969E00]\n\tBaseThreadInitThunk [0x7716FCC9+25]\n\tRtlGetAppContainerNamedObjectPath [0x77E682AE+286]\n\tRtlGetAppContainerNamedObjectPath [0x77E6827E+238]", "trace": "env = 'dev', driver = <selenium.webdriver.chrome.webdriver.WebDriver (session=\"6b027f78912733164b688b73d7cf4857\")>, authenticated_user_recruiter = <Page_Recruiter.login.Loginrecruiter object at 0x000001EA2D7AEA20>\n\n    @pytest.mark.regression\n    @pytest.mark.jobs_page_see_details_edit_job\n    def test_jobs_page_see_details_edit_job(env, driver, authenticated_user_recruiter):\n        logging.info(f\"environment -> {env}\")\n        logging.info(f\"logged in\")\n        WebDriverWait(driver, 15).until(\n            EC.visibility_of_element_located((By.CSS_SELECTOR, \"body > div:nth-child(1) > div:nth-child(3) > div:nth-child(3) > div:nth-child(3) > div:nth-child(1) > div:nth-child(1)\"))\n        )\n        jobs_page = Jobs(driver)\n        jobs_page.jobs_btn.click()\n        assert_that(jobs_page.jobs_card.is_element_visible()).is_true()\n>       jobs_page.editjob.click()\n\ntests\\recruiter_test\\Jobs_test.py:601: \n_ _ _ _ _ _ _ _ _ _ _ _ _ _ _ _ _ _ _ _ _ _ _ _ _ _ _ _ _ _ _ _ _ _ _ _ _ _ _ _ _ _ _ _ _ _ _ _ _ _ _ _ _ _ _ _ _ _ _ _ _ _ _ _ _ _ _ _ _ _ _ _ _ _ _ _ _ _ _ _ _ _ _ _ _ _ _ _ _ _ _ _ _ _ _ _ _ _ _ _ _ _ _ _ _ _ _ _ _ _ _ _ _ \nPage_Recruiter\\Jobs_page.py:177: in editjob\n    return BaseElement(driver=self.driver, locator=locator)\nutils\\base_elements.py:43: in __init__\n    self.find()\nutils\\base_elements.py:49: in find\n    element = WebDriverWait(self.driver, 30).until(EC.visibility_of_element_located(locator=self.locator))\n_ _ _ _ _ _ _ _ _ _ _ _ _ _ _ _ _ _ _ _ _ _ _ _ _ _ _ _ _ _ _ _ _ _ _ _ _ _ _ _ _ _ _ _ _ _ _ _ _ _ _ _ _ _ _ _ _ _ _ _ _ _ _ _ _ _ _ _ _ _ _ _ _ _ _ _ _ _ _ _ _ _ _ _ _ _ _ _ _ _ _ _ _ _ _ _ _ _ _ _ _ _ _ _ _ _ _ _ _ _ _ _ _ \n\nself = <selenium.webdriver.support.wait.WebDriverWait (session=\"6b027f78912733164b688b73d7cf4857\")>, method = <function visibility_of_element_located.<locals>._predicate at 0x000001EA2D729800>, message = ''\n\n    def until(self, method: Callable[[D], Union[Literal[False], T]], message: str = \"\") -> T:\n        \"\"\"Calls the method provided with the driver as an argument until the \\\n        return value does not evaluate to ``False``.\n    \n        :param method: callable(WebDriver)\n        :param message: optional message for :exc:`TimeoutException`\n        :returns: the result of the last call to `method`\n        :raises: :exc:`selenium.common.exceptions.TimeoutException` if timeout occurs\n        \"\"\"\n        screen = None\n        stacktrace = None\n    \n        end_time = time.monotonic() + self._timeout\n        while True:\n            try:\n                value = method(self._driver)\n                if value:\n                    return value\n            except self._ignored_exceptions as exc:\n                screen = getattr(exc, \"screen\", None)\n                stacktrace = getattr(exc, \"stacktrace\", None)\n            time.sleep(self._poll)\n            if time.monotonic() > end_time:\n                break\n>       raise TimeoutException(message, screen, stacktrace)\nE       selenium.common.exceptions.TimeoutException: Message: \nE       Stacktrace:\nE       \tGetHandleVerifier [0x009E0B43+25139]\nE       \t(No symbol) [0x009713F4]\nE       \t(No symbol) [0x008504E3]\nE       \t(No symbol) [0x008983D7]\nE       \t(No symbol) [0x0089872B]\nE       \t(No symbol) [0x008E1002]\nE       \t(No symbol) [0x008BD014]\nE       \t(No symbol) [0x008DE778]\nE       \t(No symbol) [0x008BCDC6]\nE       \t(No symbol) [0x0088BDE9]\nE       \t(No symbol) [0x0088D124]\nE       \tGetHandleVerifier [0x00CE4373+3185251]\nE       \tGetHandleVerifier [0x00D0291A+3309578]\nE       \tGetHandleVerifier [0x00CFCF42+3286578]\nE       \tGetHandleVerifier [0x00A77AE0+643536]\nE       \t(No symbol) [0x0097A20D]\nE       \t(No symbol) [0x009770B8]\nE       \t(No symbol) [0x00977257]\nE       \t(No symbol) [0x00969E00]\nE       \tBaseThreadInitThunk [0x7716FCC9+25]\nE       \tRtlGetAppContainerNamedObjectPath [0x77E682AE+286]\nE       \tRtlGetAppContainerNamedObjectPath [0x77E6827E+238]\n\n..\\..\\..\\AppData\\Roaming\\Python\\Python312\\site-packages\\selenium\\webdriver\\support\\wait.py:105: TimeoutException"}, "attachments": [{"name": "log", "source": "8b8b35bf-eccd-4d63-af08-e39476a62b2d-attachment.txt", "type": "text/plain"}, {"name": "stdout", "source": "20ab8272-1818-4b6e-a700-6de7c71e8772-attachment.txt", "type": "text/plain"}, {"name": "stderr", "source": "64b33167-ef20-4596-a986-61f4a20820cb-attachment.txt", "type": "text/plain"}], "start": 1741171194803, "stop": 1741171243415, "uuid": "c6458aca-1863-4a72-a9d5-147bde4b0ec1", "historyId": "468d8d022515b1407ba03e799918ac43", "testCaseId": "468d8d022515b1407ba03e799918ac43", "fullName": "tests.recruiter_test.Jobs_test#test_jobs_page_see_details_edit_job", "labels": [{"name": "tag", "value": "jobs_page_see_details_edit_job"}, {"name": "tag", "value": "regression"}, {"name": "parentSuite", "value": "tests.recruiter_test"}, {"name": "suite", "value": "Jobs_test"}, {"name": "host", "value": "DESKTOP-HRHMBRL"}, {"name": "thread", "value": "18428-MainThread"}, {"name": "framework", "value": "pytest"}, {"name": "language", "value": "cpython3"}, {"name": "package", "value": "tests.recruiter_test.Jobs_test"}]}