{"name": "test_login", "status": "broken", "statusDetails": {"message": "selenium.common.exceptions.TimeoutException: Message: \nStacktrace:\n\tGetHandleVerifier [0x00C1C203+27395]\n\t(No symbol) [0x00BB3E04]\n\t(No symbol) [0x00AB1B7F]\n\t(No symbol) [0x00AF2C65]\n\t(No symbol) [0x00AF2D3B]\n\t(No symbol) [0x00B2EC82]\n\t(No symbol) [0x00B139E4]\n\t(No symbol) [0x00B2CB24]\n\t(No symbol) [0x00B13736]\n\t(No symbol) [0x00AE7541]\n\t(No symbol) [0x00AE80BD]\n\tGetHandleVerifier [0x00ED3AB3+2876339]\n\tGetHandleVerifier [0x00F27F7D+3221629]\n\tGetHandleVerifier [0x00C9D674+556916]\n\tGetHandleVerifier [0x00CA478C+585868]\n\t(No symbol) [0x00BBCE44]\n\t(No symbol) [0x00BB9858]\n\t(No symbol) [0x00BB99F7]\n\t(No symbol) [0x00BABF4E]\n\tBaseThreadInitThunk [0x75B2FCC9+25]\n\tRtlGetAppContainerNamedObjectPath [0x77AD80CE+286]\n\tRtlGetAppContainerNamedObjectPath [0x77AD809E+238]", "trace": "env = 'pilot', driver = <selenium.webdriver.chrome.webdriver.WebDriver (session=\"d7104f96bc1fe17df41f783002b44341\")>, authenticated_user = None\n\n    @pytest.mark.login\n    def test_login(env, driver, authenticated_user):\n        logging.info(f\"environment -> {env}\")\n        login = authenticated_user\n        Pagelogin = Login(driver)\n>       Pagelogin.login_btn.click()\n\ntests\\candidate_test\\login_test.py:20: \n_ _ _ _ _ _ _ _ _ _ _ _ _ _ _ _ _ _ _ _ _ _ _ _ _ _ _ _ _ _ _ _ _ _ _ _ _ _ _ _ _ _ _ _ _ _ _ _ _ _ _ _ _ _ _ _ _ _ _ _ _ _ _ _ _ _ _ _ _ _ _ _ _ _ _ _ _ _ _ _ _ _ _ _ _ _\nPages_Candidate\\login.py:11: in login_btn\n    return BaseElement(driver=self.driver, locator=locator)\nutils\\base_elements.py:43: in __init__\n    self.find()\nutils\\base_elements.py:49: in find\n    element = WebDriverWait(self.driver, 30).until(EC.visibility_of_element_located(locator=self.locator))\n_ _ _ _ _ _ _ _ _ _ _ _ _ _ _ _ _ _ _ _ _ _ _ _ _ _ _ _ _ _ _ _ _ _ _ _ _ _ _ _ _ _ _ _ _ _ _ _ _ _ _ _ _ _ _ _ _ _ _ _ _ _ _ _ _ _ _ _ _ _ _ _ _ _ _ _ _ _ _ _ _ _ _ _ _ _\n\nself = <selenium.webdriver.support.wait.WebDriverWait (session=\"d7104f96bc1fe17df41f783002b44341\")>\nmethod = <function visibility_of_element_located.<locals>._predicate at 0x0000022E19F82D40>, message = ''\n\n    def until(self, method: Callable[[D], Union[Literal[False], T]], message: str = \"\") -> T:\n        \"\"\"Calls the method provided with the driver as an argument until the \\\n        return value does not evaluate to ``False``.\n    \n        :param method: callable(WebDriver)\n        :param message: optional message for :exc:`TimeoutException`\n        :returns: the result of the last call to `method`\n        :raises: :exc:`selenium.common.exceptions.TimeoutException` if timeout occurs\n        \"\"\"\n        screen = None\n        stacktrace = None\n    \n        end_time = time.monotonic() + self._timeout\n        while True:\n            try:\n                value = method(self._driver)\n                if value:\n                    return value\n            except self._ignored_exceptions as exc:\n                screen = getattr(exc, \"screen\", None)\n                stacktrace = getattr(exc, \"stacktrace\", None)\n            time.sleep(self._poll)\n            if time.monotonic() > end_time:\n                break\n>       raise TimeoutException(message, screen, stacktrace)\nE       selenium.common.exceptions.TimeoutException: Message: \nE       Stacktrace:\nE       \tGetHandleVerifier [0x00C1C203+27395]\nE       \t(No symbol) [0x00BB3E04]\nE       \t(No symbol) [0x00AB1B7F]\nE       \t(No symbol) [0x00AF2C65]\nE       \t(No symbol) [0x00AF2D3B]\nE       \t(No symbol) [0x00B2EC82]\nE       \t(No symbol) [0x00B139E4]\nE       \t(No symbol) [0x00B2CB24]\nE       \t(No symbol) [0x00B13736]\nE       \t(No symbol) [0x00AE7541]\nE       \t(No symbol) [0x00AE80BD]\nE       \tGetHandleVerifier [0x00ED3AB3+2876339]\nE       \tGetHandleVerifier [0x00F27F7D+3221629]\nE       \tGetHandleVerifier [0x00C9D674+556916]\nE       \tGetHandleVerifier [0x00CA478C+585868]\nE       \t(No symbol) [0x00BBCE44]\nE       \t(No symbol) [0x00BB9858]\nE       \t(No symbol) [0x00BB99F7]\nE       \t(No symbol) [0x00BABF4E]\nE       \tBaseThreadInitThunk [0x75B2FCC9+25]\nE       \tRtlGetAppContainerNamedObjectPath [0x77AD80CE+286]\nE       \tRtlGetAppContainerNamedObjectPath [0x77AD809E+238]\n\n..\\..\\AppData\\Local\\Programs\\Python\\Python312\\Lib\\site-packages\\selenium\\webdriver\\support\\wait.py:105: TimeoutException"}, "attachments": [{"name": "log", "source": "b4e6e360-10bb-4697-bd10-c6df064f11e4-attachment.txt", "type": "text/plain"}, {"name": "stdout", "source": "d285c849-4c37-4ea7-9f44-1dc8f6f79fe4-attachment.txt", "type": "text/plain"}, {"name": "stderr", "source": "50b89b39-6a90-4eab-998c-e7b8bc04011e-attachment.txt", "type": "text/plain"}], "start": 1721980973521, "stop": 1721981005114, "uuid": "7a72aa20-f9d8-4f4c-a8dc-3ca214363956", "historyId": "86b1e9db321c90658f175e0a246d262f", "testCaseId": "86b1e9db321c90658f175e0a246d262f", "fullName": "tests.candidate_test.login_test#test_login", "labels": [{"name": "tag", "value": "login"}, {"name": "parentSuite", "value": "tests.candidate_test"}, {"name": "suite", "value": "login_test"}, {"name": "host", "value": "DESKTOP-CDJ5FU7"}, {"name": "thread", "value": "20352-MainThread"}, {"name": "framework", "value": "pytest"}, {"name": "language", "value": "cpython3"}, {"name": "package", "value": "tests.candidate_test.login_test"}]}