{"name": "test_dashboard_page", "status": "broken", "statusDetails": {"message": "selenium.common.exceptions.TimeoutException: Message: \nStacktrace:\n\tGetHandleVerifier [0x008774A3+25091]\n\t(No symbol) [0x007FDC04]\n\t(No symbol) [0x006DB373]\n\t(No symbol) [0x0071F4DC]\n\t(No symbol) [0x0071F65B]\n\t(No symbol) [0x0075D8E2]\n\t(No symbol) [0x00741F54]\n\t(No symbol) [0x0075B49E]\n\t(No symbol) [0x00741CA6]\n\t(No symbol) [0x007131D5]\n\t(No symbol) [0x0071435D]\n\tGetHandleVerifier [0x00B707C3+3142947]\n\tGetHandleVerifier [0x00B81A2B+3213195]\n\tGetHandleVerifier [0x00B7C412+3191154]\n\tGetHandleVerifier [0x00918720+685184]\n\t(No symbol) [0x00806E1D]\n\t(No symbol) [0x00803E18]\n\t(No symbol) [0x00803FB6]\n\t(No symbol) [0x007F66F0]\n\tBaseThreadInitThunk [0x7610FCC9+25]\n\tRtlGetAppContainerNamedObjectPath [0x7745809E+286]\n\tRtlGetAppContainerNamedObjectPath [0x7745806E+238]", "trace": "env = 'dev', driver = <selenium.webdriver.chrome.webdriver.WebDriver (session=\"d2e7b218710213f3aace963f8402e052\")>, authenticated_user_recruiter = <Page_Recruiter.login.Loginrecruiter object at 0x000001554DF39760>\n\n    @pytest.mark.regression\n    @pytest.mark.dashboard_page\n    def test_dashboard_page(env, driver, authenticated_user_recruiter):\n        logging.info(f\"environment -> {env}\")\n        login = authenticated_user_recruiter\n        logging.info(f\"logged in\")\n        time.sleep(10)\n        WebDriverWait(driver, 10).until(\n            EC.element_to_be_clickable((By.XPATH, \"(//h2[text()='Private Jobs'])\"))\n        )\n        #\n        dashboard_page = Dashboard(driver)\n        dashboard_page.dashboard_btn.click()\n        logging.info(f\"dashboard clicked\")\n    \n        all_job = AllJobs(driver)\n        all_job.all_jobs_card.click()\n    \n        private_job=PrivateJobs(driver)\n        private_job.private_jobs_card.click()\n    \n        public_job = PublicJobs(driver)\n        public_job.public_jobs_card.click()\n    \n        activejob = ActiveJobs(driver)\n        activejob.active_jobs_card.click()\n    \n        inactive_job = InactiveJobs(driver)\n        inactive_job.inactive_jobs_card.click()\n    \n        search_jobs = SearchJob(driver)\n        search_jobs.search_job.send_keys('testing 0901')\n    \n        viewdetail = ViewDetails(driver)\n>       viewdetail.view_details.click()\n\ntests\\recruiter_test\\Dashboard_test.py:57: \n_ _ _ _ _ _ _ _ _ _ _ _ _ _ _ _ _ _ _ _ _ _ _ _ _ _ _ _ _ _ _ _ _ _ _ _ _ _ _ _ _ _ _ _ _ _ _ _ _ _ _ _ _ _ _ _ _ _ _ _ _ _ _ _ _ _ _ _ _ _ _ _ _ _ _ _ _ _ _ _ _ _ _ _ _ _ _ _ _ _ _ _ _ _ _ _ _ _ _ _ _ _ _ _ _ _ _ _ _ _ _ _ _ _\nPage_Recruiter\\Dashboard_page.py:63: in view_details\n    return BaseElement(driver=self.driver, locator=locator)\nutils\\base_elements.py:43: in __init__\n    self.find()\nutils\\base_elements.py:49: in find\n    element = WebDriverWait(self.driver, 30).until(EC.visibility_of_element_located(locator=self.locator))\n_ _ _ _ _ _ _ _ _ _ _ _ _ _ _ _ _ _ _ _ _ _ _ _ _ _ _ _ _ _ _ _ _ _ _ _ _ _ _ _ _ _ _ _ _ _ _ _ _ _ _ _ _ _ _ _ _ _ _ _ _ _ _ _ _ _ _ _ _ _ _ _ _ _ _ _ _ _ _ _ _ _ _ _ _ _ _ _ _ _ _ _ _ _ _ _ _ _ _ _ _ _ _ _ _ _ _ _ _ _ _ _ _ _\n\nself = <selenium.webdriver.support.wait.WebDriverWait (session=\"d2e7b218710213f3aace963f8402e052\")>, method = <function visibility_of_element_located.<locals>._predicate at 0x000001554DEF62A0>, message = ''\n\n    def until(self, method: Callable[[D], Union[Literal[False], T]], message: str = \"\") -> T:\n        \"\"\"Calls the method provided with the driver as an argument until the \\\n        return value does not evaluate to ``False``.\n    \n        :param method: callable(WebDriver)\n        :param message: optional message for :exc:`TimeoutException`\n        :returns: the result of the last call to `method`\n        :raises: :exc:`selenium.common.exceptions.TimeoutException` if timeout occurs\n        \"\"\"\n        screen = None\n        stacktrace = None\n    \n        end_time = time.monotonic() + self._timeout\n        while True:\n            try:\n                value = method(self._driver)\n                if value:\n                    return value\n            except self._ignored_exceptions as exc:\n                screen = getattr(exc, \"screen\", None)\n                stacktrace = getattr(exc, \"stacktrace\", None)\n            time.sleep(self._poll)\n            if time.monotonic() > end_time:\n                break\n>       raise TimeoutException(message, screen, stacktrace)\nE       selenium.common.exceptions.TimeoutException: Message: \nE       Stacktrace:\nE       \tGetHandleVerifier [0x008774A3+25091]\nE       \t(No symbol) [0x007FDC04]\nE       \t(No symbol) [0x006DB373]\nE       \t(No symbol) [0x0071F4DC]\nE       \t(No symbol) [0x0071F65B]\nE       \t(No symbol) [0x0075D8E2]\nE       \t(No symbol) [0x00741F54]\nE       \t(No symbol) [0x0075B49E]\nE       \t(No symbol) [0x00741CA6]\nE       \t(No symbol) [0x007131D5]\nE       \t(No symbol) [0x0071435D]\nE       \tGetHandleVerifier [0x00B707C3+3142947]\nE       \tGetHandleVerifier [0x00B81A2B+3213195]\nE       \tGetHandleVerifier [0x00B7C412+3191154]\nE       \tGetHandleVerifier [0x00918720+685184]\nE       \t(No symbol) [0x00806E1D]\nE       \t(No symbol) [0x00803E18]\nE       \t(No symbol) [0x00803FB6]\nE       \t(No symbol) [0x007F66F0]\nE       \tBaseThreadInitThunk [0x7610FCC9+25]\nE       \tRtlGetAppContainerNamedObjectPath [0x7745809E+286]\nE       \tRtlGetAppContainerNamedObjectPath [0x7745806E+238]\n\n..\\..\\..\\AppData\\Roaming\\Python\\Python312\\site-packages\\selenium\\webdriver\\support\\wait.py:105: TimeoutException"}, "attachments": [{"name": "log", "source": "3f34747e-f029-4d3e-a8f4-ccf5c6fb5531-attachment.txt", "type": "text/plain"}, {"name": "stdout", "source": "85d622b4-e616-46e8-9416-fb0de66a7520-attachment.txt", "type": "text/plain"}, {"name": "stderr", "source": "bac15fa9-ba05-41dd-ad52-0dc5bdfa85d9-attachment.txt", "type": "text/plain"}], "start": 1739444362721, "stop": 1739444405582, "uuid": "7d624a46-0a8c-4d06-ae87-2f63c257cea6", "historyId": "cc417702adb16716095707cd1338ee81", "testCaseId": "cc417702adb16716095707cd1338ee81", "fullName": "tests.recruiter_test.Dashboard_test#test_dashboard_page", "labels": [{"name": "tag", "value": "dashboard_page"}, {"name": "tag", "value": "regression"}, {"name": "parentSuite", "value": "tests.recruiter_test"}, {"name": "suite", "value": "Dashboard_test"}, {"name": "host", "value": "DESKTOP-HRHMBRL"}, {"name": "thread", "value": "15868-MainThread"}, {"name": "framework", "value": "pytest"}, {"name": "language", "value": "cpython3"}, {"name": "package", "value": "tests.recruiter_test.Dashboard_test"}]}