{"name": "test_jobs_page", "status": "broken", "statusDetails": {"message": "selenium.common.exceptions.TimeoutException: Message:", "trace": "env = 'services', driver = <selenium.webdriver.chrome.webdriver.WebDriver (session=\"21fd329a60a2e59706638ffb41b8e9d7\")>, authenticated_user = None\n\n    @pytest.mark.regression\n    @pytest.mark.jobs_page\n    def test_jobs_page(env, driver, authenticated_user):\n        logging.info(f\"environment -> {env}\")\n        login = authenticated_user\n        recruiter_login = Loginrecruiter(driver)\n        recruiter_login.username_btn.send_keys('inderjeetkmcs@gmail.com')\n        recruiter_login.password_btn.send_keys('123')\n        recruiter_login.hidepassword_btn.click()\n        recruiter_login.login_btn.click()\n        time.sleep(10)\n        WebDriverWait(driver, 3).until(\n            EC.element_to_be_clickable((By.XPATH, \"(//h2[text()='Private Jobs'])\"))\n        )\n        jobs_page = Jobs(driver)\n        jobs_page.jobs_btn.click()\n    \n        draftsbtn = Jobs(driver)\n        draftsbtn.drafts_btn.click()\n    \n        driver.implicitly_wait(10) #<<<<<<<<\n    \n        inactivebtn = Jobs(driver)\n        inactivebtn.inactive_btn.click()\n    \n        activebtn = Jobs(driver)\n        activebtn.active_btn.click()\n    \n        sortby_btn = Jobs(driver)\n        sortby_btn.Sortby.click()\n    \n        last2week = Jobs(driver)\n        last2week.last2week.click()\n    \n        searchtab = Jobs(driver)\n        searchtab.search_tab.send_keys('JOB TELUGU')\n    \n        detailsbtn = Jobs(driver)\n        detailsbtn.details_btn.click()\n    \n        candidatesbtn = Jobs(driver)\n        candidatesbtn.candidates_btn.click()\n    \n        candidatecheckbox = Jobs(driver)\n>       candidatecheckbox.candidates_checkbox.click()\n\ntests\\recruiter_test\\Jobs_test.py:68: \n_ _ _ _ _ _ _ _ _ _ _ _ _ _ _ _ _ _ _ _ _ _ _ _ _ _ _ _ _ _ _ _ _ _ _ _ _ _ _ _ _ _ _ _ _ _ _ _ _ _ _ _ _ _ _ _ _ _ _ _ _ _ _ _ _ _ _ _ _ _ _ _ _ _ _ _ _ _ _ _ _ _ _ _ _ _ _ _ _ _ _ _ _ _ _ _ _ _ _ _ _ _ _ _ _ _ _ _ _ _ _ _ _ _\nPage_Recruiter\\Jobs_page.py:56: in candidates_checkbox\n    return BaseElement(driver=self.driver, locator=locator)\nutils\\base_elements.py:43: in __init__\n    self.find()\nutils\\base_elements.py:49: in find\n    element = WebDriverWait(self.driver, 30).until(EC.visibility_of_element_located(locator=self.locator))\n_ _ _ _ _ _ _ _ _ _ _ _ _ _ _ _ _ _ _ _ _ _ _ _ _ _ _ _ _ _ _ _ _ _ _ _ _ _ _ _ _ _ _ _ _ _ _ _ _ _ _ _ _ _ _ _ _ _ _ _ _ _ _ _ _ _ _ _ _ _ _ _ _ _ _ _ _ _ _ _ _ _ _ _ _ _ _ _ _ _ _ _ _ _ _ _ _ _ _ _ _ _ _ _ _ _ _ _ _ _ _ _ _ _\n\nself = <selenium.webdriver.support.wait.WebDriverWait (session=\"21fd329a60a2e59706638ffb41b8e9d7\")>, method = <function visibility_of_element_located.<locals>._predicate at 0x000001AE96E8F9C0>, message = ''\n\n    def until(self, method: Callable[[D], Union[Literal[False], T]], message: str = \"\") -> T:\n        \"\"\"Calls the method provided with the driver as an argument until the \\\n        return value does not evaluate to ``False``.\n    \n        :param method: callable(WebDriver)\n        :param message: optional message for :exc:`TimeoutException`\n        :returns: the result of the last call to `method`\n        :raises: :exc:`selenium.common.exceptions.TimeoutException` if timeout occurs\n        \"\"\"\n        screen = None\n        stacktrace = None\n    \n        end_time = time.monotonic() + self._timeout\n        while True:\n            try:\n                value = method(self._driver)\n                if value:\n                    return value\n            except self._ignored_exceptions as exc:\n                screen = getattr(exc, \"screen\", None)\n                stacktrace = getattr(exc, \"stacktrace\", None)\n            time.sleep(self._poll)\n            if time.monotonic() > end_time:\n                break\n>       raise TimeoutException(message, screen, stacktrace)\nE       selenium.common.exceptions.TimeoutException: Message:\n\n..\\..\\..\\AppData\\Roaming\\Python\\Python312\\site-packages\\selenium\\webdriver\\support\\wait.py:105: TimeoutException"}, "attachments": [{"name": "log", "source": "35de93dc-ae90-4593-88e0-9592a76076c2-attachment.txt", "type": "text/plain"}, {"name": "stdout", "source": "b948ac35-f8e0-453e-b214-81243738ec90-attachment.txt", "type": "text/plain"}, {"name": "stderr", "source": "74e7f46c-90a7-4251-8214-70d88bec5409-attachment.txt", "type": "text/plain"}], "start": 1737965755512, "stop": 1737965800846, "uuid": "49225a7f-5707-4180-9fe0-790bdc90a6d1", "historyId": "9052ef2b0d9e76791ffa006f9a881f25", "testCaseId": "9052ef2b0d9e76791ffa006f9a881f25", "fullName": "tests.recruiter_test.Jobs_test#test_jobs_page", "labels": [{"name": "tag", "value": "jobs_page"}, {"name": "tag", "value": "regression"}, {"name": "parentSuite", "value": "tests.recruiter_test"}, {"name": "suite", "value": "Jobs_test"}, {"name": "host", "value": "DESKTOP-HRHMBRL"}, {"name": "thread", "value": "5804-MainThread"}, {"name": "framework", "value": "pytest"}, {"name": "language", "value": "cpython3"}, {"name": "package", "value": "tests.recruiter_test.Jobs_test"}]}