{"name": "test_dashboard_page", "status": "broken", "statusDetails": {"message": "selenium.common.exceptions.TimeoutException: Message: \nStacktrace:\n\tGetHandleVerifier [0x0124FD53+23747]\n\t(No symbol) [0x011D7D54]\n\t(No symbol) [0x010ABE53]\n\t(No symbol) [0x010EFCA6]\n\t(No symbol) [0x010EFEEB]\n\t(No symbol) [0x0112D852]\n\t(No symbol) [0x01111E44]\n\t(No symbol) [0x0112B41E]\n\t(No symbol) [0x01111B96]\n\t(No symbol) [0x010E3F3C]\n\t(No symbol) [0x010E4EBD]\n\tGetHandleVerifier [0x0152AC73+3017699]\n\tGetHandleVerifier [0x0153B93B+3086507]\n\tGetHandleVerifier [0x015340F2+3055714]\n\tGetHandleVerifier [0x012E5AF0+637536]\n\t(No symbol) [0x011E0A5D]\n\t(No symbol) [0x011DDA28]\n\t(No symbol) [0x011DDBC5]\n\t(No symbol) [0x011D07F0]\n\tBaseThreadInitThunk [0x7710FCC9+25]\n\tRtlGetAppContainerNamedObjectPath [0x77C2809E+286]\n\tRtlGetAppContainerNamedObjectPath [0x77C2806E+238]", "trace": "env = 'services', driver = <selenium.webdriver.chrome.webdriver.WebDriver (session=\"6207150bfd5a3de516f741ac57193d53\")>, authenticated_user = None\n\n    @pytest.mark.regression\n    @pytest.mark.dashboard_page\n    def test_dashboard_page(env, driver, authenticated_user):\n        logging.info(f\"environment -> {env}\")\n        login = authenticated_user\n        recruiterlogin = Loginrecruiter(driver)\n        recruiterlogin.username_btn.send_keys('inderjeetkmcs@gmail.com')\n        recruiterlogin.password_btn.send_keys('123')\n        recruiterlogin.hidepassword_btn.click()\n        recruiterlogin.login_btn.click()\n        time.sleep(30)\n    \n>       WebDriverWait(driver, 10).until(\n            EC.element_to_be_clickable((By.XPATH, \"(//h2[text()='Private Jobs'])\"))\n            # Replace with your dashboard button's locator\n        )\n\ntests\\recruiter_test\\Dashboard_test.py:34: \n_ _ _ _ _ _ _ _ _ _ _ _ _ _ _ _ _ _ _ _ _ _ _ _ _ _ _ _ _ _ _ _ _ _ _ _ _ _ _ _ _ _ _ _ _ _ _ _ _ _ _ _ _ _ _ _ _ _ _ _ _ _ _ _ _ _ _ _ _ _ _ _ _ _ _ _ _ _ _ _ _ _ _ _ _ _ _ _ _ _ _ _ _ _ _ _ _ _ _ _ _ _ _ _ _ _ _ _ _ _ _ _ _ \n\nself = <selenium.webdriver.support.wait.WebDriverWait (session=\"6207150bfd5a3de516f741ac57193d53\")>, method = <function element_to_be_clickable.<locals>._predicate at 0x000001FB4B7E20C0>, message = ''\n\n    def until(self, method: Callable[[D], Union[Literal[False], T]], message: str = \"\") -> T:\n        \"\"\"Calls the method provided with the driver as an argument until the \\\n        return value does not evaluate to ``False``.\n    \n        :param method: callable(WebDriver)\n        :param message: optional message for :exc:`TimeoutException`\n        :returns: the result of the last call to `method`\n        :raises: :exc:`selenium.common.exceptions.TimeoutException` if timeout occurs\n        \"\"\"\n        screen = None\n        stacktrace = None\n    \n        end_time = time.monotonic() + self._timeout\n        while True:\n            try:\n                value = method(self._driver)\n                if value:\n                    return value\n            except self._ignored_exceptions as exc:\n                screen = getattr(exc, \"screen\", None)\n                stacktrace = getattr(exc, \"stacktrace\", None)\n            time.sleep(self._poll)\n            if time.monotonic() > end_time:\n                break\n>       raise TimeoutException(message, screen, stacktrace)\nE       selenium.common.exceptions.TimeoutException: Message: \nE       Stacktrace:\nE       \tGetHandleVerifier [0x0124FD53+23747]\nE       \t(No symbol) [0x011D7D54]\nE       \t(No symbol) [0x010ABE53]\nE       \t(No symbol) [0x010EFCA6]\nE       \t(No symbol) [0x010EFEEB]\nE       \t(No symbol) [0x0112D852]\nE       \t(No symbol) [0x01111E44]\nE       \t(No symbol) [0x0112B41E]\nE       \t(No symbol) [0x01111B96]\nE       \t(No symbol) [0x010E3F3C]\nE       \t(No symbol) [0x010E4EBD]\nE       \tGetHandleVerifier [0x0152AC73+3017699]\nE       \tGetHandleVerifier [0x0153B93B+3086507]\nE       \tGetHandleVerifier [0x015340F2+3055714]\nE       \tGetHandleVerifier [0x012E5AF0+637536]\nE       \t(No symbol) [0x011E0A5D]\nE       \t(No symbol) [0x011DDA28]\nE       \t(No symbol) [0x011DDBC5]\nE       \t(No symbol) [0x011D07F0]\nE       \tBaseThreadInitThunk [0x7710FCC9+25]\nE       \tRtlGetAppContainerNamedObjectPath [0x77C2809E+286]\nE       \tRtlGetAppContainerNamedObjectPath [0x77C2806E+238]\n\n..\\..\\..\\AppData\\Roaming\\Python\\Python312\\site-packages\\selenium\\webdriver\\support\\wait.py:105: TimeoutException"}, "attachments": [{"name": "log", "source": "d1f0608b-e4ad-4143-9c9b-c473ab99b999-attachment.txt", "type": "text/plain"}, {"name": "stdout", "source": "d6a8edda-894a-4db5-81f8-d5a6e6866f85-attachment.txt", "type": "text/plain"}, {"name": "stderr", "source": "7c31e532-6b85-4c1b-ba5a-694d94a7016a-attachment.txt", "type": "text/plain"}], "start": 1736855311514, "stop": 1736855353280, "uuid": "ce5cc5a4-d289-4f9f-930c-650648545541", "historyId": "cc417702adb16716095707cd1338ee81", "testCaseId": "cc417702adb16716095707cd1338ee81", "fullName": "tests.recruiter_test.Dashboard_test#test_dashboard_page", "labels": [{"name": "tag", "value": "dashboard_page"}, {"name": "tag", "value": "regression"}, {"name": "parentSuite", "value": "tests.recruiter_test"}, {"name": "suite", "value": "Dashboard_test"}, {"name": "host", "value": "DESKTOP-HRHMBRL"}, {"name": "thread", "value": "22416-MainThread"}, {"name": "framework", "value": "pytest"}, {"name": "language", "value": "cpython3"}, {"name": "package", "value": "tests.recruiter_test.Dashboard_test"}]}