{"name": "test_assessments_page", "status": "broken", "statusDetails": {"message": "selenium.common.exceptions.StaleElementReferenceException: Message: stale element reference: stale element not found in the current frame\n  (Session info: chrome=132.0.6834.196); For documentation on this error, please visit: https://www.selenium.dev/documentation/webdriver/troubleshooting/errors#stale-element-reference-exception\nStacktrace:\n\tGetHandleVerifier [0x008774A3+25091]\n\t(No symbol) [0x007FDC04]\n\t(No symbol) [0x006DB373]\n\t(No symbol) [0x006E0C3D]\n\t(No symbol) [0x006E2CBA]\n\t(No symbol) [0x006E2D37]\n\t(No symbol) [0x007230A4]\n\t(No symbol) [0x00721467]\n\t(No symbol) [0x0072076A]\n\t(No symbol) [0x007153A5]\n\t(No symbol) [0x00741F0C]\n\t(No symbol) [0x00714E44]\n\t(No symbol) [0x007421A4]\n\t(No symbol) [0x0075B49E]\n\t(No symbol) [0x00741CA6]\n\t(No symbol) [0x007131D5]\n\t(No symbol) [0x0071435D]\n\tGetHandleVerifier [0x00B707C3+3142947]\n\tGetHandleVerifier [0x00B81A2B+3213195]\n\tGetHandleVerifier [0x00B7C412+3191154]\n\tGetHandleVerifier [0x00918720+685184]\n\t(No symbol) [0x00806E1D]\n\t(No symbol) [0x00803E18]\n\t(No symbol) [0x00803FB6]\n\t(No symbol) [0x007F66F0]\n\tBaseThreadInitThunk [0x7610FCC9+25]\n\tRtlGetAppContainerNamedObjectPath [0x7745809E+286]\n\tRtlGetAppContainerNamedObjectPath [0x7745806E+238]", "trace": "env = 'dev', driver = <selenium.webdriver.chrome.webdriver.WebDriver (session=\"cd0113f5927b69df3346ef672ea6035f\")>, authenticated_user = None\n\n    @pytest.mark.regression\n    @pytest.mark.assessments_page\n    def test_assessments_page(env, driver, authenticated_user):\n        logging.info(f\"environment -> {env}\")\n        login = authenticated_user\n        recruiter_login = Loginrecruiter(driver)\n        recruiter_login.username_btn.send_keys('inderjeetkmcs@gmail.com')\n        recruiter_login.password_btn.send_keys('123')\n        logging.info(f\"Password entered\")\n    \n        # recruiter_login.hidepassword_btn.click()\n        # logging.info(f\"hide passwrd btn clicked\")\n    \n        WebDriverWait(driver, 10).until(\n            EC.element_to_be_clickable((By.XPATH, \"//span[contains(text(), 'Login')]\"))\n        )\n        recruiter_login.login_btn.click()\n        logging.info(f\"login btn clicked\")\n    \n        WebDriverWait(driver, 10).until(\n            EC.visibility_of_element_located((By.XPATH, \"(//h2[text()='Private Jobs'])\"))\n        )\n        assessment_page = Assessments(driver)\n        assessment_page.assessments_btn.click()\n        logging.info(f\"Assessments btn clicked\")\n        logger.info(f\"assessment page btn clicked\")\n        WebDriverWait(driver, 10).until(\n            EC.visibility_of_element_located((By.XPATH, \"//body/div/div/div/div/div/div/div/div/div/div[1]/div[1]\"))\n        )\n    \n        inactivejobs = Assessments(driver)\n        inactivejobs.inactive_btn.click()\n        WebDriverWait(driver, 10).until(\n            EC.visibility_of_element_located((By.XPATH, \"//body/div/div/div/div/div/div/div/div/div/div[1]/div[1]\"))\n        )\n    \n        draftjobs = Assessments(driver)\n        draftjobs.drafts_btn.click()\n        WebDriverWait(driver, 10).until(\n            EC.visibility_of_element_located((By.XPATH, \"//body/div/div/div/div/div/div/div/div/div/div[1]/div[1]\"))\n        )\n    \n        NavButton = Assessments(driver)\n        NavButton.Nav_Button.click()\n        NavButton.Nav_Button.click()\n    \n        searchtab = Assessments(driver)\n        searchtab.search_tab.send_keys('Automated 1002')\n    \n        selectjob = Assessments(driver)\n        selectjob.select_job.click()\n    \n        CreateNewAssessment =  Assessments(driver)\n        CreateNewAssessment.Create_New_Assessment.click()\n        time.sleep(4)\n    \n       ## //////////////////  CTQ  ///////////(COMMENT OUT ctq CODE IF CTQ IS NOT SELECTED FOR ASSESSMENT )\n    \n        AddCTQ = Assessments(driver)\n>       AddCTQ.Add_CTQ.click()\n\ntests\\recruiter_test\\Assessments_test.py:79: \n_ _ _ _ _ _ _ _ _ _ _ _ _ _ _ _ _ _ _ _ _ _ _ _ _ _ _ _ _ _ _ _ _ _ _ _ _ _ _ _ _ _ _ _ _ _ _ _ _ _ _ _ _ _ _ _ _ _ _ _ _ _ _ _ _ _ _ _ _ _ _ _ _ _ _ _ _ _ _ _ _ _ _ _ _ _ _ _ _ _ _ _ _ _ _ _ _ _ _ _ _ _ _ _ _ _ _ _ _ _ _ _ _ _\nutils\\base_elements.py:77: in click\n    element.click()\n..\\..\\..\\AppData\\Roaming\\Python\\Python312\\site-packages\\selenium\\webdriver\\remote\\webelement.py:94: in click\n    self._execute(Command.CLICK_ELEMENT)\n..\\..\\..\\AppData\\Roaming\\Python\\Python312\\site-packages\\selenium\\webdriver\\remote\\webelement.py:395: in _execute\n    return self._parent.execute(command, params)\n..\\..\\..\\AppData\\Roaming\\Python\\Python312\\site-packages\\selenium\\webdriver\\remote\\webdriver.py:348: in execute\n    self.error_handler.check_response(response)\n_ _ _ _ _ _ _ _ _ _ _ _ _ _ _ _ _ _ _ _ _ _ _ _ _ _ _ _ _ _ _ _ _ _ _ _ _ _ _ _ _ _ _ _ _ _ _ _ _ _ _ _ _ _ _ _ _ _ _ _ _ _ _ _ _ _ _ _ _ _ _ _ _ _ _ _ _ _ _ _ _ _ _ _ _ _ _ _ _ _ _ _ _ _ _ _ _ _ _ _ _ _ _ _ _ _ _ _ _ _ _ _ _ _\n\nself = <selenium.webdriver.remote.errorhandler.ErrorHandler object at 0x00000230A0BEAAE0>\nresponse = {'status': 404, 'value': '{\"value\":{\"error\":\"stale element reference\",\"message\":\"stale element reference: stale elemen...\\n\\\\tRtlGetAppContainerNamedObjectPath [0x7745809E+286]\\\\n\\\\tRtlGetAppContainerNamedObjectPath [0x7745806E+238]\\\\n\"}}'}\n\n    def check_response(self, response: Dict[str, Any]) -> None:\n        \"\"\"Checks that a JSON response from the WebDriver does not have an\n        error.\n    \n        :Args:\n         - response - The JSON response from the WebDriver server as a dictionary\n           object.\n    \n        :Raises: If the response contains an error message.\n        \"\"\"\n        status = response.get(\"status\", None)\n        if not status or status == ErrorCode.SUCCESS:\n            return\n        value = None\n        message = response.get(\"message\", \"\")\n        screen: str = response.get(\"screen\", \"\")\n        stacktrace = None\n        if isinstance(status, int):\n            value_json = response.get(\"value\", None)\n            if value_json and isinstance(value_json, str):\n                import json\n    \n                try:\n                    value = json.loads(value_json)\n                    if len(value) == 1:\n                        value = value[\"value\"]\n                    status = value.get(\"error\", None)\n                    if not status:\n                        status = value.get(\"status\", ErrorCode.UNKNOWN_ERROR)\n                        message = value.get(\"value\") or value.get(\"message\")\n                        if not isinstance(message, str):\n                            value = message\n                            message = message.get(\"message\")\n                    else:\n                        message = value.get(\"message\", None)\n                except ValueError:\n                    pass\n    \n        exception_class: Type[WebDriverException]\n        e = ErrorCode()\n        error_codes = [item for item in dir(e) if not item.startswith(\"__\")]\n        for error_code in error_codes:\n            error_info = getattr(ErrorCode, error_code)\n            if isinstance(error_info, list) and status in error_info:\n                exception_class = getattr(ExceptionMapping, error_code, WebDriverException)\n                break\n        else:\n            exception_class = WebDriverException\n    \n        if not value:\n            value = response[\"value\"]\n        if isinstance(value, str):\n            raise exception_class(value)\n        if message == \"\" and \"message\" in value:\n            message = value[\"message\"]\n    \n        screen = None  # type: ignore[assignment]\n        if \"screen\" in value:\n            screen = value[\"screen\"]\n    \n        stacktrace = None\n        st_value = value.get(\"stackTrace\") or value.get(\"stacktrace\")\n        if st_value:\n            if isinstance(st_value, str):\n                stacktrace = st_value.split(\"\\n\")\n            else:\n                stacktrace = []\n                try:\n                    for frame in st_value:\n                        line = frame.get(\"lineNumber\", \"\")\n                        file = frame.get(\"fileName\", \"<anonymous>\")\n                        if line:\n                            file = f\"{file}:{line}\"\n                        meth = frame.get(\"methodName\", \"<anonymous>\")\n                        if \"className\" in frame:\n                            meth = f\"{frame['className']}.{meth}\"\n                        msg = \"    at %s (%s)\"\n                        msg = msg % (meth, file)\n                        stacktrace.append(msg)\n                except TypeError:\n                    pass\n        if exception_class == UnexpectedAlertPresentException:\n            alert_text = None\n            if \"data\" in value:\n                alert_text = value[\"data\"].get(\"text\")\n            elif \"alert\" in value:\n                alert_text = value[\"alert\"].get(\"text\")\n            raise exception_class(message, screen, stacktrace, alert_text)  # type: ignore[call-arg]  # mypy is not smart enough here\n>       raise exception_class(message, screen, stacktrace)\nE       selenium.common.exceptions.StaleElementReferenceException: Message: stale element reference: stale element not found in the current frame\nE         (Session info: chrome=132.0.6834.196); For documentation on this error, please visit: https://www.selenium.dev/documentation/webdriver/troubleshooting/errors#stale-element-reference-exception\nE       Stacktrace:\nE       \tGetHandleVerifier [0x008774A3+25091]\nE       \t(No symbol) [0x007FDC04]\nE       \t(No symbol) [0x006DB373]\nE       \t(No symbol) [0x006E0C3D]\nE       \t(No symbol) [0x006E2CBA]\nE       \t(No symbol) [0x006E2D37]\nE       \t(No symbol) [0x007230A4]\nE       \t(No symbol) [0x00721467]\nE       \t(No symbol) [0x0072076A]\nE       \t(No symbol) [0x007153A5]\nE       \t(No symbol) [0x00741F0C]\nE       \t(No symbol) [0x00714E44]\nE       \t(No symbol) [0x007421A4]\nE       \t(No symbol) [0x0075B49E]\nE       \t(No symbol) [0x00741CA6]\nE       \t(No symbol) [0x007131D5]\nE       \t(No symbol) [0x0071435D]\nE       \tGetHandleVerifier [0x00B707C3+3142947]\nE       \tGetHandleVerifier [0x00B81A2B+3213195]\nE       \tGetHandleVerifier [0x00B7C412+3191154]\nE       \tGetHandleVerifier [0x00918720+685184]\nE       \t(No symbol) [0x00806E1D]\nE       \t(No symbol) [0x00803E18]\nE       \t(No symbol) [0x00803FB6]\nE       \t(No symbol) [0x007F66F0]\nE       \tBaseThreadInitThunk [0x7610FCC9+25]\nE       \tRtlGetAppContainerNamedObjectPath [0x7745809E+286]\nE       \tRtlGetAppContainerNamedObjectPath [0x7745806E+238]\n\n..\\..\\..\\AppData\\Roaming\\Python\\Python312\\site-packages\\selenium\\webdriver\\remote\\errorhandler.py:229: StaleElementReferenceException"}, "attachments": [{"name": "log", "source": "05e84046-9eb8-4eb7-bbc4-f80294220366-attachment.txt", "type": "text/plain"}, {"name": "stdout", "source": "b74083fb-41f2-417a-9d64-f1f610079a45-attachment.txt", "type": "text/plain"}, {"name": "stderr", "source": "0fb65756-9319-4421-b259-333b9a74b65a-attachment.txt", "type": "text/plain"}], "start": 1739440936412, "stop": 1739440969647, "uuid": "7c5ffe0b-20d4-482d-80fd-4e2083f15d90", "historyId": "2e771aa6f332ce1e580c52d2aa8d8413", "testCaseId": "2e771aa6f332ce1e580c52d2aa8d8413", "fullName": "tests.recruiter_test.Assessments_test#test_assessments_page", "labels": [{"name": "tag", "value": "assessments_page"}, {"name": "tag", "value": "regression"}, {"name": "parentSuite", "value": "tests.recruiter_test"}, {"name": "suite", "value": "Assessments_test"}, {"name": "host", "value": "DESKTOP-HRHMBRL"}, {"name": "thread", "value": "17164-MainThread"}, {"name": "framework", "value": "pytest"}, {"name": "language", "value": "cpython3"}, {"name": "package", "value": "tests.recruiter_test.Assessments_test"}]}