{"name": "test_login", "status": "broken", "statusDetails": {"message": "selenium.common.exceptions.TimeoutException: Message: \nStacktrace:\n\tGetHandleVerifier [0x00BCC203+27395]\n\t(No symbol) [0x00B63E04]\n\t(No symbol) [0x00A61B7F]\n\t(No symbol) [0x00AA2C65]\n\t(No symbol) [0x00AA2D3B]\n\t(No symbol) [0x00ADEC82]\n\t(No symbol) [0x00AC39E4]\n\t(No symbol) [0x00ADCB24]\n\t(No symbol) [0x00AC3736]\n\t(No symbol) [0x00A97541]\n\t(No symbol) [0x00A980BD]\n\tGetHandleVerifier [0x00E83AB3+2876339]\n\tGetHandleVerifier [0x00ED7F7D+3221629]\n\tGetHandleVerifier [0x00C4D674+556916]\n\tGetHandleVerifier [0x00C5478C+585868]\n\t(No symbol) [0x00B6CE44]\n\t(No symbol) [0x00B69858]\n\t(No symbol) [0x00B699F7]\n\t(No symbol) [0x00B5BF4E]\n\tBaseThreadInitThunk [0x7703FCC9+25]\n\tRtlGetAppContainerNamedObjectPath [0x77C980CE+286]\n\tRtlGetAppContainerNamedObjectPath [0x77C9809E+238]", "trace": "env = 'pilot', driver = <selenium.webdriver.chrome.webdriver.WebDriver (session=\"7c0631f85b6210c4a1977ee5a157b07d\")>, authenticated_user = None\n\n    @pytest.mark.login\n    def test_login(env, driver, authenticated_user):\n        logging.info(f\"environment -> {env}\")\n        login = authenticated_user\n        Pagelogin = Login(driver)\n>       Pagelogin.btn_name.send_keys(\"mridul\")\n\ntests\\candidate_test\\login_test.py:19: \n_ _ _ _ _ _ _ _ _ _ _ _ _ _ _ _ _ _ _ _ _ _ _ _ _ _ _ _ _ _ _ _ _ _ _ _ _ _ _ _ _ _ _ _ _ _ _ _ _ _ _ _ _ _ _ _ _ _ _ _ _ _ _ _ _ _ _ _ _ _ _ _ _ _\nPages_Candidate\\login.py:11: in btn_name\n    return BaseElement(driver=self.driver, locator=locator)\nutils\\base_elements.py:43: in __init__\n    self.find()\nutils\\base_elements.py:49: in find\n    element = WebDriverWait(self.driver, 30).until(EC.visibility_of_element_located(locator=self.locator))\n_ _ _ _ _ _ _ _ _ _ _ _ _ _ _ _ _ _ _ _ _ _ _ _ _ _ _ _ _ _ _ _ _ _ _ _ _ _ _ _ _ _ _ _ _ _ _ _ _ _ _ _ _ _ _ _ _ _ _ _ _ _ _ _ _ _ _ _ _ _ _ _ _ _\n\nself = <selenium.webdriver.support.wait.WebDriverWait (session=\"7c0631f85b6210c4a1977ee5a157b07d\")>\nmethod = <function visibility_of_element_located.<locals>._predicate at 0x0000015FAC0CEFC0>, message = ''\n\n    def until(self, method: Callable[[D], Union[Literal[False], T]], message: str = \"\") -> T:\n        \"\"\"Calls the method provided with the driver as an argument until the \\\n        return value does not evaluate to ``False``.\n    \n        :param method: callable(WebDriver)\n        :param message: optional message for :exc:`TimeoutException`\n        :returns: the result of the last call to `method`\n        :raises: :exc:`selenium.common.exceptions.TimeoutException` if timeout occurs\n        \"\"\"\n        screen = None\n        stacktrace = None\n    \n        end_time = time.monotonic() + self._timeout\n        while True:\n            try:\n                value = method(self._driver)\n                if value:\n                    return value\n            except self._ignored_exceptions as exc:\n                screen = getattr(exc, \"screen\", None)\n                stacktrace = getattr(exc, \"stacktrace\", None)\n            time.sleep(self._poll)\n            if time.monotonic() > end_time:\n                break\n>       raise TimeoutException(message, screen, stacktrace)\nE       selenium.common.exceptions.TimeoutException: Message: \nE       Stacktrace:\nE       \tGetHandleVerifier [0x00BCC203+27395]\nE       \t(No symbol) [0x00B63E04]\nE       \t(No symbol) [0x00A61B7F]\nE       \t(No symbol) [0x00AA2C65]\nE       \t(No symbol) [0x00AA2D3B]\nE       \t(No symbol) [0x00ADEC82]\nE       \t(No symbol) [0x00AC39E4]\nE       \t(No symbol) [0x00ADCB24]\nE       \t(No symbol) [0x00AC3736]\nE       \t(No symbol) [0x00A97541]\nE       \t(No symbol) [0x00A980BD]\nE       \tGetHandleVerifier [0x00E83AB3+2876339]\nE       \tGetHandleVerifier [0x00ED7F7D+3221629]\nE       \tGetHandleVerifier [0x00C4D674+556916]\nE       \tGetHandleVerifier [0x00C5478C+585868]\nE       \t(No symbol) [0x00B6CE44]\nE       \t(No symbol) [0x00B69858]\nE       \t(No symbol) [0x00B699F7]\nE       \t(No symbol) [0x00B5BF4E]\nE       \tBaseThreadInitThunk [0x7703FCC9+25]\nE       \tRtlGetAppContainerNamedObjectPath [0x77C980CE+286]\nE       \tRtlGetAppContainerNamedObjectPath [0x77C9809E+238]\n\nvenv\\Lib\\site-packages\\selenium\\webdriver\\support\\wait.py:105: TimeoutException"}, "attachments": [{"name": "log", "source": "09d49c28-f4be-4be8-872e-66cdd43f3706-attachment.txt", "type": "text/plain"}, {"name": "stdout", "source": "110788c3-2a88-4d6b-a570-b6e17c33f0a1-attachment.txt", "type": "text/plain"}, {"name": "stderr", "source": "46d1265f-bd4c-4515-9599-6b17fc79a6dc-attachment.txt", "type": "text/plain"}], "start": 1721632204181, "stop": 1721632235810, "uuid": "611e9288-445d-4399-bad8-3120b8ee5e01", "historyId": "86b1e9db321c90658f175e0a246d262f", "testCaseId": "86b1e9db321c90658f175e0a246d262f", "fullName": "tests.candidate_test.login_test#test_login", "labels": [{"name": "tag", "value": "login"}, {"name": "parentSuite", "value": "tests.candidate_test"}, {"name": "suite", "value": "login_test"}, {"name": "host", "value": "DESKTOP-CDJ5FU7"}, {"name": "thread", "value": "15132-MainThread"}, {"name": "framework", "value": "pytest"}, {"name": "language", "value": "cpython3"}, {"name": "package", "value": "tests.candidate_test.login_test"}]}