{"name": "test_jobs_page", "status": "broken", "statusDetails": {"message": "selenium.common.exceptions.TimeoutException: Message: \nStacktrace:\n\tGetHandleVerifier [0x010574A3+25091]\n\t(No symbol) [0x00FDDC04]\n\t(No symbol) [0x00EBB373]\n\t(No symbol) [0x00EFF4DC]\n\t(No symbol) [0x00EFF65B]\n\t(No symbol) [0x00F3D8E2]\n\t(No symbol) [0x00F21F54]\n\t(No symbol) [0x00F3B49E]\n\t(No symbol) [0x00F21CA6]\n\t(No symbol) [0x00EF31D5]\n\t(No symbol) [0x00EF435D]\n\tGetHandleVerifier [0x013507C3+3142947]\n\tGetHandleVerifier [0x01361A2B+3213195]\n\tGetHandleVerifier [0x0135C412+3191154]\n\tGetHandleVerifier [0x010F8720+685184]\n\t(No symbol) [0x00FE6E1D]\n\t(No symbol) [0x00FE3E18]\n\t(No symbol) [0x00FE3FB6]\n\t(No symbol) [0x00FD66F0]\n\tBaseThreadInitThunk [0x7610FCC9+25]\n\tRtlGetAppContainerNamedObjectPath [0x7745809E+286]\n\tRtlGetAppContainerNamedObjectPath [0x7745806E+238]", "trace": "env = 'services', driver = <selenium.webdriver.chrome.webdriver.WebDriver (session=\"d15f277ddfc42cc86837ad4bdd2bbb09\")>, authenticated_user = None\n\n    @pytest.mark.regression\n    @pytest.mark.jobs_page\n    def test_jobs_page(env, driver, authenticated_user):\n        logging.info(f\"environment -> {env}\")\n        login = authenticated_user\n        recruiter_login = Loginrecruiter(driver)\n        recruiter_login.username_btn.send_keys('inderjeetkmcs@gmail.com')\n        recruiter_login.password_btn.send_keys('123')\n        logging.info(f\"Password entered\")\n    \n        # recruiter_login.hidepassword_btn.click()\n        # logging.info(f\"hide passwrd btn clicked\")\n    \n        WebDriverWait(driver, 10).until(\n            EC.element_to_be_clickable((By.XPATH, \"//span[contains(text(), 'Login')]\"))\n        )\n        recruiter_login.login_btn.click()\n        logging.info(f\"login btn clicked\")\n        #time.sleep(5)\n        WebDriverWait(driver, 10).until(\n            EC.visibility_of_element_located((By.XPATH, \"(//h2[text()='Private Jobs'])\"))\n        )\n    \n        jobs_page = Jobs(driver)\n        jobs_page.jobs_btn.click()\n        logging.info(f\"jobs btn clicked\")\n    \n    \n        activebtn = Jobs(driver)\n        activebtn.active_btn.click()\n        logging.info(f\"active btn clicked\")\n    \n        draftsbtn = Jobs(driver)\n        draftsbtn.drafts_btn.click()\n    \n        inactivebtn = Jobs(driver)\n        inactivebtn.inactive_btn.click()\n        logging.info(f\"inactive btn clicked\")\n    \n        sortby_btn = Jobs(driver)\n        sortby_btn.Sortby.click()\n    \n        last2week = Jobs(driver)\n        last2week.last2week.click()\n    \n        searchtab = Jobs(driver)\n        searchtab.search_tab.send_keys('3rd July Testing')\n    \n        detailsbtn = Jobs(driver)\n        detailsbtn.details_btn.click()\n    \n        candidatesbtn = Jobs(driver)\n        candidatesbtn.candidates_btn.click()\n    \n        candidatecheckbox = Jobs(driver)\n>       candidatecheckbox.candidates_checkbox.click()\n\ntests\\recruiter_test\\Jobs_test.py:79: \n_ _ _ _ _ _ _ _ _ _ _ _ _ _ _ _ _ _ _ _ _ _ _ _ _ _ _ _ _ _ _ _ _ _ _ _ _ _ _ _ _ _ _ _ _ _ _ _ _ _ _ _ _ _ _ _ _ _ _ _ _ _ _ _ _ _ _ _ _ _ _ _ _ _ _ _ _ _ _ _ _ _ _ _ _ _ _ _ _ _ _ _ _ _ _ _ _ _ _ _ _ _ _ _ _ _ _ _ _ _ _ _ _ _\nPage_Recruiter\\Jobs_page.py:61: in candidates_checkbox\n    return BaseElement(driver=self.driver, locator=locator)\nutils\\base_elements.py:43: in __init__\n    self.find()\nutils\\base_elements.py:49: in find\n    element = WebDriverWait(self.driver, 30).until(EC.visibility_of_element_located(locator=self.locator))\n_ _ _ _ _ _ _ _ _ _ _ _ _ _ _ _ _ _ _ _ _ _ _ _ _ _ _ _ _ _ _ _ _ _ _ _ _ _ _ _ _ _ _ _ _ _ _ _ _ _ _ _ _ _ _ _ _ _ _ _ _ _ _ _ _ _ _ _ _ _ _ _ _ _ _ _ _ _ _ _ _ _ _ _ _ _ _ _ _ _ _ _ _ _ _ _ _ _ _ _ _ _ _ _ _ _ _ _ _ _ _ _ _ _\n\nself = <selenium.webdriver.support.wait.WebDriverWait (session=\"d15f277ddfc42cc86837ad4bdd2bbb09\")>, method = <function visibility_of_element_located.<locals>._predicate at 0x00000273409277E0>, message = ''\n\n    def until(self, method: Callable[[D], Union[Literal[False], T]], message: str = \"\") -> T:\n        \"\"\"Calls the method provided with the driver as an argument until the \\\n        return value does not evaluate to ``False``.\n    \n        :param method: callable(WebDriver)\n        :param message: optional message for :exc:`TimeoutException`\n        :returns: the result of the last call to `method`\n        :raises: :exc:`selenium.common.exceptions.TimeoutException` if timeout occurs\n        \"\"\"\n        screen = None\n        stacktrace = None\n    \n        end_time = time.monotonic() + self._timeout\n        while True:\n            try:\n                value = method(self._driver)\n                if value:\n                    return value\n            except self._ignored_exceptions as exc:\n                screen = getattr(exc, \"screen\", None)\n                stacktrace = getattr(exc, \"stacktrace\", None)\n            time.sleep(self._poll)\n            if time.monotonic() > end_time:\n                break\n>       raise TimeoutException(message, screen, stacktrace)\nE       selenium.common.exceptions.TimeoutException: Message: \nE       Stacktrace:\nE       \tGetHandleVerifier [0x010574A3+25091]\nE       \t(No symbol) [0x00FDDC04]\nE       \t(No symbol) [0x00EBB373]\nE       \t(No symbol) [0x00EFF4DC]\nE       \t(No symbol) [0x00EFF65B]\nE       \t(No symbol) [0x00F3D8E2]\nE       \t(No symbol) [0x00F21F54]\nE       \t(No symbol) [0x00F3B49E]\nE       \t(No symbol) [0x00F21CA6]\nE       \t(No symbol) [0x00EF31D5]\nE       \t(No symbol) [0x00EF435D]\nE       \tGetHandleVerifier [0x013507C3+3142947]\nE       \tGetHandleVerifier [0x01361A2B+3213195]\nE       \tGetHandleVerifier [0x0135C412+3191154]\nE       \tGetHandleVerifier [0x010F8720+685184]\nE       \t(No symbol) [0x00FE6E1D]\nE       \t(No symbol) [0x00FE3E18]\nE       \t(No symbol) [0x00FE3FB6]\nE       \t(No symbol) [0x00FD66F0]\nE       \tBaseThreadInitThunk [0x7610FCC9+25]\nE       \tRtlGetAppContainerNamedObjectPath [0x7745809E+286]\nE       \tRtlGetAppContainerNamedObjectPath [0x7745806E+238]\n\n..\\..\\..\\AppData\\Roaming\\Python\\Python312\\site-packages\\selenium\\webdriver\\support\\wait.py:105: TimeoutException"}, "attachments": [{"name": "log", "source": "da59638e-0987-445d-b31d-c2fbf60788bf-attachment.txt", "type": "text/plain"}, {"name": "stdout", "source": "dd84dda2-df02-4c27-88b0-262514d1d9d4-attachment.txt", "type": "text/plain"}, {"name": "stderr", "source": "c159c0b0-0ebd-4386-8a2d-7dcb6fe9d2f8-attachment.txt", "type": "text/plain"}], "start": 1738128384680, "stop": 1738128425319, "uuid": "78f766c6-2060-48c8-bc3e-af2f09071e12", "historyId": "9052ef2b0d9e76791ffa006f9a881f25", "testCaseId": "9052ef2b0d9e76791ffa006f9a881f25", "fullName": "tests.recruiter_test.Jobs_test#test_jobs_page", "labels": [{"name": "tag", "value": "jobs_page"}, {"name": "tag", "value": "regression"}, {"name": "parentSuite", "value": "tests.recruiter_test"}, {"name": "suite", "value": "Jobs_test"}, {"name": "host", "value": "DESKTOP-HRHMBRL"}, {"name": "thread", "value": "11200-MainThread"}, {"name": "framework", "value": "pytest"}, {"name": "language", "value": "cpython3"}, {"name": "package", "value": "tests.recruiter_test.Jobs_test"}]}