{"name": "test_private_job_card_visibility", "status": "broken", "statusDetails": {"message": "selenium.common.exceptions.TimeoutException: Message: \nStacktrace:\n\tGetHandleVerifier [0x0123FD53+23747]\n\t(No symbol) [0x011C7D54]\n\t(No symbol) [0x0109BE53]\n\t(No symbol) [0x010DFCA6]\n\t(No symbol) [0x010DFEEB]\n\t(No symbol) [0x0111D852]\n\t(No symbol) [0x01101E44]\n\t(No symbol) [0x0111B41E]\n\t(No symbol) [0x01101B96]\n\t(No symbol) [0x010D3F3C]\n\t(No symbol) [0x010D4EBD]\n\tGetHandleVerifier [0x0151AC73+3017699]\n\tGetHandleVerifier [0x0152B93B+3086507]\n\tGetHandleVerifier [0x015240F2+3055714]\n\tGetHandleVerifier [0x012D5AF0+637536]\n\t(No symbol) [0x011D0A5D]\n\t(No symbol) [0x011CDA28]\n\t(No symbol) [0x011CDBC5]\n\t(No symbol) [0x011C07F0]\n\tBaseThreadInitThunk [0x7710FCC9+25]\n\tRtlGetAppContainerNamedObjectPath [0x77C2809E+286]\n\tRtlGetAppContainerNamedObjectPath [0x77C2806E+238]", "trace": "env = 'services', driver = <selenium.webdriver.chrome.webdriver.WebDriver (session=\"8026f845400fc0aa28fc9cd7e883cb4e\")>, authenticated_user = None\n\n    @pytest.mark.private_job_card\n    def test_private_job_card_visibility(env, driver, authenticated_user):\n        logging.info(f\"environment -> {env}\")\n    \n        # Log in as the authenticated user\n        login = authenticated_user\n        recruiterlogin = Loginrecruiter(driver)\n        recruiterlogin.username_btn.send_keys('inderjeetkmcs@gmail.com')\n        recruiterlogin.password_btn.send_keys('123')\n        recruiterlogin.hidepassword_btn.click()\n        recruiterlogin.login_btn.click()\n>       WebDriverWait(driver, 5).until(\n            EC.visibility_of_element_located((By.CLASS_NAME, 'flex flex-col gap-8 w-full'))\n        )\n\ntests\\recruiter_test\\Dashboard_test.py:46: \n_ _ _ _ _ _ _ _ _ _ _ _ _ _ _ _ _ _ _ _ _ _ _ _ _ _ _ _ _ _ _ _ _ _ _ _ _ _ _ _ _ _ _ _ _ _ _ _ _ _ _ _ _ _ _ _ _ _ _ _ _ _ _ _ _ _ _ _ _ _ _ _ _ _ _ _ _ _ _ _ _ _ _ _ _ _ _ _ _ _ _ _ _ _ _ _ _ _ _ _ _ _ _ _ _ _ _ _ _ _ _ _ _ \n\nself = <selenium.webdriver.support.wait.WebDriverWait (session=\"8026f845400fc0aa28fc9cd7e883cb4e\")>, method = <function visibility_of_element_located.<locals>._predicate at 0x0000021D857A9940>, message = ''\n\n    def until(self, method: Callable[[D], Union[Literal[False], T]], message: str = \"\") -> T:\n        \"\"\"Calls the method provided with the driver as an argument until the \\\n        return value does not evaluate to ``False``.\n    \n        :param method: callable(WebDriver)\n        :param message: optional message for :exc:`TimeoutException`\n        :returns: the result of the last call to `method`\n        :raises: :exc:`selenium.common.exceptions.TimeoutException` if timeout occurs\n        \"\"\"\n        screen = None\n        stacktrace = None\n    \n        end_time = time.monotonic() + self._timeout\n        while True:\n            try:\n                value = method(self._driver)\n                if value:\n                    return value\n            except self._ignored_exceptions as exc:\n                screen = getattr(exc, \"screen\", None)\n                stacktrace = getattr(exc, \"stacktrace\", None)\n            time.sleep(self._poll)\n            if time.monotonic() > end_time:\n                break\n>       raise TimeoutException(message, screen, stacktrace)\nE       selenium.common.exceptions.TimeoutException: Message: \nE       Stacktrace:\nE       \tGetHandleVerifier [0x0123FD53+23747]\nE       \t(No symbol) [0x011C7D54]\nE       \t(No symbol) [0x0109BE53]\nE       \t(No symbol) [0x010DFCA6]\nE       \t(No symbol) [0x010DFEEB]\nE       \t(No symbol) [0x0111D852]\nE       \t(No symbol) [0x01101E44]\nE       \t(No symbol) [0x0111B41E]\nE       \t(No symbol) [0x01101B96]\nE       \t(No symbol) [0x010D3F3C]\nE       \t(No symbol) [0x010D4EBD]\nE       \tGetHandleVerifier [0x0151AC73+3017699]\nE       \tGetHandleVerifier [0x0152B93B+3086507]\nE       \tGetHandleVerifier [0x015240F2+3055714]\nE       \tGetHandleVerifier [0x012D5AF0+637536]\nE       \t(No symbol) [0x011D0A5D]\nE       \t(No symbol) [0x011CDA28]\nE       \t(No symbol) [0x011CDBC5]\nE       \t(No symbol) [0x011C07F0]\nE       \tBaseThreadInitThunk [0x7710FCC9+25]\nE       \tRtlGetAppContainerNamedObjectPath [0x77C2809E+286]\nE       \tRtlGetAppContainerNamedObjectPath [0x77C2806E+238]\n\n..\\..\\..\\AppData\\Roaming\\Python\\Python312\\site-packages\\selenium\\webdriver\\support\\wait.py:105: TimeoutException"}, "attachments": [{"name": "log", "source": "345195ee-710e-4ec4-bd27-d7db3f88cd4e-attachment.txt", "type": "text/plain"}, {"name": "stdout", "source": "1db49bac-77bb-48e2-94eb-4c47fa217a8c-attachment.txt", "type": "text/plain"}, {"name": "stderr", "source": "0367d139-63a0-49bb-a849-f1f3489a8375-attachment.txt", "type": "text/plain"}], "start": 1736750425706, "stop": 1736750437913, "uuid": "6603a0ab-176a-49a7-b2c9-faff272a13f8", "historyId": "26e076d876a264bcbc5cb2c7da9dc557", "testCaseId": "26e076d876a264bcbc5cb2c7da9dc557", "fullName": "tests.recruiter_test.Dashboard_test#test_private_job_card_visibility", "labels": [{"name": "tag", "value": "private_job_card"}, {"name": "parentSuite", "value": "tests.recruiter_test"}, {"name": "suite", "value": "Dashboard_test"}, {"name": "host", "value": "DESKTOP-HRHMBRL"}, {"name": "thread", "value": "23156-MainThread"}, {"name": "framework", "value": "pytest"}, {"name": "language", "value": "cpython3"}, {"name": "package", "value": "tests.recruiter_test.Dashboard_test"}]}