{"name": "test_invalid_password_login_recruiter", "status": "broken", "statusDetails": {"message": "selenium.common.exceptions.TimeoutException: Message: \nStacktrace:\n\tGetHandleVerifier [0x00CBD363+60275]\n\tGetHandleVerifier [0x00CBD3A4+60340]\n\t(No symbol) [0x00AF06F3]\n\t(No symbol) [0x00B38690]\n\t(No symbol) [0x00B38A2B]\n\t(No symbol) [0x00B80EE2]\n\t(No symbol) [0x00B5D0D4]\n\t(No symbol) [0x00B7E6EB]\n\t(No symbol) [0x00B5CE86]\n\t(No symbol) [0x00B2C623]\n\t(No symbol) [0x00B2D474]\n\tGetHandleVerifier [0x00F08FE3+2467827]\n\tGetHandleVerifier [0x00F045E6+2448886]\n\tGetHandleVerifier [0x00F1F80C+2560028]\n\tGetHandleVerifier [0x00CD3DF5+153093]\n\tGetHandleVerifier [0x00CDA3BD+179149]\n\tGetHandleVerifier [0x00CC4BB8+91080]\n\tGetHandleVerifier [0x00CC4D60+91504]\n\tGetHandleVerifier [0x00CAFA10+4640]\n\tBaseThreadInitThunk [0x76E3FCC9+25]\n\tRtlGetAppContainerNamedObjectPath [0x774282AE+286]\n\tRtlGetAppContainerNamedObjectPath [0x7742827E+238]", "trace": "env = 'services', driver = <selenium.webdriver.chrome.webdriver.WebDriver (session=\"d3012610d7a6b3a874f1db0c7bfa6749\")>, recruiter_user = None\n\n    @pytest.mark.regression\n    @pytest.mark.regression_recruiter_loginpage\n    @pytest.mark.invalid_password_login_recruiter\n    def test_invalid_password_login_recruiter(env, driver, recruiter_user):\n        logging.info(f\"environment -> {env}\")\n        login = recruiter_user\n        recruiterlogin = Loginrecruiter(driver)\n        recruiterlogin.username_btn.send_keys('inderjeetkmcs@gmail.com')\n        recruiterlogin.password_btn.send_keys('xyz')\n        recruiterlogin.login_btn.click()\n>       response = recruiterlogin.login_unsuccessful.get_text()\n\ntests\\recruiter_test\\login_test.py:63: \n_ _ _ _ _ _ _ _ _ _ _ _ _ _ _ _ _ _ _ _ _ _ _ _ _ _ _ _ _ _ _ _ _ _ _ _ _ _ _ _ _ _ _ _ _ _ _ _ _ _ _ _ _ _ _ _ _ _ _ _ _ _ _ _ _ _ _ _ _ _ _ _ _ _ _ _ _ _ _ _ _ _ _ _ _ _ _ _ _ _ _ _ _ _ _ _ _ _ _ _ _ _ _ _ _ _ _ _ _ _ _ _ _ _\nPage_Recruiter\\login.py:45: in login_unsuccessful\n    return BaseElement(driver=self.driver, locator=locator)\nutils\\base_elements.py:43: in __init__\n    self.find()\nutils\\base_elements.py:49: in find\n    element = WebDriverWait(self.driver, 30).until(EC.visibility_of_element_located(locator=self.locator))\n_ _ _ _ _ _ _ _ _ _ _ _ _ _ _ _ _ _ _ _ _ _ _ _ _ _ _ _ _ _ _ _ _ _ _ _ _ _ _ _ _ _ _ _ _ _ _ _ _ _ _ _ _ _ _ _ _ _ _ _ _ _ _ _ _ _ _ _ _ _ _ _ _ _ _ _ _ _ _ _ _ _ _ _ _ _ _ _ _ _ _ _ _ _ _ _ _ _ _ _ _ _ _ _ _ _ _ _ _ _ _ _ _ _\n\nself = <selenium.webdriver.support.wait.WebDriverWait (session=\"d3012610d7a6b3a874f1db0c7bfa6749\")>, method = <function visibility_of_element_located.<locals>._predicate at 0x0000012FC80EFD80>, message = ''\n\n    def until(self, method: Callable[[D], Union[Literal[False], T]], message: str = \"\") -> T:\n        \"\"\"Calls the method provided with the driver as an argument until the \\\n        return value does not evaluate to ``False``.\n    \n        :param method: callable(WebDriver)\n        :param message: optional message for :exc:`TimeoutException`\n        :returns: the result of the last call to `method`\n        :raises: :exc:`selenium.common.exceptions.TimeoutException` if timeout occurs\n        \"\"\"\n        screen = None\n        stacktrace = None\n    \n        end_time = time.monotonic() + self._timeout\n        while True:\n            try:\n                value = method(self._driver)\n                if value:\n                    return value\n            except self._ignored_exceptions as exc:\n                screen = getattr(exc, \"screen\", None)\n                stacktrace = getattr(exc, \"stacktrace\", None)\n            time.sleep(self._poll)\n            if time.monotonic() > end_time:\n                break\n>       raise TimeoutException(message, screen, stacktrace)\nE       selenium.common.exceptions.TimeoutException: Message: \nE       Stacktrace:\nE       \tGetHandleVerifier [0x00CBD363+60275]\nE       \tGetHandleVerifier [0x00CBD3A4+60340]\nE       \t(No symbol) [0x00AF06F3]\nE       \t(No symbol) [0x00B38690]\nE       \t(No symbol) [0x00B38A2B]\nE       \t(No symbol) [0x00B80EE2]\nE       \t(No symbol) [0x00B5D0D4]\nE       \t(No symbol) [0x00B7E6EB]\nE       \t(No symbol) [0x00B5CE86]\nE       \t(No symbol) [0x00B2C623]\nE       \t(No symbol) [0x00B2D474]\nE       \tGetHandleVerifier [0x00F08FE3+2467827]\nE       \tGetHandleVerifier [0x00F045E6+2448886]\nE       \tGetHandleVerifier [0x00F1F80C+2560028]\nE       \tGetHandleVerifier [0x00CD3DF5+153093]\nE       \tGetHandleVerifier [0x00CDA3BD+179149]\nE       \tGetHandleVerifier [0x00CC4BB8+91080]\nE       \tGetHandleVerifier [0x00CC4D60+91504]\nE       \tGetHandleVerifier [0x00CAFA10+4640]\nE       \tBaseThreadInitThunk [0x76E3FCC9+25]\nE       \tRtlGetAppContainerNamedObjectPath [0x774282AE+286]\nE       \tRtlGetAppContainerNamedObjectPath [0x7742827E+238]\n\n..\\..\\..\\AppData\\Roaming\\Python\\Python312\\site-packages\\selenium\\webdriver\\support\\wait.py:105: TimeoutException"}, "attachments": [{"name": "log", "source": "95eedfcc-4467-46a2-9c43-a6d84cbce266-attachment.txt", "type": "text/plain"}, {"name": "stdout", "source": "701420c2-e59f-469e-84c8-b9874878844e-attachment.txt", "type": "text/plain"}, {"name": "stderr", "source": "37f4eb9e-7710-48c6-8789-45e8394d9cd1-attachment.txt", "type": "text/plain"}], "start": 1745955958184, "stop": 1745955990967, "uuid": "a0975174-d71c-4ef3-a382-47b8fd4e0b7f", "historyId": "804279eb6a0605db1ef1be25493774d6", "testCaseId": "804279eb6a0605db1ef1be25493774d6", "fullName": "tests.recruiter_test.login_test#test_invalid_password_login_recruiter", "labels": [{"name": "tag", "value": "invalid_password_login_recruiter"}, {"name": "tag", "value": "regression_recruiter_loginpage"}, {"name": "tag", "value": "regression"}, {"name": "parentSuite", "value": "tests.recruiter_test"}, {"name": "suite", "value": "login_test"}, {"name": "host", "value": "DESKTOP-HRHMBRL"}, {"name": "thread", "value": "12236-MainThread"}, {"name": "framework", "value": "pytest"}, {"name": "language", "value": "cpython3"}, {"name": "package", "value": "tests.recruiter_test.login_test"}]}