{"name": "test_private_job_card_visibility", "status": "broken", "statusDetails": {"message": "selenium.common.exceptions.TimeoutException: Message: \nStacktrace:\n\tGetHandleVerifier [0x0105FD53+23747]\n\t(No symbol) [0x00FE7D54]\n\t(No symbol) [0x00EBBE53]\n\t(No symbol) [0x00EFFCA6]\n\t(No symbol) [0x00EFFEEB]\n\t(No symbol) [0x00F3D852]\n\t(No symbol) [0x00F21E44]\n\t(No symbol) [0x00F3B41E]\n\t(No symbol) [0x00F21B96]\n\t(No symbol) [0x00EF3F3C]\n\t(No symbol) [0x00EF4EBD]\n\tGetHandleVerifier [0x0133AC73+3017699]\n\tGetHandleVerifier [0x0134B93B+3086507]\n\tGetHandleVerifier [0x013440F2+3055714]\n\tGetHandleVerifier [0x010F5AF0+637536]\n\t(No symbol) [0x00FF0A5D]\n\t(No symbol) [0x00FEDA28]\n\t(No symbol) [0x00FEDBC5]\n\t(No symbol) [0x00FE07F0]\n\tBaseThreadInitThunk [0x7710FCC9+25]\n\tRtlGetAppContainerNamedObjectPath [0x77C2809E+286]\n\tRtlGetAppContainerNamedObjectPath [0x77C2806E+238]", "trace": "env = 'services', driver = <selenium.webdriver.chrome.webdriver.WebDriver (session=\"6ec1ff644e62019e9bcff6af4279e735\")>, authenticated_user = None\n\n    @pytest.mark.dashboard_page\n    def test_private_job_card_visibility(env, driver, authenticated_user):\n        logging.info(f\"environment -> {env}\")\n    \n        # Log in as the authenticated user\n        login = authenticated_user\n        recruiterlogin = Loginrecruiter(driver)\n>       recruiterlogin.username_btn.send_keys('inderjeetkmcs@gmail.com')\n\ntests\\recruiter_test\\Dashboard_test.py:39: \n_ _ _ _ _ _ _ _ _ _ _ _ _ _ _ _ _ _ _ _ _ _ _ _ _ _ _ _ _ _ _ _ _ _ _ _ _ _ _ _ _ _ _ _ _ _ _ _ _ _ _ _ _ _ _ _ _ _ _ _ _ _ _ _ _ _ _ _ _ _ _ _ _ _ _ _ _ _ _ _ _ _ _ _ _ _ _ _ _ _ _ _ _ _ _ _ _ _ _ _ _ _ _ _ _ _ _ _ _ _ _ _ _ _\nPage_Recruiter\\login.py:11: in username_btn\n    return BaseElement(driver=self.driver, locator=locator)\nutils\\base_elements.py:43: in __init__\n    self.find()\nutils\\base_elements.py:49: in find\n    element = WebDriverWait(self.driver, 30).until(EC.visibility_of_element_located(locator=self.locator))\n_ _ _ _ _ _ _ _ _ _ _ _ _ _ _ _ _ _ _ _ _ _ _ _ _ _ _ _ _ _ _ _ _ _ _ _ _ _ _ _ _ _ _ _ _ _ _ _ _ _ _ _ _ _ _ _ _ _ _ _ _ _ _ _ _ _ _ _ _ _ _ _ _ _ _ _ _ _ _ _ _ _ _ _ _ _ _ _ _ _ _ _ _ _ _ _ _ _ _ _ _ _ _ _ _ _ _ _ _ _ _ _ _ _\n\nself = <selenium.webdriver.support.wait.WebDriverWait (session=\"6ec1ff644e62019e9bcff6af4279e735\")>, method = <function visibility_of_element_located.<locals>._predicate at 0x0000025341FA9C60>, message = ''\n\n    def until(self, method: Callable[[D], Union[Literal[False], T]], message: str = \"\") -> T:\n        \"\"\"Calls the method provided with the driver as an argument until the \\\n        return value does not evaluate to ``False``.\n    \n        :param method: callable(WebDriver)\n        :param message: optional message for :exc:`TimeoutException`\n        :returns: the result of the last call to `method`\n        :raises: :exc:`selenium.common.exceptions.TimeoutException` if timeout occurs\n        \"\"\"\n        screen = None\n        stacktrace = None\n    \n        end_time = time.monotonic() + self._timeout\n        while True:\n            try:\n                value = method(self._driver)\n                if value:\n                    return value\n            except self._ignored_exceptions as exc:\n                screen = getattr(exc, \"screen\", None)\n                stacktrace = getattr(exc, \"stacktrace\", None)\n            time.sleep(self._poll)\n            if time.monotonic() > end_time:\n                break\n>       raise TimeoutException(message, screen, stacktrace)\nE       selenium.common.exceptions.TimeoutException: Message: \nE       Stacktrace:\nE       \tGetHandleVerifier [0x0105FD53+23747]\nE       \t(No symbol) [0x00FE7D54]\nE       \t(No symbol) [0x00EBBE53]\nE       \t(No symbol) [0x00EFFCA6]\nE       \t(No symbol) [0x00EFFEEB]\nE       \t(No symbol) [0x00F3D852]\nE       \t(No symbol) [0x00F21E44]\nE       \t(No symbol) [0x00F3B41E]\nE       \t(No symbol) [0x00F21B96]\nE       \t(No symbol) [0x00EF3F3C]\nE       \t(No symbol) [0x00EF4EBD]\nE       \tGetHandleVerifier [0x0133AC73+3017699]\nE       \tGetHandleVerifier [0x0134B93B+3086507]\nE       \tGetHandleVerifier [0x013440F2+3055714]\nE       \tGetHandleVerifier [0x010F5AF0+637536]\nE       \t(No symbol) [0x00FF0A5D]\nE       \t(No symbol) [0x00FEDA28]\nE       \t(No symbol) [0x00FEDBC5]\nE       \t(No symbol) [0x00FE07F0]\nE       \tBaseThreadInitThunk [0x7710FCC9+25]\nE       \tRtlGetAppContainerNamedObjectPath [0x77C2809E+286]\nE       \tRtlGetAppContainerNamedObjectPath [0x77C2806E+238]\n\n..\\..\\..\\AppData\\Roaming\\Python\\Python312\\site-packages\\selenium\\webdriver\\support\\wait.py:105: TimeoutException"}, "attachments": [{"name": "log", "source": "8a5e8d9c-cd4d-4104-8d5e-4263a386af4b-attachment.txt", "type": "text/plain"}, {"name": "stderr", "source": "526ab7cd-25a1-4e39-b0dc-4fd229680e76-attachment.txt", "type": "text/plain"}], "start": 1736492087915, "stop": 1736492119514, "uuid": "2e200a70-8113-4a78-8cb7-55a16c0c365a", "historyId": "26e076d876a264bcbc5cb2c7da9dc557", "testCaseId": "26e076d876a264bcbc5cb2c7da9dc557", "fullName": "tests.recruiter_test.Dashboard_test#test_private_job_card_visibility", "labels": [{"name": "tag", "value": "dashboard_page"}, {"name": "parentSuite", "value": "tests.recruiter_test"}, {"name": "suite", "value": "Dashboard_test"}, {"name": "host", "value": "DESKTOP-HRHMBRL"}, {"name": "thread", "value": "19500-MainThread"}, {"name": "framework", "value": "pytest"}, {"name": "language", "value": "cpython3"}, {"name": "package", "value": "tests.recruiter_test.Dashboard_test"}]}