{"name": "test_jobs_page", "status": "broken", "statusDetails": {"message": "selenium.common.exceptions.TimeoutException: Message: \nStacktrace:\n\tGetHandleVerifier [0x003B74A3+25091]\n\t(No symbol) [0x0033DC04]\n\t(No symbol) [0x0021B373]\n\t(No symbol) [0x0025F4DC]\n\t(No symbol) [0x0025F65B]\n\t(No symbol) [0x0029D8E2]\n\t(No symbol) [0x00281F54]\n\t(No symbol) [0x0029B49E]\n\t(No symbol) [0x00281CA6]\n\t(No symbol) [0x002531D5]\n\t(No symbol) [0x0025435D]\n\tGetHandleVerifier [0x006B07C3+3142947]\n\tGetHandleVerifier [0x006C1A2B+3213195]\n\tGetHandleVerifier [0x006BC412+3191154]\n\tGetHandleVerifier [0x00458720+685184]\n\t(No symbol) [0x00346E1D]\n\t(No symbol) [0x00343E18]\n\t(No symbol) [0x00343FB6]\n\t(No symbol) [0x003366F0]\n\tBaseThreadInitThunk [0x7610FCC9+25]\n\tRtlGetAppContainerNamedObjectPath [0x7745809E+286]\n\tRtlGetAppContainerNamedObjectPath [0x7745806E+238]", "trace": "env = 'services', driver = <selenium.webdriver.chrome.webdriver.WebDriver (session=\"7fdf14290c0a042c58aab48ec80d3c6c\")>, authenticated_user = None\n\n    @pytest.mark.regression\n    @pytest.mark.assessments_page\n    def test_jobs_page(env, driver, authenticated_user):\n        logging.info(f\"environment -> {env}\")\n        login = authenticated_user\n        recruiter_login = Loginrecruiter(driver)\n        recruiter_login.username_btn.send_keys('inderjeetkmcs@gmail.com')\n        recruiter_login.password_btn.send_keys('123')\n        logging.info(f\"Password entered\")\n    \n        # recruiter_login.hidepassword_btn.click()\n        # logging.info(f\"hide passwrd btn clicked\")\n    \n        WebDriverWait(driver, 10).until(\n            EC.element_to_be_clickable((By.XPATH, \"//span[contains(text(), 'Login')]\"))\n        )\n        recruiter_login.login_btn.click()\n        logging.info(f\"login btn clicked\")\n        #time.sleep(5)\n        WebDriverWait(driver, 10).until(\n            EC.visibility_of_element_located((By.XPATH, \"(//h2[text()='Private Jobs'])\"))\n        )\n        assessment_page = Assessments(driver)\n        assessment_page.assessments_btn.click()\n        logging.info(f\"Assessments btn clicked\")\n        logger.info(f\"assessment page btn clicked\")\n        time.sleep(2)\n    \n        inactivejobs = Assessments(driver)\n        inactivejobs.inactive_btn.click()\n    \n        draftjobs = Assessments(driver)\n        draftjobs.drafts_btn.click()\n        time.sleep(2)\n    \n        searchtab = Assessments(driver)\n        searchtab.search_tab.send_keys('Automated Job')\n    \n        selectjob = Assessments(driver)\n>       selectjob.select_job.click()\n\ntests\\recruiter_test\\Assessments_test.py:63: \n_ _ _ _ _ _ _ _ _ _ _ _ _ _ _ _ _ _ _ _ _ _ _ _ _ _ _ _ _ _ _ _ _ _ _ _ _ _ _ _ _ _ _ _ _ _ _ _ _ _ _ _ _ _ _ _ _ _ _ _ _ _ _ _ _ _ _ _ _ _ _ _ _ _ _ _ _ _ _ _ _ _ _ _ _ _ _ _ _ _ _ _ _ _ _ _ _ _ _ _ _ _ _ _ _ _ _ _ _ _ _ _ _ _\nPage_Recruiter\\Assessments_page.py:35: in select_job\n    return BaseElement(driver=self.driver, locator=locator)\nutils\\base_elements.py:43: in __init__\n    self.find()\nutils\\base_elements.py:49: in find\n    element = WebDriverWait(self.driver, 30).until(EC.visibility_of_element_located(locator=self.locator))\n_ _ _ _ _ _ _ _ _ _ _ _ _ _ _ _ _ _ _ _ _ _ _ _ _ _ _ _ _ _ _ _ _ _ _ _ _ _ _ _ _ _ _ _ _ _ _ _ _ _ _ _ _ _ _ _ _ _ _ _ _ _ _ _ _ _ _ _ _ _ _ _ _ _ _ _ _ _ _ _ _ _ _ _ _ _ _ _ _ _ _ _ _ _ _ _ _ _ _ _ _ _ _ _ _ _ _ _ _ _ _ _ _ _\n\nself = <selenium.webdriver.support.wait.WebDriverWait (session=\"7fdf14290c0a042c58aab48ec80d3c6c\")>, method = <function visibility_of_element_located.<locals>._predicate at 0x00000171FB6CB560>, message = ''\n\n    def until(self, method: Callable[[D], Union[Literal[False], T]], message: str = \"\") -> T:\n        \"\"\"Calls the method provided with the driver as an argument until the \\\n        return value does not evaluate to ``False``.\n    \n        :param method: callable(WebDriver)\n        :param message: optional message for :exc:`TimeoutException`\n        :returns: the result of the last call to `method`\n        :raises: :exc:`selenium.common.exceptions.TimeoutException` if timeout occurs\n        \"\"\"\n        screen = None\n        stacktrace = None\n    \n        end_time = time.monotonic() + self._timeout\n        while True:\n            try:\n                value = method(self._driver)\n                if value:\n                    return value\n            except self._ignored_exceptions as exc:\n                screen = getattr(exc, \"screen\", None)\n                stacktrace = getattr(exc, \"stacktrace\", None)\n            time.sleep(self._poll)\n            if time.monotonic() > end_time:\n                break\n>       raise TimeoutException(message, screen, stacktrace)\nE       selenium.common.exceptions.TimeoutException: Message: \nE       Stacktrace:\nE       \tGetHandleVerifier [0x003B74A3+25091]\nE       \t(No symbol) [0x0033DC04]\nE       \t(No symbol) [0x0021B373]\nE       \t(No symbol) [0x0025F4DC]\nE       \t(No symbol) [0x0025F65B]\nE       \t(No symbol) [0x0029D8E2]\nE       \t(No symbol) [0x00281F54]\nE       \t(No symbol) [0x0029B49E]\nE       \t(No symbol) [0x00281CA6]\nE       \t(No symbol) [0x002531D5]\nE       \t(No symbol) [0x0025435D]\nE       \tGetHandleVerifier [0x006B07C3+3142947]\nE       \tGetHandleVerifier [0x006C1A2B+3213195]\nE       \tGetHandleVerifier [0x006BC412+3191154]\nE       \tGetHandleVerifier [0x00458720+685184]\nE       \t(No symbol) [0x00346E1D]\nE       \t(No symbol) [0x00343E18]\nE       \t(No symbol) [0x00343FB6]\nE       \t(No symbol) [0x003366F0]\nE       \tBaseThreadInitThunk [0x7610FCC9+25]\nE       \tRtlGetAppContainerNamedObjectPath [0x7745809E+286]\nE       \tRtlGetAppContainerNamedObjectPath [0x7745806E+238]\n\n..\\..\\..\\AppData\\Roaming\\Python\\Python312\\site-packages\\selenium\\webdriver\\support\\wait.py:105: TimeoutException"}, "attachments": [{"name": "log", "source": "f125cc4b-030e-4c65-a91d-5f557aa49d09-attachment.txt", "type": "text/plain"}, {"name": "stdout", "source": "780f2f7f-57ec-4e5c-870a-d1daf5d6b327-attachment.txt", "type": "text/plain"}, {"name": "stderr", "source": "aa5e82cc-62d9-4d48-88f6-2646a368f145-attachment.txt", "type": "text/plain"}], "start": 1738920828199, "stop": 1738920866192, "uuid": "49501d22-4019-4859-8ff1-2d757602381b", "historyId": "f3480c03aab544bdce54dce0e9ba0ecc", "testCaseId": "f3480c03aab544bdce54dce0e9ba0ecc", "fullName": "tests.recruiter_test.Assessments_test#test_jobs_page", "labels": [{"name": "tag", "value": "assessments_page"}, {"name": "tag", "value": "regression"}, {"name": "parentSuite", "value": "tests.recruiter_test"}, {"name": "suite", "value": "Assessments_test"}, {"name": "host", "value": "DESKTOP-HRHMBRL"}, {"name": "thread", "value": "24604-MainThread"}, {"name": "framework", "value": "pytest"}, {"name": "language", "value": "cpython3"}, {"name": "package", "value": "tests.recruiter_test.Assessments_test"}]}