{"name": "test_all_jobs_card_visibility", "status": "broken", "statusDetails": {"message": "selenium.common.exceptions.StaleElementReferenceException: Message: stale element reference: stale element not found in the current frame\n  (Session info: chrome=131.0.6778.265); For documentation on this error, please visit: https://www.selenium.dev/documentation/webdriver/troubleshooting/errors#stale-element-reference-exception\nStacktrace:\n\tGetHandleVerifier [0x0124FD53+23747]\n\t(No symbol) [0x011D7D54]\n\t(No symbol) [0x010ABE53]\n\t(No symbol) [0x010B196B]\n\t(No symbol) [0x010B387A]\n\t(No symbol) [0x010B38F7]\n\t(No symbol) [0x010F5B8E]\n\t(No symbol) [0x010F3B55]\n\t(No symbol) [0x010F1CCD]\n\t(No symbol) [0x010F1034]\n\t(No symbol) [0x010E60E9]\n\t(No symbol) [0x01111DFC]\n\t(No symbol) [0x010E59A4]\n\t(No symbol) [0x01112094]\n\t(No symbol) [0x0112B41E]\n\t(No symbol) [0x01111B96]\n\t(No symbol) [0x010E3F3C]\n\t(No symbol) [0x010E4EBD]\n\tGetHandleVerifier [0x0152AC73+3017699]\n\tGetHandleVerifier [0x0153B93B+3086507]\n\tGetHandleVerifier [0x015340F2+3055714]\n\tGetHandleVerifier [0x012E5AF0+637536]\n\t(No symbol) [0x011E0A5D]\n\t(No symbol) [0x011DDA28]\n\t(No symbol) [0x011DDBC5]\n\t(No symbol) [0x011D07F0]\n\tBaseThreadInitThunk [0x7710FCC9+25]\n\tRtlGetAppContainerNamedObjectPath [0x77C2809E+286]\n\tRtlGetAppContainerNamedObjectPath [0x77C2806E+238]", "trace": "env = 'services', driver = <selenium.webdriver.chrome.webdriver.WebDriver (session=\"400e6bd662e5f21834d9cd3dcc29821b\")>, authenticated_user = None\n\n    @pytest.mark.regression\n    @pytest.mark.all_job_card\n    def test_all_jobs_card_visibility(env, driver, authenticated_user):\n        logging.info(f\"environment -> {env}\")\n    \n        login = authenticated_user\n        recruiterlogin = Loginrecruiter(driver)\n        recruiterlogin.username_btn.send_keys('inderjeetkmcs@gmail.com')\n        recruiterlogin.password_btn.send_keys('123')\n        recruiterlogin.hidepassword_btn.click()\n>       recruiterlogin.login_btn.click()\n\ntests\\recruiter_test\\Dashboard_test.py:46: \n_ _ _ _ _ _ _ _ _ _ _ _ _ _ _ _ _ _ _ _ _ _ _ _ _ _ _ _ _ _ _ _ _ _ _ _ _ _ _ _ _ _ _ _ _ _ _ _ _ _ _ _ _ _ _ _ _ _ _ _ _ _ _ _ _ _ _ _ _ _ _ _ _ _ _ _ _ _ _ _ _ _ _ _ _ _ _ _ _ _ _ _ _ _ _ _ _ _ _ _ _ _ _ _ _ _ _ _ _ _ _ _ _ \nutils\\base_elements.py:77: in click\n    element.click()\n..\\..\\..\\AppData\\Roaming\\Python\\Python312\\site-packages\\selenium\\webdriver\\remote\\webelement.py:94: in click\n    self._execute(Command.CLICK_ELEMENT)\n..\\..\\..\\AppData\\Roaming\\Python\\Python312\\site-packages\\selenium\\webdriver\\remote\\webelement.py:395: in _execute\n    return self._parent.execute(command, params)\n..\\..\\..\\AppData\\Roaming\\Python\\Python312\\site-packages\\selenium\\webdriver\\remote\\webdriver.py:348: in execute\n    self.error_handler.check_response(response)\n_ _ _ _ _ _ _ _ _ _ _ _ _ _ _ _ _ _ _ _ _ _ _ _ _ _ _ _ _ _ _ _ _ _ _ _ _ _ _ _ _ _ _ _ _ _ _ _ _ _ _ _ _ _ _ _ _ _ _ _ _ _ _ _ _ _ _ _ _ _ _ _ _ _ _ _ _ _ _ _ _ _ _ _ _ _ _ _ _ _ _ _ _ _ _ _ _ _ _ _ _ _ _ _ _ _ _ _ _ _ _ _ _ \n\nself = <selenium.webdriver.remote.errorhandler.ErrorHandler object at 0x000001BCBFA82BD0>\nresponse = {'status': 404, 'value': '{\"value\":{\"error\":\"stale element reference\",\"message\":\"stale element reference: stale elemen...\\n\\\\tRtlGetAppContainerNamedObjectPath [0x77C2809E+286]\\\\n\\\\tRtlGetAppContainerNamedObjectPath [0x77C2806E+238]\\\\n\"}}'}\n\n    def check_response(self, response: Dict[str, Any]) -> None:\n        \"\"\"Checks that a JSON response from the WebDriver does not have an\n        error.\n    \n        :Args:\n         - response - The JSON response from the WebDriver server as a dictionary\n           object.\n    \n        :Raises: If the response contains an error message.\n        \"\"\"\n        status = response.get(\"status\", None)\n        if not status or status == ErrorCode.SUCCESS:\n            return\n        value = None\n        message = response.get(\"message\", \"\")\n        screen: str = response.get(\"screen\", \"\")\n        stacktrace = None\n        if isinstance(status, int):\n            value_json = response.get(\"value\", None)\n            if value_json and isinstance(value_json, str):\n                import json\n    \n                try:\n                    value = json.loads(value_json)\n                    if len(value) == 1:\n                        value = value[\"value\"]\n                    status = value.get(\"error\", None)\n                    if not status:\n                        status = value.get(\"status\", ErrorCode.UNKNOWN_ERROR)\n                        message = value.get(\"value\") or value.get(\"message\")\n                        if not isinstance(message, str):\n                            value = message\n                            message = message.get(\"message\")\n                    else:\n                        message = value.get(\"message\", None)\n                except ValueError:\n                    pass\n    \n        exception_class: Type[WebDriverException]\n        e = ErrorCode()\n        error_codes = [item for item in dir(e) if not item.startswith(\"__\")]\n        for error_code in error_codes:\n            error_info = getattr(ErrorCode, error_code)\n            if isinstance(error_info, list) and status in error_info:\n                exception_class = getattr(ExceptionMapping, error_code, WebDriverException)\n                break\n        else:\n            exception_class = WebDriverException\n    \n        if not value:\n            value = response[\"value\"]\n        if isinstance(value, str):\n            raise exception_class(value)\n        if message == \"\" and \"message\" in value:\n            message = value[\"message\"]\n    \n        screen = None  # type: ignore[assignment]\n        if \"screen\" in value:\n            screen = value[\"screen\"]\n    \n        stacktrace = None\n        st_value = value.get(\"stackTrace\") or value.get(\"stacktrace\")\n        if st_value:\n            if isinstance(st_value, str):\n                stacktrace = st_value.split(\"\\n\")\n            else:\n                stacktrace = []\n                try:\n                    for frame in st_value:\n                        line = frame.get(\"lineNumber\", \"\")\n                        file = frame.get(\"fileName\", \"<anonymous>\")\n                        if line:\n                            file = f\"{file}:{line}\"\n                        meth = frame.get(\"methodName\", \"<anonymous>\")\n                        if \"className\" in frame:\n                            meth = f\"{frame['className']}.{meth}\"\n                        msg = \"    at %s (%s)\"\n                        msg = msg % (meth, file)\n                        stacktrace.append(msg)\n                except TypeError:\n                    pass\n        if exception_class == UnexpectedAlertPresentException:\n            alert_text = None\n            if \"data\" in value:\n                alert_text = value[\"data\"].get(\"text\")\n            elif \"alert\" in value:\n                alert_text = value[\"alert\"].get(\"text\")\n            raise exception_class(message, screen, stacktrace, alert_text)  # type: ignore[call-arg]  # mypy is not smart enough here\n>       raise exception_class(message, screen, stacktrace)\nE       selenium.common.exceptions.StaleElementReferenceException: Message: stale element reference: stale element not found in the current frame\nE         (Session info: chrome=131.0.6778.265); For documentation on this error, please visit: https://www.selenium.dev/documentation/webdriver/troubleshooting/errors#stale-element-reference-exception\nE       Stacktrace:\nE       \tGetHandleVerifier [0x0124FD53+23747]\nE       \t(No symbol) [0x011D7D54]\nE       \t(No symbol) [0x010ABE53]\nE       \t(No symbol) [0x010B196B]\nE       \t(No symbol) [0x010B387A]\nE       \t(No symbol) [0x010B38F7]\nE       \t(No symbol) [0x010F5B8E]\nE       \t(No symbol) [0x010F3B55]\nE       \t(No symbol) [0x010F1CCD]\nE       \t(No symbol) [0x010F1034]\nE       \t(No symbol) [0x010E60E9]\nE       \t(No symbol) [0x01111DFC]\nE       \t(No symbol) [0x010E59A4]\nE       \t(No symbol) [0x01112094]\nE       \t(No symbol) [0x0112B41E]\nE       \t(No symbol) [0x01111B96]\nE       \t(No symbol) [0x010E3F3C]\nE       \t(No symbol) [0x010E4EBD]\nE       \tGetHandleVerifier [0x0152AC73+3017699]\nE       \tGetHandleVerifier [0x0153B93B+3086507]\nE       \tGetHandleVerifier [0x015340F2+3055714]\nE       \tGetHandleVerifier [0x012E5AF0+637536]\nE       \t(No symbol) [0x011E0A5D]\nE       \t(No symbol) [0x011DDA28]\nE       \t(No symbol) [0x011DDBC5]\nE       \t(No symbol) [0x011D07F0]\nE       \tBaseThreadInitThunk [0x7710FCC9+25]\nE       \tRtlGetAppContainerNamedObjectPath [0x77C2809E+286]\nE       \tRtlGetAppContainerNamedObjectPath [0x77C2806E+238]\n\n..\\..\\..\\AppData\\Roaming\\Python\\Python312\\site-packages\\selenium\\webdriver\\remote\\errorhandler.py:229: StaleElementReferenceException"}, "attachments": [{"name": "log", "source": "15ed475e-00b0-40e2-b650-c6acd502da37-attachment.txt", "type": "text/plain"}, {"name": "stdout", "source": "342ee402-0e59-4632-bfc4-ada75ebc2657-attachment.txt", "type": "text/plain"}, {"name": "stderr", "source": "bf68cb95-a040-4b3f-9a22-da726ac03e4b-attachment.txt", "type": "text/plain"}], "start": 1736848135270, "stop": 1736848136450, "uuid": "0effc04b-fac2-4934-997b-c4e1ad602074", "historyId": "92fca33dd528c2fa020d742f1f4dd04b", "testCaseId": "92fca33dd528c2fa020d742f1f4dd04b", "fullName": "tests.recruiter_test.Dashboard_test#test_all_jobs_card_visibility", "labels": [{"name": "tag", "value": "all_job_card"}, {"name": "tag", "value": "regression"}, {"name": "parentSuite", "value": "tests.recruiter_test"}, {"name": "suite", "value": "Dashboard_test"}, {"name": "host", "value": "DESKTOP-HRHMBRL"}, {"name": "thread", "value": "2920-MainThread"}, {"name": "framework", "value": "pytest"}, {"name": "language", "value": "cpython3"}, {"name": "package", "value": "tests.recruiter_test.Dashboard_test"}]}