{"name": "test_jobs_page", "status": "broken", "statusDetails": {"message": "selenium.common.exceptions.TimeoutException: Message: \nStacktrace:\n\tGetHandleVerifier [0x00966FB3+25091]\n\t(No symbol) [0x008EE5D4]\n\t(No symbol) [0x007CB353]\n\t(No symbol) [0x0080F4BC]\n\t(No symbol) [0x0080F63B]\n\t(No symbol) [0x0084D8B2]\n\t(No symbol) [0x00831F24]\n\t(No symbol) [0x0084B46E]\n\t(No symbol) [0x00831C76]\n\t(No symbol) [0x00803185]\n\t(No symbol) [0x0080430D]\n\tGetHandleVerifier [0x00C5D5B3+3131395]\n\tGetHandleVerifier [0x00C6DDA4+3198964]\n\tGetHandleVerifier [0x00C68CC2+3178258]\n\tGetHandleVerifier [0x00A03290+664800]\n\t(No symbol) [0x008F744D]\n\t(No symbol) [0x008F4798]\n\t(No symbol) [0x008F4936]\n\t(No symbol) [0x008E7030]\n\tBaseThreadInitThunk [0x7610FCC9+25]\n\tRtlGetAppContainerNamedObjectPath [0x7745809E+286]\n\tRtlGetAppContainerNamedObjectPath [0x7745806E+238]", "trace": "env = 'services', driver = <selenium.webdriver.chrome.webdriver.WebDriver (session=\"038598f91c4455cc69e42ea336d7793a\")>, authenticated_user = None\n\n    @pytest.mark.regression\n    @pytest.mark.jobs_page\n    def test_jobs_page(env, driver, authenticated_user):\n        logging.info(f\"environment -> {env}\")\n    \n        # Login to the site\n        login = authenticated_user\n        recruiter_login = Loginrecruiter(driver)\n        recruiter_login.username_btn.send_keys('inderjeetkmcs@gmail.com')\n        recruiter_login.password_btn.send_keys('123')\n        recruiter_login.hidepassword_btn.click()\n        recruiter_login.login_btn.click()\n    \n        # Wait for login to complete and dashboard to load\n        WebDriverWait(driver, 10).until(\n            EC.element_to_be_clickable((By.XPATH, \"(//h2[text()='Private Jobs'])\"))\n        )\n    \n        # Interact with Jobs Page\n        jobs_page = Jobs(driver)\n        jobs_page.jobs_btn.click()\n    \n        # Wait for and click on \"Drafts\" tab\n>       WebDriverWait(driver, 10).until(\n            EC.element_to_be_clickable((By.XPATH, \"//button[contains(text(), 'Drafts')]\"))\n        )\n\ntests\\recruiter_test\\Jobs_test.py:126: \n_ _ _ _ _ _ _ _ _ _ _ _ _ _ _ _ _ _ _ _ _ _ _ _ _ _ _ _ _ _ _ _ _ _ _ _ _ _ _ _ _ _ _ _ _ _ _ _ _ _ _ _ _ _ _ _ _ _ _ _ _ _ _ _ _ _ _ _ _ _ _ _ _ _ _ _ _ _ _ _ _ _ _ _ _ _ _ _ _ _ _ _ _ _ _ _ _ _ _ _ _ _ _ _ _ _ _ _ _ _ _ _ _ _\n\nself = <selenium.webdriver.support.wait.WebDriverWait (session=\"038598f91c4455cc69e42ea336d7793a\")>, method = <function element_to_be_clickable.<locals>._predicate at 0x000002233DFDB100>, message = ''\n\n    def until(self, method: Callable[[D], Union[Literal[False], T]], message: str = \"\") -> T:\n        \"\"\"Calls the method provided with the driver as an argument until the \\\n        return value does not evaluate to ``False``.\n    \n        :param method: callable(WebDriver)\n        :param message: optional message for :exc:`TimeoutException`\n        :returns: the result of the last call to `method`\n        :raises: :exc:`selenium.common.exceptions.TimeoutException` if timeout occurs\n        \"\"\"\n        screen = None\n        stacktrace = None\n    \n        end_time = time.monotonic() + self._timeout\n        while True:\n            try:\n                value = method(self._driver)\n                if value:\n                    return value\n            except self._ignored_exceptions as exc:\n                screen = getattr(exc, \"screen\", None)\n                stacktrace = getattr(exc, \"stacktrace\", None)\n            time.sleep(self._poll)\n            if time.monotonic() > end_time:\n                break\n>       raise TimeoutException(message, screen, stacktrace)\nE       selenium.common.exceptions.TimeoutException: Message: \nE       Stacktrace:\nE       \tGetHandleVerifier [0x00966FB3+25091]\nE       \t(No symbol) [0x008EE5D4]\nE       \t(No symbol) [0x007CB353]\nE       \t(No symbol) [0x0080F4BC]\nE       \t(No symbol) [0x0080F63B]\nE       \t(No symbol) [0x0084D8B2]\nE       \t(No symbol) [0x00831F24]\nE       \t(No symbol) [0x0084B46E]\nE       \t(No symbol) [0x00831C76]\nE       \t(No symbol) [0x00803185]\nE       \t(No symbol) [0x0080430D]\nE       \tGetHandleVerifier [0x00C5D5B3+3131395]\nE       \tGetHandleVerifier [0x00C6DDA4+3198964]\nE       \tGetHandleVerifier [0x00C68CC2+3178258]\nE       \tGetHandleVerifier [0x00A03290+664800]\nE       \t(No symbol) [0x008F744D]\nE       \t(No symbol) [0x008F4798]\nE       \t(No symbol) [0x008F4936]\nE       \t(No symbol) [0x008E7030]\nE       \tBaseThreadInitThunk [0x7610FCC9+25]\nE       \tRtlGetAppContainerNamedObjectPath [0x7745809E+286]\nE       \tRtlGetAppContainerNamedObjectPath [0x7745806E+238]\n\n..\\..\\..\\AppData\\Roaming\\Python\\Python312\\site-packages\\selenium\\webdriver\\support\\wait.py:105: TimeoutException"}, "attachments": [{"name": "log", "source": "17d5eb40-3629-4196-a137-4a712071c893-attachment.txt", "type": "text/plain"}, {"name": "stdout", "source": "d5b0e629-0901-42c2-b8f1-6e9d7ec86169-attachment.txt", "type": "text/plain"}, {"name": "stderr", "source": "4e4a3c3f-33f1-4c3d-a6a6-9fa0ca23d08d-attachment.txt", "type": "text/plain"}], "start": 1737967336541, "stop": 1737967349143, "uuid": "2598c149-6848-4ca7-91db-9d5569a3e1c9", "historyId": "9052ef2b0d9e76791ffa006f9a881f25", "testCaseId": "9052ef2b0d9e76791ffa006f9a881f25", "fullName": "tests.recruiter_test.Jobs_test#test_jobs_page", "labels": [{"name": "tag", "value": "jobs_page"}, {"name": "tag", "value": "regression"}, {"name": "parentSuite", "value": "tests.recruiter_test"}, {"name": "suite", "value": "Jobs_test"}, {"name": "host", "value": "DESKTOP-HRHMBRL"}, {"name": "thread", "value": "1564-MainThread"}, {"name": "framework", "value": "pytest"}, {"name": "language", "value": "cpython3"}, {"name": "package", "value": "tests.recruiter_test.Jobs_test"}]}