{"name": "test_registration", "status": "broken", "statusDetails": {"message": "selenium.common.exceptions.TimeoutException: Message: \nStacktrace:\n\tGetHandleVerifier [0x0052C203+27395]\n\t(No symbol) [0x004C3E04]\n\t(No symbol) [0x003C1B7F]\n\t(No symbol) [0x00402C65]\n\t(No symbol) [0x00402D3B]\n\t(No symbol) [0x0043EC82]\n\t(No symbol) [0x004239E4]\n\t(No symbol) [0x0043CB24]\n\t(No symbol) [0x00423736]\n\t(No symbol) [0x003F7541]\n\t(No symbol) [0x003F80BD]\n\tGetHandleVerifier [0x007E3AB3+2876339]\n\tGetHandleVerifier [0x00837F7D+3221629]\n\tGetHandleVerifier [0x005AD674+556916]\n\tGetHandleVerifier [0x005B478C+585868]\n\t(No symbol) [0x004CCE44]\n\t(No symbol) [0x004C9858]\n\t(No symbol) [0x004C99F7]\n\t(No symbol) [0x004BBF4E]\n\tBaseThreadInitThunk [0x75B2FCC9+25]\n\tRtlGetAppContainerNamedObjectPath [0x77AD80CE+286]\n\tRtlGetAppContainerNamedObjectPath [0x77AD809E+238]", "trace": "env = 'dev', driver = <selenium.webdriver.chrome.webdriver.WebDriver (session=\"70ecb1701476264f153d8f5257e615cf\")>, authenticated_user = None\n\n    @pytest.mark.registration\n    def test_registration(env, driver, authenticated_user):\n        logging.info(f\"environment -> {env}\")\n        login = authenticated_user\n        registration = Registration(driver)\n        driver.implicitly_wait(5)\n        registration.registartion_name_btn.send_keys('MRIDUL')\n        driver.implicitly_wait(2)\n        registration.email_btn.send_keys('mridulsaxena@gmail.com')\n        registration.phoneno_btn.send_keys('7503078450')\n        registration.location_btn.send_keys('Uttar Pradesh: Noida')\n        driver.implicitly_wait(10)\n        registration.condition_btn.click()\n        time.sleep(2)\n        registration.sendotp_btn.click()\n        time.sleep(5)\n        # original_window = driver.current_window_handle\n        # driver.execute_script(\"window.open('https://mail.google.com', '_blank');\")\n        # #WebDriverWait(driver, 10).until(EC.new_window_is_opened)\n        # driver.switch_to.window(driver.window_handles[-1])\n        # time.sleep(8)\n        # registration.gmail_btn.send_keys('mridulsaxena016@gmail.com')\n        # driver.implicitly_wait(5)\n        # registration.gmailnext_btn.click()\n        # driver.implicitly_wait(2)\n        # registration.gmail_enterpasswordbtn.send_keys(\"(//span[@class='VfPpkd-vQzf8d'])[2]\")\n        # time.sleep(8)\n>       registration.gmailnext_btn.click()\n\ntests\\candidate_test\\registration_test.py:54: \n_ _ _ _ _ _ _ _ _ _ _ _ _ _ _ _ _ _ _ _ _ _ _ _ _ _ _ _ _ _ _ _ _ _ _ _ _ _ _ _ _ _ _ _ _ _ _ _ _ _ _ _ _ _ _ _ _ _ _ _ _ _ _ _ _ _ _ _ _ _ _ _ _ _\nPages_Candidate\\registration.py:50: in gmailnext_btn\n    return BaseElement(driver=self.driver, locator=locator)\nutils\\base_elements.py:43: in __init__\n    self.find()\nutils\\base_elements.py:49: in find\n    element = WebDriverWait(self.driver, 30).until(EC.visibility_of_element_located(locator=self.locator))\n_ _ _ _ _ _ _ _ _ _ _ _ _ _ _ _ _ _ _ _ _ _ _ _ _ _ _ _ _ _ _ _ _ _ _ _ _ _ _ _ _ _ _ _ _ _ _ _ _ _ _ _ _ _ _ _ _ _ _ _ _ _ _ _ _ _ _ _ _ _ _ _ _ _\n\nself = <selenium.webdriver.support.wait.WebDriverWait (session=\"70ecb1701476264f153d8f5257e615cf\")>\nmethod = <function visibility_of_element_located.<locals>._predicate at 0x0000025B26134CC0>, message = ''\n\n    def until(self, method: Callable[[D], Union[Literal[False], T]], message: str = \"\") -> T:\n        \"\"\"Calls the method provided with the driver as an argument until the \\\n        return value does not evaluate to ``False``.\n    \n        :param method: callable(WebDriver)\n        :param message: optional message for :exc:`TimeoutException`\n        :returns: the result of the last call to `method`\n        :raises: :exc:`selenium.common.exceptions.TimeoutException` if timeout occurs\n        \"\"\"\n        screen = None\n        stacktrace = None\n    \n        end_time = time.monotonic() + self._timeout\n        while True:\n            try:\n                value = method(self._driver)\n                if value:\n                    return value\n            except self._ignored_exceptions as exc:\n                screen = getattr(exc, \"screen\", None)\n                stacktrace = getattr(exc, \"stacktrace\", None)\n            time.sleep(self._poll)\n            if time.monotonic() > end_time:\n                break\n>       raise TimeoutException(message, screen, stacktrace)\nE       selenium.common.exceptions.TimeoutException: Message: \nE       Stacktrace:\nE       \tGetHandleVerifier [0x0052C203+27395]\nE       \t(No symbol) [0x004C3E04]\nE       \t(No symbol) [0x003C1B7F]\nE       \t(No symbol) [0x00402C65]\nE       \t(No symbol) [0x00402D3B]\nE       \t(No symbol) [0x0043EC82]\nE       \t(No symbol) [0x004239E4]\nE       \t(No symbol) [0x0043CB24]\nE       \t(No symbol) [0x00423736]\nE       \t(No symbol) [0x003F7541]\nE       \t(No symbol) [0x003F80BD]\nE       \tGetHandleVerifier [0x007E3AB3+2876339]\nE       \tGetHandleVerifier [0x00837F7D+3221629]\nE       \tGetHandleVerifier [0x005AD674+556916]\nE       \tGetHandleVerifier [0x005B478C+585868]\nE       \t(No symbol) [0x004CCE44]\nE       \t(No symbol) [0x004C9858]\nE       \t(No symbol) [0x004C99F7]\nE       \t(No symbol) [0x004BBF4E]\nE       \tBaseThreadInitThunk [0x75B2FCC9+25]\nE       \tRtlGetAppContainerNamedObjectPath [0x77AD80CE+286]\nE       \tRtlGetAppContainerNamedObjectPath [0x77AD809E+238]\n\nvenv\\Lib\\site-packages\\selenium\\webdriver\\support\\wait.py:105: TimeoutException"}, "attachments": [{"name": "log", "source": "471d310d-da42-489f-8df5-526f93b8aee4-attachment.txt", "type": "text/plain"}, {"name": "stdout", "source": "38a8f298-2b63-49c8-9c41-44996b6c2ac8-attachment.txt", "type": "text/plain"}, {"name": "stderr", "source": "2ecd0e69-b83c-451b-b450-5fa00a77541f-attachment.txt", "type": "text/plain"}], "start": 1721741532541, "stop": 1721741572816, "uuid": "b9cd65b3-65b0-4939-88a3-714a560099b4", "historyId": "b91bc7f231e3740fe6c0b8995a99c077", "testCaseId": "b91bc7f231e3740fe6c0b8995a99c077", "fullName": "tests.candidate_test.registration_test#test_registration", "labels": [{"name": "tag", "value": "registration"}, {"name": "parentSuite", "value": "tests.candidate_test"}, {"name": "suite", "value": "registration_test"}, {"name": "host", "value": "DESKTOP-CDJ5FU7"}, {"name": "thread", "value": "14624-MainThread"}, {"name": "framework", "value": "pytest"}, {"name": "language", "value": "cpython3"}, {"name": "package", "value": "tests.candidate_test.registration_test"}]}