{"name": "test_invalid_password_login_recruiter", "status": "broken", "statusDetails": {"message": "selenium.common.exceptions.TimeoutException: Message: \nStacktrace:\n\tGetHandleVerifier [0x006B74A3+25091]\n\t(No symbol) [0x0063DC04]\n\t(No symbol) [0x0051B373]\n\t(No symbol) [0x0055F4DC]\n\t(No symbol) [0x0055F65B]\n\t(No symbol) [0x0059D8E2]\n\t(No symbol) [0x00581F54]\n\t(No symbol) [0x0059B49E]\n\t(No symbol) [0x00581CA6]\n\t(No symbol) [0x005531D5]\n\t(No symbol) [0x0055435D]\n\tGetHandleVerifier [0x009B07C3+3142947]\n\tGetHandleVerifier [0x009C1A2B+3213195]\n\tGetHandleVerifier [0x009BC412+3191154]\n\tGetHandleVerifier [0x00758720+685184]\n\t(No symbol) [0x00646E1D]\n\t(No symbol) [0x00643E18]\n\t(No symbol) [0x00643FB6]\n\t(No symbol) [0x006366F0]\n\tBaseThreadInitThunk [0x7643FCC9+25]\n\tRtlGetAppContainerNamedObjectPath [0x7753809E+286]\n\tRtlGetAppContainerNamedObjectPath [0x7753806E+238]", "trace": "env = 'dev', driver = <selenium.webdriver.chrome.webdriver.WebDriver (session=\"03035b6dda83e1297d4fb1005299d2e0\")>, recruiter_user = None\n\n    @pytest.mark.regression\n    @pytest.mark.invalid_password_login_recruiter\n    def test_invalid_password_login_recruiter(env, driver, recruiter_user):\n        logging.info(f\"environment -> {env}\")\n        login = recruiter_user\n        recruiterlogin = Loginrecruiter(driver)\n        recruiterlogin.username_btn.send_keys('inderjeetkmcs@gmail.com')\n        recruiterlogin.password_btn.send_keys('123')\n        recruiterlogin.login_btn.click()\n>       response = recruiterlogin.login_unsuccessful.get_text()\n\ntests\\recruiter_test\\login_test.py:44: \n_ _ _ _ _ _ _ _ _ _ _ _ _ _ _ _ _ _ _ _ _ _ _ _ _ _ _ _ _ _ _ _ _ _ _ _ _ _ _ _ _ _ _ _ _ _ _ _ _ _ _ _ _ _ _ _ _ _ _ _ _ _ _ _ _ _ _ _ _ _ _ _ _ _ _ _ _ _ _ _ _ _ _ _ _ _ _ _ _ _ _ _ _ _ _ _ _ _ _ _ _ _ _ _ _ _ _ _ _ _ _ _ _ _\nPage_Recruiter\\login.py:39: in login_unsuccessful\n    return BaseElement(driver=self.driver, locator=locator)\nutils\\base_elements.py:43: in __init__\n    self.find()\nutils\\base_elements.py:49: in find\n    element = WebDriverWait(self.driver, 30).until(EC.visibility_of_element_located(locator=self.locator))\n_ _ _ _ _ _ _ _ _ _ _ _ _ _ _ _ _ _ _ _ _ _ _ _ _ _ _ _ _ _ _ _ _ _ _ _ _ _ _ _ _ _ _ _ _ _ _ _ _ _ _ _ _ _ _ _ _ _ _ _ _ _ _ _ _ _ _ _ _ _ _ _ _ _ _ _ _ _ _ _ _ _ _ _ _ _ _ _ _ _ _ _ _ _ _ _ _ _ _ _ _ _ _ _ _ _ _ _ _ _ _ _ _ _\n\nself = <selenium.webdriver.support.wait.WebDriverWait (session=\"03035b6dda83e1297d4fb1005299d2e0\")>, method = <function visibility_of_element_located.<locals>._predicate at 0x0000029274A65E40>, message = ''\n\n    def until(self, method: Callable[[D], Union[Literal[False], T]], message: str = \"\") -> T:\n        \"\"\"Calls the method provided with the driver as an argument until the \\\n        return value does not evaluate to ``False``.\n    \n        :param method: callable(WebDriver)\n        :param message: optional message for :exc:`TimeoutException`\n        :returns: the result of the last call to `method`\n        :raises: :exc:`selenium.common.exceptions.TimeoutException` if timeout occurs\n        \"\"\"\n        screen = None\n        stacktrace = None\n    \n        end_time = time.monotonic() + self._timeout\n        while True:\n            try:\n                value = method(self._driver)\n                if value:\n                    return value\n            except self._ignored_exceptions as exc:\n                screen = getattr(exc, \"screen\", None)\n                stacktrace = getattr(exc, \"stacktrace\", None)\n            time.sleep(self._poll)\n            if time.monotonic() > end_time:\n                break\n>       raise TimeoutException(message, screen, stacktrace)\nE       selenium.common.exceptions.TimeoutException: Message: \nE       Stacktrace:\nE       \tGetHandleVerifier [0x006B74A3+25091]\nE       \t(No symbol) [0x0063DC04]\nE       \t(No symbol) [0x0051B373]\nE       \t(No symbol) [0x0055F4DC]\nE       \t(No symbol) [0x0055F65B]\nE       \t(No symbol) [0x0059D8E2]\nE       \t(No symbol) [0x00581F54]\nE       \t(No symbol) [0x0059B49E]\nE       \t(No symbol) [0x00581CA6]\nE       \t(No symbol) [0x005531D5]\nE       \t(No symbol) [0x0055435D]\nE       \tGetHandleVerifier [0x009B07C3+3142947]\nE       \tGetHandleVerifier [0x009C1A2B+3213195]\nE       \tGetHandleVerifier [0x009BC412+3191154]\nE       \tGetHandleVerifier [0x00758720+685184]\nE       \t(No symbol) [0x00646E1D]\nE       \t(No symbol) [0x00643E18]\nE       \t(No symbol) [0x00643FB6]\nE       \t(No symbol) [0x006366F0]\nE       \tBaseThreadInitThunk [0x7643FCC9+25]\nE       \tRtlGetAppContainerNamedObjectPath [0x7753809E+286]\nE       \tRtlGetAppContainerNamedObjectPath [0x7753806E+238]\n\n..\\..\\..\\AppData\\Roaming\\Python\\Python312\\site-packages\\selenium\\webdriver\\support\\wait.py:105: TimeoutException"}, "attachments": [{"name": "log", "source": "15c56740-79bf-46b0-9513-d4c01bcf32ab-attachment.txt", "type": "text/plain"}, {"name": "stdout", "source": "889db31d-ff0f-447c-b202-59a0e3d2bc98-attachment.txt", "type": "text/plain"}, {"name": "stderr", "source": "76d7de5d-cc94-481b-9f4f-10a10fef52a2-attachment.txt", "type": "text/plain"}], "start": 1739785059517, "stop": 1739785092104, "uuid": "99c1c6f2-0506-4ec4-a870-67b07add62da", "historyId": "804279eb6a0605db1ef1be25493774d6", "testCaseId": "804279eb6a0605db1ef1be25493774d6", "fullName": "tests.recruiter_test.login_test#test_invalid_password_login_recruiter", "labels": [{"name": "tag", "value": "invalid_password_login_recruiter"}, {"name": "tag", "value": "regression"}, {"name": "parentSuite", "value": "tests.recruiter_test"}, {"name": "suite", "value": "login_test"}, {"name": "host", "value": "DESKTOP-HRHMBRL"}, {"name": "thread", "value": "5300-MainThread"}, {"name": "framework", "value": "pytest"}, {"name": "language", "value": "cpython3"}, {"name": "package", "value": "tests.recruiter_test.login_test"}]}