{"name": "test_jobs_page", "status": "broken", "statusDetails": {"message": "selenium.common.exceptions.TimeoutException: Message: \nStacktrace:\n\tGetHandleVerifier [0x010F74A3+25091]\n\t(No symbol) [0x0107DC04]\n\t(No symbol) [0x00F5B373]\n\t(No symbol) [0x00F9F4DC]\n\t(No symbol) [0x00F9F65B]\n\t(No symbol) [0x00FDD8E2]\n\t(No symbol) [0x00FC1F54]\n\t(No symbol) [0x00FDB49E]\n\t(No symbol) [0x00FC1CA6]\n\t(No symbol) [0x00F931D5]\n\t(No symbol) [0x00F9435D]\n\tGetHandleVerifier [0x013F07C3+3142947]\n\tGetHandleVerifier [0x01401A2B+3213195]\n\tGetHandleVerifier [0x013FC412+3191154]\n\tGetHandleVerifier [0x01198720+685184]\n\t(No symbol) [0x01086E1D]\n\t(No symbol) [0x01083E18]\n\t(No symbol) [0x01083FB6]\n\t(No symbol) [0x010766F0]\n\tBaseThreadInitThunk [0x7610FCC9+25]\n\tRtlGetAppContainerNamedObjectPath [0x7745809E+286]\n\tRtlGetAppContainerNamedObjectPath [0x7745806E+238]", "trace": "env = 'dev', driver = <selenium.webdriver.chrome.webdriver.WebDriver (session=\"5d34100c72b2ac1e1f56966d5f210bdb\")>, authenticated_user = None\n\n    @pytest.mark.regression\n    @pytest.mark.candidates_page\n    def test_jobs_page(env, driver, authenticated_user):\n        logging.info(f\"environment -> {env}\")\n        login = authenticated_user\n        recruiter_login = Loginrecruiter(driver)\n        recruiter_login.username_btn.send_keys('inderjeetkmcs@gmail.com')\n        recruiter_login.password_btn.send_keys('123')\n        logging.info(f\"Password entered\")\n    \n        # recruiter_login.hidepassword_btn.click()\n        # logging.info(f\"hide passwrd btn clicked\")\n    \n        WebDriverWait(driver, 10).until(\n            EC.element_to_be_clickable((By.XPATH, \"//span[contains(text(), 'Login')]\"))\n        )\n        recruiter_login.login_btn.click()\n        logging.info(f\"login btn clicked\")\n        #time.sleep(5)\n        WebDriverWait(driver, 10).until(\n            EC.visibility_of_element_located((By.XPATH, \"(//h2[text()='Private Jobs'])\"))\n        )\n        candidate_page = Candidates(driver)\n        candidate_page.candidates_btn.click()\n        logging.info(f\"candidates btn clicked\")\n    \n        Sortby = Candidates(driver)\n        Sortby.Sortby.click()\n    \n        Last_2week = Candidates(driver)\n        Last_2week.last2week.click()\n        #\n        time.sleep(3)\n    \n        Filters = Candidates(driver)\n        Filters.Filters.click()\n    \n        StagesCTQ = Candidates(driver)\n        StagesCTQ.Stages_CTQ.click()\n        time.sleep(1)\n        StagesCTQ.Stages_CTQ.click()\n        logging.info(f\"ctq btn clicked\")\n    \n        StagesFunctional = Candidates(driver)\n        StagesFunctional.Stages_Functional.click()\n        time.sleep(1)\n        StagesFunctional.Stages_Functional.click()\n        logging.info(f\"func btn clicked\")\n    \n        StagesFunctional = Candidates(driver)\n        StagesFunctional.Stages_English.click()\n        time.sleep(1)\n        StagesFunctional.Stages_English.click()\n        logging.info(f\"english btn clicked\")\n    \n        StagesFunctional = Candidates(driver)\n        StagesFunctional.Stages_Psychometric.click()\n        time.sleep(1)\n        StagesFunctional.Stages_Psychometric.click()\n        logging.info(f\"candidates btn clicked\")\n    \n        StagesFunctional = Candidates(driver)\n        StagesFunctional.Stages_InReview.click()\n        time.sleep(1)\n        StagesFunctional.Stages_InReview.click()\n        logging.info(f\"in-review btn clicked\")\n    \n        ProctoringStatus = Candidates(driver)\n        ProctoringStatus.Proctoring_status.click()\n    \n        Pass = Candidates(driver)\n        Pass.Passed.click()\n        time.sleep(1)\n        Pass.Passed.click()\n    \n        Fail = Candidates(driver)\n        Fail.Failed.click()\n        time.sleep(1)\n        Fail.Failed.click()\n    \n        Lastactive = Candidates(driver)\n        Lastactive.Last_active.click()\n    \n        SearchCandidate = Candidates(driver)\n        SearchCandidate.Search_Candidate.send_keys('Aniket')\n    \n        Action  = Candidates(driver)\n        Action.Action_btn.click()\n    \n        DownloadScorecard = Candidates(driver)\n>       DownloadScorecard.Download_Scorecard.click()\n\ntests\\recruiter_test\\Candidates_test.py:114: \n_ _ _ _ _ _ _ _ _ _ _ _ _ _ _ _ _ _ _ _ _ _ _ _ _ _ _ _ _ _ _ _ _ _ _ _ _ _ _ _ _ _ _ _ _ _ _ _ _ _ _ _ _ _ _ _ _ _ _ _ _ _ _ _ _ _ _ _ _ _ _ _ _ _ _ _ _ _ _ _ _ _ _ _ _ _ _ _ _ _ _ _ _ _ _ _ _ _ _ _ _ _ _ _ _ _ _ _ _ _ _ _ _ _\nPage_Recruiter\\Candidates_page.py:91: in Download_Scorecard\n    return BaseElement(driver=self.driver, locator=locator)\nutils\\base_elements.py:43: in __init__\n    self.find()\nutils\\base_elements.py:49: in find\n    element = WebDriverWait(self.driver, 30).until(EC.visibility_of_element_located(locator=self.locator))\n_ _ _ _ _ _ _ _ _ _ _ _ _ _ _ _ _ _ _ _ _ _ _ _ _ _ _ _ _ _ _ _ _ _ _ _ _ _ _ _ _ _ _ _ _ _ _ _ _ _ _ _ _ _ _ _ _ _ _ _ _ _ _ _ _ _ _ _ _ _ _ _ _ _ _ _ _ _ _ _ _ _ _ _ _ _ _ _ _ _ _ _ _ _ _ _ _ _ _ _ _ _ _ _ _ _ _ _ _ _ _ _ _ _\n\nself = <selenium.webdriver.support.wait.WebDriverWait (session=\"5d34100c72b2ac1e1f56966d5f210bdb\")>, method = <function visibility_of_element_located.<locals>._predicate at 0x000002F10D3EF380>, message = ''\n\n    def until(self, method: Callable[[D], Union[Literal[False], T]], message: str = \"\") -> T:\n        \"\"\"Calls the method provided with the driver as an argument until the \\\n        return value does not evaluate to ``False``.\n    \n        :param method: callable(WebDriver)\n        :param message: optional message for :exc:`TimeoutException`\n        :returns: the result of the last call to `method`\n        :raises: :exc:`selenium.common.exceptions.TimeoutException` if timeout occurs\n        \"\"\"\n        screen = None\n        stacktrace = None\n    \n        end_time = time.monotonic() + self._timeout\n        while True:\n            try:\n                value = method(self._driver)\n                if value:\n                    return value\n            except self._ignored_exceptions as exc:\n                screen = getattr(exc, \"screen\", None)\n                stacktrace = getattr(exc, \"stacktrace\", None)\n            time.sleep(self._poll)\n            if time.monotonic() > end_time:\n                break\n>       raise TimeoutException(message, screen, stacktrace)\nE       selenium.common.exceptions.TimeoutException: Message: \nE       Stacktrace:\nE       \tGetHandleVerifier [0x010F74A3+25091]\nE       \t(No symbol) [0x0107DC04]\nE       \t(No symbol) [0x00F5B373]\nE       \t(No symbol) [0x00F9F4DC]\nE       \t(No symbol) [0x00F9F65B]\nE       \t(No symbol) [0x00FDD8E2]\nE       \t(No symbol) [0x00FC1F54]\nE       \t(No symbol) [0x00FDB49E]\nE       \t(No symbol) [0x00FC1CA6]\nE       \t(No symbol) [0x00F931D5]\nE       \t(No symbol) [0x00F9435D]\nE       \tGetHandleVerifier [0x013F07C3+3142947]\nE       \tGetHandleVerifier [0x01401A2B+3213195]\nE       \tGetHandleVerifier [0x013FC412+3191154]\nE       \tGetHandleVerifier [0x01198720+685184]\nE       \t(No symbol) [0x01086E1D]\nE       \t(No symbol) [0x01083E18]\nE       \t(No symbol) [0x01083FB6]\nE       \t(No symbol) [0x010766F0]\nE       \tBaseThreadInitThunk [0x7610FCC9+25]\nE       \tRtlGetAppContainerNamedObjectPath [0x7745809E+286]\nE       \tRtlGetAppContainerNamedObjectPath [0x7745806E+238]\n\n..\\..\\..\\AppData\\Roaming\\Python\\Python312\\site-packages\\selenium\\webdriver\\support\\wait.py:105: TimeoutException"}, "attachments": [{"name": "log", "source": "822385a3-5dd0-4b49-a965-1aabe6ac30b7-attachment.txt", "type": "text/plain"}, {"name": "stdout", "source": "6aa48831-4da0-49b5-8a63-c6c6601c7c70-attachment.txt", "type": "text/plain"}, {"name": "stderr", "source": "c3f7daff-0d13-4945-9bb9-9cb86b7f65d7-attachment.txt", "type": "text/plain"}], "start": 1738654616561, "stop": 1738654662641, "uuid": "a6d416cc-a543-4a4c-9a2b-9e0a64f2e7e2", "historyId": "a07d543f70715916bb5741f0811420af", "testCaseId": "a07d543f70715916bb5741f0811420af", "fullName": "tests.recruiter_test.Candidates_test#test_jobs_page", "labels": [{"name": "tag", "value": "candidates_page"}, {"name": "tag", "value": "regression"}, {"name": "parentSuite", "value": "tests.recruiter_test"}, {"name": "suite", "value": "Candidates_test"}, {"name": "host", "value": "DESKTOP-HRHMBRL"}, {"name": "thread", "value": "12304-MainThread"}, {"name": "framework", "value": "pytest"}, {"name": "language", "value": "cpython3"}, {"name": "package", "value": "tests.recruiter_test.Candidates_test"}]}