{"name": "test_jobdetails_dashboard_page", "status": "broken", "statusDetails": {"message": "selenium.common.exceptions.TimeoutException: Message: \nStacktrace:\n\tGetHandleVerifier [0x00E10283+25139]\n\t(No symbol) [0x00D9B234]\n\t(No symbol) [0x00C704A3]\n\t(No symbol) [0x00CB8338]\n\t(No symbol) [0x00CB868B]\n\t(No symbol) [0x00D00F62]\n\t(No symbol) [0x00CDCF84]\n\t(No symbol) [0x00CFE6E1]\n\t(No symbol) [0x00CDCD36]\n\t(No symbol) [0x00CABD29]\n\t(No symbol) [0x00CAD064]\n\tGetHandleVerifier [0x0111B143+3215603]\n\tGetHandleVerifier [0x011322BA+3310186]\n\tGetHandleVerifier [0x0112C4D2+3286146]\n\tGetHandleVerifier [0x00EA9C80+654384]\n\t(No symbol) [0x00DA45BD]\n\t(No symbol) [0x00DA14A8]\n\t(No symbol) [0x00DA1647]\n\t(No symbol) [0x00D93D20]\n\tBaseThreadInitThunk [0x7643FCC9+25]\n\tRtlGetAppContainerNamedObjectPath [0x7753809E+286]\n\tRtlGetAppContainerNamedObjectPath [0x7753806E+238]", "trace": "env = 'dev', driver = <selenium.webdriver.chrome.webdriver.WebDriver (session=\"cc4fac695f396b76bc8e9af8dcb18b92\")>, authenticated_user_recruiter = <Page_Recruiter.login.Loginrecruiter object at 0x000002C9120DEBD0>\n\n    @pytest.mark.regression\n    @pytest.mark.jobdetails_dashboard_page\n    def test_jobdetails_dashboard_page(env, driver, authenticated_user_recruiter):\n            logging.info(f\"environment -> {env}\")\n            login = authenticated_user_recruiter\n            logging.info(f\"logged in\")\n            WebDriverWait(driver, 15).until(\n                EC.visibility_of_element_located(\n                    (By.XPATH, \"//body[1]/div[1]/div[3]/div[2]/div[3]/div[2]/div[1]/div[5]/div[1]\"))\n            )\n            job_details = Dashboard(driver)\n    \n            # Get text of the 'View Details' button and verify it's correct\n            jobdetailstext = job_details.view_details.get_text()\n            logging.info(f\"Text of 'View Details' button: {jobdetailstext}\")\n            assert_that(jobdetailstext).contains(\"View Details\")\n    \n            # Click the 'View Details' button\n            job_details.view_details.click()\n            logging.info(\"Clicked on 'View Details' button.\")\n    \n            # Verify that the button text changes to 'Close' after clicking\n>           buttontext = job_details.view_details.get_text()\n\ntests\\recruiter_test\\Dashboard_test.py:240: \n_ _ _ _ _ _ _ _ _ _ _ _ _ _ _ _ _ _ _ _ _ _ _ _ _ _ _ _ _ _ _ _ _ _ _ _ _ _ _ _ _ _ _ _ _ _ _ _ _ _ _ _ _ _ _ _ _ _ _ _ _ _ _ _ _ _ _ _ _ _ _ _ _ _ _ _ _ _ _ _ _ _ _ _ _ _ _ _ _ _ _ _ _ _ _ _ _ _ _ _ _ _ _ _ _ _ _ _ _ _ _ _ _ _\nPage_Recruiter\\Dashboard_page.py:82: in view_details\n    return BaseElement(driver=self.driver, locator=locator)\nutils\\base_elements.py:43: in __init__\n    self.find()\nutils\\base_elements.py:49: in find\n    element = WebDriverWait(self.driver, 30).until(EC.visibility_of_element_located(locator=self.locator))\n_ _ _ _ _ _ _ _ _ _ _ _ _ _ _ _ _ _ _ _ _ _ _ _ _ _ _ _ _ _ _ _ _ _ _ _ _ _ _ _ _ _ _ _ _ _ _ _ _ _ _ _ _ _ _ _ _ _ _ _ _ _ _ _ _ _ _ _ _ _ _ _ _ _ _ _ _ _ _ _ _ _ _ _ _ _ _ _ _ _ _ _ _ _ _ _ _ _ _ _ _ _ _ _ _ _ _ _ _ _ _ _ _ _\n\nself = <selenium.webdriver.support.wait.WebDriverWait (session=\"cc4fac695f396b76bc8e9af8dcb18b92\")>, method = <function visibility_of_element_located.<locals>._predicate at 0x000002C91207B100>, message = ''\n\n    def until(self, method: Callable[[D], Union[Literal[False], T]], message: str = \"\") -> T:\n        \"\"\"Calls the method provided with the driver as an argument until the \\\n        return value does not evaluate to ``False``.\n    \n        :param method: callable(WebDriver)\n        :param message: optional message for :exc:`TimeoutException`\n        :returns: the result of the last call to `method`\n        :raises: :exc:`selenium.common.exceptions.TimeoutException` if timeout occurs\n        \"\"\"\n        screen = None\n        stacktrace = None\n    \n        end_time = time.monotonic() + self._timeout\n        while True:\n            try:\n                value = method(self._driver)\n                if value:\n                    return value\n            except self._ignored_exceptions as exc:\n                screen = getattr(exc, \"screen\", None)\n                stacktrace = getattr(exc, \"stacktrace\", None)\n            time.sleep(self._poll)\n            if time.monotonic() > end_time:\n                break\n>       raise TimeoutException(message, screen, stacktrace)\nE       selenium.common.exceptions.TimeoutException: Message: \nE       Stacktrace:\nE       \tGetHandleVerifier [0x00E10283+25139]\nE       \t(No symbol) [0x00D9B234]\nE       \t(No symbol) [0x00C704A3]\nE       \t(No symbol) [0x00CB8338]\nE       \t(No symbol) [0x00CB868B]\nE       \t(No symbol) [0x00D00F62]\nE       \t(No symbol) [0x00CDCF84]\nE       \t(No symbol) [0x00CFE6E1]\nE       \t(No symbol) [0x00CDCD36]\nE       \t(No symbol) [0x00CABD29]\nE       \t(No symbol) [0x00CAD064]\nE       \tGetHandleVerifier [0x0111B143+3215603]\nE       \tGetHandleVerifier [0x011322BA+3310186]\nE       \tGetHandleVerifier [0x0112C4D2+3286146]\nE       \tGetHandleVerifier [0x00EA9C80+654384]\nE       \t(No symbol) [0x00DA45BD]\nE       \t(No symbol) [0x00DA14A8]\nE       \t(No symbol) [0x00DA1647]\nE       \t(No symbol) [0x00D93D20]\nE       \tBaseThreadInitThunk [0x7643FCC9+25]\nE       \tRtlGetAppContainerNamedObjectPath [0x7753809E+286]\nE       \tRtlGetAppContainerNamedObjectPath [0x7753806E+238]\n\n..\\..\\..\\AppData\\Roaming\\Python\\Python312\\site-packages\\selenium\\webdriver\\support\\wait.py:105: TimeoutException"}, "attachments": [{"name": "log", "source": "ef3a6670-381b-4d88-8069-c3871ce06820-attachment.txt", "type": "text/plain"}, {"name": "stdout", "source": "fac0557b-55d7-4fc6-98e2-445c119fc6ca-attachment.txt", "type": "text/plain"}, {"name": "stderr", "source": "9abd8ad5-28f5-45f1-aed5-73280f2c6d42-attachment.txt", "type": "text/plain"}], "start": 1740130410552, "stop": 1740130452282, "uuid": "a5cfd682-dbc4-4d8f-baef-6c67cd49fe10", "historyId": "9a7afdb6e0988fc5dc15e03c3bbd9c77", "testCaseId": "9a7afdb6e0988fc5dc15e03c3bbd9c77", "fullName": "tests.recruiter_test.Dashboard_test#test_jobdetails_dashboard_page", "labels": [{"name": "tag", "value": "jobdetails_dashboard_page"}, {"name": "tag", "value": "regression"}, {"name": "parentSuite", "value": "tests.recruiter_test"}, {"name": "suite", "value": "Dashboard_test"}, {"name": "host", "value": "DESKTOP-HRHMBRL"}, {"name": "thread", "value": "14284-MainThread"}, {"name": "framework", "value": "pytest"}, {"name": "language", "value": "cpython3"}, {"name": "package", "value": "tests.recruiter_test.Dashboard_test"}]}