{"name": "test_private_job_card_visibility", "status": "broken", "statusDetails": {"message": "selenium.common.exceptions.StaleElementReferenceException: Message: stale element reference: stale element not found in the current frame\n  (Session info: chrome=131.0.6778.264); For documentation on this error, please visit: https://www.selenium.dev/documentation/webdriver/troubleshooting/errors#stale-element-reference-exception\nStacktrace:\n\tGetHandleVerifier [0x0105FD53+23747]\n\t(No symbol) [0x00FE7D54]\n\t(No symbol) [0x00EBBE53]\n\t(No symbol) [0x00EC196B]\n\t(No symbol) [0x00EC387A]\n\t(No symbol) [0x00EC38F7]\n\t(No symbol) [0x00F05B8E]\n\t(No symbol) [0x00F03B55]\n\t(No symbol) [0x00F01CCD]\n\t(No symbol) [0x00F01034]\n\t(No symbol) [0x00EF60E9]\n\t(No symbol) [0x00F21DFC]\n\t(No symbol) [0x00EF59A4]\n\t(No symbol) [0x00F22094]\n\t(No symbol) [0x00F3B41E]\n\t(No symbol) [0x00F21B96]\n\t(No symbol) [0x00EF3F3C]\n\t(No symbol) [0x00EF4EBD]\n\tGetHandleVerifier [0x0133AC73+3017699]\n\tGetHandleVerifier [0x0134B93B+3086507]\n\tGetHandleVerifier [0x013440F2+3055714]\n\tGetHandleVerifier [0x010F5AF0+637536]\n\t(No symbol) [0x00FF0A5D]\n\t(No symbol) [0x00FEDA28]\n\t(No symbol) [0x00FEDBC5]\n\t(No symbol) [0x00FE07F0]\n\tBaseThreadInitThunk [0x7710FCC9+25]\n\tRtlGetAppContainerNamedObjectPath [0x77C2809E+286]\n\tRtlGetAppContainerNamedObjectPath [0x77C2806E+238]", "trace": "env = 'services', driver = <selenium.webdriver.chrome.webdriver.WebDriver (session=\"973d1c146d6ef5c64236e21f7e3a349f\")>, authenticated_user = None\n\n    @pytest.mark.private_job_card\n    def test_private_job_card_visibility(env, driver, authenticated_user):\n        logging.info(f\"environment -> {env}\")\n    \n        # Log in as the authenticated user\n        login = authenticated_user\n        recruiterlogin = Loginrecruiter(driver)\n        recruiterlogin.username_btn.send_keys('inderjeetkmcs@gmail.com')\n        recruiterlogin.password_btn.send_keys('123')\n        recruiterlogin.hidepassword_btn.click()\n>       recruiterlogin.login_btn.click()\n\ntests\\recruiter_test\\Dashboard_test.py:42: \n_ _ _ _ _ _ _ _ _ _ _ _ _ _ _ _ _ _ _ _ _ _ _ _ _ _ _ _ _ _ _ _ _ _ _ _ _ _ _ _ _ _ _ _ _ _ _ _ _ _ _ _ _ _ _ _ _ _ _ _ _ _ _ _ _ _ _ _ _ _ _ _ _ _ _ _ _ _ _ _ _ _ _ _ _ _ _ _ _ _ _ _ _ _ _ _ _ _ _ _ _ _ _ _ _ _ _ _ _ _ _ _ _ _\nutils\\base_elements.py:77: in click\n    element.click()\n..\\..\\..\\AppData\\Roaming\\Python\\Python312\\site-packages\\selenium\\webdriver\\remote\\webelement.py:94: in click\n    self._execute(Command.CLICK_ELEMENT)\n..\\..\\..\\AppData\\Roaming\\Python\\Python312\\site-packages\\selenium\\webdriver\\remote\\webelement.py:395: in _execute\n    return self._parent.execute(command, params)\n..\\..\\..\\AppData\\Roaming\\Python\\Python312\\site-packages\\selenium\\webdriver\\remote\\webdriver.py:348: in execute\n    self.error_handler.check_response(response)\n_ _ _ _ _ _ _ _ _ _ _ _ _ _ _ _ _ _ _ _ _ _ _ _ _ _ _ _ _ _ _ _ _ _ _ _ _ _ _ _ _ _ _ _ _ _ _ _ _ _ _ _ _ _ _ _ _ _ _ _ _ _ _ _ _ _ _ _ _ _ _ _ _ _ _ _ _ _ _ _ _ _ _ _ _ _ _ _ _ _ _ _ _ _ _ _ _ _ _ _ _ _ _ _ _ _ _ _ _ _ _ _ _ _\n\nself = <selenium.webdriver.remote.errorhandler.ErrorHandler object at 0x000001984EFFBFE0>\nresponse = {'status': 404, 'value': '{\"value\":{\"error\":\"stale element reference\",\"message\":\"stale element reference: stale elemen...\\n\\\\tRtlGetAppContainerNamedObjectPath [0x77C2809E+286]\\\\n\\\\tRtlGetAppContainerNamedObjectPath [0x77C2806E+238]\\\\n\"}}'}\n\n    def check_response(self, response: Dict[str, Any]) -> None:\n        \"\"\"Checks that a JSON response from the WebDriver does not have an\n        error.\n    \n        :Args:\n         - response - The JSON response from the WebDriver server as a dictionary\n           object.\n    \n        :Raises: If the response contains an error message.\n        \"\"\"\n        status = response.get(\"status\", None)\n        if not status or status == ErrorCode.SUCCESS:\n            return\n        value = None\n        message = response.get(\"message\", \"\")\n        screen: str = response.get(\"screen\", \"\")\n        stacktrace = None\n        if isinstance(status, int):\n            value_json = response.get(\"value\", None)\n            if value_json and isinstance(value_json, str):\n                import json\n    \n                try:\n                    value = json.loads(value_json)\n                    if len(value) == 1:\n                        value = value[\"value\"]\n                    status = value.get(\"error\", None)\n                    if not status:\n                        status = value.get(\"status\", ErrorCode.UNKNOWN_ERROR)\n                        message = value.get(\"value\") or value.get(\"message\")\n                        if not isinstance(message, str):\n                            value = message\n                            message = message.get(\"message\")\n                    else:\n                        message = value.get(\"message\", None)\n                except ValueError:\n                    pass\n    \n        exception_class: Type[WebDriverException]\n        e = ErrorCode()\n        error_codes = [item for item in dir(e) if not item.startswith(\"__\")]\n        for error_code in error_codes:\n            error_info = getattr(ErrorCode, error_code)\n            if isinstance(error_info, list) and status in error_info:\n                exception_class = getattr(ExceptionMapping, error_code, WebDriverException)\n                break\n        else:\n            exception_class = WebDriverException\n    \n        if not value:\n            value = response[\"value\"]\n        if isinstance(value, str):\n            raise exception_class(value)\n        if message == \"\" and \"message\" in value:\n            message = value[\"message\"]\n    \n        screen = None  # type: ignore[assignment]\n        if \"screen\" in value:\n            screen = value[\"screen\"]\n    \n        stacktrace = None\n        st_value = value.get(\"stackTrace\") or value.get(\"stacktrace\")\n        if st_value:\n            if isinstance(st_value, str):\n                stacktrace = st_value.split(\"\\n\")\n            else:\n                stacktrace = []\n                try:\n                    for frame in st_value:\n                        line = frame.get(\"lineNumber\", \"\")\n                        file = frame.get(\"fileName\", \"<anonymous>\")\n                        if line:\n                            file = f\"{file}:{line}\"\n                        meth = frame.get(\"methodName\", \"<anonymous>\")\n                        if \"className\" in frame:\n                            meth = f\"{frame['className']}.{meth}\"\n                        msg = \"    at %s (%s)\"\n                        msg = msg % (meth, file)\n                        stacktrace.append(msg)\n                except TypeError:\n                    pass\n        if exception_class == UnexpectedAlertPresentException:\n            alert_text = None\n            if \"data\" in value:\n                alert_text = value[\"data\"].get(\"text\")\n            elif \"alert\" in value:\n                alert_text = value[\"alert\"].get(\"text\")\n            raise exception_class(message, screen, stacktrace, alert_text)  # type: ignore[call-arg]  # mypy is not smart enough here\n>       raise exception_class(message, screen, stacktrace)\nE       selenium.common.exceptions.StaleElementReferenceException: Message: stale element reference: stale element not found in the current frame\nE         (Session info: chrome=131.0.6778.264); For documentation on this error, please visit: https://www.selenium.dev/documentation/webdriver/troubleshooting/errors#stale-element-reference-exception\nE       Stacktrace:\nE       \tGetHandleVerifier [0x0105FD53+23747]\nE       \t(No symbol) [0x00FE7D54]\nE       \t(No symbol) [0x00EBBE53]\nE       \t(No symbol) [0x00EC196B]\nE       \t(No symbol) [0x00EC387A]\nE       \t(No symbol) [0x00EC38F7]\nE       \t(No symbol) [0x00F05B8E]\nE       \t(No symbol) [0x00F03B55]\nE       \t(No symbol) [0x00F01CCD]\nE       \t(No symbol) [0x00F01034]\nE       \t(No symbol) [0x00EF60E9]\nE       \t(No symbol) [0x00F21DFC]\nE       \t(No symbol) [0x00EF59A4]\nE       \t(No symbol) [0x00F22094]\nE       \t(No symbol) [0x00F3B41E]\nE       \t(No symbol) [0x00F21B96]\nE       \t(No symbol) [0x00EF3F3C]\nE       \t(No symbol) [0x00EF4EBD]\nE       \tGetHandleVerifier [0x0133AC73+3017699]\nE       \tGetHandleVerifier [0x0134B93B+3086507]\nE       \tGetHandleVerifier [0x013440F2+3055714]\nE       \tGetHandleVerifier [0x010F5AF0+637536]\nE       \t(No symbol) [0x00FF0A5D]\nE       \t(No symbol) [0x00FEDA28]\nE       \t(No symbol) [0x00FEDBC5]\nE       \t(No symbol) [0x00FE07F0]\nE       \tBaseThreadInitThunk [0x7710FCC9+25]\nE       \tRtlGetAppContainerNamedObjectPath [0x77C2809E+286]\nE       \tRtlGetAppContainerNamedObjectPath [0x77C2806E+238]\n\n..\\..\\..\\AppData\\Roaming\\Python\\Python312\\site-packages\\selenium\\webdriver\\remote\\errorhandler.py:229: StaleElementReferenceException"}, "attachments": [{"name": "log", "source": "280c4884-385c-444a-abf9-699a0a14a46f-attachment.txt", "type": "text/plain"}, {"name": "stdout", "source": "d3516405-d9a8-466b-80e9-095a557b7fa2-attachment.txt", "type": "text/plain"}, {"name": "stderr", "source": "479509e3-f806-437a-9c8e-d2f11b65ee55-attachment.txt", "type": "text/plain"}], "start": 1736505008759, "stop": 1736505009939, "uuid": "219f74b7-2821-4699-95a7-465d5671a7ac", "historyId": "26e076d876a264bcbc5cb2c7da9dc557", "testCaseId": "26e076d876a264bcbc5cb2c7da9dc557", "fullName": "tests.recruiter_test.Dashboard_test#test_private_job_card_visibility", "labels": [{"name": "tag", "value": "private_job_card"}, {"name": "parentSuite", "value": "tests.recruiter_test"}, {"name": "suite", "value": "Dashboard_test"}, {"name": "host", "value": "DESKTOP-HRHMBRL"}, {"name": "thread", "value": "8064-MainThread"}, {"name": "framework", "value": "pytest"}, {"name": "language", "value": "cpython3"}, {"name": "package", "value": "tests.recruiter_test.Dashboard_test"}]}