{"name": "test_empty_password_login_recruiter", "status": "broken", "statusDetails": {"message": "selenium.common.exceptions.TimeoutException: Message: \nStacktrace:\n\tGetHandleVerifier [0x005F74A3+25091]\n\t(No symbol) [0x0057DC04]\n\t(No symbol) [0x0045B373]\n\t(No symbol) [0x0049F4DC]\n\t(No symbol) [0x0049F65B]\n\t(No symbol) [0x004DD8E2]\n\t(No symbol) [0x004C1F54]\n\t(No symbol) [0x004DB49E]\n\t(No symbol) [0x004C1CA6]\n\t(No symbol) [0x004931D5]\n\t(No symbol) [0x0049435D]\n\tGetHandleVerifier [0x008F07C3+3142947]\n\tGetHandleVerifier [0x00901A2B+3213195]\n\tGetHandleVerifier [0x008FC412+3191154]\n\tGetHandleVerifier [0x00698720+685184]\n\t(No symbol) [0x00586E1D]\n\t(No symbol) [0x00583E18]\n\t(No symbol) [0x00583FB6]\n\t(No symbol) [0x005766F0]\n\tBaseThreadInitThunk [0x7643FCC9+25]\n\tRtlGetAppContainerNamedObjectPath [0x7753809E+286]\n\tRtlGetAppContainerNamedObjectPath [0x7753806E+238]", "trace": "env = 'dev', driver = <selenium.webdriver.chrome.webdriver.WebDriver (session=\"dc0ef808f45a02d22765cbc574ae8f46\")>, recruiter_user = None\n\n    @pytest.mark.regression\n    @pytest.mark.empty_password_login_recruiter\n    def test_empty_password_login_recruiter(env, driver, recruiter_user):\n        logging.info(f\"environment -> {env}\")\n        login = recruiter_user\n        recruiterlogin = Loginrecruiter(driver)\n        recruiterlogin.username_btn.send_keys('invalid@gmail.com')\n        recruiterlogin.password_btn.send_keys('')\n        recruiterlogin.login_btn.click()\n>       response = recruiterlogin.error_occured.get_text()\n\ntests\\recruiter_test\\login_test.py:80: \n_ _ _ _ _ _ _ _ _ _ _ _ _ _ _ _ _ _ _ _ _ _ _ _ _ _ _ _ _ _ _ _ _ _ _ _ _ _ _ _ _ _ _ _ _ _ _ _ _ _ _ _ _ _ _ _ _ _ _ _ _ _ _ _ _ _ _ _ _ _ _ _ _ _ _ _ _ _ _ _ _ _ _ _ _ _ _ _ _ _ _ _ _ _ _ _ _ _ _ _ _ _ _ _ _ _ _ _ _ _ _ _ _ _\nPage_Recruiter\\login.py:44: in error_occured\n    return BaseElement(driver=self.driver, locator=locator)\nutils\\base_elements.py:43: in __init__\n    self.find()\nutils\\base_elements.py:49: in find\n    element = WebDriverWait(self.driver, 30).until(EC.visibility_of_element_located(locator=self.locator))\n_ _ _ _ _ _ _ _ _ _ _ _ _ _ _ _ _ _ _ _ _ _ _ _ _ _ _ _ _ _ _ _ _ _ _ _ _ _ _ _ _ _ _ _ _ _ _ _ _ _ _ _ _ _ _ _ _ _ _ _ _ _ _ _ _ _ _ _ _ _ _ _ _ _ _ _ _ _ _ _ _ _ _ _ _ _ _ _ _ _ _ _ _ _ _ _ _ _ _ _ _ _ _ _ _ _ _ _ _ _ _ _ _ _\n\nself = <selenium.webdriver.support.wait.WebDriverWait (session=\"dc0ef808f45a02d22765cbc574ae8f46\")>, method = <function visibility_of_element_located.<locals>._predicate at 0x000001E5ABD72D40>, message = ''\n\n    def until(self, method: Callable[[D], Union[Literal[False], T]], message: str = \"\") -> T:\n        \"\"\"Calls the method provided with the driver as an argument until the \\\n        return value does not evaluate to ``False``.\n    \n        :param method: callable(WebDriver)\n        :param message: optional message for :exc:`TimeoutException`\n        :returns: the result of the last call to `method`\n        :raises: :exc:`selenium.common.exceptions.TimeoutException` if timeout occurs\n        \"\"\"\n        screen = None\n        stacktrace = None\n    \n        end_time = time.monotonic() + self._timeout\n        while True:\n            try:\n                value = method(self._driver)\n                if value:\n                    return value\n            except self._ignored_exceptions as exc:\n                screen = getattr(exc, \"screen\", None)\n                stacktrace = getattr(exc, \"stacktrace\", None)\n            time.sleep(self._poll)\n            if time.monotonic() > end_time:\n                break\n>       raise TimeoutException(message, screen, stacktrace)\nE       selenium.common.exceptions.TimeoutException: Message: \nE       Stacktrace:\nE       \tGetHandleVerifier [0x005F74A3+25091]\nE       \t(No symbol) [0x0057DC04]\nE       \t(No symbol) [0x0045B373]\nE       \t(No symbol) [0x0049F4DC]\nE       \t(No symbol) [0x0049F65B]\nE       \t(No symbol) [0x004DD8E2]\nE       \t(No symbol) [0x004C1F54]\nE       \t(No symbol) [0x004DB49E]\nE       \t(No symbol) [0x004C1CA6]\nE       \t(No symbol) [0x004931D5]\nE       \t(No symbol) [0x0049435D]\nE       \tGetHandleVerifier [0x008F07C3+3142947]\nE       \tGetHandleVerifier [0x00901A2B+3213195]\nE       \tGetHandleVerifier [0x008FC412+3191154]\nE       \tGetHandleVerifier [0x00698720+685184]\nE       \t(No symbol) [0x00586E1D]\nE       \t(No symbol) [0x00583E18]\nE       \t(No symbol) [0x00583FB6]\nE       \t(No symbol) [0x005766F0]\nE       \tBaseThreadInitThunk [0x7643FCC9+25]\nE       \tRtlGetAppContainerNamedObjectPath [0x7753809E+286]\nE       \tRtlGetAppContainerNamedObjectPath [0x7753806E+238]\n\n..\\..\\..\\AppData\\Roaming\\Python\\Python312\\site-packages\\selenium\\webdriver\\support\\wait.py:105: TimeoutException"}, "attachments": [{"name": "log", "source": "6db8aa46-5958-4d1f-9700-e43a29da69ee-attachment.txt", "type": "text/plain"}, {"name": "stdout", "source": "f8c27c58-faa5-473b-87ec-0b84f3a082dd-attachment.txt", "type": "text/plain"}, {"name": "stderr", "source": "58b6cb96-55d3-4086-a930-12971bd3f22a-attachment.txt", "type": "text/plain"}], "start": 1739531230909, "stop": 1739531263393, "uuid": "34db1520-667d-4f07-b3f2-7a47b2984efd", "historyId": "aec222999bff5901c5ad60aff3c36070", "testCaseId": "aec222999bff5901c5ad60aff3c36070", "fullName": "tests.recruiter_test.login_test#test_empty_password_login_recruiter", "labels": [{"name": "tag", "value": "empty_password_login_recruiter"}, {"name": "tag", "value": "regression"}, {"name": "parentSuite", "value": "tests.recruiter_test"}, {"name": "suite", "value": "login_test"}, {"name": "host", "value": "DESKTOP-HRHMBRL"}, {"name": "thread", "value": "8180-MainThread"}, {"name": "framework", "value": "pytest"}, {"name": "language", "value": "cpython3"}, {"name": "package", "value": "tests.recruiter_test.login_test"}]}