{"name": "test_privatejobs_filter_dashboard_page", "status": "failed", "statusDetails": {"message": "AssertionError: Expected <test invites functional job 19 12\n19/12/2024\nDownload report within range\ntest invites functional job 19 12 test invites functional job 19 12 test invites functional job 19 12 test invites functional job 19 12\nView Details\nENGLISH TEST21\n1/10/2024\nDownload report within range\nTEST\nView Details> to contain item <Store Manager - VMart>, but did not.", "trace": "env = 'dev', driver = <selenium.webdriver.chrome.webdriver.WebDriver (session=\"53c4427781697aa7c2d7ef19d1230910\")>, authenticated_user_recruiter = <Page_Recruiter.login.Loginrecruiter object at 0x000002174AE2D670>\n\n    @pytest.mark.regression\n    @pytest.mark.privatejobs_filter_dashboard_page\n    def test_privatejobs_filter_dashboard_page(env, driver, authenticated_user_recruiter):\n            logging.info(f\"environment -> {env}\")\n            login = authenticated_user_recruiter\n            logging.info(f\"logged in\")\n            WebDriverWait(driver, 15).until(\n                EC.visibility_of_element_located(\n                    (By.XPATH, \"//body[1]/div[1]/div[3]/div[2]/div[3]/div[2]/div[1]/div[5]/div[1]\"))\n            )\n            privatejobs_filter = Dashboard(driver)\n            privatejobs_filter.private_jobs_card.click()\n            privatejobsfilter = privatejobs_filter.filtered_jobs.get_text()\n>           assert_that(privatejobsfilter).contains(\"Store Manager - VMart\")\nE           AssertionError: Expected <test invites functional job 19 12\nE           19/12/2024\nE           Download report within range\nE           test invites functional job 19 12 test invites functional job 19 12 test invites functional job 19 12 test invites functional job 19 12\nE           View Details\nE           ENGLISH TEST21\nE           1/10/2024\nE           Download report within range\nE           TEST\nE           View Details> to contain item <Store Manager - VMart>, but did not.\n\ntests\\recruiter_test\\Dashboard_test.py:153: AssertionError"}, "attachments": [{"name": "log", "source": "6563b4c5-e981-4b63-b493-e94bb611b9e7-attachment.txt", "type": "text/plain"}, {"name": "stdout", "source": "a9a3cf67-6944-4c75-a21f-5d8e93e89be6-attachment.txt", "type": "text/plain"}, {"name": "stderr", "source": "b253d733-94cb-45ca-af35-a84a2a5f100a-attachment.txt", "type": "text/plain"}], "start": 1739963672385, "stop": 1739963688542, "uuid": "a7c7d11e-8fde-4daa-9880-5a5a160144b5", "historyId": "68a63009746f899cf3b27aad055be7e5", "testCaseId": "68a63009746f899cf3b27aad055be7e5", "fullName": "tests.recruiter_test.Dashboard_test#test_privatejobs_filter_dashboard_page", "labels": [{"name": "tag", "value": "privatejobs_filter_dashboard_page"}, {"name": "tag", "value": "regression"}, {"name": "parentSuite", "value": "tests.recruiter_test"}, {"name": "suite", "value": "Dashboard_test"}, {"name": "host", "value": "DESKTOP-HRHMBRL"}, {"name": "thread", "value": "3536-MainThread"}, {"name": "framework", "value": "pytest"}, {"name": "language", "value": "cpython3"}, {"name": "package", "value": "tests.recruiter_test.Dashboard_test"}]}