{"name": "test_invalid_email_password_recruiter", "status": "broken", "statusDetails": {"message": "selenium.common.exceptions.TimeoutException: Message: \nStacktrace:\n\tGetHandleVerifier [0x006B74A3+25091]\n\t(No symbol) [0x0063DC04]\n\t(No symbol) [0x0051B373]\n\t(No symbol) [0x0055F4DC]\n\t(No symbol) [0x0055F65B]\n\t(No symbol) [0x0059D8E2]\n\t(No symbol) [0x00581F54]\n\t(No symbol) [0x0059B49E]\n\t(No symbol) [0x00581CA6]\n\t(No symbol) [0x005531D5]\n\t(No symbol) [0x0055435D]\n\tGetHandleVerifier [0x009B07C3+3142947]\n\tGetHandleVerifier [0x009C1A2B+3213195]\n\tGetHandleVerifier [0x009BC412+3191154]\n\tGetHandleVerifier [0x00758720+685184]\n\t(No symbol) [0x00646E1D]\n\t(No symbol) [0x00643E18]\n\t(No symbol) [0x00643FB6]\n\t(No symbol) [0x006366F0]\n\tBaseThreadInitThunk [0x7643FCC9+25]\n\tRtlGetAppContainerNamedObjectPath [0x7753809E+286]\n\tRtlGetAppContainerNamedObjectPath [0x7753806E+238]", "trace": "env = 'services', driver = <selenium.webdriver.chrome.webdriver.WebDriver (session=\"75f9e9bf1868611c3707a8ef845505b1\")>, recruiter_user = None\n\n    @pytest.mark.regression\n    @pytest.mark.regression_recruiter_loginpage\n    @pytest.mark.invalid_email_password_recruiter\n    def test_invalid_email_password_recruiter(env, driver, recruiter_user):\n        logging.info(f\"environment -> {env}\")\n        login = recruiter_user\n        recruiterlogin = Loginrecruiter(driver)\n>       recruiterlogin.username_btn.send_keys('invalid@gmail.com')\n\ntests\\recruiter_test\\login_test.py:87: \n_ _ _ _ _ _ _ _ _ _ _ _ _ _ _ _ _ _ _ _ _ _ _ _ _ _ _ _ _ _ _ _ _ _ _ _ _ _ _ _ _ _ _ _ _ _ _ _ _ _ _ _ _ _ _ _ _ _ _ _ _ _ _ _ _ _ _ _ _ _ _ _ _ _ _ _ _ _ _ _ _ _ _ _ _ _ _ _ _ _ _ _ _ _ _ _ _ _ _ _ _ _ _ _ _ _ _ _ _ _ _ _ _ _\nPage_Recruiter\\login.py:19: in username_btn\n    return BaseElement(driver=self.driver, locator=locator)\nutils\\base_elements.py:43: in __init__\n    self.find()\nutils\\base_elements.py:49: in find\n    element = WebDriverWait(self.driver, 30).until(EC.visibility_of_element_located(locator=self.locator))\n_ _ _ _ _ _ _ _ _ _ _ _ _ _ _ _ _ _ _ _ _ _ _ _ _ _ _ _ _ _ _ _ _ _ _ _ _ _ _ _ _ _ _ _ _ _ _ _ _ _ _ _ _ _ _ _ _ _ _ _ _ _ _ _ _ _ _ _ _ _ _ _ _ _ _ _ _ _ _ _ _ _ _ _ _ _ _ _ _ _ _ _ _ _ _ _ _ _ _ _ _ _ _ _ _ _ _ _ _ _ _ _ _ _\n\nself = <selenium.webdriver.support.wait.WebDriverWait (session=\"75f9e9bf1868611c3707a8ef845505b1\")>, method = <function visibility_of_element_located.<locals>._predicate at 0x000001423D6C11C0>, message = ''\n\n    def until(self, method: Callable[[D], Union[Literal[False], T]], message: str = \"\") -> T:\n        \"\"\"Calls the method provided with the driver as an argument until the \\\n        return value does not evaluate to ``False``.\n    \n        :param method: callable(WebDriver)\n        :param message: optional message for :exc:`TimeoutException`\n        :returns: the result of the last call to `method`\n        :raises: :exc:`selenium.common.exceptions.TimeoutException` if timeout occurs\n        \"\"\"\n        screen = None\n        stacktrace = None\n    \n        end_time = time.monotonic() + self._timeout\n        while True:\n            try:\n                value = method(self._driver)\n                if value:\n                    return value\n            except self._ignored_exceptions as exc:\n                screen = getattr(exc, \"screen\", None)\n                stacktrace = getattr(exc, \"stacktrace\", None)\n            time.sleep(self._poll)\n            if time.monotonic() > end_time:\n                break\n>       raise TimeoutException(message, screen, stacktrace)\nE       selenium.common.exceptions.TimeoutException: Message: \nE       Stacktrace:\nE       \tGetHandleVerifier [0x006B74A3+25091]\nE       \t(No symbol) [0x0063DC04]\nE       \t(No symbol) [0x0051B373]\nE       \t(No symbol) [0x0055F4DC]\nE       \t(No symbol) [0x0055F65B]\nE       \t(No symbol) [0x0059D8E2]\nE       \t(No symbol) [0x00581F54]\nE       \t(No symbol) [0x0059B49E]\nE       \t(No symbol) [0x00581CA6]\nE       \t(No symbol) [0x005531D5]\nE       \t(No symbol) [0x0055435D]\nE       \tGetHandleVerifier [0x009B07C3+3142947]\nE       \tGetHandleVerifier [0x009C1A2B+3213195]\nE       \tGetHandleVerifier [0x009BC412+3191154]\nE       \tGetHandleVerifier [0x00758720+685184]\nE       \t(No symbol) [0x00646E1D]\nE       \t(No symbol) [0x00643E18]\nE       \t(No symbol) [0x00643FB6]\nE       \t(No symbol) [0x006366F0]\nE       \tBaseThreadInitThunk [0x7643FCC9+25]\nE       \tRtlGetAppContainerNamedObjectPath [0x7753809E+286]\nE       \tRtlGetAppContainerNamedObjectPath [0x7753806E+238]\n\n..\\..\\..\\AppData\\Roaming\\Python\\Python312\\site-packages\\selenium\\webdriver\\support\\wait.py:105: TimeoutException"}, "attachments": [{"name": "log", "source": "c76a08b4-bfa1-4690-a420-c2cf2f2a71eb-attachment.txt", "type": "text/plain"}, {"name": "stderr", "source": "2acffdd8-3a7e-4b64-afcf-dba73f48aee8-attachment.txt", "type": "text/plain"}], "start": 1739793580321, "stop": 1739793611927, "uuid": "468cfe92-ee4f-4281-a6cf-7bc2f5590562", "historyId": "0b20e7923fb78c2caf25dd728a45d62d", "testCaseId": "0b20e7923fb78c2caf25dd728a45d62d", "fullName": "tests.recruiter_test.login_test#test_invalid_email_password_recruiter", "labels": [{"name": "tag", "value": "invalid_email_password_recruiter"}, {"name": "tag", "value": "regression_recruiter_loginpage"}, {"name": "tag", "value": "regression"}, {"name": "parentSuite", "value": "tests.recruiter_test"}, {"name": "suite", "value": "login_test"}, {"name": "host", "value": "DESKTOP-HRHMBRL"}, {"name": "thread", "value": "8404-MainThread"}, {"name": "framework", "value": "pytest"}, {"name": "language", "value": "cpython3"}, {"name": "package", "value": "tests.recruiter_test.login_test"}]}