{"name": "test_deleteguardian_details", "status": "broken", "statusDetails": {"message": "selenium.common.exceptions.TimeoutException: Message: \nStacktrace:\n\tGetHandleVerifier [0x002DC203+27395]\n\t(No symbol) [0x00273E04]\n\t(No symbol) [0x00171B7F]\n\t(No symbol) [0x001B2C65]\n\t(No symbol) [0x001B2D3B]\n\t(No symbol) [0x001EEC82]\n\t(No symbol) [0x001D39E4]\n\t(No symbol) [0x001ECB24]\n\t(No symbol) [0x001D3736]\n\t(No symbol) [0x001A7541]\n\t(No symbol) [0x001A80BD]\n\tGetHandleVerifier [0x00593AB3+2876339]\n\tGetHandleVerifier [0x005E7F7D+3221629]\n\tGetHandleVerifier [0x0035D674+556916]\n\tGetHandleVerifier [0x0036478C+585868]\n\t(No symbol) [0x0027CE44]\n\t(No symbol) [0x00279858]\n\t(No symbol) [0x002799F7]\n\t(No symbol) [0x0026BF4E]\n\tBaseThreadInitThunk [0x75B2FCC9+25]\n\tRtlGetAppContainerNamedObjectPath [0x77AD80CE+286]\n\tRtlGetAppContainerNamedObjectPath [0x77AD809E+238]\n\t(No symbol) [0x00000000]", "trace": "env = 'dev', authenticated_user = None, driver = <selenium.webdriver.chrome.webdriver.WebDriver (session=\"c28d9fc88468355d99c3966c5ce1e93d\")>\n\n    @pytest.mark.deleteguardian_details\n    def test_deleteguardian_details(env, authenticated_user, driver):\n        logging.info(f\"environment -> {env}\")\n        login = authenticated_user\n        userinfo = Userprofile(driver)\n        Pagelogin = Login(driver)\n        Pagelogin.login_btn.click()\n        # driver.implicitly_wait(2)\n        time.sleep(3)\n        Pagelogin.name_btn.send_keys('Mridul')\n        Pagelogin.phonenumber_btn.send_keys('7503078450')\n        Pagelogin.sendotp_btn.click()\n        time.sleep(5)\n        Pagelogin.Sendingotp_text.send_keys('000000')\n        Pagelogin.submitotp_btn.click()\n        time.sleep(2)\n>       userinfo.profileicon_btn.click()\n\ntests\\candidate_test\\Userprofile_test.py:232: \n_ _ _ _ _ _ _ _ _ _ _ _ _ _ _ _ _ _ _ _ _ _ _ _ _ _ _ _ _ _ _ _ _ _ _ _ _ _ _ _ _ _ _ _ _ _ _ _ _ _ _ _ _ _ _ _ _ _ _ _ _ _ _ _ _ _ _ _ _ _ _ _ _ _ _ _ _ _ _ _ _ _ _ _ _ _\nPages_Candidate\\Userprofile.py:11: in profileicon_btn\n    return BaseElement(driver=self.driver, locator=locator)\nutils\\base_elements.py:43: in __init__\n    self.find()\nutils\\base_elements.py:49: in find\n    element = WebDriverWait(self.driver, 30).until(EC.visibility_of_element_located(locator=self.locator))\n_ _ _ _ _ _ _ _ _ _ _ _ _ _ _ _ _ _ _ _ _ _ _ _ _ _ _ _ _ _ _ _ _ _ _ _ _ _ _ _ _ _ _ _ _ _ _ _ _ _ _ _ _ _ _ _ _ _ _ _ _ _ _ _ _ _ _ _ _ _ _ _ _ _ _ _ _ _ _ _ _ _ _ _ _ _\n\nself = <selenium.webdriver.support.wait.WebDriverWait (session=\"c28d9fc88468355d99c3966c5ce1e93d\")>\nmethod = <function visibility_of_element_located.<locals>._predicate at 0x000002208142BD80>, message = ''\n\n    def until(self, method: Callable[[D], Union[Literal[False], T]], message: str = \"\") -> T:\n        \"\"\"Calls the method provided with the driver as an argument until the \\\n        return value does not evaluate to ``False``.\n    \n        :param method: callable(WebDriver)\n        :param message: optional message for :exc:`TimeoutException`\n        :returns: the result of the last call to `method`\n        :raises: :exc:`selenium.common.exceptions.TimeoutException` if timeout occurs\n        \"\"\"\n        screen = None\n        stacktrace = None\n    \n        end_time = time.monotonic() + self._timeout\n        while True:\n            try:\n                value = method(self._driver)\n                if value:\n                    return value\n            except self._ignored_exceptions as exc:\n                screen = getattr(exc, \"screen\", None)\n                stacktrace = getattr(exc, \"stacktrace\", None)\n            time.sleep(self._poll)\n            if time.monotonic() > end_time:\n                break\n>       raise TimeoutException(message, screen, stacktrace)\nE       selenium.common.exceptions.TimeoutException: Message: \nE       Stacktrace:\nE       \tGetHandleVerifier [0x002DC203+27395]\nE       \t(No symbol) [0x00273E04]\nE       \t(No symbol) [0x00171B7F]\nE       \t(No symbol) [0x001B2C65]\nE       \t(No symbol) [0x001B2D3B]\nE       \t(No symbol) [0x001EEC82]\nE       \t(No symbol) [0x001D39E4]\nE       \t(No symbol) [0x001ECB24]\nE       \t(No symbol) [0x001D3736]\nE       \t(No symbol) [0x001A7541]\nE       \t(No symbol) [0x001A80BD]\nE       \tGetHandleVerifier [0x00593AB3+2876339]\nE       \tGetHandleVerifier [0x005E7F7D+3221629]\nE       \tGetHandleVerifier [0x0035D674+556916]\nE       \tGetHandleVerifier [0x0036478C+585868]\nE       \t(No symbol) [0x0027CE44]\nE       \t(No symbol) [0x00279858]\nE       \t(No symbol) [0x002799F7]\nE       \t(No symbol) [0x0026BF4E]\nE       \tBaseThreadInitThunk [0x75B2FCC9+25]\nE       \tRtlGetAppContainerNamedObjectPath [0x77AD80CE+286]\nE       \tRtlGetAppContainerNamedObjectPath [0x77AD809E+238]\nE       \t(No symbol) [0x00000000]\n\n..\\..\\AppData\\Local\\Programs\\Python\\Python312\\Lib\\site-packages\\selenium\\webdriver\\support\\wait.py:105: TimeoutException"}, "attachments": [{"name": "log", "source": "ba5d4aab-0be9-42c1-878e-1ca554073d82-attachment.txt", "type": "text/plain"}, {"name": "stdout", "source": "c42f521c-08e8-4b45-800a-8e05f2f6ded4-attachment.txt", "type": "text/plain"}, {"name": "stderr", "source": "9ffa9179-64b0-452d-8515-00d2eb0e935b-attachment.txt", "type": "text/plain"}], "start": 1722415625124, "stop": 1722415667388, "uuid": "e4d7683a-9413-4bef-b288-a1bc17cd1315", "historyId": "79708156c61db7752ddc982be73d28af", "testCaseId": "79708156c61db7752ddc982be73d28af", "fullName": "tests.candidate_test.Userprofile_test#test_deleteguardian_details", "labels": [{"name": "tag", "value": "deleteguardian_details"}, {"name": "parentSuite", "value": "tests.candidate_test"}, {"name": "suite", "value": "Userprofile_test"}, {"name": "host", "value": "DESKTOP-CDJ5FU7"}, {"name": "thread", "value": "10404-MainThread"}, {"name": "framework", "value": "pytest"}, {"name": "language", "value": "cpython3"}, {"name": "package", "value": "tests.candidate_test.Userprofile_test"}]}