{"name": "test_invalid_email_login_recruiter", "status": "broken", "statusDetails": {"message": "selenium.common.exceptions.TimeoutException: Message: \nStacktrace:\n\tGetHandleVerifier [0x00CBD363+60275]\n\tGetHandleVerifier [0x00CBD3A4+60340]\n\t(No symbol) [0x00AF06F3]\n\t(No symbol) [0x00B38690]\n\t(No symbol) [0x00B38A2B]\n\t(No symbol) [0x00B80EE2]\n\t(No symbol) [0x00B5D0D4]\n\t(No symbol) [0x00B7E6EB]\n\t(No symbol) [0x00B5CE86]\n\t(No symbol) [0x00B2C623]\n\t(No symbol) [0x00B2D474]\n\tGetHandleVerifier [0x00F08FE3+2467827]\n\tGetHandleVerifier [0x00F045E6+2448886]\n\tGetHandleVerifier [0x00F1F80C+2560028]\n\tGetHandleVerifier [0x00CD3DF5+153093]\n\tGetHandleVerifier [0x00CDA3BD+179149]\n\tGetHandleVerifier [0x00CC4BB8+91080]\n\tGetHandleVerifier [0x00CC4D60+91504]\n\tGetHandleVerifier [0x00CAFA10+4640]\n\tBaseThreadInitThunk [0x76E3FCC9+25]\n\tRtlGetAppContainerNamedObjectPath [0x774282AE+286]\n\tRtlGetAppContainerNamedObjectPath [0x7742827E+238]", "trace": "env = 'services', driver = <selenium.webdriver.chrome.webdriver.WebDriver (session=\"ca32ad9ba75bebc5d431375b9f4da083\")>, recruiter_user = None\n\n    @pytest.mark.regression\n    @pytest.mark.regression_recruiter_loginpage\n    @pytest.mark.invalid_email_login_recruiter\n    def test_invalid_email_login_recruiter(env, driver, recruiter_user):\n        logging.info(f\"environment -> {env}\")\n        login = recruiter_user\n        recruiterlogin = Loginrecruiter(driver)\n>       recruiterlogin.username_btn.send_keys('invalid@gmail.com')\n\ntests\\recruiter_test\\login_test.py:75: \n_ _ _ _ _ _ _ _ _ _ _ _ _ _ _ _ _ _ _ _ _ _ _ _ _ _ _ _ _ _ _ _ _ _ _ _ _ _ _ _ _ _ _ _ _ _ _ _ _ _ _ _ _ _ _ _ _ _ _ _ _ _ _ _ _ _ _ _ _ _ _ _ _ _ _ _ _ _ _ _ _ _ _ _ _ _ _ _ _ _ _ _ _ _ _ _ _ _ _ _ _ _ _ _ _ _ _ _ _ _ _ _ _ _\nPage_Recruiter\\login.py:19: in username_btn\n    return BaseElement(driver=self.driver, locator=locator)\nutils\\base_elements.py:43: in __init__\n    self.find()\nutils\\base_elements.py:49: in find\n    element = WebDriverWait(self.driver, 30).until(EC.visibility_of_element_located(locator=self.locator))\n_ _ _ _ _ _ _ _ _ _ _ _ _ _ _ _ _ _ _ _ _ _ _ _ _ _ _ _ _ _ _ _ _ _ _ _ _ _ _ _ _ _ _ _ _ _ _ _ _ _ _ _ _ _ _ _ _ _ _ _ _ _ _ _ _ _ _ _ _ _ _ _ _ _ _ _ _ _ _ _ _ _ _ _ _ _ _ _ _ _ _ _ _ _ _ _ _ _ _ _ _ _ _ _ _ _ _ _ _ _ _ _ _ _\n\nself = <selenium.webdriver.support.wait.WebDriverWait (session=\"ca32ad9ba75bebc5d431375b9f4da083\")>, method = <function visibility_of_element_located.<locals>._predicate at 0x00000270BA315F80>, message = ''\n\n    def until(self, method: Callable[[D], Union[Literal[False], T]], message: str = \"\") -> T:\n        \"\"\"Calls the method provided with the driver as an argument until the \\\n        return value does not evaluate to ``False``.\n    \n        :param method: callable(WebDriver)\n        :param message: optional message for :exc:`TimeoutException`\n        :returns: the result of the last call to `method`\n        :raises: :exc:`selenium.common.exceptions.TimeoutException` if timeout occurs\n        \"\"\"\n        screen = None\n        stacktrace = None\n    \n        end_time = time.monotonic() + self._timeout\n        while True:\n            try:\n                value = method(self._driver)\n                if value:\n                    return value\n            except self._ignored_exceptions as exc:\n                screen = getattr(exc, \"screen\", None)\n                stacktrace = getattr(exc, \"stacktrace\", None)\n            time.sleep(self._poll)\n            if time.monotonic() > end_time:\n                break\n>       raise TimeoutException(message, screen, stacktrace)\nE       selenium.common.exceptions.TimeoutException: Message: \nE       Stacktrace:\nE       \tGetHandleVerifier [0x00CBD363+60275]\nE       \tGetHandleVerifier [0x00CBD3A4+60340]\nE       \t(No symbol) [0x00AF06F3]\nE       \t(No symbol) [0x00B38690]\nE       \t(No symbol) [0x00B38A2B]\nE       \t(No symbol) [0x00B80EE2]\nE       \t(No symbol) [0x00B5D0D4]\nE       \t(No symbol) [0x00B7E6EB]\nE       \t(No symbol) [0x00B5CE86]\nE       \t(No symbol) [0x00B2C623]\nE       \t(No symbol) [0x00B2D474]\nE       \tGetHandleVerifier [0x00F08FE3+2467827]\nE       \tGetHandleVerifier [0x00F045E6+2448886]\nE       \tGetHandleVerifier [0x00F1F80C+2560028]\nE       \tGetHandleVerifier [0x00CD3DF5+153093]\nE       \tGetHandleVerifier [0x00CDA3BD+179149]\nE       \tGetHandleVerifier [0x00CC4BB8+91080]\nE       \tGetHandleVerifier [0x00CC4D60+91504]\nE       \tGetHandleVerifier [0x00CAFA10+4640]\nE       \tBaseThreadInitThunk [0x76E3FCC9+25]\nE       \tRtlGetAppContainerNamedObjectPath [0x774282AE+286]\nE       \tRtlGetAppContainerNamedObjectPath [0x7742827E+238]\n\n..\\..\\..\\AppData\\Roaming\\Python\\Python312\\site-packages\\selenium\\webdriver\\support\\wait.py:105: TimeoutException"}, "attachments": [{"name": "log", "source": "bf2a291a-3891-4843-9972-64f8266ae3d1-attachment.txt", "type": "text/plain"}, {"name": "stderr", "source": "e3c0d6b6-8d10-445c-8df8-a0f681900a00-attachment.txt", "type": "text/plain"}], "start": 1745958729236, "stop": 1745958760975, "uuid": "4bc60e43-bb11-436b-a064-86868ee884b4", "historyId": "885a84663e7a6457d2b33ccdc4d1e3de", "testCaseId": "885a84663e7a6457d2b33ccdc4d1e3de", "fullName": "tests.recruiter_test.login_test#test_invalid_email_login_recruiter", "labels": [{"name": "tag", "value": "invalid_email_login_recruiter"}, {"name": "tag", "value": "regression_recruiter_loginpage"}, {"name": "tag", "value": "regression"}, {"name": "parentSuite", "value": "tests.recruiter_test"}, {"name": "suite", "value": "login_test"}, {"name": "host", "value": "DESKTOP-HRHMBRL"}, {"name": "thread", "value": "8484-MainThread"}, {"name": "framework", "value": "pytest"}, {"name": "language", "value": "cpython3"}, {"name": "package", "value": "tests.recruiter_test.login_test"}]}