{"name": "test_dashboard_page", "status": "broken", "statusDetails": {"message": "selenium.common.exceptions.NoSuchElementException: Message: no such element: Unable to locate element: {\"method\":\"xpath\",\"selector\":\"//*[@id=app]/div[3]/div[1]/div/div[1]/button/span\"}\n  (Session info: chrome=131.0.6778.205); For documentation on this error, please visit: https://www.selenium.dev/documentation/webdriver/troubleshooting/errors#no-such-element-exception\nStacktrace:\n\tGetHandleVerifier [0x004BEC13+23731]\n\t(No symbol) [0x0044C394]\n\t(No symbol) [0x0032BE63]\n\t(No symbol) [0x0036FCE6]\n\t(No symbol) [0x0036FF2B]\n\t(No symbol) [0x003AD892]\n\t(No symbol) [0x00391EA4]\n\t(No symbol) [0x003AB46E]\n\t(No symbol) [0x00391BF6]\n\t(No symbol) [0x00363F35]\n\t(No symbol) [0x00364EBD]\n\tGetHandleVerifier [0x0079F0D3+3039603]\n\tGetHandleVerifier [0x007B2DEA+3120778]\n\tGetHandleVerifier [0x007AB592+3089970]\n\tGetHandleVerifier [0x005543B0+635984]\n\t(No symbol) [0x00454DCD]\n\t(No symbol) [0x00452068]\n\t(No symbol) [0x00452205]\n\t(No symbol) [0x00444FD0]\n\tBaseThreadInitThunk [0x7710FCC9+25]\n\tRtlGetAppContainerNamedObjectPath [0x77C2809E+286]\n\tRtlGetAppContainerNamedObjectPath [0x77C2806E+238]", "trace": "env = 'dev', driver = <selenium.webdriver.chrome.webdriver.WebDriver (session=\"42fac591fcb6f3e5253dd5b028950384\")>, authenticated_user = None\n\n    @pytest.mark.regression\n    @pytest.mark.dashboard_page\n    def test_dashboard_page(env, driver, authenticated_user):\n        logging.info(f\"environment -> {env}\")\n        login = authenticated_user\n        recruiterlogin = Loginrecruiter(driver)\n        recruiterlogin.username_btn.send_keys('inderjeetkmcs@gmail.com')\n        recruiterlogin.password_btn.send_keys('123')\n        recruiterlogin.hidepassword_btn.click()\n        recruiterlogin.login_btn.click()\n>       dashboard_page = Dashboard(driver)\n\ntests\\recruiter_test\\Dashboard_test.py:26: \n_ _ _ _ _ _ _ _ _ _ _ _ _ _ _ _ _ _ _ _ _ _ _ _ _ _ _ _ _ _ _ _ _ _ _ _ _ _ _ _ _ _ _ _ _ _ _ _ _ _ _ _ _ _ _ _ _ _ _ _ _ _ _ _ _ _ _ _ _ _ _ _ _ _ _ _ _ _ _ _ _ _ _ _ _ _ _ _ _ _ _ _ _ _ _ _ _ _ _ _ _ _ _ _ _ _ _ _ _ _ _ _ _ _\nPage_Recruiter\\Dashboard_page.py:18: in __init__\n    self.dashboard_btn = driver.find_element(By.XPATH, \"//*[@id=app]/div[3]/div[1]/div/div[1]/button/span\") # Replace with actual ID or locator\n..\\..\\..\\AppData\\Roaming\\Python\\Python312\\site-packages\\selenium\\webdriver\\remote\\webdriver.py:742: in find_element\n    return self.execute(Command.FIND_ELEMENT, {\"using\": by, \"value\": value})[\"value\"]\n..\\..\\..\\AppData\\Roaming\\Python\\Python312\\site-packages\\selenium\\webdriver\\remote\\webdriver.py:348: in execute\n    self.error_handler.check_response(response)\n_ _ _ _ _ _ _ _ _ _ _ _ _ _ _ _ _ _ _ _ _ _ _ _ _ _ _ _ _ _ _ _ _ _ _ _ _ _ _ _ _ _ _ _ _ _ _ _ _ _ _ _ _ _ _ _ _ _ _ _ _ _ _ _ _ _ _ _ _ _ _ _ _ _ _ _ _ _ _ _ _ _ _ _ _ _ _ _ _ _ _ _ _ _ _ _ _ _ _ _ _ _ _ _ _ _ _ _ _ _ _ _ _ _\n\nself = <selenium.webdriver.remote.errorhandler.ErrorHandler object at 0x000002342F4B25D0>\nresponse = {'status': 404, 'value': '{\"value\":{\"error\":\"no such element\",\"message\":\"no such element: Unable to locate element: {\\...\\n\\\\tRtlGetAppContainerNamedObjectPath [0x77C2809E+286]\\\\n\\\\tRtlGetAppContainerNamedObjectPath [0x77C2806E+238]\\\\n\"}}'}\n\n    def check_response(self, response: Dict[str, Any]) -> None:\n        \"\"\"Checks that a JSON response from the WebDriver does not have an\n        error.\n    \n        :Args:\n         - response - The JSON response from the WebDriver server as a dictionary\n           object.\n    \n        :Raises: If the response contains an error message.\n        \"\"\"\n        status = response.get(\"status\", None)\n        if not status or status == ErrorCode.SUCCESS:\n            return\n        value = None\n        message = response.get(\"message\", \"\")\n        screen: str = response.get(\"screen\", \"\")\n        stacktrace = None\n        if isinstance(status, int):\n            value_json = response.get(\"value\", None)\n            if value_json and isinstance(value_json, str):\n                import json\n    \n                try:\n                    value = json.loads(value_json)\n                    if len(value) == 1:\n                        value = value[\"value\"]\n                    status = value.get(\"error\", None)\n                    if not status:\n                        status = value.get(\"status\", ErrorCode.UNKNOWN_ERROR)\n                        message = value.get(\"value\") or value.get(\"message\")\n                        if not isinstance(message, str):\n                            value = message\n                            message = message.get(\"message\")\n                    else:\n                        message = value.get(\"message\", None)\n                except ValueError:\n                    pass\n    \n        exception_class: Type[WebDriverException]\n        e = ErrorCode()\n        error_codes = [item for item in dir(e) if not item.startswith(\"__\")]\n        for error_code in error_codes:\n            error_info = getattr(ErrorCode, error_code)\n            if isinstance(error_info, list) and status in error_info:\n                exception_class = getattr(ExceptionMapping, error_code, WebDriverException)\n                break\n        else:\n            exception_class = WebDriverException\n    \n        if not value:\n            value = response[\"value\"]\n        if isinstance(value, str):\n            raise exception_class(value)\n        if message == \"\" and \"message\" in value:\n            message = value[\"message\"]\n    \n        screen = None  # type: ignore[assignment]\n        if \"screen\" in value:\n            screen = value[\"screen\"]\n    \n        stacktrace = None\n        st_value = value.get(\"stackTrace\") or value.get(\"stacktrace\")\n        if st_value:\n            if isinstance(st_value, str):\n                stacktrace = st_value.split(\"\\n\")\n            else:\n                stacktrace = []\n                try:\n                    for frame in st_value:\n                        line = frame.get(\"lineNumber\", \"\")\n                        file = frame.get(\"fileName\", \"<anonymous>\")\n                        if line:\n                            file = f\"{file}:{line}\"\n                        meth = frame.get(\"methodName\", \"<anonymous>\")\n                        if \"className\" in frame:\n                            meth = f\"{frame['className']}.{meth}\"\n                        msg = \"    at %s (%s)\"\n                        msg = msg % (meth, file)\n                        stacktrace.append(msg)\n                except TypeError:\n                    pass\n        if exception_class == UnexpectedAlertPresentException:\n            alert_text = None\n            if \"data\" in value:\n                alert_text = value[\"data\"].get(\"text\")\n            elif \"alert\" in value:\n                alert_text = value[\"alert\"].get(\"text\")\n            raise exception_class(message, screen, stacktrace, alert_text)  # type: ignore[call-arg]  # mypy is not smart enough here\n>       raise exception_class(message, screen, stacktrace)\nE       selenium.common.exceptions.NoSuchElementException: Message: no such element: Unable to locate element: {\"method\":\"xpath\",\"selector\":\"//*[@id=app]/div[3]/div[1]/div/div[1]/button/span\"}\nE         (Session info: chrome=131.0.6778.205); For documentation on this error, please visit: https://www.selenium.dev/documentation/webdriver/troubleshooting/errors#no-such-element-exception\nE       Stacktrace:\nE       \tGetHandleVerifier [0x004BEC13+23731]\nE       \t(No symbol) [0x0044C394]\nE       \t(No symbol) [0x0032BE63]\nE       \t(No symbol) [0x0036FCE6]\nE       \t(No symbol) [0x0036FF2B]\nE       \t(No symbol) [0x003AD892]\nE       \t(No symbol) [0x00391EA4]\nE       \t(No symbol) [0x003AB46E]\nE       \t(No symbol) [0x00391BF6]\nE       \t(No symbol) [0x00363F35]\nE       \t(No symbol) [0x00364EBD]\nE       \tGetHandleVerifier [0x0079F0D3+3039603]\nE       \tGetHandleVerifier [0x007B2DEA+3120778]\nE       \tGetHandleVerifier [0x007AB592+3089970]\nE       \tGetHandleVerifier [0x005543B0+635984]\nE       \t(No symbol) [0x00454DCD]\nE       \t(No symbol) [0x00452068]\nE       \t(No symbol) [0x00452205]\nE       \t(No symbol) [0x00444FD0]\nE       \tBaseThreadInitThunk [0x7710FCC9+25]\nE       \tRtlGetAppContainerNamedObjectPath [0x77C2809E+286]\nE       \tRtlGetAppContainerNamedObjectPath [0x77C2806E+238]\n\n..\\..\\..\\AppData\\Roaming\\Python\\Python312\\site-packages\\selenium\\webdriver\\remote\\errorhandler.py:229: NoSuchElementException"}, "attachments": [{"name": "log", "source": "8d39aa91-036a-4490-90a9-c50a5ea701d7-attachment.txt", "type": "text/plain"}, {"name": "stdout", "source": "286003ec-035e-46f7-86c5-b885a58deb8e-attachment.txt", "type": "text/plain"}, {"name": "stderr", "source": "343f0933-b1a0-4367-bba3-1ed694444331-attachment.txt", "type": "text/plain"}], "start": 1736242818574, "stop": 1736242830925, "uuid": "4ba9b472-1bca-475c-ab9a-83506b37a8f2", "historyId": "cc417702adb16716095707cd1338ee81", "testCaseId": "cc417702adb16716095707cd1338ee81", "fullName": "tests.recruiter_test.Dashboard_test#test_dashboard_page", "labels": [{"name": "tag", "value": "dashboard_page"}, {"name": "tag", "value": "regression"}, {"name": "parentSuite", "value": "tests.recruiter_test"}, {"name": "suite", "value": "Dashboard_test"}, {"name": "host", "value": "DESKTOP-HRHMBRL"}, {"name": "thread", "value": "16896-MainThread"}, {"name": "framework", "value": "pytest"}, {"name": "language", "value": "cpython3"}, {"name": "package", "value": "tests.recruiter_test.Dashboard_test"}]}