{"name": "test_jobs_page", "status": "broken", "statusDetails": {"message": "selenium.common.exceptions.TimeoutException: Message: \nStacktrace:\n\tGetHandleVerifier [0x00966FB3+25091]\n\t(No symbol) [0x008EE5D4]\n\t(No symbol) [0x007CB353]\n\t(No symbol) [0x0080F4BC]\n\t(No symbol) [0x0080F63B]\n\t(No symbol) [0x0084D8B2]\n\t(No symbol) [0x00831F24]\n\t(No symbol) [0x0084B46E]\n\t(No symbol) [0x00831C76]\n\t(No symbol) [0x00803185]\n\t(No symbol) [0x0080430D]\n\tGetHandleVerifier [0x00C5D5B3+3131395]\n\tGetHandleVerifier [0x00C6DDA4+3198964]\n\tGetHandleVerifier [0x00C68CC2+3178258]\n\tGetHandleVerifier [0x00A03290+664800]\n\t(No symbol) [0x008F744D]\n\t(No symbol) [0x008F4798]\n\t(No symbol) [0x008F4936]\n\t(No symbol) [0x008E7030]\n\tBaseThreadInitThunk [0x7610FCC9+25]\n\tRtlGetAppContainerNamedObjectPath [0x7745809E+286]\n\tRtlGetAppContainerNamedObjectPath [0x7745806E+238]", "trace": "env = 'services', driver = <selenium.webdriver.chrome.webdriver.WebDriver (session=\"7446f0f7642424e2975fbeedb6a6ff2f\")>, authenticated_user = None\n\n    @pytest.mark.regression\n    @pytest.mark.jobs_page\n    def test_jobs_page(env, driver, authenticated_user):\n        logging.info(f\"environment -> {env}\")\n        login = authenticated_user\n        recruiter_login = Loginrecruiter(driver)\n        recruiter_login.username_btn.send_keys('inderjeetkmcs@gmail.com')\n        recruiter_login.password_btn.send_keys('123')\n        recruiter_login.hidepassword_btn.click()\n        recruiter_login.login_btn.click()\n        #time.sleep(3)\n        WebDriverWait(driver, 3).until(\n            EC.element_to_be_clickable((By.XPATH, \"(//h2[text()='Private Jobs'])\"))\n        )\n        jobs_page = Jobs(driver)\n        jobs_page.jobs_btn.click()\n    \n        draftsbtn = Jobs(driver)\n        draftsbtn.drafts_btn.click()\n    \n        inactivebtn = Jobs(driver)\n        inactivebtn.inactive_btn.click()\n    \n        activebtn = Jobs(driver)\n        activebtn.active_btn.click()\n    \n        sortby_btn = Jobs(driver)\n        sortby_btn.Sortby.click()\n    \n        last2week = Jobs(driver)\n        last2week.last2week.click()\n    \n        searchtab = Jobs(driver)\n        searchtab.search_tab.send_keys('JOB TELUGU')\n    \n        detailsbtn = Jobs(driver)\n        detailsbtn.details_btn.click()\n    \n        candidatesbtn = Jobs(driver)\n        candidatesbtn.candidates_btn.click()\n    \n        candidate_checkbox = Jobs(driver)\n>       candidate_checkbox.candidates_checkbox.click()\n\ntests\\recruiter_test\\Jobs_test.py:66: \n_ _ _ _ _ _ _ _ _ _ _ _ _ _ _ _ _ _ _ _ _ _ _ _ _ _ _ _ _ _ _ _ _ _ _ _ _ _ _ _ _ _ _ _ _ _ _ _ _ _ _ _ _ _ _ _ _ _ _ _ _ _ _ _ _ _ _ _ _ _ _ _ _ _ _ _ _ _ _ _ _ _ _ _ _ _ _ _ _ _ _ _ _ _ _ _ _ _ _ _ _ _ _ _ _ _ _ _ _ _ _ _ _ _\nPage_Recruiter\\Jobs_page.py:56: in candidates_checkbox\n    return BaseElement(driver=self.driver, locator=locator)\nutils\\base_elements.py:43: in __init__\n    self.find()\nutils\\base_elements.py:49: in find\n    element = WebDriverWait(self.driver, 30).until(EC.visibility_of_element_located(locator=self.locator))\n_ _ _ _ _ _ _ _ _ _ _ _ _ _ _ _ _ _ _ _ _ _ _ _ _ _ _ _ _ _ _ _ _ _ _ _ _ _ _ _ _ _ _ _ _ _ _ _ _ _ _ _ _ _ _ _ _ _ _ _ _ _ _ _ _ _ _ _ _ _ _ _ _ _ _ _ _ _ _ _ _ _ _ _ _ _ _ _ _ _ _ _ _ _ _ _ _ _ _ _ _ _ _ _ _ _ _ _ _ _ _ _ _ _\n\nself = <selenium.webdriver.support.wait.WebDriverWait (session=\"7446f0f7642424e2975fbeedb6a6ff2f\")>, method = <function visibility_of_element_located.<locals>._predicate at 0x0000026F7398B920>, message = ''\n\n    def until(self, method: Callable[[D], Union[Literal[False], T]], message: str = \"\") -> T:\n        \"\"\"Calls the method provided with the driver as an argument until the \\\n        return value does not evaluate to ``False``.\n    \n        :param method: callable(WebDriver)\n        :param message: optional message for :exc:`TimeoutException`\n        :returns: the result of the last call to `method`\n        :raises: :exc:`selenium.common.exceptions.TimeoutException` if timeout occurs\n        \"\"\"\n        screen = None\n        stacktrace = None\n    \n        end_time = time.monotonic() + self._timeout\n        while True:\n            try:\n                value = method(self._driver)\n                if value:\n                    return value\n            except self._ignored_exceptions as exc:\n                screen = getattr(exc, \"screen\", None)\n                stacktrace = getattr(exc, \"stacktrace\", None)\n            time.sleep(self._poll)\n            if time.monotonic() > end_time:\n                break\n>       raise TimeoutException(message, screen, stacktrace)\nE       selenium.common.exceptions.TimeoutException: Message: \nE       Stacktrace:\nE       \tGetHandleVerifier [0x00966FB3+25091]\nE       \t(No symbol) [0x008EE5D4]\nE       \t(No symbol) [0x007CB353]\nE       \t(No symbol) [0x0080F4BC]\nE       \t(No symbol) [0x0080F63B]\nE       \t(No symbol) [0x0084D8B2]\nE       \t(No symbol) [0x00831F24]\nE       \t(No symbol) [0x0084B46E]\nE       \t(No symbol) [0x00831C76]\nE       \t(No symbol) [0x00803185]\nE       \t(No symbol) [0x0080430D]\nE       \tGetHandleVerifier [0x00C5D5B3+3131395]\nE       \tGetHandleVerifier [0x00C6DDA4+3198964]\nE       \tGetHandleVerifier [0x00C68CC2+3178258]\nE       \tGetHandleVerifier [0x00A03290+664800]\nE       \t(No symbol) [0x008F744D]\nE       \t(No symbol) [0x008F4798]\nE       \t(No symbol) [0x008F4936]\nE       \t(No symbol) [0x008E7030]\nE       \tBaseThreadInitThunk [0x7610FCC9+25]\nE       \tRtlGetAppContainerNamedObjectPath [0x7745809E+286]\nE       \tRtlGetAppContainerNamedObjectPath [0x7745806E+238]\n\n..\\..\\..\\AppData\\Roaming\\Python\\Python312\\site-packages\\selenium\\webdriver\\support\\wait.py:105: TimeoutException"}, "attachments": [{"name": "log", "source": "d8caa7d9-1260-49bf-904b-3a9a5aae8b33-attachment.txt", "type": "text/plain"}, {"name": "stdout", "source": "978299e4-9a56-4226-b3a0-1bbbcfa49b78-attachment.txt", "type": "text/plain"}, {"name": "stderr", "source": "30a4965d-78cb-48f8-8191-1a5e3c74dbe7-attachment.txt", "type": "text/plain"}], "start": 1737963679675, "stop": 1737963718510, "uuid": "72260c37-c596-4f81-aed1-720929ee83ed", "historyId": "9052ef2b0d9e76791ffa006f9a881f25", "testCaseId": "9052ef2b0d9e76791ffa006f9a881f25", "fullName": "tests.recruiter_test.Jobs_test#test_jobs_page", "labels": [{"name": "tag", "value": "jobs_page"}, {"name": "tag", "value": "regression"}, {"name": "parentSuite", "value": "tests.recruiter_test"}, {"name": "suite", "value": "Jobs_test"}, {"name": "host", "value": "DESKTOP-HRHMBRL"}, {"name": "thread", "value": "4300-MainThread"}, {"name": "framework", "value": "pytest"}, {"name": "language", "value": "cpython3"}, {"name": "package", "value": "tests.recruiter_test.Jobs_test"}]}