{"name": "test_userprofile", "status": "broken", "statusDetails": {"message": "selenium.common.exceptions.TimeoutException: Message: \nStacktrace:\n\tGetHandleVerifier [0x0121C203+27395]\n\t(No symbol) [0x011B3E04]\n\t(No symbol) [0x010B1B7F]\n\t(No symbol) [0x010F2C65]\n\t(No symbol) [0x010F2D3B]\n\t(No symbol) [0x0112EC82]\n\t(No symbol) [0x011139E4]\n\t(No symbol) [0x0112CB24]\n\t(No symbol) [0x01113736]\n\t(No symbol) [0x010E7541]\n\t(No symbol) [0x010E80BD]\n\tGetHandleVerifier [0x014D3AB3+2876339]\n\tGetHandleVerifier [0x01527F7D+3221629]\n\tGetHandleVerifier [0x0129D674+556916]\n\tGetHandleVerifier [0x012A478C+585868]\n\t(No symbol) [0x011BCE44]\n\t(No symbol) [0x011B9858]\n\t(No symbol) [0x011B99F7]\n\t(No symbol) [0x011ABF4E]\n\tBaseThreadInitThunk [0x75B2FCC9+25]\n\tRtlGetAppContainerNamedObjectPath [0x77AD80CE+286]\n\tRtlGetAppContainerNamedObjectPath [0x77AD809E+238]", "trace": "env = 'dev', driver = <selenium.webdriver.chrome.webdriver.WebDriver (session=\"48a19e15f52ef9faff444e12d59eb8cd\")>, authenticated_user = None\n\n    @pytest.mark.userprofile\n    def test_userprofile(env, driver, authenticated_user):\n        logging.info(f\"environment -> {env}\")\n        login = authenticated_user\n        userinfo = Userprofile(driver)\n        Pagelogin = Login(driver)\n        Pagelogin.login_btn.click()\n        # driver.implicitly_wait(2)\n        time.sleep(3)\n        Pagelogin.name_btn.send_keys('Mridul')\n        Pagelogin.phonenumber_btn.send_keys('7503078450')\n        Pagelogin.sendotp_btn.click()\n        time.sleep(5)\n        Pagelogin.Sendingotp_text.send_keys('000000')\n        Pagelogin.submitotp_btn.click()\n        time.sleep(7)\n>       userinfo.profileicon_btn.click()\n\ntests\\candidate_test\\Userprofile_test.py:36: \n_ _ _ _ _ _ _ _ _ _ _ _ _ _ _ _ _ _ _ _ _ _ _ _ _ _ _ _ _ _ _ _ _ _ _ _ _ _ _ _ _ _ _ _ _ _ _ _ _ _ _ _ _ _ _ _ _ _ _ _ _ _ _ _ _ _ _ _ _ _ _ _ _ _ _ _ _ _ _ _ _ _ _ _ _ _\nPages_Candidate\\Userprofile.py:11: in profileicon_btn\n    return BaseElement(driver=self.driver, locator=locator)\nutils\\base_elements.py:43: in __init__\n    self.find()\nutils\\base_elements.py:49: in find\n    element = WebDriverWait(self.driver, 30).until(EC.visibility_of_element_located(locator=self.locator))\n_ _ _ _ _ _ _ _ _ _ _ _ _ _ _ _ _ _ _ _ _ _ _ _ _ _ _ _ _ _ _ _ _ _ _ _ _ _ _ _ _ _ _ _ _ _ _ _ _ _ _ _ _ _ _ _ _ _ _ _ _ _ _ _ _ _ _ _ _ _ _ _ _ _ _ _ _ _ _ _ _ _ _ _ _ _\n\nself = <selenium.webdriver.support.wait.WebDriverWait (session=\"48a19e15f52ef9faff444e12d59eb8cd\")>\nmethod = <function visibility_of_element_located.<locals>._predicate at 0x0000023F9853B100>, message = ''\n\n    def until(self, method: Callable[[D], Union[Literal[False], T]], message: str = \"\") -> T:\n        \"\"\"Calls the method provided with the driver as an argument until the \\\n        return value does not evaluate to ``False``.\n    \n        :param method: callable(WebDriver)\n        :param message: optional message for :exc:`TimeoutException`\n        :returns: the result of the last call to `method`\n        :raises: :exc:`selenium.common.exceptions.TimeoutException` if timeout occurs\n        \"\"\"\n        screen = None\n        stacktrace = None\n    \n        end_time = time.monotonic() + self._timeout\n        while True:\n            try:\n                value = method(self._driver)\n                if value:\n                    return value\n            except self._ignored_exceptions as exc:\n                screen = getattr(exc, \"screen\", None)\n                stacktrace = getattr(exc, \"stacktrace\", None)\n            time.sleep(self._poll)\n            if time.monotonic() > end_time:\n                break\n>       raise TimeoutException(message, screen, stacktrace)\nE       selenium.common.exceptions.TimeoutException: Message: \nE       Stacktrace:\nE       \tGetHandleVerifier [0x0121C203+27395]\nE       \t(No symbol) [0x011B3E04]\nE       \t(No symbol) [0x010B1B7F]\nE       \t(No symbol) [0x010F2C65]\nE       \t(No symbol) [0x010F2D3B]\nE       \t(No symbol) [0x0112EC82]\nE       \t(No symbol) [0x011139E4]\nE       \t(No symbol) [0x0112CB24]\nE       \t(No symbol) [0x01113736]\nE       \t(No symbol) [0x010E7541]\nE       \t(No symbol) [0x010E80BD]\nE       \tGetHandleVerifier [0x014D3AB3+2876339]\nE       \tGetHandleVerifier [0x01527F7D+3221629]\nE       \tGetHandleVerifier [0x0129D674+556916]\nE       \tGetHandleVerifier [0x012A478C+585868]\nE       \t(No symbol) [0x011BCE44]\nE       \t(No symbol) [0x011B9858]\nE       \t(No symbol) [0x011B99F7]\nE       \t(No symbol) [0x011ABF4E]\nE       \tBaseThreadInitThunk [0x75B2FCC9+25]\nE       \tRtlGetAppContainerNamedObjectPath [0x77AD80CE+286]\nE       \tRtlGetAppContainerNamedObjectPath [0x77AD809E+238]\n\n..\\..\\AppData\\Local\\Programs\\Python\\Python312\\Lib\\site-packages\\selenium\\webdriver\\support\\wait.py:105: TimeoutException"}, "attachments": [{"name": "log", "source": "2c4549be-bd88-40d3-8a79-a8b0950c13e8-attachment.txt", "type": "text/plain"}, {"name": "stdout", "source": "bdd8e079-6e7c-4891-8309-96244b9b310f-attachment.txt", "type": "text/plain"}, {"name": "stderr", "source": "72ce8e11-ffd0-4641-97b4-8cbaba4287a8-attachment.txt", "type": "text/plain"}], "start": 1722240277084, "stop": 1722240324382, "uuid": "15924e11-3e0d-43c9-b569-ca482d17a9b1", "historyId": "c80e9144af3048cdfe60c760d4c51042", "testCaseId": "c80e9144af3048cdfe60c760d4c51042", "fullName": "tests.candidate_test.Userprofile_test#test_userprofile", "labels": [{"name": "tag", "value": "userprofile"}, {"name": "parentSuite", "value": "tests.candidate_test"}, {"name": "suite", "value": "Userprofile_test"}, {"name": "host", "value": "DESKTOP-CDJ5FU7"}, {"name": "thread", "value": "6892-MainThread"}, {"name": "framework", "value": "pytest"}, {"name": "language", "value": "cpython3"}, {"name": "package", "value": "tests.candidate_test.Userprofile_test"}]}