{"name": "test_login", "status": "broken", "statusDetails": {"message": "selenium.common.exceptions.TimeoutException: Message: \nStacktrace:\n\tGetHandleVerifier [0x005F74A3+25091]\n\t(No symbol) [0x0057DC04]\n\t(No symbol) [0x0045B373]\n\t(No symbol) [0x0049F4DC]\n\t(No symbol) [0x0049F65B]\n\t(No symbol) [0x004DD8E2]\n\t(No symbol) [0x004C1F54]\n\t(No symbol) [0x004DB49E]\n\t(No symbol) [0x004C1CA6]\n\t(No symbol) [0x004931D5]\n\t(No symbol) [0x0049435D]\n\tGetHandleVerifier [0x008F07C3+3142947]\n\tGetHandleVerifier [0x00901A2B+3213195]\n\tGetHandleVerifier [0x008FC412+3191154]\n\tGetHandleVerifier [0x00698720+685184]\n\t(No symbol) [0x00586E1D]\n\t(No symbol) [0x00583E18]\n\t(No symbol) [0x00583FB6]\n\t(No symbol) [0x005766F0]\n\tBaseThreadInitThunk [0x7643FCC9+25]\n\tRtlGetAppContainerNamedObjectPath [0x7753809E+286]\n\tRtlGetAppContainerNamedObjectPath [0x7753806E+238]", "trace": "env = 'dev', driver = <selenium.webdriver.chrome.webdriver.WebDriver (session=\"4a7ca04cc4db0ab172705c11fd03e5d4\")>, authenticated_user = None\n\n    @pytest.mark.login\n    def test_login(env, driver, authenticated_user):\n        logging.info(f\"environment -> {env}\")\n        login = authenticated_user\n        Pagelogin = Login(driver)\n        time.sleep(3)\n>       Pagelogin.phonenumber_btn.send_keys('7503078450')\n\ntests\\candidate_test\\login_test.py:20: \n_ _ _ _ _ _ _ _ _ _ _ _ _ _ _ _ _ _ _ _ _ _ _ _ _ _ _ _ _ _ _ _ _ _ _ _ _ _ _ _ _ _ _ _ _ _ _ _ _ _ _ _ _ _ _ _ _ _ _ _ _ _ _ _ _ _ _ _ _ _ _ _ _ _ _ _ _ _ _ _ _ _ _ _ _ _ _ _ _ _ _ _ _ _ _ _ _ _ _ _ _ _ _ _ _ _ _ _ _ _ _ _ _ _\nPages_Candidate\\login.py:21: in phonenumber_btn\n    return BaseElement(driver=self.driver, locator=locator)\nutils\\base_elements.py:43: in __init__\n    self.find()\nutils\\base_elements.py:49: in find\n    element = WebDriverWait(self.driver, 30).until(EC.visibility_of_element_located(locator=self.locator))\n_ _ _ _ _ _ _ _ _ _ _ _ _ _ _ _ _ _ _ _ _ _ _ _ _ _ _ _ _ _ _ _ _ _ _ _ _ _ _ _ _ _ _ _ _ _ _ _ _ _ _ _ _ _ _ _ _ _ _ _ _ _ _ _ _ _ _ _ _ _ _ _ _ _ _ _ _ _ _ _ _ _ _ _ _ _ _ _ _ _ _ _ _ _ _ _ _ _ _ _ _ _ _ _ _ _ _ _ _ _ _ _ _ _\n\nself = <selenium.webdriver.support.wait.WebDriverWait (session=\"4a7ca04cc4db0ab172705c11fd03e5d4\")>, method = <function visibility_of_element_located.<locals>._predicate at 0x0000020788CBAF20>, message = ''\n\n    def until(self, method: Callable[[D], Union[Literal[False], T]], message: str = \"\") -> T:\n        \"\"\"Calls the method provided with the driver as an argument until the \\\n        return value does not evaluate to ``False``.\n    \n        :param method: callable(WebDriver)\n        :param message: optional message for :exc:`TimeoutException`\n        :returns: the result of the last call to `method`\n        :raises: :exc:`selenium.common.exceptions.TimeoutException` if timeout occurs\n        \"\"\"\n        screen = None\n        stacktrace = None\n    \n        end_time = time.monotonic() + self._timeout\n        while True:\n            try:\n                value = method(self._driver)\n                if value:\n                    return value\n            except self._ignored_exceptions as exc:\n                screen = getattr(exc, \"screen\", None)\n                stacktrace = getattr(exc, \"stacktrace\", None)\n            time.sleep(self._poll)\n            if time.monotonic() > end_time:\n                break\n>       raise TimeoutException(message, screen, stacktrace)\nE       selenium.common.exceptions.TimeoutException: Message: \nE       Stacktrace:\nE       \tGetHandleVerifier [0x005F74A3+25091]\nE       \t(No symbol) [0x0057DC04]\nE       \t(No symbol) [0x0045B373]\nE       \t(No symbol) [0x0049F4DC]\nE       \t(No symbol) [0x0049F65B]\nE       \t(No symbol) [0x004DD8E2]\nE       \t(No symbol) [0x004C1F54]\nE       \t(No symbol) [0x004DB49E]\nE       \t(No symbol) [0x004C1CA6]\nE       \t(No symbol) [0x004931D5]\nE       \t(No symbol) [0x0049435D]\nE       \tGetHandleVerifier [0x008F07C3+3142947]\nE       \tGetHandleVerifier [0x00901A2B+3213195]\nE       \tGetHandleVerifier [0x008FC412+3191154]\nE       \tGetHandleVerifier [0x00698720+685184]\nE       \t(No symbol) [0x00586E1D]\nE       \t(No symbol) [0x00583E18]\nE       \t(No symbol) [0x00583FB6]\nE       \t(No symbol) [0x005766F0]\nE       \tBaseThreadInitThunk [0x7643FCC9+25]\nE       \tRtlGetAppContainerNamedObjectPath [0x7753809E+286]\nE       \tRtlGetAppContainerNamedObjectPath [0x7753806E+238]\n\n..\\..\\..\\AppData\\Roaming\\Python\\Python312\\site-packages\\selenium\\webdriver\\support\\wait.py:105: TimeoutException"}, "attachments": [{"name": "log", "source": "fcff2062-6251-45ce-b20d-e768e905d818-attachment.txt", "type": "text/plain"}, {"name": "stdout", "source": "eaddf249-df56-4a38-a5ed-9f2f0c421b12-attachment.txt", "type": "text/plain"}, {"name": "stderr", "source": "1f7e9e6f-9d44-41c8-9946-a52e02cf7a60-attachment.txt", "type": "text/plain"}], "start": 1739516383438, "stop": 1739516418037, "uuid": "11f80ff7-01ae-4c19-a18a-d102e03e0d6d", "historyId": "86b1e9db321c90658f175e0a246d262f", "testCaseId": "86b1e9db321c90658f175e0a246d262f", "fullName": "tests.candidate_test.login_test#test_login", "labels": [{"name": "tag", "value": "login"}, {"name": "parentSuite", "value": "tests.candidate_test"}, {"name": "suite", "value": "login_test"}, {"name": "host", "value": "DESKTOP-HRHMBRL"}, {"name": "thread", "value": "2380-MainThread"}, {"name": "framework", "value": "pytest"}, {"name": "language", "value": "cpython3"}, {"name": "package", "value": "tests.candidate_test.login_test"}]}