{"name": "test_dashboard_page", "status": "broken", "statusDetails": {"message": "selenium.common.exceptions.InvalidSelectorException: Message: invalid selector: Unable to locate an element with the xpath expression // because of the following error:\nSyntaxError: Failed to execute 'evaluate' on 'Document': The string '//' is not a valid XPath expression.\n  (Session info: chrome=132.0.6834.84); For documentation on this error, please visit: https://www.selenium.dev/documentation/webdriver/troubleshooting/errors#invalid-selector-exception\nStacktrace:\n\tGetHandleVerifier [0x009B0A13+25091]\n\t(No symbol) [0x0093A584]\n\t(No symbol) [0x0081B3B3]\n\t(No symbol) [0x00820C6D]\n\t(No symbol) [0x00822CEA]\n\t(No symbol) [0x00822D67]\n\t(No symbol) [0x0085EEC7]\n\t(No symbol) [0x0085F61B]\n\t(No symbol) [0x0089D882]\n\t(No symbol) [0x00881EF4]\n\t(No symbol) [0x0089B43E]\n\t(No symbol) [0x00881C46]\n\t(No symbol) [0x00853175]\n\t(No symbol) [0x008542FD]\n\tGetHandleVerifier [0x00CA6493+3128451]\n\tGetHandleVerifier [0x00CB994B+3207483]\n\tGetHandleVerifier [0x00CB45F2+3186146]\n\tGetHandleVerifier [0x00A470C0+641200]\n\t(No symbol) [0x009436BD]\n\t(No symbol) [0x00940738]\n\t(No symbol) [0x009408D6]\n\t(No symbol) [0x00933040]\n\tBaseThreadInitThunk [0x7710FCC9+25]\n\tRtlGetAppContainerNamedObjectPath [0x77C2809E+286]\n\tRtlGetAppContainerNamedObjectPath [0x77C2806E+238]", "trace": "env = 'services', driver = <selenium.webdriver.chrome.webdriver.WebDriver (session=\"c08855606774dc2f71d3a8621993b7c7\")>, authenticated_user = None\n\n    @pytest.mark.regression\n    @pytest.mark.dashboard_page\n    def test_dashboard_page(env, driver, authenticated_user):\n        logging.info(f\"environment -> {env}\")\n        login = authenticated_user\n        recruiter_login = Loginrecruiter(driver)\n        recruiter_login.username_btn.send_keys('inderjeetkmcs@gmail.com')\n        recruiter_login.password_btn.send_keys('123')\n        recruiter_login.hidepassword_btn.click()\n        recruiter_login.login_btn.click()\n        time.sleep(30)\n        WebDriverWait(driver, 15).until(\n            EC.element_to_be_clickable((By.XPATH, \"(//h2[text()='Private Jobs'])\"))\n        )\n    \n        dashboard_page = Dashboard(driver)\n        dashboard_page.dashboard_btn.click()\n    \n        all_job = AllJobs(driver)\n        all_job.all_jobs_card.click()\n    \n        private_job=PrivateJobs(driver)\n        private_job.private_jobs_card.click()\n    \n        public_job = PublicJobs(driver)\n        public_job.public_jobs_card.click()\n    \n        activejob = ActiveJobs(driver)\n        activejob.active_jobs_card.click()\n    \n        inactive_job = InactiveJobs(driver)\n        inactive_job.inactive_jobs_card.click()\n    \n        search_jobs = SearchJob(driver)\n        search_jobs.search_job.send_keys('Test')\n    \n        search_btn = Searchbutton(driver)\n>       search_btn.search_btn.click()\n\ntests\\recruiter_test\\Dashboard_test.py:59: \n_ _ _ _ _ _ _ _ _ _ _ _ _ _ _ _ _ _ _ _ _ _ _ _ _ _ _ _ _ _ _ _ _ _ _ _ _ _ _ _ _ _ _ _ _ _ _ _ _ _ _ _ _ _ _ _ _ _ _ _ _ _ _ _ _ _ _ _ _ _ _ _ _ _ _ _ _ _ _ _ _ _ _ _ _ _ _ _ _ _ _ _ _ _ _ _ _ _ _ _ _ _ _ _ _ _ _ _ _ _ _ _ _ \nPage_Recruiter\\Dashboard_page.py:69: in search_btn\n    return BaseElement(driver=self.driver, locator=locator)\nutils\\base_elements.py:43: in __init__\n    self.find()\nutils\\base_elements.py:49: in find\n    element = WebDriverWait(self.driver, 30).until(EC.visibility_of_element_located(locator=self.locator))\n..\\..\\..\\AppData\\Roaming\\Python\\Python312\\site-packages\\selenium\\webdriver\\support\\wait.py:96: in until\n    value = method(self._driver)\n..\\..\\..\\AppData\\Roaming\\Python\\Python312\\site-packages\\selenium\\webdriver\\support\\expected_conditions.py:156: in _predicate\n    return _element_if_visible(driver.find_element(*locator))\n..\\..\\..\\AppData\\Roaming\\Python\\Python312\\site-packages\\selenium\\webdriver\\remote\\webdriver.py:742: in find_element\n    return self.execute(Command.FIND_ELEMENT, {\"using\": by, \"value\": value})[\"value\"]\n..\\..\\..\\AppData\\Roaming\\Python\\Python312\\site-packages\\selenium\\webdriver\\remote\\webdriver.py:348: in execute\n    self.error_handler.check_response(response)\n_ _ _ _ _ _ _ _ _ _ _ _ _ _ _ _ _ _ _ _ _ _ _ _ _ _ _ _ _ _ _ _ _ _ _ _ _ _ _ _ _ _ _ _ _ _ _ _ _ _ _ _ _ _ _ _ _ _ _ _ _ _ _ _ _ _ _ _ _ _ _ _ _ _ _ _ _ _ _ _ _ _ _ _ _ _ _ _ _ _ _ _ _ _ _ _ _ _ _ _ _ _ _ _ _ _ _ _ _ _ _ _ _ \n\nself = <selenium.webdriver.remote.errorhandler.ErrorHandler object at 0x000001F479FB04D0>\nresponse = {'status': 400, 'value': '{\"value\":{\"error\":\"invalid selector\",\"message\":\"invalid selector: Unable to locate an elemen...\\n\\\\tRtlGetAppContainerNamedObjectPath [0x77C2809E+286]\\\\n\\\\tRtlGetAppContainerNamedObjectPath [0x77C2806E+238]\\\\n\"}}'}\n\n    def check_response(self, response: Dict[str, Any]) -> None:\n        \"\"\"Checks that a JSON response from the WebDriver does not have an\n        error.\n    \n        :Args:\n         - response - The JSON response from the WebDriver server as a dictionary\n           object.\n    \n        :Raises: If the response contains an error message.\n        \"\"\"\n        status = response.get(\"status\", None)\n        if not status or status == ErrorCode.SUCCESS:\n            return\n        value = None\n        message = response.get(\"message\", \"\")\n        screen: str = response.get(\"screen\", \"\")\n        stacktrace = None\n        if isinstance(status, int):\n            value_json = response.get(\"value\", None)\n            if value_json and isinstance(value_json, str):\n                import json\n    \n                try:\n                    value = json.loads(value_json)\n                    if len(value) == 1:\n                        value = value[\"value\"]\n                    status = value.get(\"error\", None)\n                    if not status:\n                        status = value.get(\"status\", ErrorCode.UNKNOWN_ERROR)\n                        message = value.get(\"value\") or value.get(\"message\")\n                        if not isinstance(message, str):\n                            value = message\n                            message = message.get(\"message\")\n                    else:\n                        message = value.get(\"message\", None)\n                except ValueError:\n                    pass\n    \n        exception_class: Type[WebDriverException]\n        e = ErrorCode()\n        error_codes = [item for item in dir(e) if not item.startswith(\"__\")]\n        for error_code in error_codes:\n            error_info = getattr(ErrorCode, error_code)\n            if isinstance(error_info, list) and status in error_info:\n                exception_class = getattr(ExceptionMapping, error_code, WebDriverException)\n                break\n        else:\n            exception_class = WebDriverException\n    \n        if not value:\n            value = response[\"value\"]\n        if isinstance(value, str):\n            raise exception_class(value)\n        if message == \"\" and \"message\" in value:\n            message = value[\"message\"]\n    \n        screen = None  # type: ignore[assignment]\n        if \"screen\" in value:\n            screen = value[\"screen\"]\n    \n        stacktrace = None\n        st_value = value.get(\"stackTrace\") or value.get(\"stacktrace\")\n        if st_value:\n            if isinstance(st_value, str):\n                stacktrace = st_value.split(\"\\n\")\n            else:\n                stacktrace = []\n                try:\n                    for frame in st_value:\n                        line = frame.get(\"lineNumber\", \"\")\n                        file = frame.get(\"fileName\", \"<anonymous>\")\n                        if line:\n                            file = f\"{file}:{line}\"\n                        meth = frame.get(\"methodName\", \"<anonymous>\")\n                        if \"className\" in frame:\n                            meth = f\"{frame['className']}.{meth}\"\n                        msg = \"    at %s (%s)\"\n                        msg = msg % (meth, file)\n                        stacktrace.append(msg)\n                except TypeError:\n                    pass\n        if exception_class == UnexpectedAlertPresentException:\n            alert_text = None\n            if \"data\" in value:\n                alert_text = value[\"data\"].get(\"text\")\n            elif \"alert\" in value:\n                alert_text = value[\"alert\"].get(\"text\")\n            raise exception_class(message, screen, stacktrace, alert_text)  # type: ignore[call-arg]  # mypy is not smart enough here\n>       raise exception_class(message, screen, stacktrace)\nE       selenium.common.exceptions.InvalidSelectorException: Message: invalid selector: Unable to locate an element with the xpath expression // because of the following error:\nE       SyntaxError: Failed to execute 'evaluate' on 'Document': The string '//' is not a valid XPath expression.\nE         (Session info: chrome=132.0.6834.84); For documentation on this error, please visit: https://www.selenium.dev/documentation/webdriver/troubleshooting/errors#invalid-selector-exception\nE       Stacktrace:\nE       \tGetHandleVerifier [0x009B0A13+25091]\nE       \t(No symbol) [0x0093A584]\nE       \t(No symbol) [0x0081B3B3]\nE       \t(No symbol) [0x00820C6D]\nE       \t(No symbol) [0x00822CEA]\nE       \t(No symbol) [0x00822D67]\nE       \t(No symbol) [0x0085EEC7]\nE       \t(No symbol) [0x0085F61B]\nE       \t(No symbol) [0x0089D882]\nE       \t(No symbol) [0x00881EF4]\nE       \t(No symbol) [0x0089B43E]\nE       \t(No symbol) [0x00881C46]\nE       \t(No symbol) [0x00853175]\nE       \t(No symbol) [0x008542FD]\nE       \tGetHandleVerifier [0x00CA6493+3128451]\nE       \tGetHandleVerifier [0x00CB994B+3207483]\nE       \tGetHandleVerifier [0x00CB45F2+3186146]\nE       \tGetHandleVerifier [0x00A470C0+641200]\nE       \t(No symbol) [0x009436BD]\nE       \t(No symbol) [0x00940738]\nE       \t(No symbol) [0x009408D6]\nE       \t(No symbol) [0x00933040]\nE       \tBaseThreadInitThunk [0x7710FCC9+25]\nE       \tRtlGetAppContainerNamedObjectPath [0x77C2809E+286]\nE       \tRtlGetAppContainerNamedObjectPath [0x77C2806E+238]\n\n..\\..\\..\\AppData\\Roaming\\Python\\Python312\\site-packages\\selenium\\webdriver\\remote\\errorhandler.py:229: InvalidSelectorException"}, "attachments": [{"name": "log", "source": "39dfbae9-0e33-43a4-b92c-1fd561c518c4-attachment.txt", "type": "text/plain"}, {"name": "stdout", "source": "4ebd80e5-d0d6-4766-902a-a24ad31adae1-attachment.txt", "type": "text/plain"}, {"name": "stderr", "source": "917b83b3-9344-4f59-8d19-f333e3b6d5f4-attachment.txt", "type": "text/plain"}], "start": 1737094500507, "stop": 1737094536157, "uuid": "d7d5e16f-f928-4c02-b5cc-16ae20d1b1cd", "historyId": "cc417702adb16716095707cd1338ee81", "testCaseId": "cc417702adb16716095707cd1338ee81", "fullName": "tests.recruiter_test.Dashboard_test#test_dashboard_page", "labels": [{"name": "tag", "value": "dashboard_page"}, {"name": "tag", "value": "regression"}, {"name": "parentSuite", "value": "tests.recruiter_test"}, {"name": "suite", "value": "Dashboard_test"}, {"name": "host", "value": "DESKTOP-HRHMBRL"}, {"name": "thread", "value": "17808-MainThread"}, {"name": "framework", "value": "pytest"}, {"name": "language", "value": "cpython3"}, {"name": "package", "value": "tests.recruiter_test.Dashboard_test"}]}