{"name": "test_recruiter_login", "status": "broken", "statusDetails": {"message": "selenium.common.exceptions.NoSuchDriverException: Message: Unable to locate or obtain driver for chrome; For documentation on this error, please visit: https://www.selenium.dev/documentation/webdriver/troubleshooting/errors/driver_location", "trace": "@pytest.fixture(scope=\"module\")\n    def driver():\n        # Set up Chrome WebDriver\n        chrome_options = Options()\n        chrome_options.add_argument(\"--start-maximized\")\n        service = Service(\"path_to_chromedriver\")  # Replace with the path to your ChromeDriver\n>       driver = webdriver.Chrome(service=service, options=chrome_options)\n\nAPI.py:18: \n_ _ _ _ _ _ _ _ _ _ _ _ _ _ _ _ _ _ _ _ _ _ _ _ _ _ _ _ _ _ _ _ _ _ _ _ _ _ _ _\n..\\..\\..\\AppData\\Roaming\\Python\\Python312\\site-packages\\selenium\\webdriver\\chrome\\webdriver.py:45: in __init__\n    super().__init__(\n..\\..\\..\\AppData\\Roaming\\Python\\Python312\\site-packages\\selenium\\webdriver\\chromium\\webdriver.py:49: in __init__\n    self.service.path = DriverFinder.get_path(self.service, options)\n_ _ _ _ _ _ _ _ _ _ _ _ _ _ _ _ _ _ _ _ _ _ _ _ _ _ _ _ _ _ _ _ _ _ _ _ _ _ _ _\n\nservice = <selenium.webdriver.chrome.service.Service object at 0x0000014D997887A0>\noptions = <selenium.webdriver.chrome.options.Options object at 0x0000014D98EDA060>\n\n    @staticmethod\n    def get_path(service: Service, options: BaseOptions) -> str:\n        path = service.path\n        try:\n            path = SeleniumManager().driver_location(options) if path is None else path\n        except Exception as err:\n            msg = f\"Unable to obtain driver for {options.capabilities['browserName']} using Selenium Manager.\"\n            raise NoSuchDriverException(msg) from err\n    \n        if path is None or not Path(path).is_file():\n>           raise NoSuchDriverException(f\"Unable to locate or obtain driver for {options.capabilities['browserName']}\")\nE           selenium.common.exceptions.NoSuchDriverException: Message: Unable to locate or obtain driver for chrome; For documentation on this error, please visit: https://www.selenium.dev/documentation/webdriver/troubleshooting/errors/driver_location\n\n..\\..\\..\\AppData\\Roaming\\Python\\Python312\\site-packages\\selenium\\webdriver\\common\\driver_finder.py:44: NoSuchDriverException"}, "start": 1737014676186, "stop": 1737014676186, "uuid": "033b099f-566a-4aef-a260-7595a34d3516", "historyId": "9748e82c838d77d83af7e044b97cd618", "testCaseId": "9748e82c838d77d83af7e044b97cd618", "fullName": "API#test_recruiter_login", "labels": [{"name": "suite", "value": "API"}, {"name": "host", "value": "DESKTOP-HRHMBRL"}, {"name": "thread", "value": "23880-MainThread"}, {"name": "framework", "value": "pytest"}, {"name": "language", "value": "cpython3"}, {"name": "package", "value": "API"}]}