{"name": "test_private_job_card_visibility", "status": "broken", "statusDetails": {"message": "selenium.common.exceptions.TimeoutException: Message: \nStacktrace:\n\tGetHandleVerifier [0x0105FD53+23747]\n\t(No symbol) [0x00FE7D54]\n\t(No symbol) [0x00EBBE53]\n\t(No symbol) [0x00EFFCA6]\n\t(No symbol) [0x00EFFEEB]\n\t(No symbol) [0x00F3D852]\n\t(No symbol) [0x00F21E44]\n\t(No symbol) [0x00F3B41E]\n\t(No symbol) [0x00F21B96]\n\t(No symbol) [0x00EF3F3C]\n\t(No symbol) [0x00EF4EBD]\n\tGetHandleVerifier [0x0133AC73+3017699]\n\tGetHandleVerifier [0x0134B93B+3086507]\n\tGetHandleVerifier [0x013440F2+3055714]\n\tGetHandleVerifier [0x010F5AF0+637536]\n\t(No symbol) [0x00FF0A5D]\n\t(No symbol) [0x00FEDA28]\n\t(No symbol) [0x00FEDBC5]\n\t(No symbol) [0x00FE07F0]\n\tBaseThreadInitThunk [0x7710FCC9+25]\n\tRtlGetAppContainerNamedObjectPath [0x77C2809E+286]\n\tRtlGetAppContainerNamedObjectPath [0x77C2806E+238]", "trace": "env = 'services', driver = <selenium.webdriver.chrome.webdriver.WebDriver (session=\"2ce11a1e04e94465a62c7580fec0169c\")>, authenticated_user = None\n\n    @pytest.mark.private_job_card\n    def test_private_job_card_visibility(env, driver, authenticated_user):\n        logging.info(f\"environment -> {env}\")\n    \n        # Log in as the authenticated user\n        login = authenticated_user\n        recruiterlogin = Loginrecruiter(driver)\n        recruiterlogin.username_btn.send_keys('inderjeetkmcs@gmail.com')\n        recruiterlogin.password_btn.send_keys('123')\n        recruiterlogin.hidepassword_btn.click()\n        recruiterlogin.login_btn.click()\n>       WebDriverWait(driver, 20).until(\n            EC.visibility_of_element_located((By.CLASS_NAME, 'flex flex-col gap-8 w-full'))\n        )\n\ntests\\recruiter_test\\Dashboard_test.py:46: \n_ _ _ _ _ _ _ _ _ _ _ _ _ _ _ _ _ _ _ _ _ _ _ _ _ _ _ _ _ _ _ _ _ _ _ _ _ _ _ _ _ _ _ _ _ _ _ _ _ _ _ _ _ _ _ _ _ _ _ _ _ _ _ _ _ _ _ _ _ _ _ _ _ _ _ _ _ _ _ _ _ _ _ _ _ _ _ _ _ _ _ _ _ _ _ _ _ _ _ _ _ _ _ _ _ _ _ _ _ _ _ _ _ _\n\nself = <selenium.webdriver.support.wait.WebDriverWait (session=\"2ce11a1e04e94465a62c7580fec0169c\")>, method = <function visibility_of_element_located.<locals>._predicate at 0x00000164947B8FE0>, message = ''\n\n    def until(self, method: Callable[[D], Union[Literal[False], T]], message: str = \"\") -> T:\n        \"\"\"Calls the method provided with the driver as an argument until the \\\n        return value does not evaluate to ``False``.\n    \n        :param method: callable(WebDriver)\n        :param message: optional message for :exc:`TimeoutException`\n        :returns: the result of the last call to `method`\n        :raises: :exc:`selenium.common.exceptions.TimeoutException` if timeout occurs\n        \"\"\"\n        screen = None\n        stacktrace = None\n    \n        end_time = time.monotonic() + self._timeout\n        while True:\n            try:\n                value = method(self._driver)\n                if value:\n                    return value\n            except self._ignored_exceptions as exc:\n                screen = getattr(exc, \"screen\", None)\n                stacktrace = getattr(exc, \"stacktrace\", None)\n            time.sleep(self._poll)\n            if time.monotonic() > end_time:\n                break\n>       raise TimeoutException(message, screen, stacktrace)\nE       selenium.common.exceptions.TimeoutException: Message: \nE       Stacktrace:\nE       \tGetHandleVerifier [0x0105FD53+23747]\nE       \t(No symbol) [0x00FE7D54]\nE       \t(No symbol) [0x00EBBE53]\nE       \t(No symbol) [0x00EFFCA6]\nE       \t(No symbol) [0x00EFFEEB]\nE       \t(No symbol) [0x00F3D852]\nE       \t(No symbol) [0x00F21E44]\nE       \t(No symbol) [0x00F3B41E]\nE       \t(No symbol) [0x00F21B96]\nE       \t(No symbol) [0x00EF3F3C]\nE       \t(No symbol) [0x00EF4EBD]\nE       \tGetHandleVerifier [0x0133AC73+3017699]\nE       \tGetHandleVerifier [0x0134B93B+3086507]\nE       \tGetHandleVerifier [0x013440F2+3055714]\nE       \tGetHandleVerifier [0x010F5AF0+637536]\nE       \t(No symbol) [0x00FF0A5D]\nE       \t(No symbol) [0x00FEDA28]\nE       \t(No symbol) [0x00FEDBC5]\nE       \t(No symbol) [0x00FE07F0]\nE       \tBaseThreadInitThunk [0x7710FCC9+25]\nE       \tRtlGetAppContainerNamedObjectPath [0x77C2809E+286]\nE       \tRtlGetAppContainerNamedObjectPath [0x77C2806E+238]\n\n..\\..\\..\\AppData\\Roaming\\Python\\Python312\\site-packages\\selenium\\webdriver\\support\\wait.py:105: TimeoutException"}, "attachments": [{"name": "log", "source": "3dc0f4f6-c909-41cd-ade0-4b89a8ab467b-attachment.txt", "type": "text/plain"}, {"name": "stdout", "source": "54267339-dc32-4162-a5a5-e4f6bac3207a-attachment.txt", "type": "text/plain"}, {"name": "stderr", "source": "e1c24b72-cafd-4dbb-823f-6c1f03b13ee1-attachment.txt", "type": "text/plain"}], "start": 1736506213759, "stop": 1736506236182, "uuid": "5aee1b94-6dcf-47c8-ae96-61b2e45d1f9b", "historyId": "26e076d876a264bcbc5cb2c7da9dc557", "testCaseId": "26e076d876a264bcbc5cb2c7da9dc557", "fullName": "tests.recruiter_test.Dashboard_test#test_private_job_card_visibility", "labels": [{"name": "tag", "value": "private_job_card"}, {"name": "parentSuite", "value": "tests.recruiter_test"}, {"name": "suite", "value": "Dashboard_test"}, {"name": "host", "value": "DESKTOP-HRHMBRL"}, {"name": "thread", "value": "7656-MainThread"}, {"name": "framework", "value": "pytest"}, {"name": "language", "value": "cpython3"}, {"name": "package", "value": "tests.recruiter_test.Dashboard_test"}]}