{"name": "test_resendotp", "status": "broken", "statusDetails": {"message": "selenium.common.exceptions.TimeoutException: Message: \nStacktrace:\n\tGetHandleVerifier [0x005F8923+23283]\n\t(No symbol) [0x005BE934]\n\t(No symbol) [0x004F0733]\n\t(No symbol) [0x0053326F]\n\t(No symbol) [0x005334AB]\n\t(No symbol) [0x0056EE42]\n\t(No symbol) [0x00554464]\n\t(No symbol) [0x0056CB8D]\n\t(No symbol) [0x005541B6]\n\t(No symbol) [0x00528017]\n\t(No symbol) [0x0052890D]\n\tGetHandleVerifier [0x006EA5F3+1013699]\n\tGetHandleVerifier [0x006F3E4C+1052700]\n\tGetHandleVerifier [0x006ED4B4+1025668]\n\tGetHandleVerifier [0x0061EA2B+179195]\n\t(No symbol) [0x005C6833]\n\t(No symbol) [0x005C3198]\n\t(No symbol) [0x005C3337]\n\t(No symbol) [0x005BB4BE]\n\tBaseThreadInitThunk [0x75F8FCC9+25]\n\tRtlGetAppContainerNamedObjectPath [0x77B67C6E+286]\n\tRtlGetAppContainerNamedObjectPath [0x77B67C3E+238]", "trace": "env = 'dev', driver = <selenium.webdriver.chrome.webdriver.WebDriver (session=\"0e875b3c06fc9b1b296e87c3527ffc5a\")>, authenticated_user = None\n\n    @pytest.mark.resendotp\n    def test_resendotp(env, driver, authenticated_user):\n        logging.info(f\"environment -> {env}\")\n        login = authenticated_user\n        Pagelogin = Login(driver)\n        time.sleep(3)\n        # Pagelogin.name_btn.send_keys('Mridul')\n        Pagelogin.phonenumber_btn.send_keys('7503078450')\n        Pagelogin.sendotp_btn.click()\n        time.sleep(5)\n        Pagelogin.edit_number.click()\n        time.sleep(5)\n        Pagelogin.phonenumber_btn.send_keys('7503078450')\n        Pagelogin.sendotp_btn.click()\n        time.sleep(5)\n>       Pagelogin.Sendingotp_text.send_keys('000000')\n\nlogin_test.py:102: \n_ _ _ _ _ _ _ _ _ _ _ _ _ _ _ _ _ _ _ _ _ _ _ _ _ _ _ _ _ _ _ _ _ _ _ _ _ _ _ _ _ _ _ _ _ _ _ _ _ _ _ _ _ _ _ _ _ _ _ _ _ _ _ _ _ _ _ _ _ _ _ _ _ _\n..\\..\\Pages_Candidate\\login.py:41: in Sendingotp_text\n    return BaseElement(driver=self.driver, locator=locator)\n..\\..\\utils\\base_elements.py:43: in __init__\n    self.find()\n..\\..\\utils\\base_elements.py:49: in find\n    element = WebDriverWait(self.driver, 30).until(EC.visibility_of_element_located(locator=self.locator))\n_ _ _ _ _ _ _ _ _ _ _ _ _ _ _ _ _ _ _ _ _ _ _ _ _ _ _ _ _ _ _ _ _ _ _ _ _ _ _ _ _ _ _ _ _ _ _ _ _ _ _ _ _ _ _ _ _ _ _ _ _ _ _ _ _ _ _ _ _ _ _ _ _ _\n\nself = <selenium.webdriver.support.wait.WebDriverWait (session=\"0e875b3c06fc9b1b296e87c3527ffc5a\")>\nmethod = <function visibility_of_element_located.<locals>._predicate at 0x0000029DE2A63560>, message = ''\n\n    def until(self, method: Callable[[D], Union[Literal[False], T]], message: str = \"\") -> T:\n        \"\"\"Calls the method provided with the driver as an argument until the \\\n        return value does not evaluate to ``False``.\n    \n        :param method: callable(WebDriver)\n        :param message: optional message for :exc:`TimeoutException`\n        :returns: the result of the last call to `method`\n        :raises: :exc:`selenium.common.exceptions.TimeoutException` if timeout occurs\n        \"\"\"\n        screen = None\n        stacktrace = None\n    \n        end_time = time.monotonic() + self._timeout\n        while True:\n            try:\n                value = method(self._driver)\n                if value:\n                    return value\n            except self._ignored_exceptions as exc:\n                screen = getattr(exc, \"screen\", None)\n                stacktrace = getattr(exc, \"stacktrace\", None)\n            time.sleep(self._poll)\n            if time.monotonic() > end_time:\n                break\n>       raise TimeoutException(message, screen, stacktrace)\nE       selenium.common.exceptions.TimeoutException: Message: \nE       Stacktrace:\nE       \tGetHandleVerifier [0x005F8923+23283]\nE       \t(No symbol) [0x005BE934]\nE       \t(No symbol) [0x004F0733]\nE       \t(No symbol) [0x0053326F]\nE       \t(No symbol) [0x005334AB]\nE       \t(No symbol) [0x0056EE42]\nE       \t(No symbol) [0x00554464]\nE       \t(No symbol) [0x0056CB8D]\nE       \t(No symbol) [0x005541B6]\nE       \t(No symbol) [0x00528017]\nE       \t(No symbol) [0x0052890D]\nE       \tGetHandleVerifier [0x006EA5F3+1013699]\nE       \tGetHandleVerifier [0x006F3E4C+1052700]\nE       \tGetHandleVerifier [0x006ED4B4+1025668]\nE       \tGetHandleVerifier [0x0061EA2B+179195]\nE       \t(No symbol) [0x005C6833]\nE       \t(No symbol) [0x005C3198]\nE       \t(No symbol) [0x005C3337]\nE       \t(No symbol) [0x005BB4BE]\nE       \tBaseThreadInitThunk [0x75F8FCC9+25]\nE       \tRtlGetAppContainerNamedObjectPath [0x77B67C6E+286]\nE       \tRtlGetAppContainerNamedObjectPath [0x77B67C3E+238]\n\n..\\..\\..\\..\\AppData\\Local\\Programs\\Python\\Python312\\Lib\\site-packages\\selenium\\webdriver\\support\\wait.py:105: TimeoutException"}, "attachments": [{"name": "log", "source": "38a94df2-5626-4d3b-9643-2aa62525afc2-attachment.txt", "type": "text/plain"}, {"name": "stdout", "source": "1b5c0c3c-5828-428f-96d6-41e17ebe91e0-attachment.txt", "type": "text/plain"}, {"name": "stderr", "source": "0ff5c34a-32bf-46e2-af0d-a232dd3a1aca-attachment.txt", "type": "text/plain"}], "start": 1724410331946, "stop": 1724410382621, "uuid": "bc62eab0-9952-41e6-bef0-1d7c2ddf1976", "historyId": "21136476d61a96ef1346c9fbb53bf339", "testCaseId": "21136476d61a96ef1346c9fbb53bf339", "fullName": "tests.candidate_test.login_test#test_resendotp", "labels": [{"name": "tag", "value": "resendotp"}, {"name": "parentSuite", "value": "tests.candidate_test"}, {"name": "suite", "value": "login_test"}, {"name": "host", "value": "DESKTOP-4M0N7KL"}, {"name": "thread", "value": "24464-MainThread"}, {"name": "framework", "value": "pytest"}, {"name": "language", "value": "cpython3"}, {"name": "package", "value": "tests.candidate_test.login_test"}]}