{"name": "test_socialmedialinks", "status": "broken", "statusDetails": {"message": "selenium.common.exceptions.NoSuchElementException: Message: no such element: Unable to locate element: {\"method\":\"xpath\",\"selector\":\"//span[contains(text(),'Ambition Hire')]\"}\n  (Session info: chrome=127.0.6533.100); For documentation on this error, please visit: https://www.selenium.dev/documentation/webdriver/troubleshooting/errors#no-such-element-exception\nStacktrace:\n\tGetHandleVerifier [0x00DC8923+23283]\n\t(No symbol) [0x00D8E934]\n\t(No symbol) [0x00CC0733]\n\t(No symbol) [0x00D0326F]\n\t(No symbol) [0x00D034AB]\n\t(No symbol) [0x00D3EE42]\n\t(No symbol) [0x00D24464]\n\t(No symbol) [0x00D3CB8D]\n\t(No symbol) [0x00D241B6]\n\t(No symbol) [0x00CF8017]\n\t(No symbol) [0x00CF890D]\n\tGetHandleVerifier [0x00EBA5F3+1013699]\n\tGetHandleVerifier [0x00EC3E4C+1052700]\n\tGetHandleVerifier [0x00EBD4B4+1025668]\n\tGetHandleVerifier [0x00DEEA2B+179195]\n\t(No symbol) [0x00D96833]\n\t(No symbol) [0x00D93198]\n\t(No symbol) [0x00D93337]\n\t(No symbol) [0x00D8B4BE]\n\tBaseThreadInitThunk [0x75F8FCC9+25]\n\tRtlGetAppContainerNamedObjectPath [0x77B67C6E+286]\n\tRtlGetAppContainerNamedObjectPath [0x77B67C3E+238]", "trace": "authenticated_user = None, driver = <selenium.webdriver.chrome.webdriver.WebDriver (session=\"5b5339c472a9dd17768b4100e0ff252c\")>, env = 'dev'\n\n    @pytest.mark.socialmedialinks\n    def test_socialmedialinks(authenticated_user,driver,env):\n        logging.info(f\"environment -> {env}\")\n        login = authenticated_user\n        Pagelogin = Login(driver)\n        explore = ExploreJobs(driver)\n        Pagelogin.phonenumber_btn.send_keys('7503078450')\n        Pagelogin.sendotp_btn.click()\n        time.sleep(5)\n        Pagelogin.Sendingotp_text.send_keys('000000')\n        Pagelogin.submitotp_btn.click()\n        time.sleep(7)\n        explore.result_page_btn.click()\n        explore.searchjob_btn.send_keys(\"TESTING -WEB\")\n        time.sleep(2)\n        explore.applyjob_btn.click()\n        time.sleep(10)\n        # explore.socailmedialink_1.click()\n        actions = ActionChains(driver)\n        button = driver.find_element(By.XPATH,\"//a[contains(text(),'https://www.ambitionhire.ai/')]\")\n        actions.click(button).perform()\n>       new_window_element = driver.find_element(By.XPATH,\"//span[contains(text(),'Ambition Hire')]\")\n\nexplore_jobs_test.py:83: \n_ _ _ _ _ _ _ _ _ _ _ _ _ _ _ _ _ _ _ _ _ _ _ _ _ _ _ _ _ _ _ _ _ _ _ _ _ _ _ _ _ _ _ _ _ _ _ _ _ _ _ _ _ _ _ _ _ _ _ _ _ _ _ _ _ _ _ _ _ _ _ _ _ _\n..\\..\\..\\..\\AppData\\Local\\Programs\\Python\\Python312\\Lib\\site-packages\\selenium\\webdriver\\remote\\webdriver.py:742: in find_element\n    return self.execute(Command.FIND_ELEMENT, {\"using\": by, \"value\": value})[\"value\"]\n..\\..\\..\\..\\AppData\\Local\\Programs\\Python\\Python312\\Lib\\site-packages\\selenium\\webdriver\\remote\\webdriver.py:348: in execute\n    self.error_handler.check_response(response)\n_ _ _ _ _ _ _ _ _ _ _ _ _ _ _ _ _ _ _ _ _ _ _ _ _ _ _ _ _ _ _ _ _ _ _ _ _ _ _ _ _ _ _ _ _ _ _ _ _ _ _ _ _ _ _ _ _ _ _ _ _ _ _ _ _ _ _ _ _ _ _ _ _ _\n\nself = <selenium.webdriver.remote.errorhandler.ErrorHandler object at 0x00000211C22BBB90>\nresponse = {'status': 404, 'value': '{\"value\":{\"error\":\"no such element\",\"message\":\"no such element: Unable to locate element: {\\...\\n\\\\tRtlGetAppContainerNamedObjectPath [0x77B67C6E+286]\\\\n\\\\tRtlGetAppContainerNamedObjectPath [0x77B67C3E+238]\\\\n\"}}'}\n\n    def check_response(self, response: Dict[str, Any]) -> None:\n        \"\"\"Checks that a JSON response from the WebDriver does not have an\n        error.\n    \n        :Args:\n         - response - The JSON response from the WebDriver server as a dictionary\n           object.\n    \n        :Raises: If the response contains an error message.\n        \"\"\"\n        status = response.get(\"status\", None)\n        if not status or status == ErrorCode.SUCCESS:\n            return\n        value = None\n        message = response.get(\"message\", \"\")\n        screen: str = response.get(\"screen\", \"\")\n        stacktrace = None\n        if isinstance(status, int):\n            value_json = response.get(\"value\", None)\n            if value_json and isinstance(value_json, str):\n                import json\n    \n                try:\n                    value = json.loads(value_json)\n                    if len(value) == 1:\n                        value = value[\"value\"]\n                    status = value.get(\"error\", None)\n                    if not status:\n                        status = value.get(\"status\", ErrorCode.UNKNOWN_ERROR)\n                        message = value.get(\"value\") or value.get(\"message\")\n                        if not isinstance(message, str):\n                            value = message\n                            message = message.get(\"message\")\n                    else:\n                        message = value.get(\"message\", None)\n                except ValueError:\n                    pass\n    \n        exception_class: Type[WebDriverException]\n        e = ErrorCode()\n        error_codes = [item for item in dir(e) if not item.startswith(\"__\")]\n        for error_code in error_codes:\n            error_info = getattr(ErrorCode, error_code)\n            if isinstance(error_info, list) and status in error_info:\n                exception_class = getattr(ExceptionMapping, error_code, WebDriverException)\n                break\n        else:\n            exception_class = WebDriverException\n    \n        if not value:\n            value = response[\"value\"]\n        if isinstance(value, str):\n            raise exception_class(value)\n        if message == \"\" and \"message\" in value:\n            message = value[\"message\"]\n    \n        screen = None  # type: ignore[assignment]\n        if \"screen\" in value:\n            screen = value[\"screen\"]\n    \n        stacktrace = None\n        st_value = value.get(\"stackTrace\") or value.get(\"stacktrace\")\n        if st_value:\n            if isinstance(st_value, str):\n                stacktrace = st_value.split(\"\\n\")\n            else:\n                stacktrace = []\n                try:\n                    for frame in st_value:\n                        line = frame.get(\"lineNumber\", \"\")\n                        file = frame.get(\"fileName\", \"<anonymous>\")\n                        if line:\n                            file = f\"{file}:{line}\"\n                        meth = frame.get(\"methodName\", \"<anonymous>\")\n                        if \"className\" in frame:\n                            meth = f\"{frame['className']}.{meth}\"\n                        msg = \"    at %s (%s)\"\n                        msg = msg % (meth, file)\n                        stacktrace.append(msg)\n                except TypeError:\n                    pass\n        if exception_class == UnexpectedAlertPresentException:\n            alert_text = None\n            if \"data\" in value:\n                alert_text = value[\"data\"].get(\"text\")\n            elif \"alert\" in value:\n                alert_text = value[\"alert\"].get(\"text\")\n            raise exception_class(message, screen, stacktrace, alert_text)  # type: ignore[call-arg]  # mypy is not smart enough here\n>       raise exception_class(message, screen, stacktrace)\nE       selenium.common.exceptions.NoSuchElementException: Message: no such element: Unable to locate element: {\"method\":\"xpath\",\"selector\":\"//span[contains(text(),'Ambition Hire')]\"}\nE         (Session info: chrome=127.0.6533.100); For documentation on this error, please visit: https://www.selenium.dev/documentation/webdriver/troubleshooting/errors#no-such-element-exception\nE       Stacktrace:\nE       \tGetHandleVerifier [0x00DC8923+23283]\nE       \t(No symbol) [0x00D8E934]\nE       \t(No symbol) [0x00CC0733]\nE       \t(No symbol) [0x00D0326F]\nE       \t(No symbol) [0x00D034AB]\nE       \t(No symbol) [0x00D3EE42]\nE       \t(No symbol) [0x00D24464]\nE       \t(No symbol) [0x00D3CB8D]\nE       \t(No symbol) [0x00D241B6]\nE       \t(No symbol) [0x00CF8017]\nE       \t(No symbol) [0x00CF890D]\nE       \tGetHandleVerifier [0x00EBA5F3+1013699]\nE       \tGetHandleVerifier [0x00EC3E4C+1052700]\nE       \tGetHandleVerifier [0x00EBD4B4+1025668]\nE       \tGetHandleVerifier [0x00DEEA2B+179195]\nE       \t(No symbol) [0x00D96833]\nE       \t(No symbol) [0x00D93198]\nE       \t(No symbol) [0x00D93337]\nE       \t(No symbol) [0x00D8B4BE]\nE       \tBaseThreadInitThunk [0x75F8FCC9+25]\nE       \tRtlGetAppContainerNamedObjectPath [0x77B67C6E+286]\nE       \tRtlGetAppContainerNamedObjectPath [0x77B67C3E+238]\n\n..\\..\\..\\..\\AppData\\Local\\Programs\\Python\\Python312\\Lib\\site-packages\\selenium\\webdriver\\remote\\errorhandler.py:229: NoSuchElementException"}, "attachments": [{"name": "log", "source": "1f7b996d-e000-4834-86bd-47b679fc71c9-attachment.txt", "type": "text/plain"}, {"name": "stdout", "source": "e3d0f3f4-623f-44a4-aa09-c927f9cb767a-attachment.txt", "type": "text/plain"}, {"name": "stderr", "source": "89c0b229-1efb-4fe5-9078-b7b08e2ff435-attachment.txt", "type": "text/plain"}], "start": 1725266415333, "stop": 1725266452331, "uuid": "4ddfab95-ed1a-4446-b22b-6281ef8c9f76", "historyId": "f55921f5fe7517395f2b6f6720448263", "testCaseId": "f55921f5fe7517395f2b6f6720448263", "fullName": "tests.candidate_test.explore_jobs_test#test_socialmedialinks", "labels": [{"name": "tag", "value": "socialmedialinks"}, {"name": "parentSuite", "value": "tests.candidate_test"}, {"name": "suite", "value": "explore_jobs_test"}, {"name": "host", "value": "DESKTOP-4M0N7KL"}, {"name": "thread", "value": "15732-MainThread"}, {"name": "framework", "value": "pytest"}, {"name": "language", "value": "cpython3"}, {"name": "package", "value": "tests.candidate_test.explore_jobs_test"}]}