{"name": "test_view_training_module", "status": "broken", "statusDetails": {"message": "selenium.common.exceptions.TimeoutException: Message: \nStacktrace:\n\tGetHandleVerifier [0x00D1D933+25811]\n\t(No symbol) [0x00CAE314]\n\t(No symbol) [0x00BA2523]\n\t(No symbol) [0x00BE7483]\n\t(No symbol) [0x00BE765B]\n\t(No symbol) [0x00C26BA2]\n\t(No symbol) [0x00C0AD74]\n\t(No symbol) [0x00C246F0]\n\t(No symbol) [0x00C0AAC6]\n\t(No symbol) [0x00BDBEFD]\n\t(No symbol) [0x00BDC8FD]\n\tGetHandleVerifier [0x00FEF143+2981091]\n\tGetHandleVerifier [0x01042FF9+3324825]\n\tGetHandleVerifier [0x00DAB32F+605903]\n\tGetHandleVerifier [0x00DB2CBC+637020]\n\t(No symbol) [0x00CB6F4D]\n\t(No symbol) [0x00CB3DD8]\n\t(No symbol) [0x00CB3F75]\n\t(No symbol) [0x00CA6406]\n\tBaseThreadInitThunk [0x75F8FCC9+25]\n\tRtlGetAppContainerNamedObjectPath [0x77B67C6E+286]\n\tRtlGetAppContainerNamedObjectPath [0x77B67C3E+238]", "trace": "env = 'dev', driver = <selenium.webdriver.chrome.webdriver.WebDriver (session=\"9d206398881167a1e88428147a58f029\")>, authenticated_user = None\n\n    @pytest.mark.view_training_module\n    def test_view_training_module(env, driver, authenticated_user):\n        logging.info(f\"environment -> {env}\")\n        login = authenticated_user\n        Pagelogin = Login(driver)\n        time.sleep(3)\n        Pagelogin.phonenumber_btn.send_keys('7503078450')\n        Pagelogin.sendotp_btn.click()\n        time.sleep(5)\n        Pagelogin.Sendingotp_text.send_keys('000000')\n        Pagelogin.submitotp_btn.click()\n        time.sleep(7)\n        trainingmodule = TrainingModule(driver)\n>       trainingmodule.training_module_tab.click()\n\ntraining_module_test.py:30: \n_ _ _ _ _ _ _ _ _ _ _ _ _ _ _ _ _ _ _ _ _ _ _ _ _ _ _ _ _ _ _ _ _ _ _ _ _ _ _ _ _ _ _ _ _ _ _ _ _ _ _ _ _ _ _ _ _ _ _ _ _ _ _ _ _ _ _ _ _ _ _ _ _ _\n..\\..\\Pages_Candidate\\training_module.py:10: in training_module_tab\n    return BaseElement(driver=self.driver, locator=locator)\n..\\..\\utils\\base_elements.py:43: in __init__\n    self.find()\n..\\..\\utils\\base_elements.py:49: in find\n    element = WebDriverWait(self.driver, 30).until(EC.visibility_of_element_located(locator=self.locator))\n_ _ _ _ _ _ _ _ _ _ _ _ _ _ _ _ _ _ _ _ _ _ _ _ _ _ _ _ _ _ _ _ _ _ _ _ _ _ _ _ _ _ _ _ _ _ _ _ _ _ _ _ _ _ _ _ _ _ _ _ _ _ _ _ _ _ _ _ _ _ _ _ _ _\n\nself = <selenium.webdriver.support.wait.WebDriverWait (session=\"9d206398881167a1e88428147a58f029\")>\nmethod = <function visibility_of_element_located.<locals>._predicate at 0x0000015BE17D7600>, message = ''\n\n    def until(self, method: Callable[[D], Union[Literal[False], T]], message: str = \"\") -> T:\n        \"\"\"Calls the method provided with the driver as an argument until the \\\n        return value does not evaluate to ``False``.\n    \n        :param method: callable(WebDriver)\n        :param message: optional message for :exc:`TimeoutException`\n        :returns: the result of the last call to `method`\n        :raises: :exc:`selenium.common.exceptions.TimeoutException` if timeout occurs\n        \"\"\"\n        screen = None\n        stacktrace = None\n    \n        end_time = time.monotonic() + self._timeout\n        while True:\n            try:\n                value = method(self._driver)\n                if value:\n                    return value\n            except self._ignored_exceptions as exc:\n                screen = getattr(exc, \"screen\", None)\n                stacktrace = getattr(exc, \"stacktrace\", None)\n            time.sleep(self._poll)\n            if time.monotonic() > end_time:\n                break\n>       raise TimeoutException(message, screen, stacktrace)\nE       selenium.common.exceptions.TimeoutException: Message: \nE       Stacktrace:\nE       \tGetHandleVerifier [0x00D1D933+25811]\nE       \t(No symbol) [0x00CAE314]\nE       \t(No symbol) [0x00BA2523]\nE       \t(No symbol) [0x00BE7483]\nE       \t(No symbol) [0x00BE765B]\nE       \t(No symbol) [0x00C26BA2]\nE       \t(No symbol) [0x00C0AD74]\nE       \t(No symbol) [0x00C246F0]\nE       \t(No symbol) [0x00C0AAC6]\nE       \t(No symbol) [0x00BDBEFD]\nE       \t(No symbol) [0x00BDC8FD]\nE       \tGetHandleVerifier [0x00FEF143+2981091]\nE       \tGetHandleVerifier [0x01042FF9+3324825]\nE       \tGetHandleVerifier [0x00DAB32F+605903]\nE       \tGetHandleVerifier [0x00DB2CBC+637020]\nE       \t(No symbol) [0x00CB6F4D]\nE       \t(No symbol) [0x00CB3DD8]\nE       \t(No symbol) [0x00CB3F75]\nE       \t(No symbol) [0x00CA6406]\nE       \tBaseThreadInitThunk [0x75F8FCC9+25]\nE       \tRtlGetAppContainerNamedObjectPath [0x77B67C6E+286]\nE       \tRtlGetAppContainerNamedObjectPath [0x77B67C3E+238]\n\n..\\..\\..\\..\\AppData\\Local\\Programs\\Python\\Python312\\Lib\\site-packages\\selenium\\webdriver\\support\\wait.py:105: TimeoutException"}, "attachments": [{"name": "log", "source": "a07efbc0-8356-4d41-aa91-2622ac703c71-attachment.txt", "type": "text/plain"}, {"name": "stdout", "source": "829f3fe0-578c-4027-a357-9838cecd0fca-attachment.txt", "type": "text/plain"}, {"name": "stderr", "source": "c85b9d41-1289-47e2-8ffc-5aa513d62b22-attachment.txt", "type": "text/plain"}], "start": 1726467184947, "stop": 1726467231999, "uuid": "b2369f04-6dd9-4905-89ad-dac267934c3d", "historyId": "7b57d004af1340a2f4ebdea69dc8f82c", "testCaseId": "7b57d004af1340a2f4ebdea69dc8f82c", "fullName": "tests.candidate_test.training_module_test#test_view_training_module", "labels": [{"name": "tag", "value": "view_training_module"}, {"name": "parentSuite", "value": "tests.candidate_test"}, {"name": "suite", "value": "training_module_test"}, {"name": "host", "value": "DESKTOP-4M0N7KL"}, {"name": "thread", "value": "27324-MainThread"}, {"name": "framework", "value": "pytest"}, {"name": "language", "value": "cpython3"}, {"name": "package", "value": "tests.candidate_test.training_module_test"}]}