{"name": "test_download_score_card", "status": "broken", "statusDetails": {"message": "selenium.common.exceptions.TimeoutException: Message: \nStacktrace:\n\tGetHandleVerifier [0x005C8923+23283]\n\t(No symbol) [0x0058E934]\n\t(No symbol) [0x004C0733]\n\t(No symbol) [0x0050326F]\n\t(No symbol) [0x005034AB]\n\t(No symbol) [0x0053EE42]\n\t(No symbol) [0x00524464]\n\t(No symbol) [0x0053CB8D]\n\t(No symbol) [0x005241B6]\n\t(No symbol) [0x004F8017]\n\t(No symbol) [0x004F890D]\n\tGetHandleVerifier [0x006BA5F3+1013699]\n\tGetHandleVerifier [0x006C3E4C+1052700]\n\tGetHandleVerifier [0x006BD4B4+1025668]\n\tGetHandleVerifier [0x005EEA2B+179195]\n\t(No symbol) [0x00596833]\n\t(No symbol) [0x00593198]\n\t(No symbol) [0x00593337]\n\t(No symbol) [0x0058B4BE]\n\tBaseThreadInitThunk [0x75F8FCC9+25]\n\tRtlGetAppContainerNamedObjectPath [0x77B67C6E+286]\n\tRtlGetAppContainerNamedObjectPath [0x77B67C3E+238]", "trace": "env = 'dev', driver = <selenium.webdriver.chrome.webdriver.WebDriver (session=\"93dd48fd6c7302f7523fa934f206737e\")>, authenticated_user = None\n\n    @pytest.mark.download_score_card\n    def test_download_score_card(env,driver,authenticated_user):\n        result =Result(driver)\n        Pagelogin = Login(driver)\n        time.sleep(3)\n        Pagelogin.phonenumber_btn.send_keys('7503078450')\n        Pagelogin.sendotp_btn.click()\n        time.sleep(5)\n        Pagelogin.Sendingotp_text.send_keys('000000')\n        Pagelogin.submitotp_btn.click()\n        time.sleep(7)\n        result.result_page.click()\n        time.sleep(5)\n        result.results_checkbox.click()\n        time.sleep(3)\n        result.view_result.click()\n        time.sleep(2)\n>       result.download_scorecard.click()\n\nresult_test.py:35: \n_ _ _ _ _ _ _ _ _ _ _ _ _ _ _ _ _ _ _ _ _ _ _ _ _ _ _ _ _ _ _ _ _ _ _ _ _ _ _ _ _ _ _ _ _ _ _ _ _ _ _ _ _ _ _ _ _ _ _ _ _ _ _ _ _ _ _ _ _ _ _ _ _ _\n..\\..\\Pages_Candidate\\result_page.py:25: in download_scorecard\n    return BaseElement(driver=self.driver, locator=locator)\n..\\..\\utils\\base_elements.py:43: in __init__\n    self.find()\n..\\..\\utils\\base_elements.py:49: in find\n    element = WebDriverWait(self.driver, 30).until(EC.visibility_of_element_located(locator=self.locator))\n_ _ _ _ _ _ _ _ _ _ _ _ _ _ _ _ _ _ _ _ _ _ _ _ _ _ _ _ _ _ _ _ _ _ _ _ _ _ _ _ _ _ _ _ _ _ _ _ _ _ _ _ _ _ _ _ _ _ _ _ _ _ _ _ _ _ _ _ _ _ _ _ _ _\n\nself = <selenium.webdriver.support.wait.WebDriverWait (session=\"93dd48fd6c7302f7523fa934f206737e\")>\nmethod = <function visibility_of_element_located.<locals>._predicate at 0x0000018E3A0FE660>, message = ''\n\n    def until(self, method: Callable[[D], Union[Literal[False], T]], message: str = \"\") -> T:\n        \"\"\"Calls the method provided with the driver as an argument until the \\\n        return value does not evaluate to ``False``.\n    \n        :param method: callable(WebDriver)\n        :param message: optional message for :exc:`TimeoutException`\n        :returns: the result of the last call to `method`\n        :raises: :exc:`selenium.common.exceptions.TimeoutException` if timeout occurs\n        \"\"\"\n        screen = None\n        stacktrace = None\n    \n        end_time = time.monotonic() + self._timeout\n        while True:\n            try:\n                value = method(self._driver)\n                if value:\n                    return value\n            except self._ignored_exceptions as exc:\n                screen = getattr(exc, \"screen\", None)\n                stacktrace = getattr(exc, \"stacktrace\", None)\n            time.sleep(self._poll)\n            if time.monotonic() > end_time:\n                break\n>       raise TimeoutException(message, screen, stacktrace)\nE       selenium.common.exceptions.TimeoutException: Message: \nE       Stacktrace:\nE       \tGetHandleVerifier [0x005C8923+23283]\nE       \t(No symbol) [0x0058E934]\nE       \t(No symbol) [0x004C0733]\nE       \t(No symbol) [0x0050326F]\nE       \t(No symbol) [0x005034AB]\nE       \t(No symbol) [0x0053EE42]\nE       \t(No symbol) [0x00524464]\nE       \t(No symbol) [0x0053CB8D]\nE       \t(No symbol) [0x005241B6]\nE       \t(No symbol) [0x004F8017]\nE       \t(No symbol) [0x004F890D]\nE       \tGetHandleVerifier [0x006BA5F3+1013699]\nE       \tGetHandleVerifier [0x006C3E4C+1052700]\nE       \tGetHandleVerifier [0x006BD4B4+1025668]\nE       \tGetHandleVerifier [0x005EEA2B+179195]\nE       \t(No symbol) [0x00596833]\nE       \t(No symbol) [0x00593198]\nE       \t(No symbol) [0x00593337]\nE       \t(No symbol) [0x0058B4BE]\nE       \tBaseThreadInitThunk [0x75F8FCC9+25]\nE       \tRtlGetAppContainerNamedObjectPath [0x77B67C6E+286]\nE       \tRtlGetAppContainerNamedObjectPath [0x77B67C3E+238]\n\n..\\..\\..\\..\\AppData\\Local\\Programs\\Python\\Python312\\Lib\\site-packages\\selenium\\webdriver\\support\\wait.py:105: TimeoutException"}, "attachments": [{"name": "log", "source": "6b321d1c-5fff-4e1b-82bc-039c6cfaf8e2-attachment.txt", "type": "text/plain"}, {"name": "stdout", "source": "518a6140-21ee-4292-96fc-dc646e79358c-attachment.txt", "type": "text/plain"}, {"name": "stderr", "source": "e68a39f2-daaf-4479-9eab-983d02731e4c-attachment.txt", "type": "text/plain"}], "start": 1724326817397, "stop": 1724326875405, "uuid": "7d298b6f-c9b7-4d84-a00f-03f384227f56", "historyId": "6a066560d82138824fef84ca2accc9eb", "testCaseId": "6a066560d82138824fef84ca2accc9eb", "fullName": "tests.candidate_test.result_test#test_download_score_card", "labels": [{"name": "tag", "value": "download_score_card"}, {"name": "parentSuite", "value": "tests.candidate_test"}, {"name": "suite", "value": "result_test"}, {"name": "host", "value": "DESKTOP-4M0N7KL"}, {"name": "thread", "value": "11548-MainThread"}, {"name": "framework", "value": "pytest"}, {"name": "language", "value": "cpython3"}, {"name": "package", "value": "tests.candidate_test.result_test"}]}