{"name": "test_socialmedialinks", "status": "broken", "statusDetails": {"message": "selenium.common.exceptions.TimeoutException: Message: \nStacktrace:\n\tGetHandleVerifier [0x01078923+23283]\n\t(No symbol) [0x0103E934]\n\t(No symbol) [0x00F70733]\n\t(No symbol) [0x00FB326F]\n\t(No symbol) [0x00FB34AB]\n\t(No symbol) [0x00FEEE42]\n\t(No symbol) [0x00FD4464]\n\t(No symbol) [0x00FECB8D]\n\t(No symbol) [0x00FD41B6]\n\t(No symbol) [0x00FA8017]\n\t(No symbol) [0x00FA890D]\n\tGetHandleVerifier [0x0116A5F3+1013699]\n\tGetHandleVerifier [0x01173E4C+1052700]\n\tGetHandleVerifier [0x0116D4B4+1025668]\n\tGetHandleVerifier [0x0109EA2B+179195]\n\t(No symbol) [0x01046833]\n\t(No symbol) [0x01043198]\n\t(No symbol) [0x01043337]\n\t(No symbol) [0x0103B4BE]\n\tBaseThreadInitThunk [0x75F8FCC9+25]\n\tRtlGetAppContainerNamedObjectPath [0x77B67C6E+286]\n\tRtlGetAppContainerNamedObjectPath [0x77B67C3E+238]", "trace": "authenticated_user = None, driver = <selenium.webdriver.chrome.webdriver.WebDriver (session=\"5ce85cf6869b04f93b9216bfdb27dfe3\")>, env = 'dev'\n\n    @pytest.mark.socialmedialinks\n    def test_socialmedialinks(authenticated_user,driver,env):\n        logging.info(f\"environment -> {env}\")\n        login = authenticated_user\n        Pagelogin = Login(driver)\n        explore = ExploreJobs(driver)\n        Pagelogin.phonenumber_btn.send_keys('7503078450')\n        Pagelogin.sendotp_btn.click()\n        time.sleep(5)\n        Pagelogin.Sendingotp_text.send_keys('000000')\n        Pagelogin.submitotp_btn.click()\n        time.sleep(7)\n>       explore.result_page_btn.click()\n\nexplore_jobs_test.py:73: \n_ _ _ _ _ _ _ _ _ _ _ _ _ _ _ _ _ _ _ _ _ _ _ _ _ _ _ _ _ _ _ _ _ _ _ _ _ _ _ _ _ _ _ _ _ _ _ _ _ _ _ _ _ _ _ _ _ _ _ _ _ _ _ _ _ _ _ _ _ _ _ _ _ _\n..\\..\\Pages_Candidate\\explore_jobs.py:32: in result_page_btn\n    return BaseElement(driver=self.driver, locator=locator)\n..\\..\\utils\\base_elements.py:43: in __init__\n    self.find()\n..\\..\\utils\\base_elements.py:49: in find\n    element = WebDriverWait(self.driver, 30).until(EC.visibility_of_element_located(locator=self.locator))\n_ _ _ _ _ _ _ _ _ _ _ _ _ _ _ _ _ _ _ _ _ _ _ _ _ _ _ _ _ _ _ _ _ _ _ _ _ _ _ _ _ _ _ _ _ _ _ _ _ _ _ _ _ _ _ _ _ _ _ _ _ _ _ _ _ _ _ _ _ _ _ _ _ _\n\nself = <selenium.webdriver.support.wait.WebDriverWait (session=\"5ce85cf6869b04f93b9216bfdb27dfe3\")>\nmethod = <function visibility_of_element_located.<locals>._predicate at 0x000002540F510B80>, message = ''\n\n    def until(self, method: Callable[[D], Union[Literal[False], T]], message: str = \"\") -> T:\n        \"\"\"Calls the method provided with the driver as an argument until the \\\n        return value does not evaluate to ``False``.\n    \n        :param method: callable(WebDriver)\n        :param message: optional message for :exc:`TimeoutException`\n        :returns: the result of the last call to `method`\n        :raises: :exc:`selenium.common.exceptions.TimeoutException` if timeout occurs\n        \"\"\"\n        screen = None\n        stacktrace = None\n    \n        end_time = time.monotonic() + self._timeout\n        while True:\n            try:\n                value = method(self._driver)\n                if value:\n                    return value\n            except self._ignored_exceptions as exc:\n                screen = getattr(exc, \"screen\", None)\n                stacktrace = getattr(exc, \"stacktrace\", None)\n            time.sleep(self._poll)\n            if time.monotonic() > end_time:\n                break\n>       raise TimeoutException(message, screen, stacktrace)\nE       selenium.common.exceptions.TimeoutException: Message: \nE       Stacktrace:\nE       \tGetHandleVerifier [0x01078923+23283]\nE       \t(No symbol) [0x0103E934]\nE       \t(No symbol) [0x00F70733]\nE       \t(No symbol) [0x00FB326F]\nE       \t(No symbol) [0x00FB34AB]\nE       \t(No symbol) [0x00FEEE42]\nE       \t(No symbol) [0x00FD4464]\nE       \t(No symbol) [0x00FECB8D]\nE       \t(No symbol) [0x00FD41B6]\nE       \t(No symbol) [0x00FA8017]\nE       \t(No symbol) [0x00FA890D]\nE       \tGetHandleVerifier [0x0116A5F3+1013699]\nE       \tGetHandleVerifier [0x01173E4C+1052700]\nE       \tGetHandleVerifier [0x0116D4B4+1025668]\nE       \tGetHandleVerifier [0x0109EA2B+179195]\nE       \t(No symbol) [0x01046833]\nE       \t(No symbol) [0x01043198]\nE       \t(No symbol) [0x01043337]\nE       \t(No symbol) [0x0103B4BE]\nE       \tBaseThreadInitThunk [0x75F8FCC9+25]\nE       \tRtlGetAppContainerNamedObjectPath [0x77B67C6E+286]\nE       \tRtlGetAppContainerNamedObjectPath [0x77B67C3E+238]\n\n..\\..\\..\\..\\AppData\\Local\\Programs\\Python\\Python312\\Lib\\site-packages\\selenium\\webdriver\\support\\wait.py:105: TimeoutException"}, "attachments": [{"name": "log", "source": "ece6a473-478d-41ba-92bc-5626e63991d2-attachment.txt", "type": "text/plain"}, {"name": "stdout", "source": "688a5674-2b26-46ae-8db5-4711697de5b0-attachment.txt", "type": "text/plain"}, {"name": "stderr", "source": "4dc74eee-ddbb-4123-8911-759c06c05ee5-attachment.txt", "type": "text/plain"}], "start": 1724838251799, "stop": 1724838296827, "uuid": "894c6198-119c-49f3-980b-c7544e10d484", "historyId": "f55921f5fe7517395f2b6f6720448263", "testCaseId": "f55921f5fe7517395f2b6f6720448263", "fullName": "tests.candidate_test.explore_jobs_test#test_socialmedialinks", "labels": [{"name": "tag", "value": "socialmedialinks"}, {"name": "parentSuite", "value": "tests.candidate_test"}, {"name": "suite", "value": "explore_jobs_test"}, {"name": "host", "value": "DESKTOP-4M0N7KL"}, {"name": "thread", "value": "4424-MainThread"}, {"name": "framework", "value": "pytest"}, {"name": "language", "value": "cpython3"}, {"name": "package", "value": "tests.candidate_test.explore_jobs_test"}]}