{"name": "test_description_video", "status": "broken", "statusDetails": {"message": "selenium.common.exceptions.NoSuchElementException: Message: no such element: Unable to locate element: {\"method\":\"xpath\",\"selector\":\"button[class='ytp-large-play-button ytp-button ytp-large-play-button-red-bg']\"}\n  (Session info: chrome=128.0.6613.120); For documentation on this error, please visit: https://www.selenium.dev/documentation/webdriver/troubleshooting/errors#no-such-element-exception\nStacktrace:\n\tGetHandleVerifier [0x00B58213+26163]\n\t(No symbol) [0x00AE9CC4]\n\t(No symbol) [0x009E24C3]\n\t(No symbol) [0x00A27453]\n\t(No symbol) [0x00A2762B]\n\t(No symbol) [0x00A66B62]\n\t(No symbol) [0x00A4AD04]\n\t(No symbol) [0x00A64661]\n\t(No symbol) [0x00A4AA56]\n\t(No symbol) [0x00A1BE89]\n\t(No symbol) [0x00A1C8CD]\n\tGetHandleVerifier [0x00E2D313+2996019]\n\tGetHandleVerifier [0x00E81B89+3342249]\n\tGetHandleVerifier [0x00BE7AEF+614159]\n\tGetHandleVerifier [0x00BEF17C+644508]\n\t(No symbol) [0x00AF27FD]\n\t(No symbol) [0x00AEF6F8]\n\t(No symbol) [0x00AEF895]\n\t(No symbol) [0x00AE1C16]\n\tBaseThreadInitThunk [0x75F8FCC9+25]\n\tRtlGetAppContainerNamedObjectPath [0x77B67C6E+286]\n\tRtlGetAppContainerNamedObjectPath [0x77B67C3E+238]", "trace": "env = 'dev', driver = <selenium.webdriver.chrome.webdriver.WebDriver (session=\"bacdc6450498a6c1f5d041fab523f051\")>, authenticated_user = None\n\n    @pytest.mark.description_video\n    def test_description_video(env, driver, authenticated_user):\n        logging.info(f\"environment -> {env}\")\n        login = authenticated_user\n        Pagelogin = Login(driver)\n        explore = ExploreJobs(driver)\n        Pagelogin.phonenumber_btn.send_keys('7503078450')\n        Pagelogin.sendotp_btn.click()\n        time.sleep(5)\n        Pagelogin.Sendingotp_text.send_keys('000000')\n        Pagelogin.submitotp_btn.click()\n        time.sleep(7)\n        explore.result_page_btn.click()\n        explore.searchjob_btn.send_keys(\"TESTING -WEB\")\n        time.sleep(2)\n        explore.applyjob_btn.click()\n        time.sleep(10)\n        iframe = driver.find_element(By.XPATH, \"//iframe[@class='rounded-2xl']\")\n        driver.switch_to.frame(iframe)\n>       description_video =driver.find_element(By.XPATH,\"button[class='ytp-large-play-button ytp-button ytp-large-play-button-red-bg']\")\n\nexplore_jobs_test.py:115: \n_ _ _ _ _ _ _ _ _ _ _ _ _ _ _ _ _ _ _ _ _ _ _ _ _ _ _ _ _ _ _ _ _ _ _ _ _ _ _ _ _ _ _ _ _ _ _ _ _ _ _ _ _ _ _ _ _ _ _ _ _ _ _ _ _ _ _ _ _ _ _ _ _ _\n..\\..\\..\\..\\AppData\\Local\\Programs\\Python\\Python312\\Lib\\site-packages\\selenium\\webdriver\\remote\\webdriver.py:742: in find_element\n    return self.execute(Command.FIND_ELEMENT, {\"using\": by, \"value\": value})[\"value\"]\n..\\..\\..\\..\\AppData\\Local\\Programs\\Python\\Python312\\Lib\\site-packages\\selenium\\webdriver\\remote\\webdriver.py:348: in execute\n    self.error_handler.check_response(response)\n_ _ _ _ _ _ _ _ _ _ _ _ _ _ _ _ _ _ _ _ _ _ _ _ _ _ _ _ _ _ _ _ _ _ _ _ _ _ _ _ _ _ _ _ _ _ _ _ _ _ _ _ _ _ _ _ _ _ _ _ _ _ _ _ _ _ _ _ _ _ _ _ _ _\n\nself = <selenium.webdriver.remote.errorhandler.ErrorHandler object at 0x00000210B91407D0>\nresponse = {'status': 404, 'value': '{\"value\":{\"error\":\"no such element\",\"message\":\"no such element: Unable to locate element: {\\...\\n\\\\tRtlGetAppContainerNamedObjectPath [0x77B67C6E+286]\\\\n\\\\tRtlGetAppContainerNamedObjectPath [0x77B67C3E+238]\\\\n\"}}'}\n\n    def check_response(self, response: Dict[str, Any]) -> None:\n        \"\"\"Checks that a JSON response from the WebDriver does not have an\n        error.\n    \n        :Args:\n         - response - The JSON response from the WebDriver server as a dictionary\n           object.\n    \n        :Raises: If the response contains an error message.\n        \"\"\"\n        status = response.get(\"status\", None)\n        if not status or status == ErrorCode.SUCCESS:\n            return\n        value = None\n        message = response.get(\"message\", \"\")\n        screen: str = response.get(\"screen\", \"\")\n        stacktrace = None\n        if isinstance(status, int):\n            value_json = response.get(\"value\", None)\n            if value_json and isinstance(value_json, str):\n                import json\n    \n                try:\n                    value = json.loads(value_json)\n                    if len(value) == 1:\n                        value = value[\"value\"]\n                    status = value.get(\"error\", None)\n                    if not status:\n                        status = value.get(\"status\", ErrorCode.UNKNOWN_ERROR)\n                        message = value.get(\"value\") or value.get(\"message\")\n                        if not isinstance(message, str):\n                            value = message\n                            message = message.get(\"message\")\n                    else:\n                        message = value.get(\"message\", None)\n                except ValueError:\n                    pass\n    \n        exception_class: Type[WebDriverException]\n        e = ErrorCode()\n        error_codes = [item for item in dir(e) if not item.startswith(\"__\")]\n        for error_code in error_codes:\n            error_info = getattr(ErrorCode, error_code)\n            if isinstance(error_info, list) and status in error_info:\n                exception_class = getattr(ExceptionMapping, error_code, WebDriverException)\n                break\n        else:\n            exception_class = WebDriverException\n    \n        if not value:\n            value = response[\"value\"]\n        if isinstance(value, str):\n            raise exception_class(value)\n        if message == \"\" and \"message\" in value:\n            message = value[\"message\"]\n    \n        screen = None  # type: ignore[assignment]\n        if \"screen\" in value:\n            screen = value[\"screen\"]\n    \n        stacktrace = None\n        st_value = value.get(\"stackTrace\") or value.get(\"stacktrace\")\n        if st_value:\n            if isinstance(st_value, str):\n                stacktrace = st_value.split(\"\\n\")\n            else:\n                stacktrace = []\n                try:\n                    for frame in st_value:\n                        line = frame.get(\"lineNumber\", \"\")\n                        file = frame.get(\"fileName\", \"<anonymous>\")\n                        if line:\n                            file = f\"{file}:{line}\"\n                        meth = frame.get(\"methodName\", \"<anonymous>\")\n                        if \"className\" in frame:\n                            meth = f\"{frame['className']}.{meth}\"\n                        msg = \"    at %s (%s)\"\n                        msg = msg % (meth, file)\n                        stacktrace.append(msg)\n                except TypeError:\n                    pass\n        if exception_class == UnexpectedAlertPresentException:\n            alert_text = None\n            if \"data\" in value:\n                alert_text = value[\"data\"].get(\"text\")\n            elif \"alert\" in value:\n                alert_text = value[\"alert\"].get(\"text\")\n            raise exception_class(message, screen, stacktrace, alert_text)  # type: ignore[call-arg]  # mypy is not smart enough here\n>       raise exception_class(message, screen, stacktrace)\nE       selenium.common.exceptions.NoSuchElementException: Message: no such element: Unable to locate element: {\"method\":\"xpath\",\"selector\":\"button[class='ytp-large-play-button ytp-button ytp-large-play-button-red-bg']\"}\nE         (Session info: chrome=128.0.6613.120); For documentation on this error, please visit: https://www.selenium.dev/documentation/webdriver/troubleshooting/errors#no-such-element-exception\nE       Stacktrace:\nE       \tGetHandleVerifier [0x00B58213+26163]\nE       \t(No symbol) [0x00AE9CC4]\nE       \t(No symbol) [0x009E24C3]\nE       \t(No symbol) [0x00A27453]\nE       \t(No symbol) [0x00A2762B]\nE       \t(No symbol) [0x00A66B62]\nE       \t(No symbol) [0x00A4AD04]\nE       \t(No symbol) [0x00A64661]\nE       \t(No symbol) [0x00A4AA56]\nE       \t(No symbol) [0x00A1BE89]\nE       \t(No symbol) [0x00A1C8CD]\nE       \tGetHandleVerifier [0x00E2D313+2996019]\nE       \tGetHandleVerifier [0x00E81B89+3342249]\nE       \tGetHandleVerifier [0x00BE7AEF+614159]\nE       \tGetHandleVerifier [0x00BEF17C+644508]\nE       \t(No symbol) [0x00AF27FD]\nE       \t(No symbol) [0x00AEF6F8]\nE       \t(No symbol) [0x00AEF895]\nE       \t(No symbol) [0x00AE1C16]\nE       \tBaseThreadInitThunk [0x75F8FCC9+25]\nE       \tRtlGetAppContainerNamedObjectPath [0x77B67C6E+286]\nE       \tRtlGetAppContainerNamedObjectPath [0x77B67C3E+238]\n\n..\\..\\..\\..\\AppData\\Local\\Programs\\Python\\Python312\\Lib\\site-packages\\selenium\\webdriver\\remote\\errorhandler.py:229: NoSuchElementException"}, "attachments": [{"name": "log", "source": "345397fe-6ed1-4733-b731-ea0661ecb4c1-attachment.txt", "type": "text/plain"}, {"name": "stdout", "source": "8caefe1f-a517-4873-a61c-1c1bf88484fe-attachment.txt", "type": "text/plain"}, {"name": "stderr", "source": "8e4b5a0f-79bd-42f9-91da-53a660efc50c-attachment.txt", "type": "text/plain"}], "start": 1725604256590, "stop": 1725604318247, "uuid": "3854b070-6ccf-4a3c-a40c-eb1a783fed4c", "historyId": "7d3e8efade092fdbe45aaa90a66c968b", "testCaseId": "7d3e8efade092fdbe45aaa90a66c968b", "fullName": "tests.candidate_test.explore_jobs_test#test_description_video", "labels": [{"name": "tag", "value": "description_video"}, {"name": "parentSuite", "value": "tests.candidate_test"}, {"name": "suite", "value": "explore_jobs_test"}, {"name": "host", "value": "DESKTOP-4M0N7KL"}, {"name": "thread", "value": "28228-MainThread"}, {"name": "framework", "value": "pytest"}, {"name": "language", "value": "cpython3"}, {"name": "package", "value": "tests.candidate_test.explore_jobs_test"}]}