{"name": "test_view_pdf_2", "status": "broken", "statusDetails": {"message": "selenium.common.exceptions.TimeoutException: Message: \nStacktrace:\n\tGetHandleVerifier [0x00FD5523+24195]\n\t(No symbol) [0x00F6AA04]\n\t(No symbol) [0x00E62093]\n\t(No symbol) [0x00EA6ED2]\n\t(No symbol) [0x00EA711B]\n\t(No symbol) [0x00EE76F2]\n\t(No symbol) [0x00ECAB84]\n\t(No symbol) [0x00EE5280]\n\t(No symbol) [0x00ECA8D6]\n\t(No symbol) [0x00E9BA27]\n\t(No symbol) [0x00E9C43D]\n\tGetHandleVerifier [0x0129CE13+2938739]\n\tGetHandleVerifier [0x012EEC69+3274185]\n\tGetHandleVerifier [0x010609C2+594722]\n\tGetHandleVerifier [0x01067EDC+624700]\n\t(No symbol) [0x00F737CD]\n\t(No symbol) [0x00F70528]\n\t(No symbol) [0x00F706C5]\n\t(No symbol) [0x00F62CA6]\n\tBaseThreadInitThunk [0x75F8FCC9+25]\n\tRtlGetAppContainerNamedObjectPath [0x77B67C6E+286]\n\tRtlGetAppContainerNamedObjectPath [0x77B67C3E+238]", "trace": "env = 'dev', driver = <selenium.webdriver.chrome.webdriver.WebDriver (session=\"34181bbf0e21055984c532318ab2e7cd\")>, authenticated_user = None\n\n    @pytest.mark.view_pdf_2\n    def test_view_pdf_2(env, driver, authenticated_user):\n        logging.info(f\"environment -> {env}\")\n        login = authenticated_user\n        Pagelogin = Login(driver)\n        time.sleep(3)\n>       Pagelogin.phonenumber_btn.send_keys('7503078450')\n\ntraining_module_test.py:125: \n_ _ _ _ _ _ _ _ _ _ _ _ _ _ _ _ _ _ _ _ _ _ _ _ _ _ _ _ _ _ _ _ _ _ _ _ _ _ _ _ _ _ _ _ _ _ _ _ _ _ _ _ _ _ _ _ _ _ _ _ _ _ _ _ _ _ _ _ _ _ _ _ _ _\n..\\..\\Pages_Candidate\\login.py:21: in phonenumber_btn\n    return BaseElement(driver=self.driver, locator=locator)\n..\\..\\utils\\base_elements.py:43: in __init__\n    self.find()\n..\\..\\utils\\base_elements.py:49: in find\n    element = WebDriverWait(self.driver, 30).until(EC.visibility_of_element_located(locator=self.locator))\n_ _ _ _ _ _ _ _ _ _ _ _ _ _ _ _ _ _ _ _ _ _ _ _ _ _ _ _ _ _ _ _ _ _ _ _ _ _ _ _ _ _ _ _ _ _ _ _ _ _ _ _ _ _ _ _ _ _ _ _ _ _ _ _ _ _ _ _ _ _ _ _ _ _\n\nself = <selenium.webdriver.support.wait.WebDriverWait (session=\"34181bbf0e21055984c532318ab2e7cd\")>\nmethod = <function visibility_of_element_located.<locals>._predicate at 0x000001858EB9DB20>, message = ''\n\n    def until(self, method: Callable[[D], Union[Literal[False], T]], message: str = \"\") -> T:\n        \"\"\"Calls the method provided with the driver as an argument until the \\\n        return value does not evaluate to ``False``.\n    \n        :param method: callable(WebDriver)\n        :param message: optional message for :exc:`TimeoutException`\n        :returns: the result of the last call to `method`\n        :raises: :exc:`selenium.common.exceptions.TimeoutException` if timeout occurs\n        \"\"\"\n        screen = None\n        stacktrace = None\n    \n        end_time = time.monotonic() + self._timeout\n        while True:\n            try:\n                value = method(self._driver)\n                if value:\n                    return value\n            except self._ignored_exceptions as exc:\n                screen = getattr(exc, \"screen\", None)\n                stacktrace = getattr(exc, \"stacktrace\", None)\n            time.sleep(self._poll)\n            if time.monotonic() > end_time:\n                break\n>       raise TimeoutException(message, screen, stacktrace)\nE       selenium.common.exceptions.TimeoutException: Message: \nE       Stacktrace:\nE       \tGetHandleVerifier [0x00FD5523+24195]\nE       \t(No symbol) [0x00F6AA04]\nE       \t(No symbol) [0x00E62093]\nE       \t(No symbol) [0x00EA6ED2]\nE       \t(No symbol) [0x00EA711B]\nE       \t(No symbol) [0x00EE76F2]\nE       \t(No symbol) [0x00ECAB84]\nE       \t(No symbol) [0x00EE5280]\nE       \t(No symbol) [0x00ECA8D6]\nE       \t(No symbol) [0x00E9BA27]\nE       \t(No symbol) [0x00E9C43D]\nE       \tGetHandleVerifier [0x0129CE13+2938739]\nE       \tGetHandleVerifier [0x012EEC69+3274185]\nE       \tGetHandleVerifier [0x010609C2+594722]\nE       \tGetHandleVerifier [0x01067EDC+624700]\nE       \t(No symbol) [0x00F737CD]\nE       \t(No symbol) [0x00F70528]\nE       \t(No symbol) [0x00F706C5]\nE       \t(No symbol) [0x00F62CA6]\nE       \tBaseThreadInitThunk [0x75F8FCC9+25]\nE       \tRtlGetAppContainerNamedObjectPath [0x77B67C6E+286]\nE       \tRtlGetAppContainerNamedObjectPath [0x77B67C3E+238]\n\n..\\..\\..\\..\\AppData\\Local\\Programs\\Python\\Python312\\Lib\\site-packages\\selenium\\webdriver\\support\\wait.py:105: TimeoutException"}, "attachments": [{"name": "log", "source": "a754dec7-32fa-45f2-ad85-a36504a15a65-attachment.txt", "type": "text/plain"}, {"name": "stdout", "source": "f632c084-3e38-452a-935d-7eb4e556cb3f-attachment.txt", "type": "text/plain"}, {"name": "stderr", "source": "69216245-03cf-4b32-9ddf-6bde669af9ee-attachment.txt", "type": "text/plain"}], "start": 1729352477100, "stop": 1729352511696, "uuid": "a00ce1a3-5124-411f-83be-82e8ecb02dfe", "historyId": "a4d1348123be227c76873370c3680006", "testCaseId": "a4d1348123be227c76873370c3680006", "fullName": "tests.candidate_test.training_module_test#test_view_pdf_2", "labels": [{"name": "tag", "value": "view_pdf_2"}, {"name": "parentSuite", "value": "tests.candidate_test"}, {"name": "suite", "value": "training_module_test"}, {"name": "host", "value": "DESKTOP-4M0N7KL"}, {"name": "thread", "value": "3576-MainThread"}, {"name": "framework", "value": "pytest"}, {"name": "language", "value": "cpython3"}, {"name": "package", "value": "tests.candidate_test.training_module_test"}]}