{"name": "test_socialmedialinks", "status": "broken", "statusDetails": {"message": "selenium.common.exceptions.TimeoutException: Message: \nStacktrace:\n\tGetHandleVerifier [0x00DC8923+23283]\n\t(No symbol) [0x00D8E934]\n\t(No symbol) [0x00CC0733]\n\t(No symbol) [0x00D0326F]\n\t(No symbol) [0x00D034AB]\n\t(No symbol) [0x00D3EE42]\n\t(No symbol) [0x00D24464]\n\t(No symbol) [0x00D3CB8D]\n\t(No symbol) [0x00D241B6]\n\t(No symbol) [0x00CF8017]\n\t(No symbol) [0x00CF890D]\n\tGetHandleVerifier [0x00EBA5F3+1013699]\n\tGetHandleVerifier [0x00EC3E4C+1052700]\n\tGetHandleVerifier [0x00EBD4B4+1025668]\n\tGetHandleVerifier [0x00DEEA2B+179195]\n\t(No symbol) [0x00D96833]\n\t(No symbol) [0x00D93198]\n\t(No symbol) [0x00D93337]\n\t(No symbol) [0x00D8B4BE]\n\tBaseThreadInitThunk [0x75F8FCC9+25]\n\tRtlGetAppContainerNamedObjectPath [0x77B67C6E+286]\n\tRtlGetAppContainerNamedObjectPath [0x77B67C3E+238]", "trace": "authenticated_user = None, driver = <selenium.webdriver.chrome.webdriver.WebDriver (session=\"7a533eec49908968270cc3a3ebb6bd66\")>, env = 'dev'\n\n    @pytest.mark.socialmedialinks\n    def test_socialmedialinks(authenticated_user,driver,env):\n        logging.info(f\"environment -> {env}\")\n        login = authenticated_user\n        Pagelogin = Login(driver)\n        explore = ExploreJobs(driver)\n>       Pagelogin.phonenumber_btn.send_keys('7503078450')\n\nexplore_jobs_test.py:68: \n_ _ _ _ _ _ _ _ _ _ _ _ _ _ _ _ _ _ _ _ _ _ _ _ _ _ _ _ _ _ _ _ _ _ _ _ _ _ _ _ _ _ _ _ _ _ _ _ _ _ _ _ _ _ _ _ _ _ _ _ _ _ _ _ _ _ _ _ _ _ _ _ _ _\n..\\..\\Pages_Candidate\\login.py:21: in phonenumber_btn\n    return BaseElement(driver=self.driver, locator=locator)\n..\\..\\utils\\base_elements.py:43: in __init__\n    self.find()\n..\\..\\utils\\base_elements.py:49: in find\n    element = WebDriverWait(self.driver, 30).until(EC.visibility_of_element_located(locator=self.locator))\n_ _ _ _ _ _ _ _ _ _ _ _ _ _ _ _ _ _ _ _ _ _ _ _ _ _ _ _ _ _ _ _ _ _ _ _ _ _ _ _ _ _ _ _ _ _ _ _ _ _ _ _ _ _ _ _ _ _ _ _ _ _ _ _ _ _ _ _ _ _ _ _ _ _\n\nself = <selenium.webdriver.support.wait.WebDriverWait (session=\"7a533eec49908968270cc3a3ebb6bd66\")>\nmethod = <function visibility_of_element_located.<locals>._predicate at 0x000001C31BF55080>, message = ''\n\n    def until(self, method: Callable[[D], Union[Literal[False], T]], message: str = \"\") -> T:\n        \"\"\"Calls the method provided with the driver as an argument until the \\\n        return value does not evaluate to ``False``.\n    \n        :param method: callable(WebDriver)\n        :param message: optional message for :exc:`TimeoutException`\n        :returns: the result of the last call to `method`\n        :raises: :exc:`selenium.common.exceptions.TimeoutException` if timeout occurs\n        \"\"\"\n        screen = None\n        stacktrace = None\n    \n        end_time = time.monotonic() + self._timeout\n        while True:\n            try:\n                value = method(self._driver)\n                if value:\n                    return value\n            except self._ignored_exceptions as exc:\n                screen = getattr(exc, \"screen\", None)\n                stacktrace = getattr(exc, \"stacktrace\", None)\n            time.sleep(self._poll)\n            if time.monotonic() > end_time:\n                break\n>       raise TimeoutException(message, screen, stacktrace)\nE       selenium.common.exceptions.TimeoutException: Message: \nE       Stacktrace:\nE       \tGetHandleVerifier [0x00DC8923+23283]\nE       \t(No symbol) [0x00D8E934]\nE       \t(No symbol) [0x00CC0733]\nE       \t(No symbol) [0x00D0326F]\nE       \t(No symbol) [0x00D034AB]\nE       \t(No symbol) [0x00D3EE42]\nE       \t(No symbol) [0x00D24464]\nE       \t(No symbol) [0x00D3CB8D]\nE       \t(No symbol) [0x00D241B6]\nE       \t(No symbol) [0x00CF8017]\nE       \t(No symbol) [0x00CF890D]\nE       \tGetHandleVerifier [0x00EBA5F3+1013699]\nE       \tGetHandleVerifier [0x00EC3E4C+1052700]\nE       \tGetHandleVerifier [0x00EBD4B4+1025668]\nE       \tGetHandleVerifier [0x00DEEA2B+179195]\nE       \t(No symbol) [0x00D96833]\nE       \t(No symbol) [0x00D93198]\nE       \t(No symbol) [0x00D93337]\nE       \t(No symbol) [0x00D8B4BE]\nE       \tBaseThreadInitThunk [0x75F8FCC9+25]\nE       \tRtlGetAppContainerNamedObjectPath [0x77B67C6E+286]\nE       \tRtlGetAppContainerNamedObjectPath [0x77B67C3E+238]\n\n..\\..\\..\\..\\AppData\\Local\\Programs\\Python\\Python312\\Lib\\site-packages\\selenium\\webdriver\\support\\wait.py:105: TimeoutException"}, "attachments": [{"name": "log", "source": "4d819f57-a433-4b4f-9606-3138ed3d2b24-attachment.txt", "type": "text/plain"}, {"name": "stdout", "source": "5326ac36-cb74-4f6c-9ee1-48ce27aeda1f-attachment.txt", "type": "text/plain"}, {"name": "stderr", "source": "b7d2f34b-a7be-429a-97fd-79a365d0ae5f-attachment.txt", "type": "text/plain"}], "start": 1725260160912, "stop": 1725260192559, "uuid": "3902515a-64d5-45d2-901f-9e4ca56d10e7", "historyId": "f55921f5fe7517395f2b6f6720448263", "testCaseId": "f55921f5fe7517395f2b6f6720448263", "fullName": "tests.candidate_test.explore_jobs_test#test_socialmedialinks", "labels": [{"name": "tag", "value": "socialmedialinks"}, {"name": "parentSuite", "value": "tests.candidate_test"}, {"name": "suite", "value": "explore_jobs_test"}, {"name": "host", "value": "DESKTOP-4M0N7KL"}, {"name": "thread", "value": "25752-MainThread"}, {"name": "framework", "value": "pytest"}, {"name": "language", "value": "cpython3"}, {"name": "package", "value": "tests.candidate_test.explore_jobs_test"}]}