{"name": "test_view_training_module", "status": "broken", "statusDetails": {"message": "selenium.common.exceptions.TimeoutException: Message: \nStacktrace:\n\tGetHandleVerifier [0x009FD933+25811]\n\t(No symbol) [0x0098E314]\n\t(No symbol) [0x00882523]\n\t(No symbol) [0x008C7483]\n\t(No symbol) [0x008C765B]\n\t(No symbol) [0x00906BA2]\n\t(No symbol) [0x008EAD74]\n\t(No symbol) [0x009046F0]\n\t(No symbol) [0x008EAAC6]\n\t(No symbol) [0x008BBEFD]\n\t(No symbol) [0x008BC8FD]\n\tGetHandleVerifier [0x00CCF143+2981091]\n\tGetHandleVerifier [0x00D22FF9+3324825]\n\tGetHandleVerifier [0x00A8B32F+605903]\n\tGetHandleVerifier [0x00A92CBC+637020]\n\t(No symbol) [0x00996F4D]\n\t(No symbol) [0x00993DD8]\n\t(No symbol) [0x00993F75]\n\t(No symbol) [0x00986406]\n\tBaseThreadInitThunk [0x75F8FCC9+25]\n\tRtlGetAppContainerNamedObjectPath [0x77B67C6E+286]\n\tRtlGetAppContainerNamedObjectPath [0x77B67C3E+238]", "trace": "env = 'dev', driver = <selenium.webdriver.chrome.webdriver.WebDriver (session=\"81fb947477da14ae01799e13f9604a06\")>, authenticated_user = None\n\n    @pytest.mark.view_training_module\n    def test_view_training_module(env, driver, authenticated_user):\n        logging.info(f\"environment -> {env}\")\n        login = authenticated_user\n        Pagelogin = Login(driver)\n        time.sleep(3)\n        Pagelogin.phonenumber_btn.send_keys('7503078450')\n        Pagelogin.sendotp_btn.click()\n        time.sleep(5)\n        Pagelogin.Sendingotp_text.send_keys('000000')\n        Pagelogin.submitotp_btn.click()\n        time.sleep(7)\n        trainingmodule = TrainingModule(driver)\n        trainingmodule.training_module_tab.click()\n        time.sleep(4)\n>       trainingmodule.select_training_module.click()\n\ntraining_module_test.py:32: \n_ _ _ _ _ _ _ _ _ _ _ _ _ _ _ _ _ _ _ _ _ _ _ _ _ _ _ _ _ _ _ _ _ _ _ _ _ _ _ _ _ _ _ _ _ _ _ _ _ _ _ _ _ _ _ _ _ _ _ _ _ _ _ _ _ _ _ _ _ _ _ _ _ _\n..\\..\\Pages_Candidate\\training_module.py:15: in select_training_module\n    return BaseElement(driver=self.driver, locator=locator)\n..\\..\\utils\\base_elements.py:43: in __init__\n    self.find()\n..\\..\\utils\\base_elements.py:49: in find\n    element = WebDriverWait(self.driver, 30).until(EC.visibility_of_element_located(locator=self.locator))\n_ _ _ _ _ _ _ _ _ _ _ _ _ _ _ _ _ _ _ _ _ _ _ _ _ _ _ _ _ _ _ _ _ _ _ _ _ _ _ _ _ _ _ _ _ _ _ _ _ _ _ _ _ _ _ _ _ _ _ _ _ _ _ _ _ _ _ _ _ _ _ _ _ _\n\nself = <selenium.webdriver.support.wait.WebDriverWait (session=\"81fb947477da14ae01799e13f9604a06\")>\nmethod = <function visibility_of_element_located.<locals>._predicate at 0x00000191431E93A0>, message = ''\n\n    def until(self, method: Callable[[D], Union[Literal[False], T]], message: str = \"\") -> T:\n        \"\"\"Calls the method provided with the driver as an argument until the \\\n        return value does not evaluate to ``False``.\n    \n        :param method: callable(WebDriver)\n        :param message: optional message for :exc:`TimeoutException`\n        :returns: the result of the last call to `method`\n        :raises: :exc:`selenium.common.exceptions.TimeoutException` if timeout occurs\n        \"\"\"\n        screen = None\n        stacktrace = None\n    \n        end_time = time.monotonic() + self._timeout\n        while True:\n            try:\n                value = method(self._driver)\n                if value:\n                    return value\n            except self._ignored_exceptions as exc:\n                screen = getattr(exc, \"screen\", None)\n                stacktrace = getattr(exc, \"stacktrace\", None)\n            time.sleep(self._poll)\n            if time.monotonic() > end_time:\n                break\n>       raise TimeoutException(message, screen, stacktrace)\nE       selenium.common.exceptions.TimeoutException: Message: \nE       Stacktrace:\nE       \tGetHandleVerifier [0x009FD933+25811]\nE       \t(No symbol) [0x0098E314]\nE       \t(No symbol) [0x00882523]\nE       \t(No symbol) [0x008C7483]\nE       \t(No symbol) [0x008C765B]\nE       \t(No symbol) [0x00906BA2]\nE       \t(No symbol) [0x008EAD74]\nE       \t(No symbol) [0x009046F0]\nE       \t(No symbol) [0x008EAAC6]\nE       \t(No symbol) [0x008BBEFD]\nE       \t(No symbol) [0x008BC8FD]\nE       \tGetHandleVerifier [0x00CCF143+2981091]\nE       \tGetHandleVerifier [0x00D22FF9+3324825]\nE       \tGetHandleVerifier [0x00A8B32F+605903]\nE       \tGetHandleVerifier [0x00A92CBC+637020]\nE       \t(No symbol) [0x00996F4D]\nE       \t(No symbol) [0x00993DD8]\nE       \t(No symbol) [0x00993F75]\nE       \t(No symbol) [0x00986406]\nE       \tBaseThreadInitThunk [0x75F8FCC9+25]\nE       \tRtlGetAppContainerNamedObjectPath [0x77B67C6E+286]\nE       \tRtlGetAppContainerNamedObjectPath [0x77B67C3E+238]\n\n..\\..\\..\\..\\AppData\\Local\\Programs\\Python\\Python312\\Lib\\site-packages\\selenium\\webdriver\\support\\wait.py:105: TimeoutException"}, "attachments": [{"name": "log", "source": "fd1c1f32-c233-4093-b9e7-c16784017bcf-attachment.txt", "type": "text/plain"}, {"name": "stdout", "source": "9a656f6f-4d98-4b1b-a7e3-ad117ab54706-attachment.txt", "type": "text/plain"}, {"name": "stderr", "source": "38f0a70e-fd42-47c6-a236-d3894df7b46d-attachment.txt", "type": "text/plain"}], "start": 1726731229171, "stop": 1726731280756, "uuid": "900855a2-fd41-4289-93c5-e24012850bd5", "historyId": "7b57d004af1340a2f4ebdea69dc8f82c", "testCaseId": "7b57d004af1340a2f4ebdea69dc8f82c", "fullName": "tests.candidate_test.training_module_test#test_view_training_module", "labels": [{"name": "tag", "value": "view_training_module"}, {"name": "parentSuite", "value": "tests.candidate_test"}, {"name": "suite", "value": "training_module_test"}, {"name": "host", "value": "DESKTOP-4M0N7KL"}, {"name": "thread", "value": "16492-MainThread"}, {"name": "framework", "value": "pytest"}, {"name": "language", "value": "cpython3"}, {"name": "package", "value": "tests.candidate_test.training_module_test"}]}