{"name": "test_view_incomplete_jobs", "status": "broken", "statusDetails": {"message": "selenium.common.exceptions.TimeoutException: Message: \nStacktrace:\n\tGetHandleVerifier [0x00BED933+25811]\n\t(No symbol) [0x00B7E314]\n\t(No symbol) [0x00A72523]\n\t(No symbol) [0x00AB7483]\n\t(No symbol) [0x00AB765B]\n\t(No symbol) [0x00AF6BA2]\n\t(No symbol) [0x00ADAD74]\n\t(No symbol) [0x00AF46F0]\n\t(No symbol) [0x00ADAAC6]\n\t(No symbol) [0x00AABEFD]\n\t(No symbol) [0x00AAC8FD]\n\tGetHandleVerifier [0x00EBF143+2981091]\n\tGetHandleVerifier [0x00F12FF9+3324825]\n\tGetHandleVerifier [0x00C7B32F+605903]\n\tGetHandleVerifier [0x00C82CBC+637020]\n\t(No symbol) [0x00B86F4D]\n\t(No symbol) [0x00B83DD8]\n\t(No symbol) [0x00B83F75]\n\t(No symbol) [0x00B76406]\n\tBaseThreadInitThunk [0x75F8FCC9+25]\n\tRtlGetAppContainerNamedObjectPath [0x77B67C6E+286]\n\tRtlGetAppContainerNamedObjectPath [0x77B67C3E+238]", "trace": "env = 'dev', driver = <selenium.webdriver.chrome.webdriver.WebDriver (session=\"1ccf2e10492a646637dbf131ce1c9fce\")>, authenticated_user = None\n\n    @pytest.mark.view_incomplete_jobs\n    def test_view_incomplete_jobs(env, driver, authenticated_user):\n        result = Result(driver)\n        Pagelogin = Login(driver)\n        time.sleep(3)\n        Pagelogin.phonenumber_btn.send_keys('7503078450')\n        Pagelogin.sendotp_btn.click()\n        time.sleep(5)\n        Pagelogin.Sendingotp_text.send_keys('000000')\n        Pagelogin.submitotp_btn.click()\n        time.sleep(7)\n        result.result_page.click()\n        time.sleep(5)\n>       result.incompletejob_btn.click()\n\nresult_test.py:68: \n_ _ _ _ _ _ _ _ _ _ _ _ _ _ _ _ _ _ _ _ _ _ _ _ _ _ _ _ _ _ _ _ _ _ _ _ _ _ _ _ _ _ _ _ _ _ _ _ _ _ _ _ _ _ _ _ _ _ _ _ _ _ _ _ _ _ _ _ _ _ _ _ _ _\n..\\..\\Pages_Candidate\\result_page.py:30: in incompletejob_btn\n    return BaseElement(driver=self.driver, locator=locator)\n..\\..\\utils\\base_elements.py:43: in __init__\n    self.find()\n..\\..\\utils\\base_elements.py:49: in find\n    element = WebDriverWait(self.driver, 30).until(EC.visibility_of_element_located(locator=self.locator))\n_ _ _ _ _ _ _ _ _ _ _ _ _ _ _ _ _ _ _ _ _ _ _ _ _ _ _ _ _ _ _ _ _ _ _ _ _ _ _ _ _ _ _ _ _ _ _ _ _ _ _ _ _ _ _ _ _ _ _ _ _ _ _ _ _ _ _ _ _ _ _ _ _ _\n\nself = <selenium.webdriver.support.wait.WebDriverWait (session=\"1ccf2e10492a646637dbf131ce1c9fce\")>\nmethod = <function visibility_of_element_located.<locals>._predicate at 0x0000027F139D5A80>, message = ''\n\n    def until(self, method: Callable[[D], Union[Literal[False], T]], message: str = \"\") -> T:\n        \"\"\"Calls the method provided with the driver as an argument until the \\\n        return value does not evaluate to ``False``.\n    \n        :param method: callable(WebDriver)\n        :param message: optional message for :exc:`TimeoutException`\n        :returns: the result of the last call to `method`\n        :raises: :exc:`selenium.common.exceptions.TimeoutException` if timeout occurs\n        \"\"\"\n        screen = None\n        stacktrace = None\n    \n        end_time = time.monotonic() + self._timeout\n        while True:\n            try:\n                value = method(self._driver)\n                if value:\n                    return value\n            except self._ignored_exceptions as exc:\n                screen = getattr(exc, \"screen\", None)\n                stacktrace = getattr(exc, \"stacktrace\", None)\n            time.sleep(self._poll)\n            if time.monotonic() > end_time:\n                break\n>       raise TimeoutException(message, screen, stacktrace)\nE       selenium.common.exceptions.TimeoutException: Message: \nE       Stacktrace:\nE       \tGetHandleVerifier [0x00BED933+25811]\nE       \t(No symbol) [0x00B7E314]\nE       \t(No symbol) [0x00A72523]\nE       \t(No symbol) [0x00AB7483]\nE       \t(No symbol) [0x00AB765B]\nE       \t(No symbol) [0x00AF6BA2]\nE       \t(No symbol) [0x00ADAD74]\nE       \t(No symbol) [0x00AF46F0]\nE       \t(No symbol) [0x00ADAAC6]\nE       \t(No symbol) [0x00AABEFD]\nE       \t(No symbol) [0x00AAC8FD]\nE       \tGetHandleVerifier [0x00EBF143+2981091]\nE       \tGetHandleVerifier [0x00F12FF9+3324825]\nE       \tGetHandleVerifier [0x00C7B32F+605903]\nE       \tGetHandleVerifier [0x00C82CBC+637020]\nE       \t(No symbol) [0x00B86F4D]\nE       \t(No symbol) [0x00B83DD8]\nE       \t(No symbol) [0x00B83F75]\nE       \t(No symbol) [0x00B76406]\nE       \tBaseThreadInitThunk [0x75F8FCC9+25]\nE       \tRtlGetAppContainerNamedObjectPath [0x77B67C6E+286]\nE       \tRtlGetAppContainerNamedObjectPath [0x77B67C3E+238]\n\n..\\..\\..\\..\\AppData\\Local\\Programs\\Python\\Python312\\Lib\\site-packages\\selenium\\webdriver\\support\\wait.py:105: TimeoutException"}, "attachments": [{"name": "log", "source": "05bfe10d-8d8e-4ac9-a166-d23787fee28c-attachment.txt", "type": "text/plain"}, {"name": "stdout", "source": "90c66aa6-a0d9-4b32-b7f4-32f9a3e85793-attachment.txt", "type": "text/plain"}, {"name": "stderr", "source": "a567ddf0-fbf2-4cc0-ab83-0065498d18dc-attachment.txt", "type": "text/plain"}], "start": 1727434213928, "stop": 1727434266189, "uuid": "baf70edf-6d00-4136-bac9-c6187f463f95", "historyId": "929c8c1b00259f1b64fa58fa278ee461", "testCaseId": "929c8c1b00259f1b64fa58fa278ee461", "fullName": "tests.candidate_test.result_test#test_view_incomplete_jobs", "labels": [{"name": "tag", "value": "view_incomplete_jobs"}, {"name": "parentSuite", "value": "tests.candidate_test"}, {"name": "suite", "value": "result_test"}, {"name": "host", "value": "DESKTOP-4M0N7KL"}, {"name": "thread", "value": "17360-MainThread"}, {"name": "framework", "value": "pytest"}, {"name": "language", "value": "cpython3"}, {"name": "package", "value": "tests.candidate_test.result_test"}]}