{"name": "test_download_scorecard", "status": "broken", "statusDetails": {"message": "selenium.common.exceptions.TimeoutException: Message: \nStacktrace:\n\tGetHandleVerifier [0x005DEBD3+24307]\n\t(No symbol) [0x00568D74]\n\t(No symbol) [0x0044C323]\n\t(No symbol) [0x0048DC86]\n\t(No symbol) [0x0048DECB]\n\t(No symbol) [0x004CB9F2]\n\t(No symbol) [0x004AFED4]\n\t(No symbol) [0x004C9579]\n\t(No symbol) [0x004AFC26]\n\t(No symbol) [0x0048219C]\n\t(No symbol) [0x0048311D]\n\tGetHandleVerifier [0x00888D93+2818227]\n\tGetHandleVerifier [0x008E542E+3196750]\n\tGetHandleVerifier [0x008DD9D2+3165426]\n\tGetHandleVerifier [0x0067DA70+675216]\n\t(No symbol) [0x00571B3D]\n\t(No symbol) [0x0056EA18]\n\t(No symbol) [0x0056EBB5]\n\t(No symbol) [0x00561640]\n\tBaseThreadInitThunk [0x75F8FCC9+25]\n\tRtlGetAppContainerNamedObjectPath [0x77B67C6E+286]\n\tRtlGetAppContainerNamedObjectPath [0x77B67C3E+238]", "trace": "env = 'services', driver = <selenium.webdriver.chrome.webdriver.WebDriver (session=\"95436f1448022ee5279d9a53b2591f45\")>, authenticated_user = None\n\n    @pytest.mark.download_scorecard\n    def test_download_scorecard(env, driver, authenticated_user):\n        result = Result(driver)\n        Pagelogin = Login(driver)\n        time.sleep(3)\n>       Pagelogin.phonenumber_btn.send_keys('7503078450')\n\nresult_test.py:113: \n_ _ _ _ _ _ _ _ _ _ _ _ _ _ _ _ _ _ _ _ _ _ _ _ _ _ _ _ _ _ _ _ _ _ _ _ _ _ _ _ _ _ _ _ _ _ _ _ _ _ _ _ _ _ _ _ _ _ _ _ _ _ _ _ _ _ _ _ _ _ _ _ _ _\n..\\..\\Pages_Candidate\\login.py:21: in phonenumber_btn\n    return BaseElement(driver=self.driver, locator=locator)\n..\\..\\utils\\base_elements.py:43: in __init__\n    self.find()\n..\\..\\utils\\base_elements.py:49: in find\n    element = WebDriverWait(self.driver, 30).until(EC.visibility_of_element_located(locator=self.locator))\n_ _ _ _ _ _ _ _ _ _ _ _ _ _ _ _ _ _ _ _ _ _ _ _ _ _ _ _ _ _ _ _ _ _ _ _ _ _ _ _ _ _ _ _ _ _ _ _ _ _ _ _ _ _ _ _ _ _ _ _ _ _ _ _ _ _ _ _ _ _ _ _ _ _\n\nself = <selenium.webdriver.support.wait.WebDriverWait (session=\"95436f1448022ee5279d9a53b2591f45\")>\nmethod = <function visibility_of_element_located.<locals>._predicate at 0x00000192E83E9E40>, message = ''\n\n    def until(self, method: Callable[[D], Union[Literal[False], T]], message: str = \"\") -> T:\n        \"\"\"Calls the method provided with the driver as an argument until the \\\n        return value does not evaluate to ``False``.\n    \n        :param method: callable(WebDriver)\n        :param message: optional message for :exc:`TimeoutException`\n        :returns: the result of the last call to `method`\n        :raises: :exc:`selenium.common.exceptions.TimeoutException` if timeout occurs\n        \"\"\"\n        screen = None\n        stacktrace = None\n    \n        end_time = time.monotonic() + self._timeout\n        while True:\n            try:\n                value = method(self._driver)\n                if value:\n                    return value\n            except self._ignored_exceptions as exc:\n                screen = getattr(exc, \"screen\", None)\n                stacktrace = getattr(exc, \"stacktrace\", None)\n            time.sleep(self._poll)\n            if time.monotonic() > end_time:\n                break\n>       raise TimeoutException(message, screen, stacktrace)\nE       selenium.common.exceptions.TimeoutException: Message: \nE       Stacktrace:\nE       \tGetHandleVerifier [0x005DEBD3+24307]\nE       \t(No symbol) [0x00568D74]\nE       \t(No symbol) [0x0044C323]\nE       \t(No symbol) [0x0048DC86]\nE       \t(No symbol) [0x0048DECB]\nE       \t(No symbol) [0x004CB9F2]\nE       \t(No symbol) [0x004AFED4]\nE       \t(No symbol) [0x004C9579]\nE       \t(No symbol) [0x004AFC26]\nE       \t(No symbol) [0x0048219C]\nE       \t(No symbol) [0x0048311D]\nE       \tGetHandleVerifier [0x00888D93+2818227]\nE       \tGetHandleVerifier [0x008E542E+3196750]\nE       \tGetHandleVerifier [0x008DD9D2+3165426]\nE       \tGetHandleVerifier [0x0067DA70+675216]\nE       \t(No symbol) [0x00571B3D]\nE       \t(No symbol) [0x0056EA18]\nE       \t(No symbol) [0x0056EBB5]\nE       \t(No symbol) [0x00561640]\nE       \tBaseThreadInitThunk [0x75F8FCC9+25]\nE       \tRtlGetAppContainerNamedObjectPath [0x77B67C6E+286]\nE       \tRtlGetAppContainerNamedObjectPath [0x77B67C3E+238]\n\n..\\..\\..\\..\\AppData\\Local\\Programs\\Python\\Python312\\Lib\\site-packages\\selenium\\webdriver\\support\\wait.py:105: TimeoutException"}, "attachments": [{"name": "log", "source": "c24700ee-65f5-44c9-b077-7570c064dca8-attachment.txt", "type": "text/plain"}, {"name": "stdout", "source": "1597e603-4d62-45c0-8ce6-e293b7504ca1-attachment.txt", "type": "text/plain"}, {"name": "stderr", "source": "7ea0c44f-f848-4c65-87c3-92a4a5a97fd1-attachment.txt", "type": "text/plain"}], "start": 1732014511538, "stop": 1732014546151, "uuid": "be05db57-04e0-4a24-aeda-24f3a2faf722", "historyId": "ccc3f45500b30dd73c66c2a90308dc5a", "testCaseId": "ccc3f45500b30dd73c66c2a90308dc5a", "fullName": "tests.candidate_test.result_test#test_download_scorecard", "labels": [{"name": "tag", "value": "download_scorecard"}, {"name": "parentSuite", "value": "tests.candidate_test"}, {"name": "suite", "value": "result_test"}, {"name": "host", "value": "DESKTOP-4M0N7KL"}, {"name": "thread", "value": "5296-MainThread"}, {"name": "framework", "value": "pytest"}, {"name": "language", "value": "cpython3"}, {"name": "package", "value": "tests.candidate_test.result_test"}]}