{"name": "test_searchandapplyjob", "status": "broken", "statusDetails": {"message": "selenium.common.exceptions.TimeoutException: Message: \nStacktrace:\n\tGetHandleVerifier [0x00488923+23283]\n\t(No symbol) [0x0044E934]\n\t(No symbol) [0x00380733]\n\t(No symbol) [0x003C326F]\n\t(No symbol) [0x003C34AB]\n\t(No symbol) [0x003FEE42]\n\t(No symbol) [0x003E4464]\n\t(No symbol) [0x003FCB8D]\n\t(No symbol) [0x003E41B6]\n\t(No symbol) [0x003B8017]\n\t(No symbol) [0x003B890D]\n\tGetHandleVerifier [0x0057A5F3+1013699]\n\tGetHandleVerifier [0x00583E4C+1052700]\n\tGetHandleVerifier [0x0057D4B4+1025668]\n\tGetHandleVerifier [0x004AEA2B+179195]\n\t(No symbol) [0x00456833]\n\t(No symbol) [0x00453198]\n\t(No symbol) [0x00453337]\n\t(No symbol) [0x0044B4BE]\n\tBaseThreadInitThunk [0x75F8FCC9+25]\n\tRtlGetAppContainerNamedObjectPath [0x77B67C6E+286]\n\tRtlGetAppContainerNamedObjectPath [0x77B67C3E+238]", "trace": "env = 'dev', driver = <selenium.webdriver.chrome.webdriver.WebDriver (session=\"87d12555765a3b724de15f87e6225224\")>, authenticated_user = None\n\n    @pytest.mark.searchandapplyjob\n    def test_searchandapplyjob(env, driver, authenticated_user):\n        logging.info(f\"environment -> {env}\")\n        login = authenticated_user\n        Pagelogin = Login(driver)\n        explore = ExploreJobs(driver)\n        Pagelogin.phonenumber_btn.send_keys('7503078450')\n        Pagelogin.sendotp_btn.click()\n        time.sleep(5)\n        Pagelogin.Sendingotp_text.send_keys('000000')\n        Pagelogin.submitotp_btn.click()\n        time.sleep(7)\n        explore.result_page_btn.click()\n        explore.searchjob_btn.send_keys(\"TESTING -WEB\")\n        time.sleep(2)\n        explore.applyjob_btn.click()\n        time.sleep(10)\n        explore.proceed_to_apply_btn.click()\n        time.sleep(10)\n        # explore.refrence_soucre.send_keys('resource_source')\n>       explore.select_exam_language_btn.click()\n\nexplore_jobs_test.py:54: \n_ _ _ _ _ _ _ _ _ _ _ _ _ _ _ _ _ _ _ _ _ _ _ _ _ _ _ _ _ _ _ _ _ _ _ _ _ _ _ _ _ _ _ _ _ _ _ _ _ _ _ _ _ _ _ _ _ _ _ _ _ _ _ _ _ _ _ _ _ _ _ _ _ _\n..\\..\\Pages_Candidate\\explore_jobs.py:37: in select_exam_language_btn\n    return BaseElement(driver=self.driver, locator=locator)\n..\\..\\utils\\base_elements.py:43: in __init__\n    self.find()\n..\\..\\utils\\base_elements.py:49: in find\n    element = WebDriverWait(self.driver, 30).until(EC.visibility_of_element_located(locator=self.locator))\n_ _ _ _ _ _ _ _ _ _ _ _ _ _ _ _ _ _ _ _ _ _ _ _ _ _ _ _ _ _ _ _ _ _ _ _ _ _ _ _ _ _ _ _ _ _ _ _ _ _ _ _ _ _ _ _ _ _ _ _ _ _ _ _ _ _ _ _ _ _ _ _ _ _\n\nself = <selenium.webdriver.support.wait.WebDriverWait (session=\"87d12555765a3b724de15f87e6225224\")>\nmethod = <function visibility_of_element_located.<locals>._predicate at 0x000002A216746F20>, message = ''\n\n    def until(self, method: Callable[[D], Union[Literal[False], T]], message: str = \"\") -> T:\n        \"\"\"Calls the method provided with the driver as an argument until the \\\n        return value does not evaluate to ``False``.\n    \n        :param method: callable(WebDriver)\n        :param message: optional message for :exc:`TimeoutException`\n        :returns: the result of the last call to `method`\n        :raises: :exc:`selenium.common.exceptions.TimeoutException` if timeout occurs\n        \"\"\"\n        screen = None\n        stacktrace = None\n    \n        end_time = time.monotonic() + self._timeout\n        while True:\n            try:\n                value = method(self._driver)\n                if value:\n                    return value\n            except self._ignored_exceptions as exc:\n                screen = getattr(exc, \"screen\", None)\n                stacktrace = getattr(exc, \"stacktrace\", None)\n            time.sleep(self._poll)\n            if time.monotonic() > end_time:\n                break\n>       raise TimeoutException(message, screen, stacktrace)\nE       selenium.common.exceptions.TimeoutException: Message: \nE       Stacktrace:\nE       \tGetHandleVerifier [0x00488923+23283]\nE       \t(No symbol) [0x0044E934]\nE       \t(No symbol) [0x00380733]\nE       \t(No symbol) [0x003C326F]\nE       \t(No symbol) [0x003C34AB]\nE       \t(No symbol) [0x003FEE42]\nE       \t(No symbol) [0x003E4464]\nE       \t(No symbol) [0x003FCB8D]\nE       \t(No symbol) [0x003E41B6]\nE       \t(No symbol) [0x003B8017]\nE       \t(No symbol) [0x003B890D]\nE       \tGetHandleVerifier [0x0057A5F3+1013699]\nE       \tGetHandleVerifier [0x00583E4C+1052700]\nE       \tGetHandleVerifier [0x0057D4B4+1025668]\nE       \tGetHandleVerifier [0x004AEA2B+179195]\nE       \t(No symbol) [0x00456833]\nE       \t(No symbol) [0x00453198]\nE       \t(No symbol) [0x00453337]\nE       \t(No symbol) [0x0044B4BE]\nE       \tBaseThreadInitThunk [0x75F8FCC9+25]\nE       \tRtlGetAppContainerNamedObjectPath [0x77B67C6E+286]\nE       \tRtlGetAppContainerNamedObjectPath [0x77B67C3E+238]\n\n..\\..\\..\\..\\AppData\\Local\\Programs\\Python\\Python312\\Lib\\site-packages\\selenium\\webdriver\\support\\wait.py:105: TimeoutException"}, "attachments": [{"name": "log", "source": "f3a02a8f-18bd-41f7-968b-20ae83b79c1f-attachment.txt", "type": "text/plain"}, {"name": "stdout", "source": "e464bbaa-36c0-4722-a24e-743edb9464ad-attachment.txt", "type": "text/plain"}, {"name": "stderr", "source": "6110f89b-c2bf-4205-823e-255eaa4684c5-attachment.txt", "type": "text/plain"}], "start": 1724757522541, "stop": 1724757591965, "uuid": "15150627-0ee9-453f-b970-0ceb5a3b672c", "historyId": "fe859a1cacd049229d2ebf7a07d1b71e", "testCaseId": "fe859a1cacd049229d2ebf7a07d1b71e", "fullName": "tests.candidate_test.explore_jobs_test#test_searchandapplyjob", "labels": [{"name": "tag", "value": "searchandapplyjob"}, {"name": "parentSuite", "value": "tests.candidate_test"}, {"name": "suite", "value": "explore_jobs_test"}, {"name": "host", "value": "DESKTOP-4M0N7KL"}, {"name": "thread", "value": "4808-MainThread"}, {"name": "framework", "value": "pytest"}, {"name": "language", "value": "cpython3"}, {"name": "package", "value": "tests.candidate_test.explore_jobs_test"}]}