{"name": "test_download_score_card", "status": "broken", "statusDetails": {"message": "selenium.common.exceptions.TimeoutException: Message: \nStacktrace:\n\tGetHandleVerifier [0x00BED933+25811]\n\t(No symbol) [0x00B7E314]\n\t(No symbol) [0x00A72523]\n\t(No symbol) [0x00AB7483]\n\t(No symbol) [0x00AB765B]\n\t(No symbol) [0x00AF6BA2]\n\t(No symbol) [0x00ADAD74]\n\t(No symbol) [0x00AF46F0]\n\t(No symbol) [0x00ADAAC6]\n\t(No symbol) [0x00AABEFD]\n\t(No symbol) [0x00AAC8FD]\n\tGetHandleVerifier [0x00EBF143+2981091]\n\tGetHandleVerifier [0x00F12FF9+3324825]\n\tGetHandleVerifier [0x00C7B32F+605903]\n\tGetHandleVerifier [0x00C82CBC+637020]\n\t(No symbol) [0x00B86F4D]\n\t(No symbol) [0x00B83DD8]\n\t(No symbol) [0x00B83F75]\n\t(No symbol) [0x00B76406]\n\tBaseThreadInitThunk [0x75F8FCC9+25]\n\tRtlGetAppContainerNamedObjectPath [0x77B67C6E+286]\n\tRtlGetAppContainerNamedObjectPath [0x77B67C3E+238]", "trace": "env = 'dev', driver = <selenium.webdriver.chrome.webdriver.WebDriver (session=\"ba333de4630a6ad52e0372b107bfd18a\")>, authenticated_user = None\n\n    @pytest.mark.download_score_card\n    def test_download_score_card(env, driver, authenticated_user):\n        result = Result(driver)\n        Pagelogin = Login(driver)\n        time.sleep(3)\n        Pagelogin.phonenumber_btn.send_keys('7503078450')\n        Pagelogin.sendotp_btn.click()\n        time.sleep(5)\n        Pagelogin.Sendingotp_text.send_keys('000000')\n        Pagelogin.submitotp_btn.click()\n        time.sleep(7)\n        result.result_page.click()\n        time.sleep(5)\n>       result.results_checkbox.click()\n\nresult_test.py:47: \n_ _ _ _ _ _ _ _ _ _ _ _ _ _ _ _ _ _ _ _ _ _ _ _ _ _ _ _ _ _ _ _ _ _ _ _ _ _ _ _ _ _ _ _ _ _ _ _ _ _ _ _ _ _ _ _ _ _ _ _ _ _ _ _ _ _ _ _ _ _ _ _ _ _\n..\\..\\Pages_Candidate\\result_page.py:15: in results_checkbox\n    return BaseElement(driver=self.driver, locator=locator)\n..\\..\\utils\\base_elements.py:43: in __init__\n    self.find()\n..\\..\\utils\\base_elements.py:49: in find\n    element = WebDriverWait(self.driver, 30).until(EC.visibility_of_element_located(locator=self.locator))\n_ _ _ _ _ _ _ _ _ _ _ _ _ _ _ _ _ _ _ _ _ _ _ _ _ _ _ _ _ _ _ _ _ _ _ _ _ _ _ _ _ _ _ _ _ _ _ _ _ _ _ _ _ _ _ _ _ _ _ _ _ _ _ _ _ _ _ _ _ _ _ _ _ _\n\nself = <selenium.webdriver.support.wait.WebDriverWait (session=\"ba333de4630a6ad52e0372b107bfd18a\")>\nmethod = <function visibility_of_element_located.<locals>._predicate at 0x000001F899B71BC0>, message = ''\n\n    def until(self, method: Callable[[D], Union[Literal[False], T]], message: str = \"\") -> T:\n        \"\"\"Calls the method provided with the driver as an argument until the \\\n        return value does not evaluate to ``False``.\n    \n        :param method: callable(WebDriver)\n        :param message: optional message for :exc:`TimeoutException`\n        :returns: the result of the last call to `method`\n        :raises: :exc:`selenium.common.exceptions.TimeoutException` if timeout occurs\n        \"\"\"\n        screen = None\n        stacktrace = None\n    \n        end_time = time.monotonic() + self._timeout\n        while True:\n            try:\n                value = method(self._driver)\n                if value:\n                    return value\n            except self._ignored_exceptions as exc:\n                screen = getattr(exc, \"screen\", None)\n                stacktrace = getattr(exc, \"stacktrace\", None)\n            time.sleep(self._poll)\n            if time.monotonic() > end_time:\n                break\n>       raise TimeoutException(message, screen, stacktrace)\nE       selenium.common.exceptions.TimeoutException: Message: \nE       Stacktrace:\nE       \tGetHandleVerifier [0x00BED933+25811]\nE       \t(No symbol) [0x00B7E314]\nE       \t(No symbol) [0x00A72523]\nE       \t(No symbol) [0x00AB7483]\nE       \t(No symbol) [0x00AB765B]\nE       \t(No symbol) [0x00AF6BA2]\nE       \t(No symbol) [0x00ADAD74]\nE       \t(No symbol) [0x00AF46F0]\nE       \t(No symbol) [0x00ADAAC6]\nE       \t(No symbol) [0x00AABEFD]\nE       \t(No symbol) [0x00AAC8FD]\nE       \tGetHandleVerifier [0x00EBF143+2981091]\nE       \tGetHandleVerifier [0x00F12FF9+3324825]\nE       \tGetHandleVerifier [0x00C7B32F+605903]\nE       \tGetHandleVerifier [0x00C82CBC+637020]\nE       \t(No symbol) [0x00B86F4D]\nE       \t(No symbol) [0x00B83DD8]\nE       \t(No symbol) [0x00B83F75]\nE       \t(No symbol) [0x00B76406]\nE       \tBaseThreadInitThunk [0x75F8FCC9+25]\nE       \tRtlGetAppContainerNamedObjectPath [0x77B67C6E+286]\nE       \tRtlGetAppContainerNamedObjectPath [0x77B67C3E+238]\n\n..\\..\\..\\..\\AppData\\Local\\Programs\\Python\\Python312\\Lib\\site-packages\\selenium\\webdriver\\support\\wait.py:105: TimeoutException"}, "attachments": [{"name": "log", "source": "4e64981b-c577-4f42-9d24-ecfc2def8175-attachment.txt", "type": "text/plain"}, {"name": "stdout", "source": "1ca4f716-a3a8-4aa9-bbd2-16d84d4353d5-attachment.txt", "type": "text/plain"}, {"name": "stderr", "source": "578abb88-bad2-4e49-bb25-fe81d4ecb636-attachment.txt", "type": "text/plain"}], "start": 1727434113392, "stop": 1727434165568, "uuid": "a93c8115-01a9-4432-be80-a325884d6bcc", "historyId": "6a066560d82138824fef84ca2accc9eb", "testCaseId": "6a066560d82138824fef84ca2accc9eb", "fullName": "tests.candidate_test.result_test#test_download_score_card", "labels": [{"name": "tag", "value": "download_score_card"}, {"name": "parentSuite", "value": "tests.candidate_test"}, {"name": "suite", "value": "result_test"}, {"name": "host", "value": "DESKTOP-4M0N7KL"}, {"name": "thread", "value": "35636-MainThread"}, {"name": "framework", "value": "pytest"}, {"name": "language", "value": "cpython3"}, {"name": "package", "value": "tests.candidate_test.result_test"}]}