{"name": "test_searchandapplyjob", "status": "broken", "statusDetails": {"message": "selenium.common.exceptions.TimeoutException: Message: \nStacktrace:\n\tGetHandleVerifier [0x01078923+23283]\n\t(No symbol) [0x0103E934]\n\t(No symbol) [0x00F70733]\n\t(No symbol) [0x00FB326F]\n\t(No symbol) [0x00FB34AB]\n\t(No symbol) [0x00FEEE42]\n\t(No symbol) [0x00FD4464]\n\t(No symbol) [0x00FECB8D]\n\t(No symbol) [0x00FD41B6]\n\t(No symbol) [0x00FA8017]\n\t(No symbol) [0x00FA890D]\n\tGetHandleVerifier [0x0116A5F3+1013699]\n\tGetHandleVerifier [0x01173E4C+1052700]\n\tGetHandleVerifier [0x0116D4B4+1025668]\n\tGetHandleVerifier [0x0109EA2B+179195]\n\t(No symbol) [0x01046833]\n\t(No symbol) [0x01043198]\n\t(No symbol) [0x01043337]\n\t(No symbol) [0x0103B4BE]\n\tBaseThreadInitThunk [0x75F8FCC9+25]\n\tRtlGetAppContainerNamedObjectPath [0x77B67C6E+286]\n\tRtlGetAppContainerNamedObjectPath [0x77B67C3E+238]", "trace": "env = 'dev', driver = <selenium.webdriver.chrome.webdriver.WebDriver (session=\"59917169cf4f039abebd5bb465bc4f24\")>, authenticated_user = None\n\n    @pytest.mark.searchandapplyjob\n    def test_searchandapplyjob(env, driver, authenticated_user):\n        logging.info(f\"environment -> {env}\")\n        login = authenticated_user\n        Pagelogin = Login(driver)\n        explore = ExploreJobs(driver)\n        Pagelogin.phonenumber_btn.send_keys('7503078450')\n        Pagelogin.sendotp_btn.click()\n        time.sleep(5)\n        Pagelogin.Sendingotp_text.send_keys('000000')\n        Pagelogin.submitotp_btn.click()\n        time.sleep(7)\n>       explore.result_page_btn.click()\n\nexplore_jobs_test.py:46: \n_ _ _ _ _ _ _ _ _ _ _ _ _ _ _ _ _ _ _ _ _ _ _ _ _ _ _ _ _ _ _ _ _ _ _ _ _ _ _ _ _ _ _ _ _ _ _ _ _ _ _ _ _ _ _ _ _ _ _ _ _ _ _ _ _ _ _ _ _ _ _ _ _ _\n..\\..\\Pages_Candidate\\explore_jobs.py:32: in result_page_btn\n    return BaseElement(driver=self.driver, locator=locator)\n..\\..\\utils\\base_elements.py:43: in __init__\n    self.find()\n..\\..\\utils\\base_elements.py:49: in find\n    element = WebDriverWait(self.driver, 30).until(EC.visibility_of_element_located(locator=self.locator))\n_ _ _ _ _ _ _ _ _ _ _ _ _ _ _ _ _ _ _ _ _ _ _ _ _ _ _ _ _ _ _ _ _ _ _ _ _ _ _ _ _ _ _ _ _ _ _ _ _ _ _ _ _ _ _ _ _ _ _ _ _ _ _ _ _ _ _ _ _ _ _ _ _ _\n\nself = <selenium.webdriver.support.wait.WebDriverWait (session=\"59917169cf4f039abebd5bb465bc4f24\")>\nmethod = <function visibility_of_element_located.<locals>._predicate at 0x0000016799A4AF20>, message = ''\n\n    def until(self, method: Callable[[D], Union[Literal[False], T]], message: str = \"\") -> T:\n        \"\"\"Calls the method provided with the driver as an argument until the \\\n        return value does not evaluate to ``False``.\n    \n        :param method: callable(WebDriver)\n        :param message: optional message for :exc:`TimeoutException`\n        :returns: the result of the last call to `method`\n        :raises: :exc:`selenium.common.exceptions.TimeoutException` if timeout occurs\n        \"\"\"\n        screen = None\n        stacktrace = None\n    \n        end_time = time.monotonic() + self._timeout\n        while True:\n            try:\n                value = method(self._driver)\n                if value:\n                    return value\n            except self._ignored_exceptions as exc:\n                screen = getattr(exc, \"screen\", None)\n                stacktrace = getattr(exc, \"stacktrace\", None)\n            time.sleep(self._poll)\n            if time.monotonic() > end_time:\n                break\n>       raise TimeoutException(message, screen, stacktrace)\nE       selenium.common.exceptions.TimeoutException: Message: \nE       Stacktrace:\nE       \tGetHandleVerifier [0x01078923+23283]\nE       \t(No symbol) [0x0103E934]\nE       \t(No symbol) [0x00F70733]\nE       \t(No symbol) [0x00FB326F]\nE       \t(No symbol) [0x00FB34AB]\nE       \t(No symbol) [0x00FEEE42]\nE       \t(No symbol) [0x00FD4464]\nE       \t(No symbol) [0x00FECB8D]\nE       \t(No symbol) [0x00FD41B6]\nE       \t(No symbol) [0x00FA8017]\nE       \t(No symbol) [0x00FA890D]\nE       \tGetHandleVerifier [0x0116A5F3+1013699]\nE       \tGetHandleVerifier [0x01173E4C+1052700]\nE       \tGetHandleVerifier [0x0116D4B4+1025668]\nE       \tGetHandleVerifier [0x0109EA2B+179195]\nE       \t(No symbol) [0x01046833]\nE       \t(No symbol) [0x01043198]\nE       \t(No symbol) [0x01043337]\nE       \t(No symbol) [0x0103B4BE]\nE       \tBaseThreadInitThunk [0x75F8FCC9+25]\nE       \tRtlGetAppContainerNamedObjectPath [0x77B67C6E+286]\nE       \tRtlGetAppContainerNamedObjectPath [0x77B67C3E+238]\n\n..\\..\\..\\..\\AppData\\Local\\Programs\\Python\\Python312\\Lib\\site-packages\\selenium\\webdriver\\support\\wait.py:105: TimeoutException"}, "attachments": [{"name": "log", "source": "98a4ba29-a7d7-4930-aaf5-2cbd81f8d16e-attachment.txt", "type": "text/plain"}, {"name": "stdout", "source": "f0ffbcc7-e166-4196-846b-793bef9bbb4e-attachment.txt", "type": "text/plain"}, {"name": "stderr", "source": "cc97ac0a-d2bc-421c-891c-779bc6944f2d-attachment.txt", "type": "text/plain"}], "start": 1724823237207, "stop": 1724823282696, "uuid": "f369d3cb-798e-4d4b-8a48-ed221648add0", "historyId": "fe859a1cacd049229d2ebf7a07d1b71e", "testCaseId": "fe859a1cacd049229d2ebf7a07d1b71e", "fullName": "tests.candidate_test.explore_jobs_test#test_searchandapplyjob", "labels": [{"name": "tag", "value": "searchandapplyjob"}, {"name": "parentSuite", "value": "tests.candidate_test"}, {"name": "suite", "value": "explore_jobs_test"}, {"name": "host", "value": "DESKTOP-4M0N7KL"}, {"name": "thread", "value": "2948-MainThread"}, {"name": "framework", "value": "pytest"}, {"name": "language", "value": "cpython3"}, {"name": "package", "value": "tests.candidate_test.explore_jobs_test"}]}